{"/Users/mattranlett/Development/3Ci-DealReview/web-files/DealBoard.js": {"path":"/Users/mattranlett/Development/3Ci-DealReview/web-files/DealBoard.js","statementMap":{"0":{"start":{"line":4,"column":0},"end":{"line":20,"column":11}},"1":{"start":{"line":5,"column":14},"end":{"line":17,"column":5}},"2":{"start":{"line":8,"column":12},"end":{"line":8,"column":65}},"3":{"start":{"line":8,"column":58},"end":{"line":8,"column":65}},"4":{"start":{"line":9,"column":24},"end":{"line":9,"column":69}},"5":{"start":{"line":10,"column":12},"end":{"line":10,"column":94}},"6":{"start":{"line":10,"column":44},"end":{"line":10,"column":92}},"7":{"start":{"line":11,"column":12},"end":{"line":11,"column":26}},"8":{"start":{"line":14,"column":29},"end":{"line":14,"column":146}},"9":{"start":{"line":15,"column":12},"end":{"line":15,"column":106}},"10":{"start":{"line":15,"column":51},"end":{"line":15,"column":94}},"11":{"start":{"line":18,"column":4},"end":{"line":18,"column":30}},"12":{"start":{"line":19,"column":4},"end":{"line":19,"column":56}},"13":{"start":{"line":19,"column":28},"end":{"line":19,"column":54}}},"fnMap":{"0":{"name":"(anonymous_0)","decl":{"start":{"line":4,"column":1},"end":{"line":4,"column":2}},"loc":{"start":{"line":4,"column":14},"end":{"line":20,"column":1}},"line":4},"1":{"name":"(anonymous_1)","decl":{"start":{"line":7,"column":14},"end":{"line":7,"column":15}},"loc":{"start":{"line":7,"column":32},"end":{"line":12,"column":9}},"line":7},"2":{"name":"(anonymous_2)","decl":{"start":{"line":10,"column":39},"end":{"line":10,"column":40}},"loc":{"start":{"line":10,"column":44},"end":{"line":10,"column":92}},"line":10},"3":{"name":"(anonymous_3)","decl":{"start":{"line":13,"column":16},"end":{"line":13,"column":17}},"loc":{"start":{"line":13,"column":28},"end":{"line":16,"column":9}},"line":13},"4":{"name":"(anonymous_4)","decl":{"start":{"line":15,"column":46},"end":{"line":15,"column":47}},"loc":{"start":{"line":15,"column":51},"end":{"line":15,"column":94}},"line":15},"5":{"name":"(anonymous_5)","decl":{"start":{"line":19,"column":22},"end":{"line":19,"column":23}},"loc":{"start":{"line":19,"column":28},"end":{"line":19,"column":54}},"line":19}},"branchMap":{"0":{"loc":{"start":{"line":8,"column":12},"end":{"line":8,"column":65}},"type":"if","locations":[{"start":{"line":8,"column":12},"end":{"line":8,"column":65}},{"start":{},"end":{}}],"line":8}},"s":{"0":1,"1":1,"2":1,"3":0,"4":1,"5":1,"6":0,"7":1,"8":1,"9":1,"10":0,"11":1,"12":1,"13":1},"f":{"0":1,"1":1,"2":0,"3":1,"4":0,"5":1},"b":{"0":[0,1]},"_coverageSchema":"1a1c01bbd47fc00a2c39e90264f33305004495a9","hash":"50047544cb6ff7b6a2844f7379d830752ce06e1f"}
,"/Users/mattranlett/Development/3Ci-DealReview/web-files/DealReviewLogic.js": {"path":"/Users/mattranlett/Development/3Ci-DealReview/web-files/DealReviewLogic.js","statementMap":{"0":{"start":{"line":6,"column":0},"end":{"line":91,"column":11}},"1":{"start":{"line":7,"column":28},"end":{"line":89,"column":5}},"2":{"start":{"line":9,"column":46},"end":{"line":9,"column":95}},"3":{"start":{"line":9,"column":52},"end":{"line":9,"column":73}},"4":{"start":{"line":9,"column":84},"end":{"line":9,"column":93}},"5":{"start":{"line":10,"column":53},"end":{"line":10,"column":118}},"6":{"start":{"line":10,"column":120},"end":{"line":10,"column":143}},"7":{"start":{"line":11,"column":37},"end":{"line":11,"column":109}},"8":{"start":{"line":11,"column":75},"end":{"line":11,"column":109}},"9":{"start":{"line":11,"column":110},"end":{"line":11,"column":122}},"10":{"start":{"line":12,"column":31},"end":{"line":12,"column":154}},"11":{"start":{"line":13,"column":31},"end":{"line":13,"column":88}},"12":{"start":{"line":18,"column":16},"end":{"line":18,"column":105}},"13":{"start":{"line":18,"column":92},"end":{"line":18,"column":105}},"14":{"start":{"line":19,"column":28},"end":{"line":19,"column":37}},"15":{"start":{"line":20,"column":16},"end":{"line":20,"column":109}},"16":{"start":{"line":20,"column":64},"end":{"line":20,"column":109}},"17":{"start":{"line":21,"column":16},"end":{"line":21,"column":108}},"18":{"start":{"line":24,"column":26},"end":{"line":24,"column":52}},"19":{"start":{"line":25,"column":16},"end":{"line":33,"column":18}},"20":{"start":{"line":36,"column":33},"end":{"line":36,"column":92}},"21":{"start":{"line":37,"column":29},"end":{"line":37,"column":50}},"22":{"start":{"line":38,"column":33},"end":{"line":38,"column":69}},"23":{"start":{"line":38,"column":50},"end":{"line":38,"column":61}},"24":{"start":{"line":39,"column":16},"end":{"line":39,"column":152}},"25":{"start":{"line":42,"column":26},"end":{"line":42,"column":52}},"26":{"start":{"line":43,"column":16},"end":{"line":43,"column":113}},"27":{"start":{"line":43,"column":99},"end":{"line":43,"column":104}},"28":{"start":{"line":45,"column":40},"end":{"line":45,"column":45}},"29":{"start":{"line":49,"column":39},"end":{"line":49,"column":110}},"30":{"start":{"line":50,"column":35},"end":{"line":50,"column":120}},"31":{"start":{"line":51,"column":32},"end":{"line":51,"column":65}},"32":{"start":{"line":52,"column":36},"end":{"line":52,"column":117}},"33":{"start":{"line":53,"column":35},"end":{"line":53,"column":146}},"34":{"start":{"line":54,"column":37},"end":{"line":54,"column":54}},"35":{"start":{"line":55,"column":37},"end":{"line":55,"column":50}},"36":{"start":{"line":56,"column":33},"end":{"line":56,"column":47}},"37":{"start":{"line":61,"column":26},"end":{"line":61,"column":54}},"38":{"start":{"line":62,"column":28},"end":{"line":62,"column":82}},"39":{"start":{"line":63,"column":16},"end":{"line":63,"column":85}},"40":{"start":{"line":66,"column":16},"end":{"line":66,"column":38}},"41":{"start":{"line":66,"column":24},"end":{"line":66,"column":38}},"42":{"start":{"line":67,"column":27},"end":{"line":67,"column":35}},"43":{"start":{"line":68,"column":16},"end":{"line":68,"column":90}},"44":{"start":{"line":70,"column":36},"end":{"line":70,"column":110}},"45":{"start":{"line":70,"column":58},"end":{"line":70,"column":109}},"46":{"start":{"line":75,"column":26},"end":{"line":75,"column":52}},"47":{"start":{"line":76,"column":33},"end":{"line":76,"column":82}},"48":{"start":{"line":77,"column":16},"end":{"line":81,"column":18}},"49":{"start":{"line":84,"column":24},"end":{"line":84,"column":111}},"50":{"start":{"line":84,"column":51},"end":{"line":84,"column":102}},"51":{"start":{"line":85,"column":16},"end":{"line":85,"column":78}},"52":{"start":{"line":85,"column":43},"end":{"line":85,"column":78}},"53":{"start":{"line":85,"column":59},"end":{"line":85,"column":76}},"54":{"start":{"line":86,"column":16},"end":{"line":86,"column":25}},"55":{"start":{"line":90,"column":4},"end":{"line":90,"column":45}}},"fnMap":{"0":{"name":"(anonymous_0)","decl":{"start":{"line":6,"column":1},"end":{"line":6,"column":2}},"loc":{"start":{"line":6,"column":19},"end":{"line":91,"column":1}},"line":6},"1":{"name":"(anonymous_1)","decl":{"start":{"line":9,"column":27},"end":{"line":9,"column":28}},"loc":{"start":{"line":9,"column":44},"end":{"line":9,"column":97}},"line":9},"2":{"name":"(anonymous_2)","decl":{"start":{"line":10,"column":34},"end":{"line":10,"column":35}},"loc":{"start":{"line":10,"column":41},"end":{"line":10,"column":145}},"line":10},"3":{"name":"(anonymous_3)","decl":{"start":{"line":11,"column":28},"end":{"line":11,"column":29}},"loc":{"start":{"line":11,"column":35},"end":{"line":11,"column":124}},"line":11},"4":{"name":"(anonymous_4)","decl":{"start":{"line":12,"column":24},"end":{"line":12,"column":25}},"loc":{"start":{"line":12,"column":31},"end":{"line":12,"column":154}},"line":12},"5":{"name":"(anonymous_5)","decl":{"start":{"line":13,"column":24},"end":{"line":13,"column":25}},"loc":{"start":{"line":13,"column":31},"end":{"line":13,"column":88}},"line":13},"6":{"name":"(anonymous_6)","decl":{"start":{"line":17,"column":27},"end":{"line":17,"column":28}},"loc":{"start":{"line":17,"column":42},"end":{"line":22,"column":13}},"line":17},"7":{"name":"(anonymous_7)","decl":{"start":{"line":23,"column":32},"end":{"line":23,"column":33}},"loc":{"start":{"line":23,"column":53},"end":{"line":34,"column":13}},"line":23},"8":{"name":"(anonymous_8)","decl":{"start":{"line":35,"column":31},"end":{"line":35,"column":32}},"loc":{"start":{"line":35,"column":52},"end":{"line":40,"column":13}},"line":35},"9":{"name":"(anonymous_9)","decl":{"start":{"line":38,"column":45},"end":{"line":38,"column":46}},"loc":{"start":{"line":38,"column":50},"end":{"line":38,"column":61}},"line":38},"10":{"name":"(anonymous_10)","decl":{"start":{"line":41,"column":34},"end":{"line":41,"column":35}},"loc":{"start":{"line":41,"column":41},"end":{"line":44,"column":13}},"line":41},"11":{"name":"(anonymous_11)","decl":{"start":{"line":43,"column":94},"end":{"line":43,"column":95}},"loc":{"start":{"line":43,"column":99},"end":{"line":43,"column":104}},"line":43},"12":{"name":"(anonymous_12)","decl":{"start":{"line":45,"column":33},"end":{"line":45,"column":34}},"loc":{"start":{"line":45,"column":40},"end":{"line":45,"column":45}},"line":45},"13":{"name":"(anonymous_13)","decl":{"start":{"line":49,"column":26},"end":{"line":49,"column":27}},"loc":{"start":{"line":49,"column":39},"end":{"line":49,"column":110}},"line":49},"14":{"name":"(anonymous_14)","decl":{"start":{"line":50,"column":28},"end":{"line":50,"column":29}},"loc":{"start":{"line":50,"column":35},"end":{"line":50,"column":120}},"line":50},"15":{"name":"(anonymous_15)","decl":{"start":{"line":51,"column":25},"end":{"line":51,"column":26}},"loc":{"start":{"line":51,"column":32},"end":{"line":51,"column":65}},"line":51},"16":{"name":"(anonymous_16)","decl":{"start":{"line":52,"column":29},"end":{"line":52,"column":30}},"loc":{"start":{"line":52,"column":36},"end":{"line":52,"column":117}},"line":52},"17":{"name":"(anonymous_17)","decl":{"start":{"line":53,"column":28},"end":{"line":53,"column":29}},"loc":{"start":{"line":53,"column":35},"end":{"line":53,"column":146}},"line":53},"18":{"name":"(anonymous_18)","decl":{"start":{"line":54,"column":27},"end":{"line":54,"column":28}},"loc":{"start":{"line":54,"column":37},"end":{"line":54,"column":54}},"line":54},"19":{"name":"(anonymous_19)","decl":{"start":{"line":55,"column":27},"end":{"line":55,"column":28}},"loc":{"start":{"line":55,"column":37},"end":{"line":55,"column":50}},"line":55},"20":{"name":"(anonymous_20)","decl":{"start":{"line":56,"column":23},"end":{"line":56,"column":24}},"loc":{"start":{"line":56,"column":33},"end":{"line":56,"column":47}},"line":56},"21":{"name":"(anonymous_21)","decl":{"start":{"line":60,"column":25},"end":{"line":60,"column":26}},"loc":{"start":{"line":60,"column":35},"end":{"line":64,"column":13}},"line":60},"22":{"name":"(anonymous_22)","decl":{"start":{"line":65,"column":28},"end":{"line":65,"column":29}},"loc":{"start":{"line":65,"column":35},"end":{"line":69,"column":13}},"line":65},"23":{"name":"(anonymous_23)","decl":{"start":{"line":70,"column":29},"end":{"line":70,"column":30}},"loc":{"start":{"line":70,"column":36},"end":{"line":70,"column":110}},"line":70},"24":{"name":"(anonymous_24)","decl":{"start":{"line":70,"column":48},"end":{"line":70,"column":49}},"loc":{"start":{"line":70,"column":58},"end":{"line":70,"column":109}},"line":70},"25":{"name":"(anonymous_25)","decl":{"start":{"line":74,"column":28},"end":{"line":74,"column":29}},"loc":{"start":{"line":74,"column":35},"end":{"line":82,"column":13}},"line":74},"26":{"name":"(anonymous_26)","decl":{"start":{"line":83,"column":32},"end":{"line":83,"column":33}},"loc":{"start":{"line":83,"column":57},"end":{"line":87,"column":13}},"line":83},"27":{"name":"(anonymous_27)","decl":{"start":{"line":84,"column":46},"end":{"line":84,"column":47}},"loc":{"start":{"line":84,"column":51},"end":{"line":84,"column":102}},"line":84},"28":{"name":"(anonymous_28)","decl":{"start":{"line":85,"column":50},"end":{"line":85,"column":51}},"loc":{"start":{"line":85,"column":59},"end":{"line":85,"column":76}},"line":85}},"branchMap":{"0":{"loc":{"start":{"line":9,"column":31},"end":{"line":9,"column":39}},"type":"default-arg","locations":[{"start":{"line":9,"column":35},"end":{"line":9,"column":39}}],"line":9},"1":{"loc":{"start":{"line":10,"column":127},"end":{"line":10,"column":142}},"type":"cond-expr","locations":[{"start":{"line":10,"column":131},"end":{"line":10,"column":135}},{"start":{"line":10,"column":138},"end":{"line":10,"column":142}}],"line":10},"2":{"loc":{"start":{"line":11,"column":37},"end":{"line":11,"column":109}},"type":"if","locations":[{"start":{"line":11,"column":37},"end":{"line":11,"column":109}},{"start":{},"end":{}}],"line":11},"3":{"loc":{"start":{"line":11,"column":41},"end":{"line":11,"column":73}},"type":"binary-expr","locations":[{"start":{"line":11,"column":41},"end":{"line":11,"column":43}},{"start":{"line":11,"column":47},"end":{"line":11,"column":59}},{"start":{"line":11,"column":63},"end":{"line":11,"column":73}}],"line":11},"4":{"loc":{"start":{"line":12,"column":31},"end":{"line":12,"column":154}},"type":"cond-expr","locations":[{"start":{"line":12,"column":35},"end":{"line":12,"column":144}},{"start":{"line":12,"column":147},"end":{"line":12,"column":154}}],"line":12},"5":{"loc":{"start":{"line":13,"column":31},"end":{"line":13,"column":88}},"type":"cond-expr","locations":[{"start":{"line":13,"column":35},"end":{"line":13,"column":84}},{"start":{"line":13,"column":87},"end":{"line":13,"column":88}}],"line":13},"6":{"loc":{"start":{"line":18,"column":16},"end":{"line":18,"column":105}},"type":"if","locations":[{"start":{"line":18,"column":16},"end":{"line":18,"column":105}},{"start":{},"end":{}}],"line":18},"7":{"loc":{"start":{"line":18,"column":20},"end":{"line":18,"column":90}},"type":"binary-expr","locations":[{"start":{"line":18,"column":20},"end":{"line":18,"column":34}},{"start":{"line":18,"column":38},"end":{"line":18,"column":59}},{"start":{"line":18,"column":63},"end":{"line":18,"column":90}}],"line":18},"8":{"loc":{"start":{"line":20,"column":16},"end":{"line":20,"column":109}},"type":"if","locations":[{"start":{"line":20,"column":16},"end":{"line":20,"column":109}},{"start":{},"end":{}}],"line":20},"9":{"loc":{"start":{"line":20,"column":71},"end":{"line":20,"column":108}},"type":"binary-expr","locations":[{"start":{"line":20,"column":71},"end":{"line":20,"column":74}},{"start":{"line":20,"column":78},"end":{"line":20,"column":108}}],"line":20},"10":{"loc":{"start":{"line":21,"column":23},"end":{"line":21,"column":107}},"type":"cond-expr","locations":[{"start":{"line":21,"column":51},"end":{"line":21,"column":58}},{"start":{"line":21,"column":62},"end":{"line":21,"column":106}}],"line":21},"11":{"loc":{"start":{"line":21,"column":62},"end":{"line":21,"column":106}},"type":"binary-expr","locations":[{"start":{"line":21,"column":62},"end":{"line":21,"column":73}},{"start":{"line":21,"column":77},"end":{"line":21,"column":106}}],"line":21},"12":{"loc":{"start":{"line":23,"column":39},"end":{"line":23,"column":48}},"type":"default-arg","locations":[{"start":{"line":23,"column":46},"end":{"line":23,"column":48}}],"line":23},"13":{"loc":{"start":{"line":26,"column":28},"end":{"line":26,"column":152}},"type":"binary-expr","locations":[{"start":{"line":26,"column":28},"end":{"line":26,"column":85}},{"start":{"line":26,"column":89},"end":{"line":26,"column":152}}],"line":26},"14":{"loc":{"start":{"line":27,"column":32},"end":{"line":27,"column":149}},"type":"binary-expr","locations":[{"start":{"line":27,"column":32},"end":{"line":27,"column":88}},{"start":{"line":27,"column":92},"end":{"line":27,"column":149}}],"line":27},"15":{"loc":{"start":{"line":29,"column":27},"end":{"line":29,"column":163}},"type":"binary-expr","locations":[{"start":{"line":29,"column":27},"end":{"line":29,"column":91}},{"start":{"line":29,"column":95},"end":{"line":29,"column":163}}],"line":29},"16":{"loc":{"start":{"line":35,"column":38},"end":{"line":35,"column":47}},"type":"default-arg","locations":[{"start":{"line":35,"column":45},"end":{"line":35,"column":47}}],"line":35},"17":{"loc":{"start":{"line":49,"column":77},"end":{"line":49,"column":90}},"type":"cond-expr","locations":[{"start":{"line":49,"column":81},"end":{"line":49,"column":85}},{"start":{"line":49,"column":88},"end":{"line":49,"column":90}}],"line":49},"18":{"loc":{"start":{"line":50,"column":113},"end":{"line":50,"column":119}},"type":"binary-expr","locations":[{"start":{"line":50,"column":113},"end":{"line":50,"column":114}},{"start":{"line":50,"column":118},"end":{"line":50,"column":119}}],"line":50},"19":{"loc":{"start":{"line":52,"column":36},"end":{"line":52,"column":117}},"type":"cond-expr","locations":[{"start":{"line":52,"column":46},"end":{"line":52,"column":80}},{"start":{"line":52,"column":83},"end":{"line":52,"column":117}}],"line":52},"20":{"loc":{"start":{"line":61,"column":27},"end":{"line":61,"column":39}},"type":"binary-expr","locations":[{"start":{"line":61,"column":27},"end":{"line":61,"column":33}},{"start":{"line":61,"column":37},"end":{"line":61,"column":39}}],"line":61},"21":{"loc":{"start":{"line":62,"column":29},"end":{"line":62,"column":67}},"type":"binary-expr","locations":[{"start":{"line":62,"column":29},"end":{"line":62,"column":39}},{"start":{"line":62,"column":43},"end":{"line":62,"column":61}},{"start":{"line":62,"column":65},"end":{"line":62,"column":67}}],"line":62},"22":{"loc":{"start":{"line":63,"column":23},"end":{"line":63,"column":84}},"type":"binary-expr","locations":[{"start":{"line":63,"column":23},"end":{"line":63,"column":46}},{"start":{"line":63,"column":50},"end":{"line":63,"column":84}}],"line":63},"23":{"loc":{"start":{"line":66,"column":16},"end":{"line":66,"column":38}},"type":"if","locations":[{"start":{"line":66,"column":16},"end":{"line":66,"column":38}},{"start":{},"end":{}}],"line":66},"24":{"loc":{"start":{"line":68,"column":23},"end":{"line":68,"column":89}},"type":"cond-expr","locations":[{"start":{"line":68,"column":35},"end":{"line":68,"column":56}},{"start":{"line":68,"column":59},"end":{"line":68,"column":89}}],"line":68},"25":{"loc":{"start":{"line":78,"column":69},"end":{"line":78,"column":89}},"type":"binary-expr","locations":[{"start":{"line":78,"column":69},"end":{"line":78,"column":79}},{"start":{"line":78,"column":83},"end":{"line":78,"column":89}}],"line":78},"26":{"loc":{"start":{"line":79,"column":28},"end":{"line":79,"column":59}},"type":"binary-expr","locations":[{"start":{"line":79,"column":28},"end":{"line":79,"column":44}},{"start":{"line":79,"column":48},"end":{"line":79,"column":59}}],"line":79},"27":{"loc":{"start":{"line":79,"column":68},"end":{"line":79,"column":95}},"type":"binary-expr","locations":[{"start":{"line":79,"column":68},"end":{"line":79,"column":90}},{"start":{"line":79,"column":94},"end":{"line":79,"column":95}}],"line":79},"28":{"loc":{"start":{"line":84,"column":24},"end":{"line":84,"column":111}},"type":"cond-expr","locations":[{"start":{"line":84,"column":33},"end":{"line":84,"column":103}},{"start":{"line":84,"column":106},"end":{"line":84,"column":111}}],"line":84},"29":{"loc":{"start":{"line":85,"column":16},"end":{"line":85,"column":78}},"type":"if","locations":[{"start":{"line":85,"column":16},"end":{"line":85,"column":78}},{"start":{},"end":{}}],"line":85}},"s":{"0":1,"1":1,"2":3,"3":3,"4":1,"5":2,"6":2,"7":1,"8":1,"9":0,"10":3,"11":1,"12":23,"13":0,"14":23,"15":23,"16":3,"17":20,"18":3,"19":3,"20":2,"21":2,"22":2,"23":14,"24":2,"25":1,"26":1,"27":5,"28":1,"29":1,"30":1,"31":1,"32":2,"33":1,"34":1,"35":0,"36":0,"37":1,"38":1,"39":1,"40":1,"41":0,"42":1,"43":1,"44":1,"45":0,"46":1,"47":1,"48":1,"49":2,"50":1,"51":2,"52":1,"53":0,"54":2,"55":1},"f":{"0":1,"1":3,"2":2,"3":1,"4":3,"5":1,"6":23,"7":3,"8":2,"9":14,"10":1,"11":5,"12":1,"13":1,"14":1,"15":1,"16":2,"17":1,"18":1,"19":0,"20":0,"21":1,"22":1,"23":1,"24":0,"25":1,"26":2,"27":1,"28":0},"b":{"0":[2],"1":[1,1],"2":[1,0],"3":[1,0,0],"4":[1,2],"5":[0,1],"6":[0,23],"7":[23,23,23],"8":[3,20],"9":[3,2],"10":[4,16],"11":[16,12],"12":[0],"13":[3,3],"14":[3,2],"15":[3,2],"16":[2],"17":[1,0],"18":[1,0],"19":[1,1],"20":[1,0],"21":[1,1,1],"22":[1,1],"23":[0,1],"24":[1,0],"25":[1,0],"26":[1,1],"27":[1,1],"28":[1,1],"29":[1,1]},"_coverageSchema":"1a1c01bbd47fc00a2c39e90264f33305004495a9","hash":"544b440ceb48b0d444f585c9c6b811dfa3b57b88"}
,"/Users/mattranlett/Development/3Ci-DealReview/web-files/DealService.js": {"path":"/Users/mattranlett/Development/3Ci-DealReview/web-files/DealService.js","statementMap":{"0":{"start":{"line":4,"column":20},"end":{"line":7,"column":1}},"1":{"start":{"line":5,"column":36},"end":{"line":5,"column":40}},"2":{"start":{"line":6,"column":30},"end":{"line":6,"column":35}},"3":{"start":{"line":8,"column":0},"end":{"line":8,"column":33}}},"fnMap":{"0":{"name":"(anonymous_0)","decl":{"start":{"line":5,"column":16},"end":{"line":5,"column":17}},"loc":{"start":{"line":5,"column":36},"end":{"line":5,"column":40}},"line":5},"1":{"name":"(anonymous_1)","decl":{"start":{"line":6,"column":18},"end":{"line":6,"column":19}},"loc":{"start":{"line":6,"column":30},"end":{"line":6,"column":35}},"line":6}},"branchMap":{},"s":{"0":1,"1":0,"2":1,"3":1},"f":{"0":0,"1":1},"b":{},"_coverageSchema":"1a1c01bbd47fc00a2c39e90264f33305004495a9","hash":"4bc34803f60f0038262186fb4803958e590e19d9"}
,"/Users/mattranlett/Development/3Ci-DealReview/web-files/DealSubmissionAdministration.js": {"path":"/Users/mattranlett/Development/3Ci-DealReview/web-files/DealSubmissionAdministration.js","statementMap":{"0":{"start":{"line":4,"column":17},"end":{"line":8,"column":1}},"1":{"start":{"line":6,"column":8},"end":{"line":6,"column":50}},"2":{"start":{"line":9,"column":0},"end":{"line":9,"column":27}},"3":{"start":{"line":10,"column":0},"end":{"line":10,"column":41}},"4":{"start":{"line":10,"column":24},"end":{"line":10,"column":39}}},"fnMap":{"0":{"name":"(anonymous_0)","decl":{"start":{"line":5,"column":10},"end":{"line":5,"column":11}},"loc":{"start":{"line":5,"column":28},"end":{"line":7,"column":5}},"line":5},"1":{"name":"(anonymous_1)","decl":{"start":{"line":10,"column":18},"end":{"line":10,"column":19}},"loc":{"start":{"line":10,"column":24},"end":{"line":10,"column":39}},"line":10}},"branchMap":{},"s":{"0":1,"1":1,"2":1,"3":1,"4":1},"f":{"0":1,"1":1},"b":{},"_coverageSchema":"1a1c01bbd47fc00a2c39e90264f33305004495a9","hash":"705ea624e843760b3025ec24579edb28d9b04612"}
,"/Users/mattranlett/Development/3Ci-DealReview/web-files/DocumentGovernance.js": {"path":"/Users/mattranlett/Development/3Ci-DealReview/web-files/DocumentGovernance.js","statementMap":{"0":{"start":{"line":4,"column":20},"end":{"line":13,"column":1}},"1":{"start":{"line":7,"column":8},"end":{"line":7,"column":149}},"2":{"start":{"line":8,"column":8},"end":{"line":8,"column":22}},"3":{"start":{"line":10,"column":25},"end":{"line":10,"column":98}},"4":{"start":{"line":11,"column":23},"end":{"line":11,"column":74}},"5":{"start":{"line":12,"column":27},"end":{"line":12,"column":78}},"6":{"start":{"line":15,"column":19},"end":{"line":19,"column":1}},"7":{"start":{"line":16,"column":19},"end":{"line":16,"column":77}},"8":{"start":{"line":17,"column":26},"end":{"line":17,"column":137}},"9":{"start":{"line":17,"column":48},"end":{"line":17,"column":127}},"10":{"start":{"line":18,"column":36},"end":{"line":18,"column":96}},"11":{"start":{"line":21,"column":0},"end":{"line":21,"column":43}},"12":{"start":{"line":22,"column":0},"end":{"line":22,"column":31}},"13":{"start":{"line":23,"column":0},"end":{"line":23,"column":61}},"14":{"start":{"line":23,"column":24},"end":{"line":23,"column":59}}},"fnMap":{"0":{"name":"(anonymous_0)","decl":{"start":{"line":6,"column":10},"end":{"line":6,"column":11}},"loc":{"start":{"line":6,"column":27},"end":{"line":9,"column":5}},"line":6},"1":{"name":"(anonymous_1)","decl":{"start":{"line":10,"column":12},"end":{"line":10,"column":13}},"loc":{"start":{"line":10,"column":23},"end":{"line":10,"column":100}},"line":10},"2":{"name":"(anonymous_2)","decl":{"start":{"line":11,"column":13},"end":{"line":11,"column":14}},"loc":{"start":{"line":11,"column":23},"end":{"line":11,"column":74}},"line":11},"3":{"name":"(anonymous_3)","decl":{"start":{"line":12,"column":20},"end":{"line":12,"column":21}},"loc":{"start":{"line":12,"column":27},"end":{"line":12,"column":78}},"line":12},"4":{"name":"(anonymous_4)","decl":{"start":{"line":16,"column":12},"end":{"line":16,"column":13}},"loc":{"start":{"line":16,"column":19},"end":{"line":16,"column":77}},"line":16},"5":{"name":"(anonymous_5)","decl":{"start":{"line":17,"column":19},"end":{"line":17,"column":20}},"loc":{"start":{"line":17,"column":26},"end":{"line":17,"column":137}},"line":17},"6":{"name":"(anonymous_6)","decl":{"start":{"line":17,"column":43},"end":{"line":17,"column":44}},"loc":{"start":{"line":17,"column":48},"end":{"line":17,"column":127}},"line":17},"7":{"name":"(anonymous_7)","decl":{"start":{"line":18,"column":26},"end":{"line":18,"column":27}},"loc":{"start":{"line":18,"column":36},"end":{"line":18,"column":96}},"line":18},"8":{"name":"(anonymous_8)","decl":{"start":{"line":23,"column":18},"end":{"line":23,"column":19}},"loc":{"start":{"line":23,"column":24},"end":{"line":23,"column":59}},"line":23}},"branchMap":{"0":{"loc":{"start":{"line":7,"column":32},"end":{"line":7,"column":148}},"type":"cond-expr","locations":[{"start":{"line":7,"column":88},"end":{"line":7,"column":143}},{"start":{"line":7,"column":146},"end":{"line":7,"column":148}}],"line":7}},"s":{"0":1,"1":1,"2":1,"3":1,"4":0,"5":0,"6":1,"7":1,"8":1,"9":0,"10":0,"11":1,"12":1,"13":1,"14":1},"f":{"0":1,"1":1,"2":0,"3":0,"4":1,"5":1,"6":0,"7":0,"8":1},"b":{"0":[0,1]},"_coverageSchema":"1a1c01bbd47fc00a2c39e90264f33305004495a9","hash":"b45ef5b6381b692c2e3bdb0f150782f68f0ef938"}
,"/Users/mattranlett/Development/3Ci-DealReview/web-files/ReviewBoard.js": {"path":"/Users/mattranlett/Development/3Ci-DealReview/web-files/ReviewBoard.js","statementMap":{"0":{"start":{"line":4,"column":0},"end":{"line":18,"column":11}},"1":{"start":{"line":5,"column":27},"end":{"line":15,"column":5}},"2":{"start":{"line":8,"column":24},"end":{"line":8,"column":69}},"3":{"start":{"line":9,"column":12},"end":{"line":9,"column":94}},"4":{"start":{"line":9,"column":44},"end":{"line":9,"column":92}},"5":{"start":{"line":10,"column":12},"end":{"line":10,"column":26}},"6":{"start":{"line":13,"column":12},"end":{"line":13,"column":152}},"7":{"start":{"line":13,"column":69},"end":{"line":13,"column":140}},"8":{"start":{"line":16,"column":4},"end":{"line":16,"column":43}},"9":{"start":{"line":17,"column":4},"end":{"line":17,"column":58}},"10":{"start":{"line":17,"column":28},"end":{"line":17,"column":56}}},"fnMap":{"0":{"name":"(anonymous_0)","decl":{"start":{"line":4,"column":1},"end":{"line":4,"column":2}},"loc":{"start":{"line":4,"column":14},"end":{"line":18,"column":1}},"line":4},"1":{"name":"(anonymous_1)","decl":{"start":{"line":7,"column":14},"end":{"line":7,"column":15}},"loc":{"start":{"line":7,"column":32},"end":{"line":11,"column":9}},"line":7},"2":{"name":"(anonymous_2)","decl":{"start":{"line":9,"column":39},"end":{"line":9,"column":40}},"loc":{"start":{"line":9,"column":44},"end":{"line":9,"column":92}},"line":9},"3":{"name":"(anonymous_3)","decl":{"start":{"line":12,"column":16},"end":{"line":12,"column":17}},"loc":{"start":{"line":12,"column":28},"end":{"line":14,"column":9}},"line":12},"4":{"name":"(anonymous_4)","decl":{"start":{"line":13,"column":64},"end":{"line":13,"column":65}},"loc":{"start":{"line":13,"column":69},"end":{"line":13,"column":140}},"line":13},"5":{"name":"(anonymous_5)","decl":{"start":{"line":17,"column":22},"end":{"line":17,"column":23}},"loc":{"start":{"line":17,"column":28},"end":{"line":17,"column":56}},"line":17}},"branchMap":{},"s":{"0":1,"1":1,"2":1,"3":1,"4":0,"5":1,"6":1,"7":0,"8":1,"9":1,"10":1},"f":{"0":1,"1":1,"2":0,"3":1,"4":0,"5":1},"b":{},"_coverageSchema":"1a1c01bbd47fc00a2c39e90264f33305004495a9","hash":"a522c8a6ef5d64088ce2003ee02fbae234ee50fa"}
,"/Users/mattranlett/Development/3Ci-DealReview/web-files/SubmissionApp.js": {"path":"/Users/mattranlett/Development/3Ci-DealReview/web-files/SubmissionApp.js","statementMap":{"0":{"start":{"line":4,"column":22},"end":{"line":13,"column":1}},"1":{"start":{"line":7,"column":8},"end":{"line":7,"column":60}},"2":{"start":{"line":8,"column":8},"end":{"line":8,"column":22}},"3":{"start":{"line":10,"column":26},"end":{"line":10,"column":107}},"4":{"start":{"line":11,"column":37},"end":{"line":11,"column":102}},"5":{"start":{"line":14,"column":0},"end":{"line":14,"column":37}},"6":{"start":{"line":15,"column":0},"end":{"line":15,"column":53}},"7":{"start":{"line":15,"column":24},"end":{"line":15,"column":51}}},"fnMap":{"0":{"name":"(anonymous_0)","decl":{"start":{"line":6,"column":10},"end":{"line":6,"column":11}},"loc":{"start":{"line":6,"column":28},"end":{"line":9,"column":5}},"line":6},"1":{"name":"(anonymous_1)","decl":{"start":{"line":10,"column":12},"end":{"line":10,"column":13}},"loc":{"start":{"line":10,"column":24},"end":{"line":10,"column":109}},"line":10},"2":{"name":"(anonymous_2)","decl":{"start":{"line":11,"column":23},"end":{"line":11,"column":24}},"loc":{"start":{"line":11,"column":35},"end":{"line":11,"column":104}},"line":11},"3":{"name":"(anonymous_3)","decl":{"start":{"line":12,"column":25},"end":{"line":12,"column":26}},"loc":{"start":{"line":12,"column":36},"end":{"line":12,"column":38}},"line":12},"4":{"name":"(anonymous_4)","decl":{"start":{"line":15,"column":18},"end":{"line":15,"column":19}},"loc":{"start":{"line":15,"column":24},"end":{"line":15,"column":51}},"line":15}},"branchMap":{},"s":{"0":1,"1":1,"2":1,"3":1,"4":0,"5":1,"6":1,"7":1},"f":{"0":1,"1":1,"2":0,"3":0,"4":1},"b":{},"_coverageSchema":"1a1c01bbd47fc00a2c39e90264f33305004495a9","hash":"1f485ec1429f3954185f29c40efa64c8b517c5d7"}
,"/Users/mattranlett/Development/3Ci-DealReview/web-files/SubmissionCalc.js": {"path":"/Users/mattranlett/Development/3Ci-DealReview/web-files/SubmissionCalc.js","statementMap":{"0":{"start":{"line":4,"column":23},"end":{"line":8,"column":1}},"1":{"start":{"line":5,"column":30},"end":{"line":5,"column":85}},"2":{"start":{"line":6,"column":36},"end":{"line":6,"column":98}},"3":{"start":{"line":7,"column":28},"end":{"line":7,"column":30}},"4":{"start":{"line":9,"column":0},"end":{"line":9,"column":39}}},"fnMap":{"0":{"name":"(anonymous_0)","decl":{"start":{"line":5,"column":20},"end":{"line":5,"column":21}},"loc":{"start":{"line":5,"column":30},"end":{"line":5,"column":85}},"line":5},"1":{"name":"(anonymous_1)","decl":{"start":{"line":6,"column":23},"end":{"line":6,"column":24}},"loc":{"start":{"line":6,"column":36},"end":{"line":6,"column":98}},"line":6},"2":{"name":"(anonymous_2)","decl":{"start":{"line":7,"column":21},"end":{"line":7,"column":22}},"loc":{"start":{"line":7,"column":28},"end":{"line":7,"column":30}},"line":7}},"branchMap":{},"s":{"0":1,"1":1,"2":0,"3":0,"4":1},"f":{"0":1,"1":0,"2":0},"b":{},"_coverageSchema":"1a1c01bbd47fc00a2c39e90264f33305004495a9","hash":"0a5aa893859a42696bf651bb5ed2c98aa1104fa3"}
,"/Users/mattranlett/Development/3Ci-DealReview/web-files/SubmissionService.js": {"path":"/Users/mattranlett/Development/3Ci-DealReview/web-files/SubmissionService.js","statementMap":{"0":{"start":{"line":4,"column":26},"end":{"line":10,"column":1}},"1":{"start":{"line":5,"column":36},"end":{"line":5,"column":84}},"2":{"start":{"line":6,"column":29},"end":{"line":6,"column":31}},"3":{"start":{"line":7,"column":30},"end":{"line":7,"column":32}},"4":{"start":{"line":8,"column":27},"end":{"line":8,"column":31}},"5":{"start":{"line":9,"column":28},"end":{"line":9,"column":32}},"6":{"start":{"line":11,"column":0},"end":{"line":11,"column":45}}},"fnMap":{"0":{"name":"(anonymous_0)","decl":{"start":{"line":5,"column":24},"end":{"line":5,"column":25}},"loc":{"start":{"line":5,"column":36},"end":{"line":5,"column":84}},"line":5},"1":{"name":"(anonymous_1)","decl":{"start":{"line":6,"column":17},"end":{"line":6,"column":18}},"loc":{"start":{"line":6,"column":29},"end":{"line":6,"column":31}},"line":6},"2":{"name":"(anonymous_2)","decl":{"start":{"line":7,"column":18},"end":{"line":7,"column":19}},"loc":{"start":{"line":7,"column":30},"end":{"line":7,"column":32}},"line":7},"3":{"name":"(anonymous_3)","decl":{"start":{"line":8,"column":15},"end":{"line":8,"column":16}},"loc":{"start":{"line":8,"column":27},"end":{"line":8,"column":31}},"line":8},"4":{"name":"(anonymous_4)","decl":{"start":{"line":9,"column":16},"end":{"line":9,"column":17}},"loc":{"start":{"line":9,"column":28},"end":{"line":9,"column":32}},"line":9}},"branchMap":{},"s":{"0":1,"1":1,"2":1,"3":2,"4":0,"5":0,"6":1},"f":{"0":1,"1":1,"2":2,"3":0,"4":0},"b":{},"_coverageSchema":"1a1c01bbd47fc00a2c39e90264f33305004495a9","hash":"ba7fb9bb7550baf224cff69f86ae967367c95273"}
,"/Users/mattranlett/Development/3Ci-DealReview/web-files/SubmissionUI.js": {"path":"/Users/mattranlett/Development/3Ci-DealReview/web-files/SubmissionUI.js","statementMap":{"0":{"start":{"line":4,"column":21},"end":{"line":7,"column":1}},"1":{"start":{"line":5,"column":29},"end":{"line":5,"column":74}},"2":{"start":{"line":6,"column":29},"end":{"line":6,"column":74}},"3":{"start":{"line":8,"column":0},"end":{"line":8,"column":35}}},"fnMap":{"0":{"name":"(anonymous_0)","decl":{"start":{"line":5,"column":19},"end":{"line":5,"column":20}},"loc":{"start":{"line":5,"column":29},"end":{"line":5,"column":74}},"line":5},"1":{"name":"(anonymous_1)","decl":{"start":{"line":6,"column":19},"end":{"line":6,"column":20}},"loc":{"start":{"line":6,"column":29},"end":{"line":6,"column":74}},"line":6}},"branchMap":{},"s":{"0":1,"1":1,"2":0,"3":1},"f":{"0":1,"1":0},"b":{},"_coverageSchema":"1a1c01bbd47fc00a2c39e90264f33305004495a9","hash":"c747cd6a0ba9591eaccc7ae51ad9dd213f46c2e8"}
,"/Users/mattranlett/Development/3Ci-DealReview/web-files/UIComponents.js": {"path":"/Users/mattranlett/Development/3Ci-DealReview/web-files/UIComponents.js","statementMap":{"0":{"start":{"line":4,"column":0},"end":{"line":10,"column":11}},"1":{"start":{"line":5,"column":25},"end":{"line":8,"column":5}},"2":{"start":{"line":6,"column":36},"end":{"line":6,"column":145}},"3":{"start":{"line":7,"column":33},"end":{"line":7,"column":78}},"4":{"start":{"line":9,"column":4},"end":{"line":9,"column":39}}},"fnMap":{"0":{"name":"(anonymous_0)","decl":{"start":{"line":4,"column":1},"end":{"line":4,"column":2}},"loc":{"start":{"line":4,"column":19},"end":{"line":10,"column":1}},"line":4},"1":{"name":"(anonymous_1)","decl":{"start":{"line":6,"column":25},"end":{"line":6,"column":26}},"loc":{"start":{"line":6,"column":36},"end":{"line":6,"column":145}},"line":6},"2":{"name":"(anonymous_2)","decl":{"start":{"line":7,"column":21},"end":{"line":7,"column":22}},"loc":{"start":{"line":7,"column":33},"end":{"line":7,"column":78}},"line":7}},"branchMap":{"0":{"loc":{"start":{"line":6,"column":36},"end":{"line":6,"column":145}},"type":"cond-expr","locations":[{"start":{"line":6,"column":80},"end":{"line":6,"column":128}},{"start":{"line":6,"column":131},"end":{"line":6,"column":145}}],"line":6}},"s":{"0":1,"1":1,"2":0,"3":0,"4":1},"f":{"0":1,"1":0,"2":0},"b":{"0":[0,0]},"_coverageSchema":"1a1c01bbd47fc00a2c39e90264f33305004495a9","hash":"d3e4f88f7fd12e415a2f42594074c59fd9f9d16a"}
,"/Users/mattranlett/Development/3Ci-DealReview/web-files/deal-constants.js": {"path":"/Users/mattranlett/Development/3Ci-DealReview/web-files/deal-constants.js","statementMap":{"0":{"start":{"line":5,"column":0},"end":{"line":181,"column":2}}},"fnMap":{},"branchMap":{},"s":{"0":0},"f":{},"b":{}}
,"/Users/mattranlett/Development/3Ci-DealReview/web-files/dealreview-config.js": {"path":"/Users/mattranlett/Development/3Ci-DealReview/web-files/dealreview-config.js","statementMap":{"0":{"start":{"line":2,"column":0},"end":{"line":43,"column":2}}},"fnMap":{},"branchMap":{},"s":{"0":0},"f":{},"b":{}}
,"/Users/mattranlett/Development/3Ci-DealReview/web-files/dealreview.js": {"path":"/Users/mattranlett/Development/3Ci-DealReview/web-files/dealreview.js","statementMap":{"0":{"start":{"line":4,"column":0},"end":{"line":7,"column":5}},"1":{"start":{"line":6,"column":2},"end":{"line":6,"column":43}}},"fnMap":{"0":{"name":"(anonymous_0)","decl":{"start":{"line":4,"column":1},"end":{"line":4,"column":2}},"loc":{"start":{"line":4,"column":13},"end":{"line":7,"column":1}},"line":4}},"branchMap":{},"s":{"0":0,"1":0},"f":{"0":0},"b":{}}
}
