{"/Users/mattranlett/Development/3Ci-DealReview/web-files/DealBoard.js": {"path":"/Users/mattranlett/Development/3Ci-DealReview/web-files/DealBoard.js","statementMap":{"0":{"start":{"line":5,"column":0},"end":{"line":48,"column":2}},"1":{"start":{"line":7,"column":25},"end":{"line":7,"column":67}},"2":{"start":{"line":8,"column":27},"end":{"line":11,"column":10}},"3":{"start":{"line":9,"column":25},"end":{"line":9,"column":57}},"4":{"start":{"line":10,"column":12},"end":{"line":10,"column":61}},"5":{"start":{"line":13,"column":8},"end":{"line":16,"column":9}},"6":{"start":{"line":14,"column":12},"end":{"line":14,"column":43}},"7":{"start":{"line":15,"column":12},"end":{"line":15,"column":25}},"8":{"start":{"line":17,"column":8},"end":{"line":17,"column":20}},"9":{"start":{"line":21,"column":22},"end":{"line":21,"column":59}},"10":{"start":{"line":22,"column":8},"end":{"line":22,"column":34}},"11":{"start":{"line":22,"column":19},"end":{"line":22,"column":34}},"12":{"start":{"line":26,"column":8},"end":{"line":26,"column":58}},"13":{"start":{"line":26,"column":51},"end":{"line":26,"column":58}},"14":{"start":{"line":28,"column":26},"end":{"line":42,"column":11}},"15":{"start":{"line":44,"column":8},"end":{"line":44,"column":65}},"16":{"start":{"line":45,"column":8},"end":{"line":45,"column":104}},"17":{"start":{"line":46,"column":8},"end":{"line":46,"column":103}},"18":{"start":{"line":50,"column":0},"end":{"line":578,"column":11}},"19":{"start":{"line":51,"column":14},"end":{"line":574,"column":5}},"20":{"start":{"line":61,"column":34},"end":{"line":66,"column":23}},"21":{"start":{"line":61,"column":61},"end":{"line":66,"column":13}},"22":{"start":{"line":67,"column":12},"end":{"line":67,"column":54}},"23":{"start":{"line":69,"column":34},"end":{"line":79,"column":23}},"24":{"start":{"line":69,"column":61},"end":{"line":79,"column":13}},"25":{"start":{"line":80,"column":12},"end":{"line":80,"column":48}},"26":{"start":{"line":84,"column":12},"end":{"line":84,"column":35}},"27":{"start":{"line":85,"column":12},"end":{"line":85,"column":67}},"28":{"start":{"line":85,"column":41},"end":{"line":85,"column":65}},"29":{"start":{"line":87,"column":12},"end":{"line":96,"column":13}},"30":{"start":{"line":88,"column":16},"end":{"line":88,"column":75}},"31":{"start":{"line":89,"column":16},"end":{"line":94,"column":19}},"32":{"start":{"line":95,"column":16},"end":{"line":95,"column":23}},"33":{"start":{"line":98,"column":12},"end":{"line":109,"column":13}},"34":{"start":{"line":99,"column":33},"end":{"line":99,"column":78}},"35":{"start":{"line":100,"column":16},"end":{"line":100,"column":80}},"36":{"start":{"line":100,"column":53},"end":{"line":100,"column":78}},"37":{"start":{"line":102,"column":16},"end":{"line":102,"column":36}},"38":{"start":{"line":103,"column":16},"end":{"line":103,"column":30}},"39":{"start":{"line":104,"column":16},"end":{"line":104,"column":34}},"40":{"start":{"line":105,"column":16},"end":{"line":105,"column":39}},"41":{"start":{"line":108,"column":16},"end":{"line":108,"column":54}},"42":{"start":{"line":113,"column":22},"end":{"line":113,"column":48}},"43":{"start":{"line":114,"column":25},"end":{"line":114,"column":41}},"44":{"start":{"line":116,"column":12},"end":{"line":130,"column":14}},"45":{"start":{"line":134,"column":12},"end":{"line":134,"column":78}},"46":{"start":{"line":138,"column":26},"end":{"line":138,"column":62}},"47":{"start":{"line":138,"column":55},"end":{"line":138,"column":61}},"48":{"start":{"line":139,"column":12},"end":{"line":141,"column":13}},"49":{"start":{"line":140,"column":16},"end":{"line":140,"column":66}},"50":{"start":{"line":145,"column":12},"end":{"line":145,"column":83}},"51":{"start":{"line":149,"column":12},"end":{"line":149,"column":75}},"52":{"start":{"line":153,"column":12},"end":{"line":153,"column":68}},"53":{"start":{"line":157,"column":22},"end":{"line":157,"column":50}},"54":{"start":{"line":158,"column":27},"end":{"line":181,"column":13}},"55":{"start":{"line":166,"column":20},"end":{"line":166,"column":98}},"56":{"start":{"line":166,"column":37},"end":{"line":166,"column":98}},"57":{"start":{"line":167,"column":20},"end":{"line":167,"column":98}},"58":{"start":{"line":167,"column":37},"end":{"line":167,"column":98}},"59":{"start":{"line":168,"column":20},"end":{"line":168,"column":81}},"60":{"start":{"line":182,"column":12},"end":{"line":182,"column":67}},"61":{"start":{"line":182,"column":38},"end":{"line":182,"column":67}},"62":{"start":{"line":183,"column":12},"end":{"line":183,"column":63}},"63":{"start":{"line":187,"column":31},"end":{"line":187,"column":69}},"64":{"start":{"line":188,"column":12},"end":{"line":188,"column":107}},"65":{"start":{"line":192,"column":12},"end":{"line":192,"column":79}},"66":{"start":{"line":196,"column":12},"end":{"line":216,"column":13}},"67":{"start":{"line":197,"column":29},"end":{"line":197,"column":86}},"68":{"start":{"line":198,"column":29},"end":{"line":198,"column":72}},"69":{"start":{"line":198,"column":56},"end":{"line":198,"column":71}},"70":{"start":{"line":200,"column":16},"end":{"line":213,"column":17}},"71":{"start":{"line":201,"column":36},"end":{"line":201,"column":78}},"72":{"start":{"line":202,"column":52},"end":{"line":202,"column":126}},"73":{"start":{"line":202,"column":108},"end":{"line":202,"column":118}},"74":{"start":{"line":204,"column":39},"end":{"line":204,"column":63}},"75":{"start":{"line":205,"column":20},"end":{"line":205,"column":77}},"76":{"start":{"line":206,"column":20},"end":{"line":206,"column":96}},"77":{"start":{"line":207,"column":20},"end":{"line":207,"column":47}},"78":{"start":{"line":209,"column":20},"end":{"line":209,"column":116}},"79":{"start":{"line":211,"column":20},"end":{"line":211,"column":98}},"80":{"start":{"line":212,"column":20},"end":{"line":212,"column":74}},"81":{"start":{"line":215,"column":16},"end":{"line":215,"column":58}},"82":{"start":{"line":220,"column":26},"end":{"line":220,"column":63}},"83":{"start":{"line":221,"column":27},"end":{"line":221,"column":69}},"84":{"start":{"line":223,"column":12},"end":{"line":227,"column":33}},"85":{"start":{"line":231,"column":26},"end":{"line":231,"column":63}},"86":{"start":{"line":232,"column":30},"end":{"line":232,"column":51}},"87":{"start":{"line":233,"column":36},"end":{"line":233,"column":64}},"88":{"start":{"line":234,"column":26},"end":{"line":234,"column":72}},"89":{"start":{"line":236,"column":12},"end":{"line":236,"column":123}},"90":{"start":{"line":237,"column":12},"end":{"line":240,"column":15}},"91":{"start":{"line":244,"column":23},"end":{"line":329,"column":13}},"92":{"start":{"line":330,"column":12},"end":{"line":330,"column":52}},"93":{"start":{"line":334,"column":22},"end":{"line":334,"column":50}},"94":{"start":{"line":335,"column":30},"end":{"line":335,"column":46}},"95":{"start":{"line":337,"column":29},"end":{"line":340,"column":17}},"96":{"start":{"line":338,"column":28},"end":{"line":338,"column":98}},"97":{"start":{"line":339,"column":16},"end":{"line":339,"column":33}},"98":{"start":{"line":341,"column":33},"end":{"line":341,"column":64}},"99":{"start":{"line":343,"column":26},"end":{"line":360,"column":13}},"100":{"start":{"line":347,"column":49},"end":{"line":347,"column":114}},"101":{"start":{"line":352,"column":49},"end":{"line":352,"column":106}},"102":{"start":{"line":357,"column":49},"end":{"line":357,"column":112}},"103":{"start":{"line":363,"column":12},"end":{"line":368,"column":25}},"104":{"start":{"line":363,"column":54},"end":{"line":368,"column":13}},"105":{"start":{"line":372,"column":22},"end":{"line":372,"column":48}},"106":{"start":{"line":373,"column":22},"end":{"line":373,"column":50}},"107":{"start":{"line":374,"column":26},"end":{"line":374,"column":47}},"108":{"start":{"line":377,"column":31},"end":{"line":377,"column":61}},"109":{"start":{"line":379,"column":12},"end":{"line":385,"column":13}},"110":{"start":{"line":380,"column":29},"end":{"line":380,"column":53}},"111":{"start":{"line":381,"column":16},"end":{"line":384,"column":18}},"112":{"start":{"line":382,"column":20},"end":{"line":383,"column":69}},"113":{"start":{"line":388,"column":12},"end":{"line":411,"column":13}},"114":{"start":{"line":390,"column":36},"end":{"line":390,"column":61}},"115":{"start":{"line":391,"column":39},"end":{"line":391,"column":77}},"116":{"start":{"line":392,"column":35},"end":{"line":392,"column":66}},"117":{"start":{"line":394,"column":20},"end":{"line":397,"column":23}},"118":{"start":{"line":395,"column":38},"end":{"line":395,"column":67}},"119":{"start":{"line":396,"column":24},"end":{"line":396,"column":84}},"120":{"start":{"line":398,"column":20},"end":{"line":398,"column":26}},"121":{"start":{"line":400,"column":20},"end":{"line":400,"column":109}},"122":{"start":{"line":400,"column":50},"end":{"line":400,"column":107}},"123":{"start":{"line":401,"column":20},"end":{"line":401,"column":26}},"124":{"start":{"line":403,"column":20},"end":{"line":403,"column":117}},"125":{"start":{"line":403,"column":50},"end":{"line":403,"column":115}},"126":{"start":{"line":404,"column":20},"end":{"line":404,"column":26}},"127":{"start":{"line":406,"column":20},"end":{"line":406,"column":115}},"128":{"start":{"line":406,"column":50},"end":{"line":406,"column":113}},"129":{"start":{"line":407,"column":20},"end":{"line":407,"column":26}},"130":{"start":{"line":409,"column":20},"end":{"line":409,"column":115}},"131":{"start":{"line":409,"column":50},"end":{"line":409,"column":113}},"132":{"start":{"line":410,"column":20},"end":{"line":410,"column":26}},"133":{"start":{"line":414,"column":12},"end":{"line":428,"column":15}},"134":{"start":{"line":415,"column":16},"end":{"line":427,"column":17}},"135":{"start":{"line":416,"column":20},"end":{"line":416,"column":78}},"136":{"start":{"line":418,"column":21},"end":{"line":427,"column":17}},"137":{"start":{"line":419,"column":33},"end":{"line":419,"column":103}},"138":{"start":{"line":420,"column":33},"end":{"line":420,"column":103}},"139":{"start":{"line":421,"column":20},"end":{"line":421,"column":99}},"140":{"start":{"line":424,"column":34},"end":{"line":424,"column":76}},"141":{"start":{"line":425,"column":34},"end":{"line":425,"column":76}},"142":{"start":{"line":426,"column":20},"end":{"line":426,"column":41}},"143":{"start":{"line":430,"column":12},"end":{"line":430,"column":27}},"144":{"start":{"line":434,"column":12},"end":{"line":434,"column":66}},"145":{"start":{"line":438,"column":25},"end":{"line":438,"column":29}},"146":{"start":{"line":439,"column":22},"end":{"line":439,"column":48}},"147":{"start":{"line":440,"column":22},"end":{"line":440,"column":50}},"148":{"start":{"line":442,"column":27},"end":{"line":442,"column":130}},"149":{"start":{"line":443,"column":27},"end":{"line":443,"column":54}},"150":{"start":{"line":445,"column":28},"end":{"line":448,"column":14}},"151":{"start":{"line":446,"column":30},"end":{"line":446,"column":59}},"152":{"start":{"line":447,"column":16},"end":{"line":447,"column":72}},"153":{"start":{"line":450,"column":27},"end":{"line":450,"column":132}},"154":{"start":{"line":450,"column":56},"end":{"line":450,"column":124}},"155":{"start":{"line":451,"column":29},"end":{"line":451,"column":142}},"156":{"start":{"line":451,"column":58},"end":{"line":451,"column":134}},"157":{"start":{"line":452,"column":29},"end":{"line":452,"column":140}},"158":{"start":{"line":452,"column":58},"end":{"line":452,"column":132}},"159":{"start":{"line":453,"column":29},"end":{"line":453,"column":140}},"160":{"start":{"line":453,"column":58},"end":{"line":453,"column":132}},"161":{"start":{"line":455,"column":12},"end":{"line":455,"column":58}},"162":{"start":{"line":456,"column":12},"end":{"line":456,"column":48}},"163":{"start":{"line":457,"column":12},"end":{"line":457,"column":43}},"164":{"start":{"line":458,"column":12},"end":{"line":458,"column":46}},"165":{"start":{"line":459,"column":12},"end":{"line":459,"column":48}},"166":{"start":{"line":461,"column":12},"end":{"line":461,"column":48}},"167":{"start":{"line":462,"column":12},"end":{"line":466,"column":13}},"168":{"start":{"line":463,"column":16},"end":{"line":463,"column":92}},"169":{"start":{"line":465,"column":16},"end":{"line":465,"column":103}},"170":{"start":{"line":468,"column":12},"end":{"line":472,"column":13}},"171":{"start":{"line":469,"column":16},"end":{"line":469,"column":63}},"172":{"start":{"line":471,"column":16},"end":{"line":471,"column":48}},"173":{"start":{"line":474,"column":31},"end":{"line":474,"column":133}},"174":{"start":{"line":474,"column":51},"end":{"line":474,"column":125}},"175":{"start":{"line":475,"column":12},"end":{"line":481,"column":13}},"176":{"start":{"line":476,"column":16},"end":{"line":476,"column":86}},"177":{"start":{"line":477,"column":16},"end":{"line":477,"column":63}},"178":{"start":{"line":479,"column":16},"end":{"line":479,"column":97}},"179":{"start":{"line":480,"column":16},"end":{"line":480,"column":67}},"180":{"start":{"line":483,"column":33},"end":{"line":483,"column":65}},"181":{"start":{"line":484,"column":12},"end":{"line":484,"column":74}},"182":{"start":{"line":486,"column":12},"end":{"line":489,"column":13}},"183":{"start":{"line":487,"column":16},"end":{"line":487,"column":263}},"184":{"start":{"line":488,"column":16},"end":{"line":488,"column":23}},"185":{"start":{"line":491,"column":25},"end":{"line":491,"column":85}},"186":{"start":{"line":491,"column":50},"end":{"line":491,"column":75}},"187":{"start":{"line":492,"column":12},"end":{"line":492,"column":39}},"188":{"start":{"line":496,"column":12},"end":{"line":496,"column":31}},"189":{"start":{"line":497,"column":12},"end":{"line":497,"column":31}},"190":{"start":{"line":501,"column":25},"end":{"line":501,"column":29}},"191":{"start":{"line":503,"column":12},"end":{"line":509,"column":15}},"192":{"start":{"line":504,"column":28},"end":{"line":504,"column":41}},"193":{"start":{"line":505,"column":16},"end":{"line":505,"column":47}},"194":{"start":{"line":506,"column":16},"end":{"line":507,"column":57}},"195":{"start":{"line":506,"column":36},"end":{"line":506,"column":71}},"196":{"start":{"line":507,"column":21},"end":{"line":507,"column":57}},"197":{"start":{"line":508,"column":16},"end":{"line":508,"column":35}},"198":{"start":{"line":511,"column":12},"end":{"line":516,"column":15}},"199":{"start":{"line":512,"column":16},"end":{"line":512,"column":51}},"200":{"start":{"line":513,"column":16},"end":{"line":513,"column":46}},"201":{"start":{"line":514,"column":16},"end":{"line":514,"column":31}},"202":{"start":{"line":515,"column":16},"end":{"line":515,"column":35}},"203":{"start":{"line":518,"column":12},"end":{"line":523,"column":15}},"204":{"start":{"line":519,"column":16},"end":{"line":519,"column":59}},"205":{"start":{"line":520,"column":16},"end":{"line":520,"column":46}},"206":{"start":{"line":521,"column":16},"end":{"line":521,"column":66}},"207":{"start":{"line":522,"column":16},"end":{"line":522,"column":35}},"208":{"start":{"line":525,"column":12},"end":{"line":528,"column":15}},"209":{"start":{"line":526,"column":16},"end":{"line":526,"column":55}},"210":{"start":{"line":527,"column":16},"end":{"line":527,"column":35}},"211":{"start":{"line":530,"column":12},"end":{"line":532,"column":15}},"212":{"start":{"line":531,"column":16},"end":{"line":531,"column":59}},"213":{"start":{"line":534,"column":12},"end":{"line":536,"column":15}},"214":{"start":{"line":535,"column":16},"end":{"line":535,"column":58}},"215":{"start":{"line":538,"column":12},"end":{"line":543,"column":15}},"216":{"start":{"line":539,"column":29},"end":{"line":539,"column":49}},"217":{"start":{"line":540,"column":16},"end":{"line":542,"column":17}},"218":{"start":{"line":541,"column":20},"end":{"line":541,"column":73}},"219":{"start":{"line":545,"column":12},"end":{"line":572,"column":15}},"220":{"start":{"line":546,"column":16},"end":{"line":546,"column":35}},"221":{"start":{"line":547,"column":16},"end":{"line":547,"column":36}},"222":{"start":{"line":549,"column":29},"end":{"line":549,"column":47}},"223":{"start":{"line":550,"column":29},"end":{"line":550,"column":72}},"224":{"start":{"line":550,"column":56},"end":{"line":550,"column":71}},"225":{"start":{"line":552,"column":16},"end":{"line":571,"column":17}},"226":{"start":{"line":553,"column":30},"end":{"line":553,"column":56}},"227":{"start":{"line":554,"column":30},"end":{"line":554,"column":58}},"228":{"start":{"line":556,"column":36},"end":{"line":556,"column":82}},"229":{"start":{"line":558,"column":20},"end":{"line":558,"column":47}},"230":{"start":{"line":559,"column":20},"end":{"line":559,"column":52}},"231":{"start":{"line":560,"column":20},"end":{"line":560,"column":47}},"232":{"start":{"line":561,"column":20},"end":{"line":561,"column":48}},"233":{"start":{"line":563,"column":20},"end":{"line":563,"column":50}},"234":{"start":{"line":564,"column":20},"end":{"line":564,"column":93}},"235":{"start":{"line":565,"column":20},"end":{"line":565,"column":46}},"236":{"start":{"line":566,"column":20},"end":{"line":566,"column":51}},"237":{"start":{"line":567,"column":20},"end":{"line":567,"column":54}},"238":{"start":{"line":569,"column":20},"end":{"line":569,"column":87}},"239":{"start":{"line":570,"column":20},"end":{"line":570,"column":61}},"240":{"start":{"line":576,"column":4},"end":{"line":576,"column":30}},"241":{"start":{"line":577,"column":4},"end":{"line":577,"column":61}},"242":{"start":{"line":577,"column":30},"end":{"line":577,"column":57}}},"fnMap":{"0":{"name":"(anonymous_0)","decl":{"start":{"line":6,"column":22},"end":{"line":6,"column":23}},"loc":{"start":{"line":6,"column":28},"end":{"line":18,"column":5}},"line":6},"1":{"name":"(anonymous_1)","decl":{"start":{"line":8,"column":41},"end":{"line":8,"column":42}},"loc":{"start":{"line":8,"column":46},"end":{"line":11,"column":9}},"line":8},"2":{"name":"(anonymous_2)","decl":{"start":{"line":20,"column":16},"end":{"line":20,"column":17}},"loc":{"start":{"line":20,"column":22},"end":{"line":23,"column":5}},"line":20},"3":{"name":"(anonymous_3)","decl":{"start":{"line":25,"column":20},"end":{"line":25,"column":21}},"loc":{"start":{"line":25,"column":26},"end":{"line":47,"column":5}},"line":25},"4":{"name":"(anonymous_4)","decl":{"start":{"line":50,"column":1},"end":{"line":50,"column":2}},"loc":{"start":{"line":50,"column":14},"end":{"line":578,"column":1}},"line":50},"5":{"name":"(anonymous_5)","decl":{"start":{"line":59,"column":25},"end":{"line":59,"column":26}},"loc":{"start":{"line":59,"column":37},"end":{"line":81,"column":9}},"line":59},"6":{"name":"(anonymous_6)","decl":{"start":{"line":61,"column":55},"end":{"line":61,"column":56}},"loc":{"start":{"line":61,"column":61},"end":{"line":66,"column":13}},"line":61},"7":{"name":"(anonymous_7)","decl":{"start":{"line":69,"column":55},"end":{"line":69,"column":56}},"loc":{"start":{"line":69,"column":61},"end":{"line":79,"column":13}},"line":69},"8":{"name":"(anonymous_8)","decl":{"start":{"line":83,"column":14},"end":{"line":83,"column":15}},"loc":{"start":{"line":83,"column":32},"end":{"line":110,"column":9}},"line":83},"9":{"name":"(anonymous_9)","decl":{"start":{"line":85,"column":30},"end":{"line":85,"column":31}},"loc":{"start":{"line":85,"column":41},"end":{"line":85,"column":65}},"line":85},"10":{"name":"(anonymous_10)","decl":{"start":{"line":100,"column":48},"end":{"line":100,"column":49}},"loc":{"start":{"line":100,"column":53},"end":{"line":100,"column":78}},"line":100},"11":{"name":"(anonymous_11)","decl":{"start":{"line":112,"column":27},"end":{"line":112,"column":28}},"loc":{"start":{"line":112,"column":40},"end":{"line":131,"column":9}},"line":112},"12":{"name":"(anonymous_12)","decl":{"start":{"line":133,"column":29},"end":{"line":133,"column":30}},"loc":{"start":{"line":133,"column":42},"end":{"line":135,"column":9}},"line":133},"13":{"name":"(anonymous_13)","decl":{"start":{"line":137,"column":25},"end":{"line":137,"column":26}},"loc":{"start":{"line":137,"column":43},"end":{"line":142,"column":9}},"line":137},"14":{"name":"(anonymous_14)","decl":{"start":{"line":138,"column":50},"end":{"line":138,"column":51}},"loc":{"start":{"line":138,"column":55},"end":{"line":138,"column":61}},"line":138},"15":{"name":"(anonymous_15)","decl":{"start":{"line":144,"column":25},"end":{"line":144,"column":26}},"loc":{"start":{"line":144,"column":52},"end":{"line":146,"column":9}},"line":144},"16":{"name":"(anonymous_16)","decl":{"start":{"line":148,"column":29},"end":{"line":148,"column":30}},"loc":{"start":{"line":148,"column":44},"end":{"line":150,"column":9}},"line":148},"17":{"name":"(anonymous_17)","decl":{"start":{"line":152,"column":20},"end":{"line":152,"column":21}},"loc":{"start":{"line":152,"column":39},"end":{"line":154,"column":9}},"line":152},"18":{"name":"(anonymous_18)","decl":{"start":{"line":156,"column":28},"end":{"line":156,"column":29}},"loc":{"start":{"line":156,"column":49},"end":{"line":184,"column":9}},"line":156},"19":{"name":"(anonymous_19)","decl":{"start":{"line":165,"column":27},"end":{"line":165,"column":28}},"loc":{"start":{"line":165,"column":44},"end":{"line":169,"column":17}},"line":165},"20":{"name":"(anonymous_20)","decl":{"start":{"line":186,"column":28},"end":{"line":186,"column":29}},"loc":{"start":{"line":186,"column":69},"end":{"line":189,"column":9}},"line":186},"21":{"name":"(anonymous_21)","decl":{"start":{"line":191,"column":30},"end":{"line":191,"column":31}},"loc":{"start":{"line":191,"column":43},"end":{"line":193,"column":9}},"line":191},"22":{"name":"(anonymous_22)","decl":{"start":{"line":195,"column":26},"end":{"line":195,"column":27}},"loc":{"start":{"line":195,"column":54},"end":{"line":217,"column":9}},"line":195},"23":{"name":"(anonymous_23)","decl":{"start":{"line":198,"column":51},"end":{"line":198,"column":52}},"loc":{"start":{"line":198,"column":56},"end":{"line":198,"column":71}},"line":198},"24":{"name":"(anonymous_24)","decl":{"start":{"line":202,"column":103},"end":{"line":202,"column":104}},"loc":{"start":{"line":202,"column":108},"end":{"line":202,"column":118}},"line":202},"25":{"name":"(anonymous_25)","decl":{"start":{"line":219,"column":31},"end":{"line":219,"column":32}},"loc":{"start":{"line":219,"column":54},"end":{"line":228,"column":9}},"line":219},"26":{"name":"(anonymous_26)","decl":{"start":{"line":230,"column":25},"end":{"line":230,"column":26}},"loc":{"start":{"line":230,"column":58},"end":{"line":241,"column":9}},"line":230},"27":{"name":"(anonymous_27)","decl":{"start":{"line":243,"column":22},"end":{"line":243,"column":23}},"loc":{"start":{"line":243,"column":34},"end":{"line":331,"column":9}},"line":243},"28":{"name":"(anonymous_28)","decl":{"start":{"line":333,"column":21},"end":{"line":333,"column":22}},"loc":{"start":{"line":333,"column":33},"end":{"line":369,"column":9}},"line":333},"29":{"name":"(anonymous_29)","decl":{"start":{"line":337,"column":46},"end":{"line":337,"column":47}},"loc":{"start":{"line":337,"column":58},"end":{"line":340,"column":13}},"line":337},"30":{"name":"(anonymous_30)","decl":{"start":{"line":347,"column":44},"end":{"line":347,"column":45}},"loc":{"start":{"line":347,"column":49},"end":{"line":347,"column":114}},"line":347},"31":{"name":"(anonymous_31)","decl":{"start":{"line":352,"column":44},"end":{"line":352,"column":45}},"loc":{"start":{"line":352,"column":49},"end":{"line":352,"column":106}},"line":352},"32":{"name":"(anonymous_32)","decl":{"start":{"line":357,"column":44},"end":{"line":357,"column":45}},"loc":{"start":{"line":357,"column":49},"end":{"line":357,"column":112}},"line":357},"33":{"name":"(anonymous_33)","decl":{"start":{"line":363,"column":49},"end":{"line":363,"column":50}},"loc":{"start":{"line":363,"column":54},"end":{"line":368,"column":13}},"line":363},"34":{"name":"(anonymous_34)","decl":{"start":{"line":371,"column":35},"end":{"line":371,"column":36}},"loc":{"start":{"line":371,"column":47},"end":{"line":431,"column":9}},"line":371},"35":{"name":"(anonymous_35)","decl":{"start":{"line":381,"column":41},"end":{"line":381,"column":42}},"loc":{"start":{"line":382,"column":20},"end":{"line":383,"column":69}},"line":382},"36":{"name":"(anonymous_36)","decl":{"start":{"line":394,"column":45},"end":{"line":394,"column":46}},"loc":{"start":{"line":394,"column":50},"end":{"line":397,"column":21}},"line":394},"37":{"name":"(anonymous_37)","decl":{"start":{"line":400,"column":45},"end":{"line":400,"column":46}},"loc":{"start":{"line":400,"column":50},"end":{"line":400,"column":107}},"line":400},"38":{"name":"(anonymous_38)","decl":{"start":{"line":403,"column":45},"end":{"line":403,"column":46}},"loc":{"start":{"line":403,"column":50},"end":{"line":403,"column":115}},"line":403},"39":{"name":"(anonymous_39)","decl":{"start":{"line":406,"column":45},"end":{"line":406,"column":46}},"loc":{"start":{"line":406,"column":50},"end":{"line":406,"column":113}},"line":406},"40":{"name":"(anonymous_40)","decl":{"start":{"line":409,"column":45},"end":{"line":409,"column":46}},"loc":{"start":{"line":409,"column":50},"end":{"line":409,"column":113}},"line":409},"41":{"name":"(anonymous_41)","decl":{"start":{"line":414,"column":25},"end":{"line":414,"column":26}},"loc":{"start":{"line":414,"column":35},"end":{"line":428,"column":13}},"line":414},"42":{"name":"(anonymous_42)","decl":{"start":{"line":433,"column":24},"end":{"line":433,"column":25}},"loc":{"start":{"line":433,"column":40},"end":{"line":435,"column":9}},"line":433},"43":{"name":"(anonymous_43)","decl":{"start":{"line":437,"column":21},"end":{"line":437,"column":22}},"loc":{"start":{"line":437,"column":33},"end":{"line":493,"column":9}},"line":437},"44":{"name":"(anonymous_44)","decl":{"start":{"line":445,"column":52},"end":{"line":445,"column":53}},"loc":{"start":{"line":445,"column":57},"end":{"line":448,"column":13}},"line":445},"45":{"name":"(anonymous_45)","decl":{"start":{"line":450,"column":51},"end":{"line":450,"column":52}},"loc":{"start":{"line":450,"column":56},"end":{"line":450,"column":124}},"line":450},"46":{"name":"(anonymous_46)","decl":{"start":{"line":451,"column":53},"end":{"line":451,"column":54}},"loc":{"start":{"line":451,"column":58},"end":{"line":451,"column":134}},"line":451},"47":{"name":"(anonymous_47)","decl":{"start":{"line":452,"column":53},"end":{"line":452,"column":54}},"loc":{"start":{"line":452,"column":58},"end":{"line":452,"column":132}},"line":452},"48":{"name":"(anonymous_48)","decl":{"start":{"line":453,"column":53},"end":{"line":453,"column":54}},"loc":{"start":{"line":453,"column":58},"end":{"line":453,"column":132}},"line":453},"49":{"name":"(anonymous_49)","decl":{"start":{"line":474,"column":46},"end":{"line":474,"column":47}},"loc":{"start":{"line":474,"column":51},"end":{"line":474,"column":125}},"line":474},"50":{"name":"(anonymous_50)","decl":{"start":{"line":491,"column":42},"end":{"line":491,"column":43}},"loc":{"start":{"line":491,"column":50},"end":{"line":491,"column":75}},"line":491},"51":{"name":"(anonymous_51)","decl":{"start":{"line":495,"column":16},"end":{"line":495,"column":17}},"loc":{"start":{"line":495,"column":28},"end":{"line":498,"column":9}},"line":495},"52":{"name":"(anonymous_52)","decl":{"start":{"line":500,"column":20},"end":{"line":500,"column":21}},"loc":{"start":{"line":500,"column":32},"end":{"line":573,"column":9}},"line":500},"53":{"name":"(anonymous_53)","decl":{"start":{"line":503,"column":56},"end":{"line":503,"column":57}},"loc":{"start":{"line":503,"column":68},"end":{"line":509,"column":13}},"line":503},"54":{"name":"(anonymous_54)","decl":{"start":{"line":511,"column":91},"end":{"line":511,"column":92}},"loc":{"start":{"line":511,"column":103},"end":{"line":516,"column":13}},"line":511},"55":{"name":"(anonymous_55)","decl":{"start":{"line":518,"column":55},"end":{"line":518,"column":56}},"loc":{"start":{"line":518,"column":67},"end":{"line":523,"column":13}},"line":518},"56":{"name":"(anonymous_56)","decl":{"start":{"line":525,"column":56},"end":{"line":525,"column":57}},"loc":{"start":{"line":525,"column":68},"end":{"line":528,"column":13}},"line":525},"57":{"name":"(anonymous_57)","decl":{"start":{"line":530,"column":91},"end":{"line":530,"column":92}},"loc":{"start":{"line":530,"column":97},"end":{"line":532,"column":13}},"line":530},"58":{"name":"(anonymous_58)","decl":{"start":{"line":534,"column":83},"end":{"line":534,"column":84}},"loc":{"start":{"line":534,"column":89},"end":{"line":536,"column":13}},"line":534},"59":{"name":"(anonymous_59)","decl":{"start":{"line":538,"column":83},"end":{"line":538,"column":84}},"loc":{"start":{"line":538,"column":96},"end":{"line":543,"column":13}},"line":538},"60":{"name":"(anonymous_60)","decl":{"start":{"line":545,"column":77},"end":{"line":545,"column":78}},"loc":{"start":{"line":545,"column":90},"end":{"line":572,"column":13}},"line":545},"61":{"name":"(anonymous_61)","decl":{"start":{"line":550,"column":51},"end":{"line":550,"column":52}},"loc":{"start":{"line":550,"column":56},"end":{"line":550,"column":71}},"line":550},"62":{"name":"(anonymous_62)","decl":{"start":{"line":577,"column":22},"end":{"line":577,"column":23}},"loc":{"start":{"line":577,"column":28},"end":{"line":577,"column":59}},"line":577}},"branchMap":{"0":{"loc":{"start":{"line":10,"column":19},"end":{"line":10,"column":60}},"type":"binary-expr","locations":[{"start":{"line":10,"column":19},"end":{"line":10,"column":37}},{"start":{"line":10,"column":41},"end":{"line":10,"column":60}}],"line":10},"1":{"loc":{"start":{"line":13,"column":8},"end":{"line":16,"column":9}},"type":"if","locations":[{"start":{"line":13,"column":8},"end":{"line":16,"column":9}},{"start":{},"end":{}}],"line":13},"2":{"loc":{"start":{"line":22,"column":8},"end":{"line":22,"column":34}},"type":"if","locations":[{"start":{"line":22,"column":8},"end":{"line":22,"column":34}},{"start":{},"end":{}}],"line":22},"3":{"loc":{"start":{"line":26,"column":8},"end":{"line":26,"column":58}},"type":"if","locations":[{"start":{"line":26,"column":8},"end":{"line":26,"column":58}},{"start":{},"end":{}}],"line":26},"4":{"loc":{"start":{"line":87,"column":12},"end":{"line":96,"column":13}},"type":"if","locations":[{"start":{"line":87,"column":12},"end":{"line":96,"column":13}},{"start":{},"end":{}}],"line":87},"5":{"loc":{"start":{"line":120,"column":20},"end":{"line":120,"column":90}},"type":"cond-expr","locations":[{"start":{"line":120,"column":48},"end":{"line":120,"column":75}},{"start":{"line":120,"column":78},"end":{"line":120,"column":90}}],"line":120},"6":{"loc":{"start":{"line":121,"column":22},"end":{"line":121,"column":51}},"type":"binary-expr","locations":[{"start":{"line":121,"column":22},"end":{"line":121,"column":32}},{"start":{"line":121,"column":36},"end":{"line":121,"column":51}}],"line":121},"7":{"loc":{"start":{"line":122,"column":28},"end":{"line":122,"column":68}},"type":"binary-expr","locations":[{"start":{"line":122,"column":28},"end":{"line":122,"column":44}},{"start":{"line":122,"column":48},"end":{"line":122,"column":68}}],"line":122},"8":{"loc":{"start":{"line":123,"column":28},"end":{"line":123,"column":43}},"type":"binary-expr","locations":[{"start":{"line":123,"column":28},"end":{"line":123,"column":38}},{"start":{"line":123,"column":42},"end":{"line":123,"column":43}}],"line":123},"9":{"loc":{"start":{"line":127,"column":23},"end":{"line":127,"column":85}},"type":"cond-expr","locations":[{"start":{"line":127,"column":43},"end":{"line":127,"column":74}},{"start":{"line":127,"column":77},"end":{"line":127,"column":85}}],"line":127},"10":{"loc":{"start":{"line":129,"column":41},"end":{"line":129,"column":68}},"type":"binary-expr","locations":[{"start":{"line":129,"column":41},"end":{"line":129,"column":54}},{"start":{"line":129,"column":58},"end":{"line":129,"column":68}}],"line":129},"11":{"loc":{"start":{"line":166,"column":20},"end":{"line":166,"column":98}},"type":"if","locations":[{"start":{"line":166,"column":20},"end":{"line":166,"column":98}},{"start":{},"end":{}}],"line":166},"12":{"loc":{"start":{"line":167,"column":20},"end":{"line":167,"column":98}},"type":"if","locations":[{"start":{"line":167,"column":20},"end":{"line":167,"column":98}},{"start":{},"end":{}}],"line":167},"13":{"loc":{"start":{"line":182,"column":12},"end":{"line":182,"column":67}},"type":"if","locations":[{"start":{"line":182,"column":12},"end":{"line":182,"column":67}},{"start":{},"end":{}}],"line":182},"14":{"loc":{"start":{"line":183,"column":19},"end":{"line":183,"column":62}},"type":"binary-expr","locations":[{"start":{"line":183,"column":19},"end":{"line":183,"column":36}},{"start":{"line":183,"column":40},"end":{"line":183,"column":62}}],"line":183},"15":{"loc":{"start":{"line":186,"column":50},"end":{"line":186,"column":67}},"type":"default-arg","locations":[{"start":{"line":186,"column":65},"end":{"line":186,"column":67}}],"line":186},"16":{"loc":{"start":{"line":187,"column":31},"end":{"line":187,"column":69}},"type":"binary-expr","locations":[{"start":{"line":187,"column":31},"end":{"line":187,"column":55}},{"start":{"line":187,"column":59},"end":{"line":187,"column":69}}],"line":187},"17":{"loc":{"start":{"line":200,"column":16},"end":{"line":213,"column":17}},"type":"if","locations":[{"start":{"line":200,"column":16},"end":{"line":213,"column":17}},{"start":{},"end":{}}],"line":200},"18":{"loc":{"start":{"line":205,"column":48},"end":{"line":205,"column":76}},"type":"binary-expr","locations":[{"start":{"line":205,"column":48},"end":{"line":205,"column":71}},{"start":{"line":205,"column":75},"end":{"line":205,"column":76}}],"line":205},"19":{"loc":{"start":{"line":206,"column":45},"end":{"line":206,"column":95}},"type":"binary-expr","locations":[{"start":{"line":206,"column":45},"end":{"line":206,"column":68}},{"start":{"line":206,"column":72},"end":{"line":206,"column":95}}],"line":206},"20":{"loc":{"start":{"line":232,"column":30},"end":{"line":232,"column":51}},"type":"cond-expr","locations":[{"start":{"line":232,"column":42},"end":{"line":232,"column":47}},{"start":{"line":232,"column":50},"end":{"line":232,"column":51}}],"line":232},"21":{"loc":{"start":{"line":234,"column":26},"end":{"line":234,"column":72}},"type":"cond-expr","locations":[{"start":{"line":234,"column":51},"end":{"line":234,"column":60}},{"start":{"line":234,"column":63},"end":{"line":234,"column":72}}],"line":234},"22":{"loc":{"start":{"line":338,"column":28},"end":{"line":338,"column":98}},"type":"binary-expr","locations":[{"start":{"line":338,"column":28},"end":{"line":338,"column":93}},{"start":{"line":338,"column":97},"end":{"line":338,"column":98}}],"line":338},"23":{"loc":{"start":{"line":338,"column":46},"end":{"line":338,"column":65}},"type":"binary-expr","locations":[{"start":{"line":338,"column":46},"end":{"line":338,"column":58}},{"start":{"line":338,"column":62},"end":{"line":338,"column":65}}],"line":338},"24":{"loc":{"start":{"line":347,"column":49},"end":{"line":347,"column":114}},"type":"binary-expr","locations":[{"start":{"line":347,"column":49},"end":{"line":347,"column":72}},{"start":{"line":347,"column":76},"end":{"line":347,"column":114}}],"line":347},"25":{"loc":{"start":{"line":352,"column":49},"end":{"line":352,"column":106}},"type":"binary-expr","locations":[{"start":{"line":352,"column":49},"end":{"line":352,"column":68}},{"start":{"line":352,"column":72},"end":{"line":352,"column":106}}],"line":352},"26":{"loc":{"start":{"line":357,"column":49},"end":{"line":357,"column":112}},"type":"binary-expr","locations":[{"start":{"line":357,"column":49},"end":{"line":357,"column":71}},{"start":{"line":357,"column":75},"end":{"line":357,"column":112}}],"line":357},"27":{"loc":{"start":{"line":377,"column":31},"end":{"line":377,"column":61}},"type":"binary-expr","locations":[{"start":{"line":377,"column":31},"end":{"line":377,"column":55}},{"start":{"line":377,"column":59},"end":{"line":377,"column":61}}],"line":377},"28":{"loc":{"start":{"line":379,"column":12},"end":{"line":385,"column":13}},"type":"if","locations":[{"start":{"line":379,"column":12},"end":{"line":385,"column":13}},{"start":{},"end":{}}],"line":379},"29":{"loc":{"start":{"line":382,"column":20},"end":{"line":383,"column":69}},"type":"binary-expr","locations":[{"start":{"line":382,"column":20},"end":{"line":382,"column":63}},{"start":{"line":383,"column":20},"end":{"line":383,"column":69}}],"line":382},"30":{"loc":{"start":{"line":382,"column":21},"end":{"line":382,"column":33}},"type":"binary-expr","locations":[{"start":{"line":382,"column":21},"end":{"line":382,"column":27}},{"start":{"line":382,"column":31},"end":{"line":382,"column":33}}],"line":382},"31":{"loc":{"start":{"line":383,"column":21},"end":{"line":383,"column":39}},"type":"binary-expr","locations":[{"start":{"line":383,"column":21},"end":{"line":383,"column":33}},{"start":{"line":383,"column":37},"end":{"line":383,"column":39}}],"line":383},"32":{"loc":{"start":{"line":388,"column":12},"end":{"line":411,"column":13}},"type":"switch","locations":[{"start":{"line":389,"column":16},"end":{"line":398,"column":26}},{"start":{"line":399,"column":16},"end":{"line":401,"column":26}},{"start":{"line":402,"column":16},"end":{"line":404,"column":26}},{"start":{"line":405,"column":16},"end":{"line":407,"column":26}},{"start":{"line":408,"column":16},"end":{"line":410,"column":26}}],"line":388},"33":{"loc":{"start":{"line":390,"column":36},"end":{"line":390,"column":61}},"type":"binary-expr","locations":[{"start":{"line":390,"column":36},"end":{"line":390,"column":55}},{"start":{"line":390,"column":59},"end":{"line":390,"column":61}}],"line":390},"34":{"loc":{"start":{"line":391,"column":40},"end":{"line":391,"column":62}},"type":"binary-expr","locations":[{"start":{"line":391,"column":40},"end":{"line":391,"column":56}},{"start":{"line":391,"column":60},"end":{"line":391,"column":62}}],"line":391},"35":{"loc":{"start":{"line":395,"column":39},"end":{"line":395,"column":52}},"type":"binary-expr","locations":[{"start":{"line":395,"column":39},"end":{"line":395,"column":46}},{"start":{"line":395,"column":50},"end":{"line":395,"column":52}}],"line":395},"36":{"loc":{"start":{"line":396,"column":31},"end":{"line":396,"column":83}},"type":"binary-expr","locations":[{"start":{"line":396,"column":31},"end":{"line":396,"column":57}},{"start":{"line":396,"column":61},"end":{"line":396,"column":83}}],"line":396},"37":{"loc":{"start":{"line":400,"column":50},"end":{"line":400,"column":107}},"type":"binary-expr","locations":[{"start":{"line":400,"column":50},"end":{"line":400,"column":69}},{"start":{"line":400,"column":73},"end":{"line":400,"column":107}}],"line":400},"38":{"loc":{"start":{"line":403,"column":50},"end":{"line":403,"column":115}},"type":"binary-expr","locations":[{"start":{"line":403,"column":50},"end":{"line":403,"column":73}},{"start":{"line":403,"column":77},"end":{"line":403,"column":115}}],"line":403},"39":{"loc":{"start":{"line":406,"column":50},"end":{"line":406,"column":113}},"type":"binary-expr","locations":[{"start":{"line":406,"column":50},"end":{"line":406,"column":72}},{"start":{"line":406,"column":76},"end":{"line":406,"column":113}}],"line":406},"40":{"loc":{"start":{"line":409,"column":50},"end":{"line":409,"column":113}},"type":"binary-expr","locations":[{"start":{"line":409,"column":50},"end":{"line":409,"column":72}},{"start":{"line":409,"column":76},"end":{"line":409,"column":113}}],"line":409},"41":{"loc":{"start":{"line":415,"column":16},"end":{"line":427,"column":17}},"type":"if","locations":[{"start":{"line":415,"column":16},"end":{"line":427,"column":17}},{"start":{"line":418,"column":21},"end":{"line":427,"column":17}}],"line":415},"42":{"loc":{"start":{"line":416,"column":28},"end":{"line":416,"column":44}},"type":"binary-expr","locations":[{"start":{"line":416,"column":28},"end":{"line":416,"column":38}},{"start":{"line":416,"column":42},"end":{"line":416,"column":44}}],"line":416},"43":{"loc":{"start":{"line":416,"column":60},"end":{"line":416,"column":76}},"type":"binary-expr","locations":[{"start":{"line":416,"column":60},"end":{"line":416,"column":70}},{"start":{"line":416,"column":74},"end":{"line":416,"column":76}}],"line":416},"44":{"loc":{"start":{"line":418,"column":21},"end":{"line":427,"column":17}},"type":"if","locations":[{"start":{"line":418,"column":21},"end":{"line":427,"column":17}},{"start":{"line":423,"column":21},"end":{"line":427,"column":17}}],"line":418},"45":{"loc":{"start":{"line":418,"column":25},"end":{"line":418,"column":106}},"type":"binary-expr","locations":[{"start":{"line":418,"column":25},"end":{"line":418,"column":64}},{"start":{"line":418,"column":68},"end":{"line":418,"column":106}}],"line":418},"46":{"loc":{"start":{"line":419,"column":33},"end":{"line":419,"column":103}},"type":"binary-expr","locations":[{"start":{"line":419,"column":33},"end":{"line":419,"column":98}},{"start":{"line":419,"column":102},"end":{"line":419,"column":103}}],"line":419},"47":{"loc":{"start":{"line":419,"column":51},"end":{"line":419,"column":70}},"type":"binary-expr","locations":[{"start":{"line":419,"column":51},"end":{"line":419,"column":63}},{"start":{"line":419,"column":67},"end":{"line":419,"column":70}}],"line":419},"48":{"loc":{"start":{"line":420,"column":33},"end":{"line":420,"column":103}},"type":"binary-expr","locations":[{"start":{"line":420,"column":33},"end":{"line":420,"column":98}},{"start":{"line":420,"column":102},"end":{"line":420,"column":103}}],"line":420},"49":{"loc":{"start":{"line":420,"column":51},"end":{"line":420,"column":70}},"type":"binary-expr","locations":[{"start":{"line":420,"column":51},"end":{"line":420,"column":63}},{"start":{"line":420,"column":67},"end":{"line":420,"column":70}}],"line":420},"50":{"loc":{"start":{"line":421,"column":27},"end":{"line":421,"column":98}},"type":"cond-expr","locations":[{"start":{"line":421,"column":70},"end":{"line":421,"column":81}},{"start":{"line":421,"column":86},"end":{"line":421,"column":97}}],"line":421},"51":{"loc":{"start":{"line":424,"column":43},"end":{"line":424,"column":75}},"type":"binary-expr","locations":[{"start":{"line":424,"column":43},"end":{"line":424,"column":70}},{"start":{"line":424,"column":74},"end":{"line":424,"column":75}}],"line":424},"52":{"loc":{"start":{"line":425,"column":43},"end":{"line":425,"column":75}},"type":"binary-expr","locations":[{"start":{"line":425,"column":43},"end":{"line":425,"column":70}},{"start":{"line":425,"column":74},"end":{"line":425,"column":75}}],"line":425},"53":{"loc":{"start":{"line":442,"column":27},"end":{"line":442,"column":130}},"type":"cond-expr","locations":[{"start":{"line":442,"column":83},"end":{"line":442,"column":125}},{"start":{"line":442,"column":128},"end":{"line":442,"column":130}}],"line":442},"54":{"loc":{"start":{"line":442,"column":28},"end":{"line":442,"column":79}},"type":"binary-expr","locations":[{"start":{"line":442,"column":28},"end":{"line":442,"column":47}},{"start":{"line":442,"column":51},"end":{"line":442,"column":79}}],"line":442},"55":{"loc":{"start":{"line":446,"column":31},"end":{"line":446,"column":44}},"type":"binary-expr","locations":[{"start":{"line":446,"column":31},"end":{"line":446,"column":38}},{"start":{"line":446,"column":42},"end":{"line":446,"column":44}}],"line":446},"56":{"loc":{"start":{"line":447,"column":23},"end":{"line":447,"column":71}},"type":"binary-expr","locations":[{"start":{"line":447,"column":23},"end":{"line":447,"column":45}},{"start":{"line":447,"column":49},"end":{"line":447,"column":71}}],"line":447},"57":{"loc":{"start":{"line":450,"column":56},"end":{"line":450,"column":124}},"type":"binary-expr","locations":[{"start":{"line":450,"column":56},"end":{"line":450,"column":86}},{"start":{"line":450,"column":90},"end":{"line":450,"column":124}}],"line":450},"58":{"loc":{"start":{"line":451,"column":58},"end":{"line":451,"column":134}},"type":"binary-expr","locations":[{"start":{"line":451,"column":58},"end":{"line":451,"column":92}},{"start":{"line":451,"column":96},"end":{"line":451,"column":134}}],"line":451},"59":{"loc":{"start":{"line":452,"column":58},"end":{"line":452,"column":132}},"type":"binary-expr","locations":[{"start":{"line":452,"column":58},"end":{"line":452,"column":91}},{"start":{"line":452,"column":95},"end":{"line":452,"column":132}}],"line":452},"60":{"loc":{"start":{"line":453,"column":58},"end":{"line":453,"column":132}},"type":"binary-expr","locations":[{"start":{"line":453,"column":58},"end":{"line":453,"column":91}},{"start":{"line":453,"column":95},"end":{"line":453,"column":132}}],"line":453},"61":{"loc":{"start":{"line":462,"column":12},"end":{"line":466,"column":13}},"type":"if","locations":[{"start":{"line":462,"column":12},"end":{"line":466,"column":13}},{"start":{"line":464,"column":19},"end":{"line":466,"column":13}}],"line":462},"62":{"loc":{"start":{"line":468,"column":12},"end":{"line":472,"column":13}},"type":"if","locations":[{"start":{"line":468,"column":12},"end":{"line":472,"column":13}},{"start":{"line":470,"column":19},"end":{"line":472,"column":13}}],"line":468},"63":{"loc":{"start":{"line":474,"column":51},"end":{"line":474,"column":125}},"type":"binary-expr","locations":[{"start":{"line":474,"column":51},"end":{"line":474,"column":84}},{"start":{"line":474,"column":88},"end":{"line":474,"column":125}}],"line":474},"64":{"loc":{"start":{"line":475,"column":12},"end":{"line":481,"column":13}},"type":"if","locations":[{"start":{"line":475,"column":12},"end":{"line":481,"column":13}},{"start":{"line":478,"column":19},"end":{"line":481,"column":13}}],"line":475},"65":{"loc":{"start":{"line":486,"column":12},"end":{"line":489,"column":13}},"type":"if","locations":[{"start":{"line":486,"column":12},"end":{"line":489,"column":13}},{"start":{},"end":{}}],"line":486},"66":{"loc":{"start":{"line":506,"column":16},"end":{"line":507,"column":57}},"type":"if","locations":[{"start":{"line":506,"column":16},"end":{"line":507,"column":57}},{"start":{"line":507,"column":21},"end":{"line":507,"column":57}}],"line":506},"67":{"loc":{"start":{"line":540,"column":16},"end":{"line":542,"column":17}},"type":"if","locations":[{"start":{"line":540,"column":16},"end":{"line":542,"column":17}},{"start":{},"end":{}}],"line":540},"68":{"loc":{"start":{"line":540,"column":20},"end":{"line":540,"column":108}},"type":"binary-expr","locations":[{"start":{"line":540,"column":20},"end":{"line":540,"column":61}},{"start":{"line":540,"column":65},"end":{"line":540,"column":108}}],"line":540},"69":{"loc":{"start":{"line":552,"column":16},"end":{"line":571,"column":17}},"type":"if","locations":[{"start":{"line":552,"column":16},"end":{"line":571,"column":17}},{"start":{},"end":{}}],"line":552},"70":{"loc":{"start":{"line":564,"column":42},"end":{"line":564,"column":79}},"type":"binary-expr","locations":[{"start":{"line":564,"column":42},"end":{"line":564,"column":60}},{"start":{"line":564,"column":64},"end":{"line":564,"column":79}}],"line":564}},"s":{"0":1,"1":0,"2":0,"3":0,"4":0,"5":0,"6":0,"7":0,"8":0,"9":0,"10":0,"11":0,"12":0,"13":0,"14":0,"15":0,"16":0,"17":0,"18":1,"19":1,"20":1,"21":4,"22":1,"23":1,"24":6,"25":1,"26":1,"27":1,"28":1,"29":0,"30":0,"31":0,"32":0,"33":0,"34":0,"35":0,"36":0,"37":0,"38":0,"39":0,"40":0,"41":0,"42":0,"43":0,"44":0,"45":0,"46":0,"47":0,"48":0,"49":0,"50":0,"51":0,"52":0,"53":0,"54":0,"55":0,"56":0,"57":0,"58":0,"59":0,"60":0,"61":0,"62":0,"63":0,"64":0,"65":0,"66":0,"67":0,"68":0,"69":0,"70":0,"71":0,"72":0,"73":0,"74":0,"75":0,"76":0,"77":0,"78":0,"79":0,"80":0,"81":0,"82":0,"83":0,"84":0,"85":0,"86":0,"87":0,"88":0,"89":0,"90":0,"91":0,"92":0,"93":0,"94":0,"95":0,"96":0,"97":0,"98":0,"99":0,"100":0,"101":0,"102":0,"103":0,"104":0,"105":0,"106":0,"107":0,"108":0,"109":0,"110":0,"111":0,"112":0,"113":0,"114":0,"115":0,"116":0,"117":0,"118":0,"119":0,"120":0,"121":0,"122":0,"123":0,"124":0,"125":0,"126":0,"127":0,"128":0,"129":0,"130":0,"131":0,"132":0,"133":0,"134":0,"135":0,"136":0,"137":0,"138":0,"139":0,"140":0,"141":0,"142":0,"143":0,"144":0,"145":0,"146":0,"147":0,"148":0,"149":0,"150":0,"151":0,"152":0,"153":0,"154":0,"155":0,"156":0,"157":0,"158":0,"159":0,"160":0,"161":0,"162":0,"163":0,"164":0,"165":0,"166":0,"167":0,"168":0,"169":0,"170":0,"171":0,"172":0,"173":0,"174":0,"175":0,"176":0,"177":0,"178":0,"179":0,"180":0,"181":0,"182":0,"183":0,"184":0,"185":0,"186":0,"187":0,"188":0,"189":0,"190":0,"191":0,"192":0,"193":0,"194":0,"195":0,"196":0,"197":0,"198":0,"199":0,"200":0,"201":0,"202":0,"203":0,"204":0,"205":0,"206":0,"207":0,"208":0,"209":0,"210":0,"211":0,"212":0,"213":0,"214":0,"215":0,"216":0,"217":0,"218":0,"219":0,"220":0,"221":0,"222":0,"223":0,"224":0,"225":0,"226":0,"227":0,"228":0,"229":0,"230":0,"231":0,"232":0,"233":0,"234":0,"235":0,"236":0,"237":0,"238":0,"239":0,"240":1,"241":1,"242":1},"f":{"0":0,"1":0,"2":0,"3":0,"4":1,"5":1,"6":4,"7":6,"8":1,"9":1,"10":0,"11":0,"12":0,"13":0,"14":0,"15":0,"16":0,"17":0,"18":0,"19":0,"20":0,"21":0,"22":0,"23":0,"24":0,"25":0,"26":0,"27":0,"28":0,"29":0,"30":0,"31":0,"32":0,"33":0,"34":0,"35":0,"36":0,"37":0,"38":0,"39":0,"40":0,"41":0,"42":0,"43":0,"44":0,"45":0,"46":0,"47":0,"48":0,"49":0,"50":0,"51":0,"52":0,"53":0,"54":0,"55":0,"56":0,"57":0,"58":0,"59":0,"60":0,"61":0,"62":1},"b":{"0":[0,0],"1":[0,0],"2":[0,0],"3":[0,0],"4":[0,0],"5":[0,0],"6":[0,0],"7":[0,0],"8":[0,0],"9":[0,0],"10":[0,0],"11":[0,0],"12":[0,0],"13":[0,0],"14":[0,0],"15":[0],"16":[0,0],"17":[0,0],"18":[0,0],"19":[0,0],"20":[0,0],"21":[0,0],"22":[0,0],"23":[0,0],"24":[0,0],"25":[0,0],"26":[0,0],"27":[0,0],"28":[0,0],"29":[0,0],"30":[0,0],"31":[0,0],"32":[0,0,0,0,0],"33":[0,0],"34":[0,0],"35":[0,0],"36":[0,0],"37":[0,0],"38":[0,0],"39":[0,0],"40":[0,0],"41":[0,0],"42":[0,0],"43":[0,0],"44":[0,0],"45":[0,0],"46":[0,0],"47":[0,0],"48":[0,0],"49":[0,0],"50":[0,0],"51":[0,0],"52":[0,0],"53":[0,0],"54":[0,0],"55":[0,0],"56":[0,0],"57":[0,0],"58":[0,0],"59":[0,0],"60":[0,0],"61":[0,0],"62":[0,0],"63":[0,0],"64":[0,0],"65":[0,0],"66":[0,0],"67":[0,0],"68":[0,0],"69":[0,0],"70":[0,0]},"_coverageSchema":"1a1c01bbd47fc00a2c39e90264f33305004495a9","hash":"8e3ac75aa838764c4729edf2ef87ea751d4abba8"}
,"/Users/mattranlett/Development/3Ci-DealReview/web-files/DealReviewLogic.js": {"path":"/Users/mattranlett/Development/3Ci-DealReview/web-files/DealReviewLogic.js","statementMap":{"0":{"start":{"line":6,"column":0},"end":{"line":77,"column":11}},"1":{"start":{"line":7,"column":28},"end":{"line":75,"column":5}},"2":{"start":{"line":9,"column":46},"end":{"line":9,"column":95}},"3":{"start":{"line":9,"column":52},"end":{"line":9,"column":73}},"4":{"start":{"line":9,"column":84},"end":{"line":9,"column":93}},"5":{"start":{"line":10,"column":53},"end":{"line":10,"column":118}},"6":{"start":{"line":10,"column":120},"end":{"line":10,"column":143}},"7":{"start":{"line":11,"column":37},"end":{"line":11,"column":109}},"8":{"start":{"line":11,"column":75},"end":{"line":11,"column":109}},"9":{"start":{"line":11,"column":110},"end":{"line":11,"column":122}},"10":{"start":{"line":12,"column":31},"end":{"line":12,"column":154}},"11":{"start":{"line":13,"column":31},"end":{"line":13,"column":88}},"12":{"start":{"line":18,"column":28},"end":{"line":18,"column":37}},"13":{"start":{"line":19,"column":16},"end":{"line":19,"column":94}},"14":{"start":{"line":19,"column":49},"end":{"line":19,"column":94}},"15":{"start":{"line":20,"column":16},"end":{"line":20,"column":108}},"16":{"start":{"line":22,"column":54},"end":{"line":24,"column":13}},"17":{"start":{"line":25,"column":53},"end":{"line":25,"column":101}},"18":{"start":{"line":26,"column":41},"end":{"line":26,"column":42}},"19":{"start":{"line":27,"column":40},"end":{"line":27,"column":45}},"20":{"start":{"line":31,"column":39},"end":{"line":31,"column":110}},"21":{"start":{"line":32,"column":35},"end":{"line":32,"column":120}},"22":{"start":{"line":33,"column":32},"end":{"line":33,"column":65}},"23":{"start":{"line":34,"column":37},"end":{"line":34,"column":90}},"24":{"start":{"line":36,"column":35},"end":{"line":41,"column":13}},"25":{"start":{"line":43,"column":52},"end":{"line":50,"column":13}},"26":{"start":{"line":52,"column":48},"end":{"line":55,"column":13}},"27":{"start":{"line":57,"column":44},"end":{"line":57,"column":81}},"28":{"start":{"line":58,"column":48},"end":{"line":58,"column":89}},"29":{"start":{"line":59,"column":33},"end":{"line":59,"column":59}},"30":{"start":{"line":63,"column":35},"end":{"line":63,"column":39}},"31":{"start":{"line":64,"column":35},"end":{"line":64,"column":43}},"32":{"start":{"line":65,"column":36},"end":{"line":65,"column":37}},"33":{"start":{"line":66,"column":50},"end":{"line":66,"column":127}},"34":{"start":{"line":67,"column":43},"end":{"line":67,"column":86}},"35":{"start":{"line":71,"column":36},"end":{"line":71,"column":81}},"36":{"start":{"line":72,"column":43},"end":{"line":72,"column":46}},"37":{"start":{"line":73,"column":57},"end":{"line":73,"column":62}},"38":{"start":{"line":76,"column":4},"end":{"line":76,"column":45}}},"fnMap":{"0":{"name":"(anonymous_0)","decl":{"start":{"line":6,"column":1},"end":{"line":6,"column":2}},"loc":{"start":{"line":6,"column":19},"end":{"line":77,"column":1}},"line":6},"1":{"name":"(anonymous_1)","decl":{"start":{"line":9,"column":27},"end":{"line":9,"column":28}},"loc":{"start":{"line":9,"column":44},"end":{"line":9,"column":97}},"line":9},"2":{"name":"(anonymous_2)","decl":{"start":{"line":10,"column":34},"end":{"line":10,"column":35}},"loc":{"start":{"line":10,"column":41},"end":{"line":10,"column":145}},"line":10},"3":{"name":"(anonymous_3)","decl":{"start":{"line":11,"column":28},"end":{"line":11,"column":29}},"loc":{"start":{"line":11,"column":35},"end":{"line":11,"column":124}},"line":11},"4":{"name":"(anonymous_4)","decl":{"start":{"line":12,"column":24},"end":{"line":12,"column":25}},"loc":{"start":{"line":12,"column":31},"end":{"line":12,"column":154}},"line":12},"5":{"name":"(anonymous_5)","decl":{"start":{"line":13,"column":24},"end":{"line":13,"column":25}},"loc":{"start":{"line":13,"column":31},"end":{"line":13,"column":88}},"line":13},"6":{"name":"(anonymous_6)","decl":{"start":{"line":17,"column":27},"end":{"line":17,"column":28}},"loc":{"start":{"line":17,"column":42},"end":{"line":21,"column":13}},"line":17},"7":{"name":"(anonymous_7)","decl":{"start":{"line":22,"column":32},"end":{"line":22,"column":33}},"loc":{"start":{"line":22,"column":54},"end":{"line":24,"column":13}},"line":22},"8":{"name":"(anonymous_8)","decl":{"start":{"line":25,"column":31},"end":{"line":25,"column":32}},"loc":{"start":{"line":25,"column":53},"end":{"line":25,"column":101}},"line":25},"9":{"name":"(anonymous_9)","decl":{"start":{"line":26,"column":34},"end":{"line":26,"column":35}},"loc":{"start":{"line":26,"column":41},"end":{"line":26,"column":42}},"line":26},"10":{"name":"(anonymous_10)","decl":{"start":{"line":27,"column":33},"end":{"line":27,"column":34}},"loc":{"start":{"line":27,"column":40},"end":{"line":27,"column":45}},"line":27},"11":{"name":"(anonymous_11)","decl":{"start":{"line":31,"column":26},"end":{"line":31,"column":27}},"loc":{"start":{"line":31,"column":39},"end":{"line":31,"column":110}},"line":31},"12":{"name":"(anonymous_12)","decl":{"start":{"line":32,"column":28},"end":{"line":32,"column":29}},"loc":{"start":{"line":32,"column":35},"end":{"line":32,"column":120}},"line":32},"13":{"name":"(anonymous_13)","decl":{"start":{"line":33,"column":25},"end":{"line":33,"column":26}},"loc":{"start":{"line":33,"column":32},"end":{"line":33,"column":65}},"line":33},"14":{"name":"(anonymous_14)","decl":{"start":{"line":34,"column":29},"end":{"line":34,"column":30}},"loc":{"start":{"line":34,"column":37},"end":{"line":34,"column":90}},"line":34},"15":{"name":"(anonymous_15)","decl":{"start":{"line":36,"column":28},"end":{"line":36,"column":29}},"loc":{"start":{"line":36,"column":35},"end":{"line":41,"column":13}},"line":36},"16":{"name":"(anonymous_16)","decl":{"start":{"line":43,"column":27},"end":{"line":43,"column":28}},"loc":{"start":{"line":43,"column":52},"end":{"line":50,"column":13}},"line":43},"17":{"name":"(anonymous_17)","decl":{"start":{"line":52,"column":27},"end":{"line":52,"column":28}},"loc":{"start":{"line":52,"column":48},"end":{"line":55,"column":13}},"line":52},"18":{"name":"(anonymous_18)","decl":{"start":{"line":57,"column":34},"end":{"line":57,"column":35}},"loc":{"start":{"line":57,"column":44},"end":{"line":57,"column":81}},"line":57},"19":{"name":"(anonymous_19)","decl":{"start":{"line":58,"column":38},"end":{"line":58,"column":39}},"loc":{"start":{"line":58,"column":48},"end":{"line":58,"column":89}},"line":58},"20":{"name":"(anonymous_20)","decl":{"start":{"line":59,"column":23},"end":{"line":59,"column":24}},"loc":{"start":{"line":59,"column":33},"end":{"line":59,"column":59}},"line":59},"21":{"name":"(anonymous_21)","decl":{"start":{"line":63,"column":25},"end":{"line":63,"column":26}},"loc":{"start":{"line":63,"column":35},"end":{"line":63,"column":39}},"line":63},"22":{"name":"(anonymous_22)","decl":{"start":{"line":64,"column":28},"end":{"line":64,"column":29}},"loc":{"start":{"line":64,"column":35},"end":{"line":64,"column":43}},"line":64},"23":{"name":"(anonymous_23)","decl":{"start":{"line":65,"column":29},"end":{"line":65,"column":30}},"loc":{"start":{"line":65,"column":36},"end":{"line":65,"column":37}},"line":65},"24":{"name":"(anonymous_24)","decl":{"start":{"line":66,"column":34},"end":{"line":66,"column":35}},"loc":{"start":{"line":66,"column":50},"end":{"line":66,"column":127}},"line":66},"25":{"name":"(anonymous_25)","decl":{"start":{"line":67,"column":28},"end":{"line":67,"column":29}},"loc":{"start":{"line":67,"column":43},"end":{"line":67,"column":86}},"line":67},"26":{"name":"(anonymous_26)","decl":{"start":{"line":71,"column":28},"end":{"line":71,"column":29}},"loc":{"start":{"line":71,"column":36},"end":{"line":71,"column":81}},"line":71},"27":{"name":"(anonymous_27)","decl":{"start":{"line":72,"column":29},"end":{"line":72,"column":30}},"loc":{"start":{"line":72,"column":43},"end":{"line":72,"column":46}},"line":72},"28":{"name":"(anonymous_28)","decl":{"start":{"line":73,"column":32},"end":{"line":73,"column":33}},"loc":{"start":{"line":73,"column":57},"end":{"line":73,"column":62}},"line":73}},"branchMap":{"0":{"loc":{"start":{"line":9,"column":31},"end":{"line":9,"column":39}},"type":"default-arg","locations":[{"start":{"line":9,"column":35},"end":{"line":9,"column":39}}],"line":9},"1":{"loc":{"start":{"line":10,"column":127},"end":{"line":10,"column":142}},"type":"cond-expr","locations":[{"start":{"line":10,"column":131},"end":{"line":10,"column":135}},{"start":{"line":10,"column":138},"end":{"line":10,"column":142}}],"line":10},"2":{"loc":{"start":{"line":11,"column":37},"end":{"line":11,"column":109}},"type":"if","locations":[{"start":{"line":11,"column":37},"end":{"line":11,"column":109}},{"start":{},"end":{}}],"line":11},"3":{"loc":{"start":{"line":11,"column":41},"end":{"line":11,"column":73}},"type":"binary-expr","locations":[{"start":{"line":11,"column":41},"end":{"line":11,"column":43}},{"start":{"line":11,"column":47},"end":{"line":11,"column":59}},{"start":{"line":11,"column":63},"end":{"line":11,"column":73}}],"line":11},"4":{"loc":{"start":{"line":12,"column":31},"end":{"line":12,"column":154}},"type":"cond-expr","locations":[{"start":{"line":12,"column":35},"end":{"line":12,"column":144}},{"start":{"line":12,"column":147},"end":{"line":12,"column":154}}],"line":12},"5":{"loc":{"start":{"line":13,"column":31},"end":{"line":13,"column":88}},"type":"cond-expr","locations":[{"start":{"line":13,"column":35},"end":{"line":13,"column":84}},{"start":{"line":13,"column":87},"end":{"line":13,"column":88}}],"line":13},"6":{"loc":{"start":{"line":19,"column":16},"end":{"line":19,"column":94}},"type":"if","locations":[{"start":{"line":19,"column":16},"end":{"line":19,"column":94}},{"start":{},"end":{}}],"line":19},"7":{"loc":{"start":{"line":19,"column":56},"end":{"line":19,"column":93}},"type":"binary-expr","locations":[{"start":{"line":19,"column":56},"end":{"line":19,"column":59}},{"start":{"line":19,"column":63},"end":{"line":19,"column":93}}],"line":19},"8":{"loc":{"start":{"line":20,"column":23},"end":{"line":20,"column":107}},"type":"cond-expr","locations":[{"start":{"line":20,"column":51},"end":{"line":20,"column":58}},{"start":{"line":20,"column":62},"end":{"line":20,"column":106}}],"line":20},"9":{"loc":{"start":{"line":20,"column":62},"end":{"line":20,"column":106}},"type":"binary-expr","locations":[{"start":{"line":20,"column":62},"end":{"line":20,"column":73}},{"start":{"line":20,"column":77},"end":{"line":20,"column":106}}],"line":20},"10":{"loc":{"start":{"line":22,"column":39},"end":{"line":22,"column":48}},"type":"default-arg","locations":[{"start":{"line":22,"column":46},"end":{"line":22,"column":48}}],"line":22},"11":{"loc":{"start":{"line":25,"column":38},"end":{"line":25,"column":47}},"type":"default-arg","locations":[{"start":{"line":25,"column":45},"end":{"line":25,"column":47}}],"line":25},"12":{"loc":{"start":{"line":31,"column":77},"end":{"line":31,"column":90}},"type":"cond-expr","locations":[{"start":{"line":31,"column":81},"end":{"line":31,"column":85}},{"start":{"line":31,"column":88},"end":{"line":31,"column":90}}],"line":31},"13":{"loc":{"start":{"line":32,"column":113},"end":{"line":32,"column":119}},"type":"binary-expr","locations":[{"start":{"line":32,"column":113},"end":{"line":32,"column":114}},{"start":{"line":32,"column":118},"end":{"line":32,"column":119}}],"line":32},"14":{"loc":{"start":{"line":47,"column":37},"end":{"line":47,"column":82}},"type":"cond-expr","locations":[{"start":{"line":47,"column":66},"end":{"line":47,"column":77}},{"start":{"line":47,"column":80},"end":{"line":47,"column":82}}],"line":47},"15":{"loc":{"start":{"line":54,"column":18},"end":{"line":54,"column":71}},"type":"cond-expr","locations":[{"start":{"line":54,"column":43},"end":{"line":54,"column":66}},{"start":{"line":54,"column":69},"end":{"line":54,"column":71}}],"line":54},"16":{"loc":{"start":{"line":66,"column":68},"end":{"line":66,"column":103}},"type":"cond-expr","locations":[{"start":{"line":66,"column":87},"end":{"line":66,"column":98}},{"start":{"line":66,"column":101},"end":{"line":66,"column":103}}],"line":66}},"s":{"0":1,"1":1,"2":2,"3":2,"4":1,"5":1,"6":1,"7":0,"8":0,"9":0,"10":2,"11":0,"12":1,"13":1,"14":0,"15":1,"16":0,"17":0,"18":0,"19":0,"20":1,"21":0,"22":0,"23":0,"24":1,"25":1,"26":1,"27":0,"28":0,"29":0,"30":0,"31":0,"32":0,"33":1,"34":0,"35":0,"36":0,"37":0,"38":1},"f":{"0":1,"1":2,"2":1,"3":0,"4":2,"5":0,"6":1,"7":0,"8":0,"9":0,"10":0,"11":1,"12":0,"13":0,"14":0,"15":1,"16":1,"17":1,"18":0,"19":0,"20":0,"21":0,"22":0,"23":0,"24":1,"25":0,"26":0,"27":0,"28":0},"b":{"0":[1],"1":[1,0],"2":[0,0],"3":[0,0,0],"4":[1,1],"5":[0,0],"6":[0,1],"7":[0,0],"8":[0,1],"9":[1,1],"10":[0],"11":[0],"12":[0,1],"13":[0,0],"14":[1,0],"15":[1,0],"16":[1,0]},"_coverageSchema":"1a1c01bbd47fc00a2c39e90264f33305004495a9","hash":"6bc0ada9a3bacd8d5805d381a49d209ad060aaec"}
,"/Users/mattranlett/Development/3Ci-DealReview/web-files/DealService.js": {"path":"/Users/mattranlett/Development/3Ci-DealReview/web-files/DealService.js","statementMap":{"0":{"start":{"line":3,"column":20},"end":{"line":69,"column":1}},"1":{"start":{"line":14,"column":8},"end":{"line":25,"column":11}},"2":{"start":{"line":15,"column":12},"end":{"line":15,"column":64}},"3":{"start":{"line":15,"column":31},"end":{"line":15,"column":64}},"4":{"start":{"line":16,"column":12},"end":{"line":24,"column":19}},"5":{"start":{"line":18,"column":20},"end":{"line":18,"column":70}},"6":{"start":{"line":19,"column":20},"end":{"line":19,"column":35}},"7":{"start":{"line":22,"column":20},"end":{"line":22,"column":66}},"8":{"start":{"line":23,"column":20},"end":{"line":23,"column":32}},"9":{"start":{"line":36,"column":8},"end":{"line":67,"column":9}},"10":{"start":{"line":38,"column":26},"end":{"line":38,"column":51}},"11":{"start":{"line":41,"column":29},"end":{"line":50,"column":14}},"12":{"start":{"line":53,"column":12},"end":{"line":59,"column":13}},"13":{"start":{"line":54,"column":30},"end":{"line":54,"column":69}},"14":{"start":{"line":54,"column":65},"end":{"line":54,"column":67}},"15":{"start":{"line":55,"column":28},"end":{"line":55,"column":71}},"16":{"start":{"line":57,"column":16},"end":{"line":57,"column":77}},"17":{"start":{"line":58,"column":16},"end":{"line":58,"column":29}},"18":{"start":{"line":62,"column":12},"end":{"line":62,"column":116}},"19":{"start":{"line":63,"column":12},"end":{"line":63,"column":24}},"20":{"start":{"line":65,"column":12},"end":{"line":65,"column":63}},"21":{"start":{"line":66,"column":12},"end":{"line":66,"column":25}},"22":{"start":{"line":71,"column":0},"end":{"line":71,"column":33}},"23":{"start":{"line":74,"column":0},"end":{"line":74,"column":100}}},"fnMap":{"0":{"name":"(anonymous_0)","decl":{"start":{"line":13,"column":4},"end":{"line":13,"column":5}},"loc":{"start":{"line":13,"column":25},"end":{"line":26,"column":5}},"line":13},"1":{"name":"(anonymous_1)","decl":{"start":{"line":14,"column":27},"end":{"line":14,"column":28}},"loc":{"start":{"line":14,"column":48},"end":{"line":25,"column":9}},"line":14},"2":{"name":"(anonymous_2)","decl":{"start":{"line":17,"column":22},"end":{"line":17,"column":23}},"loc":{"start":{"line":17,"column":31},"end":{"line":20,"column":17}},"line":17},"3":{"name":"(anonymous_3)","decl":{"start":{"line":21,"column":22},"end":{"line":21,"column":23}},"loc":{"start":{"line":21,"column":29},"end":{"line":24,"column":17}},"line":21},"4":{"name":"(anonymous_4)","decl":{"start":{"line":35,"column":4},"end":{"line":35,"column":5}},"loc":{"start":{"line":35,"column":31},"end":{"line":68,"column":5}},"line":35},"5":{"name":"(anonymous_5)","decl":{"start":{"line":54,"column":58},"end":{"line":54,"column":59}},"loc":{"start":{"line":54,"column":65},"end":{"line":54,"column":67}},"line":54}},"branchMap":{"0":{"loc":{"start":{"line":15,"column":12},"end":{"line":15,"column":64}},"type":"if","locations":[{"start":{"line":15,"column":12},"end":{"line":15,"column":64}},{"start":{},"end":{}}],"line":15},"1":{"loc":{"start":{"line":53,"column":12},"end":{"line":59,"column":13}},"type":"if","locations":[{"start":{"line":53,"column":12},"end":{"line":59,"column":13}},{"start":{},"end":{}}],"line":53},"2":{"loc":{"start":{"line":55,"column":28},"end":{"line":55,"column":71}},"type":"binary-expr","locations":[{"start":{"line":55,"column":28},"end":{"line":55,"column":48}},{"start":{"line":55,"column":52},"end":{"line":55,"column":71}}],"line":55},"3":{"loc":{"start":{"line":74,"column":56},"end":{"line":74,"column":98}},"type":"cond-expr","locations":[{"start":{"line":74,"column":73},"end":{"line":74,"column":82}},{"start":{"line":74,"column":85},"end":{"line":74,"column":98}}],"line":74}},"s":{"0":1,"1":0,"2":0,"3":0,"4":0,"5":0,"6":0,"7":0,"8":0,"9":0,"10":0,"11":0,"12":0,"13":0,"14":0,"15":0,"16":0,"17":0,"18":0,"19":0,"20":0,"21":0,"22":1,"23":1},"f":{"0":0,"1":0,"2":0,"3":0,"4":0,"5":0},"b":{"0":[0,0],"1":[0,0],"2":[0,0],"3":[1,0]},"_coverageSchema":"1a1c01bbd47fc00a2c39e90264f33305004495a9","hash":"89b7e05bb0afb7f0c54c802bdedec1c3a1cbbedd"}
,"/Users/mattranlett/Development/3Ci-DealReview/web-files/DealSubmissionAdministration.js": {"path":"/Users/mattranlett/Development/3Ci-DealReview/web-files/DealSubmissionAdministration.js","statementMap":{"0":{"start":{"line":1,"column":0},"end":{"line":1055,"column":2}},"1":{"start":{"line":16,"column":8},"end":{"line":16,"column":26}},"2":{"start":{"line":17,"column":8},"end":{"line":21,"column":16}},"3":{"start":{"line":18,"column":12},"end":{"line":18,"column":33}},"4":{"start":{"line":19,"column":12},"end":{"line":19,"column":38}},"5":{"start":{"line":20,"column":12},"end":{"line":20,"column":33}},"6":{"start":{"line":25,"column":21},"end":{"line":25,"column":25}},"7":{"start":{"line":28,"column":8},"end":{"line":34,"column":11}},"8":{"start":{"line":29,"column":12},"end":{"line":29,"column":57}},"9":{"start":{"line":30,"column":12},"end":{"line":30,"column":42}},"10":{"start":{"line":31,"column":29},"end":{"line":31,"column":56}},"11":{"start":{"line":32,"column":12},"end":{"line":32,"column":43}},"12":{"start":{"line":33,"column":12},"end":{"line":33,"column":42}},"13":{"start":{"line":37,"column":8},"end":{"line":50,"column":11}},"14":{"start":{"line":38,"column":31},"end":{"line":38,"column":56}},"15":{"start":{"line":39,"column":12},"end":{"line":44,"column":13}},"16":{"start":{"line":40,"column":16},"end":{"line":40,"column":57}},"17":{"start":{"line":42,"column":16},"end":{"line":42,"column":48}},"18":{"start":{"line":43,"column":16},"end":{"line":43,"column":42}},"19":{"start":{"line":45,"column":12},"end":{"line":45,"column":55}},"20":{"start":{"line":46,"column":12},"end":{"line":46,"column":60}},"21":{"start":{"line":47,"column":12},"end":{"line":47,"column":42}},"22":{"start":{"line":48,"column":12},"end":{"line":48,"column":102}},"23":{"start":{"line":49,"column":12},"end":{"line":49,"column":30}},"24":{"start":{"line":52,"column":8},"end":{"line":52,"column":75}},"25":{"start":{"line":52,"column":49},"end":{"line":52,"column":73}},"26":{"start":{"line":53,"column":8},"end":{"line":53,"column":96}},"27":{"start":{"line":53,"column":69},"end":{"line":53,"column":94}},"28":{"start":{"line":54,"column":8},"end":{"line":54,"column":71}},"29":{"start":{"line":54,"column":50},"end":{"line":54,"column":69}},"30":{"start":{"line":56,"column":8},"end":{"line":58,"column":11}},"31":{"start":{"line":57,"column":12},"end":{"line":57,"column":60}},"32":{"start":{"line":59,"column":8},"end":{"line":61,"column":11}},"33":{"start":{"line":60,"column":12},"end":{"line":60,"column":57}},"34":{"start":{"line":64,"column":8},"end":{"line":64,"column":114}},"35":{"start":{"line":64,"column":80},"end":{"line":64,"column":112}},"36":{"start":{"line":66,"column":8},"end":{"line":72,"column":11}},"37":{"start":{"line":67,"column":22},"end":{"line":67,"column":58}},"38":{"start":{"line":68,"column":12},"end":{"line":71,"column":35}},"39":{"start":{"line":74,"column":8},"end":{"line":79,"column":11}},"40":{"start":{"line":75,"column":22},"end":{"line":75,"column":58}},"41":{"start":{"line":76,"column":12},"end":{"line":78,"column":36}},"42":{"start":{"line":81,"column":8},"end":{"line":86,"column":11}},"43":{"start":{"line":82,"column":22},"end":{"line":82,"column":58}},"44":{"start":{"line":83,"column":12},"end":{"line":85,"column":35}},"45":{"start":{"line":89,"column":8},"end":{"line":92,"column":11}},"46":{"start":{"line":90,"column":12},"end":{"line":90,"column":75}},"47":{"start":{"line":91,"column":12},"end":{"line":91,"column":39}},"48":{"start":{"line":94,"column":8},"end":{"line":96,"column":11}},"49":{"start":{"line":95,"column":12},"end":{"line":95,"column":77}},"50":{"start":{"line":99,"column":8},"end":{"line":103,"column":11}},"51":{"start":{"line":100,"column":12},"end":{"line":100,"column":53}},"52":{"start":{"line":101,"column":12},"end":{"line":101,"column":81}},"53":{"start":{"line":102,"column":12},"end":{"line":102,"column":37}},"54":{"start":{"line":105,"column":8},"end":{"line":107,"column":11}},"55":{"start":{"line":106,"column":12},"end":{"line":106,"column":77}},"56":{"start":{"line":109,"column":8},"end":{"line":111,"column":11}},"57":{"start":{"line":110,"column":12},"end":{"line":110,"column":37}},"58":{"start":{"line":114,"column":8},"end":{"line":118,"column":11}},"59":{"start":{"line":115,"column":12},"end":{"line":115,"column":53}},"60":{"start":{"line":116,"column":12},"end":{"line":116,"column":81}},"61":{"start":{"line":117,"column":12},"end":{"line":117,"column":37}},"62":{"start":{"line":121,"column":8},"end":{"line":124,"column":11}},"63":{"start":{"line":122,"column":12},"end":{"line":122,"column":53}},"64":{"start":{"line":123,"column":12},"end":{"line":123,"column":78}},"65":{"start":{"line":127,"column":8},"end":{"line":129,"column":11}},"66":{"start":{"line":128,"column":12},"end":{"line":128,"column":97}},"67":{"start":{"line":133,"column":22},"end":{"line":139,"column":10}},"68":{"start":{"line":134,"column":12},"end":{"line":138,"column":13}},"69":{"start":{"line":135,"column":16},"end":{"line":135,"column":86}},"70":{"start":{"line":135,"column":73},"end":{"line":135,"column":84}},"71":{"start":{"line":137,"column":16},"end":{"line":137,"column":83}},"72":{"start":{"line":141,"column":8},"end":{"line":145,"column":10}},"73":{"start":{"line":152,"column":22},"end":{"line":152,"column":61}},"74":{"start":{"line":153,"column":22},"end":{"line":153,"column":61}},"75":{"start":{"line":156,"column":27},"end":{"line":156,"column":132}},"76":{"start":{"line":157,"column":24},"end":{"line":157,"column":63}},"77":{"start":{"line":159,"column":12},"end":{"line":175,"column":13}},"78":{"start":{"line":160,"column":32},"end":{"line":160,"column":56}},"79":{"start":{"line":161,"column":33},"end":{"line":161,"column":62}},"80":{"start":{"line":163,"column":16},"end":{"line":171,"column":17}},"81":{"start":{"line":164,"column":33},"end":{"line":164,"column":54}},"82":{"start":{"line":165,"column":20},"end":{"line":165,"column":54}},"83":{"start":{"line":166,"column":20},"end":{"line":166,"column":38}},"84":{"start":{"line":167,"column":20},"end":{"line":167,"column":43}},"85":{"start":{"line":169,"column":20},"end":{"line":169,"column":86}},"86":{"start":{"line":170,"column":20},"end":{"line":170,"column":138}},"87":{"start":{"line":173,"column":16},"end":{"line":173,"column":66}},"88":{"start":{"line":174,"column":16},"end":{"line":174,"column":127}},"89":{"start":{"line":179,"column":18},"end":{"line":179,"column":57}},"90":{"start":{"line":180,"column":21},"end":{"line":180,"column":38}},"91":{"start":{"line":182,"column":8},"end":{"line":186,"column":9}},"92":{"start":{"line":184,"column":12},"end":{"line":184,"column":186}},"93":{"start":{"line":185,"column":12},"end":{"line":185,"column":19}},"94":{"start":{"line":188,"column":36},"end":{"line":192,"column":9}},"95":{"start":{"line":189,"column":28},"end":{"line":189,"column":80}},"96":{"start":{"line":190,"column":30},"end":{"line":190,"column":96}},"97":{"start":{"line":191,"column":12},"end":{"line":191,"column":69}},"98":{"start":{"line":195,"column":30},"end":{"line":195,"column":67}},"99":{"start":{"line":196,"column":30},"end":{"line":196,"column":90}},"100":{"start":{"line":198,"column":32},"end":{"line":217,"column":10}},"101":{"start":{"line":200,"column":12},"end":{"line":209,"column":13}},"102":{"start":{"line":201,"column":16},"end":{"line":201,"column":46}},"103":{"start":{"line":202,"column":16},"end":{"line":202,"column":46}},"104":{"start":{"line":203,"column":19},"end":{"line":209,"column":13}},"105":{"start":{"line":204,"column":16},"end":{"line":204,"column":70}},"106":{"start":{"line":205,"column":16},"end":{"line":205,"column":70}},"107":{"start":{"line":207,"column":16},"end":{"line":207,"column":43}},"108":{"start":{"line":208,"column":16},"end":{"line":208,"column":43}},"109":{"start":{"line":211,"column":12},"end":{"line":211,"column":52}},"110":{"start":{"line":212,"column":12},"end":{"line":212,"column":52}},"111":{"start":{"line":214,"column":12},"end":{"line":214,"column":59}},"112":{"start":{"line":214,"column":29},"end":{"line":214,"column":59}},"113":{"start":{"line":215,"column":12},"end":{"line":215,"column":59}},"114":{"start":{"line":215,"column":29},"end":{"line":215,"column":59}},"115":{"start":{"line":216,"column":12},"end":{"line":216,"column":21}},"116":{"start":{"line":219,"column":21},"end":{"line":256,"column":19}},"117":{"start":{"line":220,"column":30},"end":{"line":220,"column":52}},"118":{"start":{"line":221,"column":28},"end":{"line":221,"column":76}},"119":{"start":{"line":222,"column":29},"end":{"line":226,"column":13}},"120":{"start":{"line":228,"column":12},"end":{"line":255,"column":14}},"121":{"start":{"line":258,"column":8},"end":{"line":258,"column":42}},"122":{"start":{"line":263,"column":8},"end":{"line":263,"column":89}},"123":{"start":{"line":266,"column":33},"end":{"line":266,"column":89}},"124":{"start":{"line":269,"column":8},"end":{"line":271,"column":9}},"125":{"start":{"line":270,"column":12},"end":{"line":270,"column":113}},"126":{"start":{"line":275,"column":8},"end":{"line":275,"column":34}},"127":{"start":{"line":276,"column":18},"end":{"line":276,"column":57}},"128":{"start":{"line":278,"column":8},"end":{"line":295,"column":9}},"129":{"start":{"line":279,"column":12},"end":{"line":279,"column":61}},"130":{"start":{"line":280,"column":29},"end":{"line":280,"column":75}},"131":{"start":{"line":280,"column":60},"end":{"line":280,"column":74}},"132":{"start":{"line":281,"column":12},"end":{"line":288,"column":13}},"133":{"start":{"line":282,"column":16},"end":{"line":282,"column":76}},"134":{"start":{"line":283,"column":16},"end":{"line":283,"column":70}},"135":{"start":{"line":284,"column":16},"end":{"line":284,"column":59}},"136":{"start":{"line":285,"column":16},"end":{"line":285,"column":67}},"137":{"start":{"line":286,"column":16},"end":{"line":286,"column":76}},"138":{"start":{"line":287,"column":16},"end":{"line":287,"column":63}},"139":{"start":{"line":290,"column":12},"end":{"line":290,"column":55}},"140":{"start":{"line":291,"column":12},"end":{"line":291,"column":48}},"141":{"start":{"line":292,"column":12},"end":{"line":292,"column":40}},"142":{"start":{"line":293,"column":12},"end":{"line":293,"column":44}},"143":{"start":{"line":294,"column":12},"end":{"line":294,"column":63}},"144":{"start":{"line":297,"column":8},"end":{"line":297,"column":46}},"145":{"start":{"line":298,"column":8},"end":{"line":298,"column":74}},"146":{"start":{"line":298,"column":25},"end":{"line":298,"column":68}},"147":{"start":{"line":302,"column":8},"end":{"line":302,"column":55}},"148":{"start":{"line":303,"column":8},"end":{"line":306,"column":16}},"149":{"start":{"line":304,"column":12},"end":{"line":304,"column":51}},"150":{"start":{"line":305,"column":12},"end":{"line":305,"column":40}},"151":{"start":{"line":310,"column":22},"end":{"line":310,"column":61}},"152":{"start":{"line":311,"column":18},"end":{"line":311,"column":57}},"153":{"start":{"line":313,"column":24},"end":{"line":319,"column":9}},"154":{"start":{"line":321,"column":25},"end":{"line":321,"column":50}},"155":{"start":{"line":322,"column":8},"end":{"line":323,"column":42}},"156":{"start":{"line":322,"column":22},"end":{"line":322,"column":65}},"157":{"start":{"line":323,"column":13},"end":{"line":323,"column":42}},"158":{"start":{"line":325,"column":20},"end":{"line":325,"column":43}},"159":{"start":{"line":326,"column":29},"end":{"line":326,"column":39}},"160":{"start":{"line":327,"column":8},"end":{"line":327,"column":113}},"161":{"start":{"line":329,"column":8},"end":{"line":349,"column":9}},"162":{"start":{"line":330,"column":29},"end":{"line":330,"column":51}},"163":{"start":{"line":331,"column":24},"end":{"line":331,"column":95}},"164":{"start":{"line":333,"column":29},"end":{"line":337,"column":14}},"165":{"start":{"line":339,"column":12},"end":{"line":339,"column":69}},"166":{"start":{"line":339,"column":30},"end":{"line":339,"column":69}},"167":{"start":{"line":341,"column":12},"end":{"line":341,"column":38}},"168":{"start":{"line":342,"column":12},"end":{"line":342,"column":39}},"169":{"start":{"line":343,"column":12},"end":{"line":343,"column":130}},"170":{"start":{"line":343,"column":70},"end":{"line":343,"column":130}},"171":{"start":{"line":345,"column":12},"end":{"line":345,"column":49}},"172":{"start":{"line":346,"column":12},"end":{"line":346,"column":73}},"173":{"start":{"line":348,"column":12},"end":{"line":348,"column":79}},"174":{"start":{"line":353,"column":8},"end":{"line":353,"column":79}},"175":{"start":{"line":353,"column":72},"end":{"line":353,"column":79}},"176":{"start":{"line":354,"column":22},"end":{"line":354,"column":61}},"177":{"start":{"line":355,"column":8},"end":{"line":364,"column":9}},"178":{"start":{"line":356,"column":29},"end":{"line":356,"column":122}},"179":{"start"
[...]
mn":12},"end":{"line":289,"column":89}},"type":"if","locations":[{"start":{"line":289,"column":12},"end":{"line":289,"column":89}},{"start":{},"end":{}}],"line":289},"35":{"loc":{"start":{"line":292,"column":28},"end":{"line":292,"column":75}},"type":"binary-expr","locations":[{"start":{"line":292,"column":28},"end":{"line":292,"column":38}},{"start":{"line":292,"column":43},"end":{"line":292,"column":74}}],"line":292},"36":{"loc":{"start":{"line":292,"column":43},"end":{"line":292,"column":74}},"type":"cond-expr","locations":[{"start":{"line":292,"column":65},"end":{"line":292,"column":69}},{"start":{"line":292,"column":72},"end":{"line":292,"column":74}}],"line":292},"37":{"loc":{"start":{"line":298,"column":16},"end":{"line":302,"column":17}},"type":"if","locations":[{"start":{"line":298,"column":16},"end":{"line":302,"column":17}},{"start":{"line":300,"column":23},"end":{"line":302,"column":17}}],"line":298},"38":{"loc":{"start":{"line":299,"column":32},"end":{"line":299,"column":86}},"type":"cond-expr","locations":[{"start":{"line":299,"column":48},"end":{"line":299,"column":54}},{"start":{"line":299,"column":57},"end":{"line":299,"column":86}}],"line":299},"39":{"loc":{"start":{"line":300,"column":23},"end":{"line":302,"column":17}},"type":"if","locations":[{"start":{"line":300,"column":23},"end":{"line":302,"column":17}},{"start":{},"end":{}}],"line":300},"40":{"loc":{"start":{"line":307,"column":29},"end":{"line":307,"column":58}},"type":"binary-expr","locations":[{"start":{"line":307,"column":29},"end":{"line":307,"column":38}},{"start":{"line":307,"column":42},"end":{"line":307,"column":58}}],"line":307},"41":{"loc":{"start":{"line":309,"column":32},"end":{"line":309,"column":100}},"type":"cond-expr","locations":[{"start":{"line":309,"column":69},"end":{"line":309,"column":89}},{"start":{"line":309,"column":92},"end":{"line":309,"column":100}}],"line":309},"42":{"loc":{"start":{"line":309,"column":33},"end":{"line":309,"column":65}},"type":"binary-expr","locations":[{"start":{"line":309,"column":33},"end":{"line":309,"column":41}},{"start":{"line":309,"column":45},"end":{"line":309,"column":65}}],"line":309},"43":{"loc":{"start":{"line":311,"column":28},"end":{"line":311,"column":133}},"type":"cond-expr","locations":[{"start":{"line":311,"column":54},"end":{"line":311,"column":86}},{"start":{"line":311,"column":89},"end":{"line":311,"column":133}}],"line":311},"44":{"loc":{"start":{"line":312,"column":33},"end":{"line":312,"column":88}},"type":"binary-expr","locations":[{"start":{"line":312,"column":33},"end":{"line":312,"column":49}},{"start":{"line":312,"column":53},"end":{"line":312,"column":75}},{"start":{"line":312,"column":79},"end":{"line":312,"column":88}}],"line":312},"45":{"loc":{"start":{"line":313,"column":31},"end":{"line":313,"column":89}},"type":"binary-expr","locations":[{"start":{"line":313,"column":31},"end":{"line":313,"column":51}},{"start":{"line":313,"column":55},"end":{"line":313,"column":81}},{"start":{"line":313,"column":85},"end":{"line":313,"column":89}}],"line":313},"46":{"loc":{"start":{"line":314,"column":35},"end":{"line":314,"column":92}},"type":"binary-expr","locations":[{"start":{"line":314,"column":35},"end":{"line":314,"column":53}},{"start":{"line":314,"column":57},"end":{"line":314,"column":81}},{"start":{"line":314,"column":85},"end":{"line":314,"column":92}}],"line":314},"47":{"loc":{"start":{"line":331,"column":12},"end":{"line":331,"column":73}},"type":"if","locations":[{"start":{"line":331,"column":12},"end":{"line":331,"column":73}},{"start":{},"end":{}}],"line":331},"48":{"loc":{"start":{"line":355,"column":12},"end":{"line":358,"column":13}},"type":"if","locations":[{"start":{"line":355,"column":12},"end":{"line":358,"column":13}},{"start":{},"end":{}}],"line":355},"49":{"loc":{"start":{"line":363,"column":12},"end":{"line":368,"column":13}},"type":"if","locations":[{"start":{"line":363,"column":12},"end":{"line":368,"column":13}},{"start":{"line":365,"column":19},"end":{"line":368,"column":13}}],"line":363},"50":{"loc":{"start":{"line":380,"column":21},"end":{"line":380,"column":121}},"type":"cond-expr","locations":[{"start":{"line":380,"column":51},"end":{"line":380,"column":82}},{"start":{"line":380,"column":85},"end":{"line":380,"column":121}}],"line":380},"51":{"loc":{"start":{"line":386,"column":8},"end":{"line":386,"column":93}},"type":"if","locations":[{"start":{"line":386,"column":8},"end":{"line":386,"column":93}},{"start":{},"end":{}}],"line":386},"52":{"loc":{"start":{"line":389,"column":15},"end":{"line":389,"column":73}},"type":"cond-expr","locations":[{"start":{"line":389,"column":53},"end":{"line":389,"column":66}},{"start":{"line":389,"column":69},"end":{"line":389,"column":73}}],"line":389},"53":{"loc":{"start":{"line":389,"column":15},"end":{"line":389,"column":50}},"type":"binary-expr","locations":[{"start":{"line":389,"column":15},"end":{"line":389,"column":25}},{"start":{"line":389,"column":29},"end":{"line":389,"column":50}}],"line":389},"54":{"loc":{"start":{"line":400,"column":32},"end":{"line":400,"column":75}},"type":"binary-expr","locations":[{"start":{"line":400,"column":32},"end":{"line":400,"column":54}},{"start":{"line":400,"column":58},"end":{"line":400,"column":75}}],"line":400},"55":{"loc":{"start":{"line":401,"column":38},"end":{"line":401,"column":72}},"type":"binary-expr","locations":[{"start":{"line":401,"column":38},"end":{"line":401,"column":66}},{"start":{"line":401,"column":70},"end":{"line":401,"column":72}}],"line":401},"56":{"loc":{"start":{"line":405,"column":24},"end":{"line":405,"column":106}},"type":"cond-expr","locations":[{"start":{"line":405,"column":35},"end":{"line":405,"column":75}},{"start":{"line":405,"column":78},"end":{"line":405,"column":106}}],"line":405},"57":{"loc":{"start":{"line":406,"column":12},"end":{"line":406,"column":52}},"type":"if","locations":[{"start":{"line":406,"column":12},"end":{"line":406,"column":52}},{"start":{},"end":{}}],"line":406},"58":{"loc":{"start":{"line":409,"column":24},"end":{"line":409,"column":51}},"type":"cond-expr","locations":[{"start":{"line":409,"column":35},"end":{"line":409,"column":42}},{"start":{"line":409,"column":45},"end":{"line":409,"column":51}}],"line":409},"59":{"loc":{"start":{"line":414,"column":12},"end":{"line":414,"column":92}},"type":"if","locations":[{"start":{"line":414,"column":12},"end":{"line":414,"column":92}},{"start":{},"end":{}}],"line":414},"60":{"loc":{"start":{"line":414,"column":46},"end":{"line":414,"column":90}},"type":"cond-expr","locations":[{"start":{"line":414,"column":57},"end":{"line":414,"column":72}},{"start":{"line":414,"column":75},"end":{"line":414,"column":90}}],"line":414},"61":{"loc":{"start":{"line":416,"column":12},"end":{"line":427,"column":13}},"type":"if","locations":[{"start":{"line":416,"column":12},"end":{"line":427,"column":13}},{"start":{"line":418,"column":19},"end":{"line":427,"column":13}}],"line":416},"62":{"loc":{"start":{"line":420,"column":30},"end":{"line":420,"column":96}},"type":"cond-expr","locations":[{"start":{"line":420,"column":47},"end":{"line":420,"column":89}},{"start":{"line":420,"column":92},"end":{"line":420,"column":96}}],"line":420},"63":{"loc":{"start":{"line":422,"column":16},"end":{"line":425,"column":17}},"type":"if","locations":[{"start":{"line":422,"column":16},"end":{"line":425,"column":17}},{"start":{},"end":{}}],"line":422},"64":{"loc":{"start":{"line":444,"column":42},"end":{"line":444,"column":108}},"type":"if","locations":[{"start":{"line":444,"column":42},"end":{"line":444,"column":108}},{"start":{},"end":{}}],"line":444},"65":{"loc":{"start":{"line":447,"column":40},"end":{"line":447,"column":106}},"type":"if","locations":[{"start":{"line":447,"column":40},"end":{"line":447,"column":106}},{"start":{},"end":{}}],"line":447},"66":{"loc":{"start":{"line":449,"column":12},"end":{"line":449,"column":107}},"type":"if","locations":[{"start":{"line":449,"column":12},"end":{"line":449,"column":107}},{"start":{},"end":{}}],"line":449},"67":{"loc":{"start":{"line":449,"column":70},"end":{"line":449,"column":106}},"type":"binary-expr","locations":[{"start":{"line":449,"column":70},"end":{"line":449,"column":101}},{"start":{"line":449,"column":105},"end":{"line":449,"column":106}}],"line":449},"68":{"loc":{"start":{"line":450,"column":12},"end":{"line":453,"column":13}},"type":"if","locations":[{"start":{"line":450,"column":12},"end":{"line":453,"column":13}},{"start":{},"end":{}}],"line":450},"69":{"loc":{"start":{"line":451,"column":29},"end":{"line":451,"column":66}},"type":"binary-expr","locations":[{"start":{"line":451,"column":29},"end":{"line":451,"column":61}},{"start":{"line":451,"column":65},"end":{"line":451,"column":66}}],"line":451},"70":{"loc":{"start":{"line":452,"column":36},"end":{"line":452,"column":70}},"type":"cond-expr","locations":[{"start":{"line":452,"column":49},"end":{"line":452,"column":61}},{"start":{"line":452,"column":64},"end":{"line":452,"column":70}}],"line":452},"71":{"loc":{"start":{"line":455,"column":12},"end":{"line":455,"column":91}},"type":"if","locations":[{"start":{"line":455,"column":12},"end":{"line":455,"column":91}},{"start":{},"end":{}}],"line":455},"72":{"loc":{"start":{"line":456,"column":12},"end":{"line":456,"column":85}},"type":"if","locations":[{"start":{"line":456,"column":12},"end":{"line":456,"column":85}},{"start":{},"end":{}}],"line":456},"73":{"loc":{"start":{"line":457,"column":12},"end":{"line":457,"column":106}},"type":"if","locations":[{"start":{"line":457,"column":12},"end":{"line":457,"column":106}},{"start":{},"end":{}}],"line":457},"74":{"loc":{"start":{"line":461,"column":16},"end":{"line":463,"column":17}},"type":"if","locations":[{"start":{"line":461,"column":16},"end":{"line":463,"column":17}},{"start":{},"end":{}}],"line":461},"75":{"loc":{"start":{"line":461,"column":20},"end":{"line":461,"column":75}},"type":"binary-expr","locations":[{"start":{"line":461,"column":20},"end":{"line":461,"column":49}},{"start":{"line":461,"column":53},"end":{"line":461,"column":75}}],"line":461},"76":{"loc":{"start":{"line":466,"column":12},"end":{"line":466,"column":116}},"type":"if","locations":[{"start":{"line":466,"column":12},"end":{"line":466,"column":116}},{"start":{},"end":{}}],"line":466},"77":{"loc":{"start":{"line":468,"column":12},"end":{"line":468,"column":76}},"type":"if","locations":[{"start":{"line":468,"column":12},"end":{"line":468,"column":76}},{"start":{},"end":{}}],"line":468},"78":{"loc":{"start":{"line":473,"column":12},"end":{"line":473,"column":97}},"type":"if","locations":[{"start":{"line":473,"column":12},"end":{"line":473,"column":97}},{"start":{},"end":{}}],"line":473},"79":{"loc":{"start":{"line":485,"column":8},"end":{"line":485,"column":45}},"type":"if","locations":[{"start":{"line":485,"column":8},"end":{"line":485,"column":45}},{"start":{},"end":{}}],"line":485},"80":{"loc":{"start":{"line":485,"column":12},"end":{"line":485,"column":31}},"type":"binary-expr","locations":[{"start":{"line":485,"column":12},"end":{"line":485,"column":18}},{"start":{"line":485,"column":22},"end":{"line":485,"column":31}}],"line":485},"81":{"loc":{"start":{"line":492,"column":12},"end":{"line":498,"column":13}},"type":"if","locations":[{"start":{"line":492,"column":12},"end":{"line":498,"column":13}},{"start":{},"end":{}}],"line":492},"82":{"loc":{"start":{"line":494,"column":31},"end":{"line":494,"column":49}},"type":"binary-expr","locations":[{"start":{"line":494,"column":31},"end":{"line":494,"column":43}},{"start":{"line":494,"column":47},"end":{"line":494,"column":49}}],"line":494}},"s":{"0":1,"1":0,"2":0,"3":0,"4":0,"5":0,"6":0,"7":0,"8":0,"9":0,"10":0,"11":0,"12":0,"13":0,"14":0,"15":0,"16":0,"17":0,"18":0,"19":0,"20":0,"21":0,"22":0,"23":0,"24":0,"25":0,"26":0,"27":0,"28":0,"29":0,"30":0,"31":0,"32":0,"33":0,"34":0,"35":0,"36":0,"37":0,"38":0,"39":0,"40":0,"41":0,"42":0,"43":0,"44":0,"45":0,"46":0,"47":0,"48":0,"49":0,"50":0,"51":0,"52":0,"53":0,"54":0,"55":0,"56":0,"57":0,"58":0,"59":0,"60":0,"61":0,"62":0,"63":0,"64":0,"65":0,"66":0,"67":0,"68":0,"69":0,"70":0,"71":0,"72":0,"73":0,"74":0,"75":0,"76":0,"77":0,"78":0,"79":0,"80":0,"81":0,"82":0,"83":0,"84":0,"85":0,"86":0,"87":0,"88":0,"89":0,"90":0,"91":0,"92":0,"93":0,"94":0,"95":0,"96":0,"97":0,"98":0,"99":0,"100":0,"101":0,"102":0,"103":0,"104":0,"105":0,"106":0,"107":0,"108":0,"109":0,"110":0,"111":0,"112":0,"113":0,"114":0,"115":0,"116":0,"117":0,"118":0,"119":0,"120":0,"121":0,"122":0,"123":0,"124":0,"125":0,"126":0,"127":0,"128":0,"129":0,"130":0,"131":0,"132":0,"133":0,"134":0,"135":0,"136":0,"137":0,"138":0,"139":0,"140":0,"141":0,"142":0,"143":0,"144":0,"145":0,"146":0,"147":0,"148":0,"149":0,"150":0,"151":0,"152":0,"153":0,"154":0,"155":0,"156":0,"157":0,"158":0,"159":0,"160":0,"161":0,"162":0,"163":0,"164":0,"165":0,"166":0,"167":0,"168":0,"169":0,"170":0,"171":0,"172":0,"173":0,"174":0,"175":0,"176":0,"177":0,"178":0,"179":0,"180":0,"181":0,"182":0,"183":0,"184":0,"185":0,"186":0,"187":0,"188":0,"189":0,"190":0,"191":0,"192":0,"193":0,"194":0,"195":0,"196":0,"197":0,"198":0,"199":0,"200":0,"201":0,"202":0,"203":0,"204":0,"205":0,"206":0,"207":0,"208":0,"209":0,"210":0,"211":0,"212":0,"213":0,"214":0,"215":0,"216":0,"217":0,"218":0,"219":0,"220":0,"221":0,"222":0,"223":0,"224":0,"225":0,"226":0,"227":0,"228":0,"229":0,"230":0,"231":0,"232":0,"233":0,"234":0,"235":0,"236":0,"237":0,"238":0,"239":0,"240":0,"241":0,"242":0,"243":0,"244":0,"245":0,"246":0,"247":0,"248":0,"249":0,"250":0,"251":0,"252":0,"253":0,"254":0,"255":0,"256":0,"257":1},"f":{"0":0,"1":0,"2":0,"3":0,"4":0,"5":0,"6":0,"7":0,"8":0,"9":0,"10":0,"11":0,"12":0,"13":0,"14":0,"15":0,"16":0,"17":0,"18":0,"19":0,"20":0,"21":0,"22":0,"23":0,"24":0,"25":0,"26":0,"27":0,"28":0,"29":0,"30":0,"31":0,"32":0,"33":0},"b":{"0":[0,0],"1":[0,0],"2":[0,0],"3":[0,0],"4":[0,0],"5":[0,0],"6":[0,0],"7":[0,0],"8":[0,0],"9":[0,0],"10":[0,0],"11":[0,0],"12":[0,0],"13":[0,0],"14":[0,0],"15":[0,0],"16":[0,0],"17":[0,0,0],"18":[0,0],"19":[0,0,0],"20":[0,0,0],"21":[0,0],"22":[0,0,0],"23":[0,0],"24":[0,0],"25":[0,0],"26":[0,0],"27":[0,0],"28":[0,0],"29":[0,0],"30":[0,0],"31":[0,0],"32":[0,0],"33":[0,0],"34":[0,0],"35":[0,0],"36":[0,0],"37":[0,0],"38":[0,0],"39":[0,0],"40":[0,0],"41":[0,0],"42":[0,0],"43":[0,0],"44":[0,0,0],"45":[0,0,0],"46":[0,0,0],"47":[0,0],"48":[0,0],"49":[0,0],"50":[0,0],"51":[0,0],"52":[0,0],"53":[0,0],"54":[0,0],"55":[0,0],"56":[0,0],"57":[0,0],"58":[0,0],"59":[0,0],"60":[0,0],"61":[0,0],"62":[0,0],"63":[0,0],"64":[0,0],"65":[0,0],"66":[0,0],"67":[0,0],"68":[0,0],"69":[0,0],"70":[0,0],"71":[0,0],"72":[0,0],"73":[0,0],"74":[0,0],"75":[0,0],"76":[0,0],"77":[0,0],"78":[0,0],"79":[0,0],"80":[0,0],"81":[0,0],"82":[0,0]},"_coverageSchema":"1a1c01bbd47fc00a2c39e90264f33305004495a9","hash":"81db7026b2821870da0a5f45f35293bad7c7ef5e"}
,"/Users/mattranlett/Development/3Ci-DealReview/web-files/SubmissionUI.js": {"path":"/Users/mattranlett/Development/3Ci-DealReview/web-files/SubmissionUI.js","statementMap":{"0":{"start":{"line":4,"column":21},"end":{"line":17,"column":1}},"1":{"start":{"line":6,"column":35},"end":{"line":6,"column":82}},"2":{"start":{"line":7,"column":35},"end":{"line":7,"column":82}},"3":{"start":{"line":8,"column":31},"end":{"line":8,"column":74}},"4":{"start":{"line":11,"column":23},"end":{"line":11,"column":72}},"5":{"start":{"line":12,"column":27},"end":{"line":12,"column":80}},"6":{"start":{"line":14,"column":31},"end":{"line":14,"column":102}},"7":{"start":{"line":15,"column":31},"end":{"line":15,"column":104}},"8":{"start":{"line":16,"column":25},"end":{"line":16,"column":66}},"9":{"start":{"line":18,"column":0},"end":{"line":18,"column":35}}},"fnMap":{"0":{"name":"(anonymous_0)","decl":{"start":{"line":6,"column":22},"end":{"line":6,"column":23}},"loc":{"start":{"line":6,"column":35},"end":{"line":6,"column":82}},"line":6},"1":{"name":"(anonymous_1)","decl":{"start":{"line":7,"column":19},"end":{"line":7,"column":20}},"loc":{"start":{"line":7,"column":35},"end":{"line":7,"column":82}},"line":7},"2":{"name":"(anonymous_2)","decl":{"start":{"line":8,"column":24},"end":{"line":8,"column":25}},"loc":{"start":{"line":8,"column":31},"end":{"line":8,"column":74}},"line":8},"3":{"name":"(anonymous_3)","decl":{"start":{"line":11,"column":16},"end":{"line":11,"column":17}},"loc":{"start":{"line":11,"column":23},"end":{"line":11,"column":72}},"line":11},"4":{"name":"(anonymous_4)","decl":{"start":{"line":12,"column":20},"end":{"line":12,"column":21}},"loc":{"start":{"line":12,"column":27},"end":{"line":12,"column":80}},"line":12},"5":{"name":"(anonymous_5)","decl":{"start":{"line":14,"column":19},"end":{"line":14,"column":20}},"loc":{"start":{"line":14,"column":29},"end":{"line":14,"column":104}},"line":14},"6":{"name":"(anonymous_6)","decl":{"start":{"line":15,"column":19},"end":{"line":15,"column":20}},"loc":{"start":{"line":15,"column":29},"end":{"line":15,"column":106}},"line":15},"7":{"name":"(anonymous_7)","decl":{"start":{"line":16,"column":15},"end":{"line":16,"column":16}},"loc":{"start":{"line":16,"column":25},"end":{"line":16,"column":66}},"line":16}},"branchMap":{},"s":{"0":1,"1":1,"2":0,"3":0,"4":0,"5":0,"6":0,"7":0,"8":0,"9":1},"f":{"0":1,"1":0,"2":0,"3":0,"4":0,"5":0,"6":0,"7":0},"b":{},"_coverageSchema":"1a1c01bbd47fc00a2c39e90264f33305004495a9","hash":"6dd4ce7704644e3d656620fdd1278bb1b9bdccbe"}
,"/Users/mattranlett/Development/3Ci-DealReview/web-files/UIComponents.js": {"path":"/Users/mattranlett/Development/3Ci-DealReview/web-files/UIComponents.js","statementMap":{"0":{"start":{"line":4,"column":0},"end":{"line":10,"column":11}},"1":{"start":{"line":5,"column":25},"end":{"line":8,"column":5}},"2":{"start":{"line":6,"column":36},"end":{"line":6,"column":145}},"3":{"start":{"line":7,"column":33},"end":{"line":7,"column":78}},"4":{"start":{"line":9,"column":4},"end":{"line":9,"column":39}}},"fnMap":{"0":{"name":"(anonymous_0)","decl":{"start":{"line":4,"column":1},"end":{"line":4,"column":2}},"loc":{"start":{"line":4,"column":19},"end":{"line":10,"column":1}},"line":4},"1":{"name":"(anonymous_1)","decl":{"start":{"line":6,"column":25},"end":{"line":6,"column":26}},"loc":{"start":{"line":6,"column":36},"end":{"line":6,"column":145}},"line":6},"2":{"name":"(anonymous_2)","decl":{"start":{"line":7,"column":21},"end":{"line":7,"column":22}},"loc":{"start":{"line":7,"column":33},"end":{"line":7,"column":78}},"line":7}},"branchMap":{"0":{"loc":{"start":{"line":6,"column":36},"end":{"line":6,"column":145}},"type":"cond-expr","locations":[{"start":{"line":6,"column":80},"end":{"line":6,"column":128}},{"start":{"line":6,"column":131},"end":{"line":6,"column":145}}],"line":6}},"s":{"0":1,"1":1,"2":0,"3":0,"4":1},"f":{"0":1,"1":0,"2":0},"b":{"0":[0,0]},"_coverageSchema":"1a1c01bbd47fc00a2c39e90264f33305004495a9","hash":"d3e4f88f7fd12e415a2f42594074c59fd9f9d16a"}
,"/Users/mattranlett/Development/3Ci-DealReview/web-files/deal-constants.js": {"path":"/Users/mattranlett/Development/3Ci-DealReview/web-files/deal-constants.js","statementMap":{"0":{"start":{"line":5,"column":0},"end":{"line":181,"column":2}}},"fnMap":{},"branchMap":{},"s":{"0":0},"f":{},"b":{}}
,"/Users/mattranlett/Development/3Ci-DealReview/web-files/dealreview-config.js": {"path":"/Users/mattranlett/Development/3Ci-DealReview/web-files/dealreview-config.js","statementMap":{"0":{"start":{"line":2,"column":0},"end":{"line":43,"column":2}}},"fnMap":{},"branchMap":{},"s":{"0":0},"f":{},"b":{}}
,"/Users/mattranlett/Development/3Ci-DealReview/web-files/dealreview.js": {"path":"/Users/mattranlett/Development/3Ci-DealReview/web-files/dealreview.js","statementMap":{"0":{"start":{"line":4,"column":0},"end":{"line":7,"column":5}},"1":{"start":{"line":6,"column":2},"end":{"line":6,"column":43}}},"fnMap":{"0":{"name":"(anonymous_0)","decl":{"start":{"line":4,"column":1},"end":{"line":4,"column":2}},"loc":{"start":{"line":4,"column":13},"end":{"line":7,"column":1}},"line":4}},"branchMap":{},"s":{"0":0,"1":0},"f":{"0":0},"b":{}}
}
