TN:
SF:web-files/DealBoard.js
FN:6,(anonymous_0)
FN:8,(anonymous_1)
FN:20,(anonymous_2)
FN:25,(anonymous_3)
FN:50,(anonymous_4)
FN:59,(anonymous_5)
FN:61,(anonymous_6)
FN:69,(anonymous_7)
FN:83,(anonymous_8)
FN:85,(anonymous_9)
FN:100,(anonymous_10)
FN:112,(anonymous_11)
FN:133,(anonymous_12)
FN:137,(anonymous_13)
FN:138,(anonymous_14)
FN:144,(anonymous_15)
FN:148,(anonymous_16)
FN:152,(anonymous_17)
FN:156,(anonymous_18)
FN:165,(anonymous_19)
FN:186,(anonymous_20)
FN:191,(anonymous_21)
FN:195,(anonymous_22)
FN:198,(anonymous_23)
FN:202,(anonymous_24)
FN:219,(anonymous_25)
FN:230,(anonymous_26)
FN:243,(anonymous_27)
FN:333,(anonymous_28)
FN:337,(anonymous_29)
FN:347,(anonymous_30)
FN:352,(anonymous_31)
FN:357,(anonymous_32)
FN:363,(anonymous_33)
FN:371,(anonymous_34)
FN:381,(anonymous_35)
FN:394,(anonymous_36)
FN:400,(anonymous_37)
FN:403,(anonymous_38)
FN:406,(anonymous_39)
FN:409,(anonymous_40)
FN:414,(anonymous_41)
FN:433,(anonymous_42)
FN:437,(anonymous_43)
FN:445,(anonymous_44)
FN:450,(anonymous_45)
FN:451,(anonymous_46)
FN:452,(anonymous_47)
FN:453,(anonymous_48)
FN:474,(anonymous_49)
FN:491,(anonymous_50)
FN:495,(anonymous_51)
FN:500,(anonymous_52)
FN:503,(anonymous_53)
FN:511,(anonymous_54)
FN:518,(anonymous_55)
FN:525,(anonymous_56)
FN:530,(anonymous_57)
FN:534,(anonymous_58)
FN:538,(anonymous_59)
FN:545,(anonymous_60)
FN:550,(anonymous_61)
FN:577,(anonymous_62)
FNF:63
FNH:7
FNDA:0,(anonymous_0)
FNDA:0,(anonymous_1)
FNDA:0,(anonymous_2)
FNDA:0,(anonymous_3)
FNDA:1,(anonymous_4)
FNDA:1,(anonymous_5)
FNDA:4,(anonymous_6)
FNDA:6,(anonymous_7)
FNDA:1,(anonymous_8)
FNDA:1,(anonymous_9)
FNDA:0,(anonymous_10)
FNDA:0,(anonymous_11)
FNDA:0,(anonymous_12)
FNDA:0,(anonymous_13)
FNDA:0,(anonymous_14)
FNDA:0,(anonymous_15)
FNDA:0,(anonymous_16)
FNDA:0,(anonymous_17)
FNDA:0,(anonymous_18)
FNDA:0,(anonymous_19)
FNDA:0,(anonymous_20)
FNDA:0,(anonymous_21)
FNDA:0,(anonymous_22)
FNDA:0,(anonymous_23)
FNDA:0,(anonymous_24)
FNDA:0,(anonymous_25)
FNDA:0,(anonymous_26)
FNDA:0,(anonymous_27)
FNDA:0,(anonymous_28)
FNDA:0,(anonymous_29)
FNDA:0,(anonymous_30)
FNDA:0,(anonymous_31)
FNDA:0,(anonymous_32)
FNDA:0,(anonymous_33)
FNDA:0,(anonymous_34)
FNDA:0,(anonymous_35)
FNDA:0,(anonymous_36)
FNDA:0,(anonymous_37)
FNDA:0,(anonymous_38)
FNDA:0,(anonymous_39)
FNDA:0,(anonymous_40)
FNDA:0,(anonymous_41)
FNDA:0,(anonymous_42)
FNDA:0,(anonymous_43)
FNDA:0,(anonymous_44)
FNDA:0,(anonymous_45)
FNDA:0,(anonymous_46)
FNDA:0,(anonymous_47)
FNDA:0,(anonymous_48)
FNDA:0,(anonymous_49)
FNDA:0,(anonymous_50)
FNDA:0,(anonymous_51)
FNDA:0,(anonymous_52)
FNDA:0,(anonymous_53)
FNDA:0,(anonymous_54)
FNDA:0,(anonymous_55)
FNDA:0,(anonymous_56)
FNDA:0,(anonymous_57)
FNDA:0,(anonymous_58)
FNDA:0,(anonymous_59)
FNDA:0,(anonymous_60)
FNDA:0,(anonymous_61)
FNDA:1,(anonymous_62)
DA:5,1
DA:7,0
DA:8,0
DA:9,0
DA:10,0
DA:13,0
DA:14,0
DA:15,0
DA:17,0
DA:21,0
DA:22,0
DA:26,0
DA:28,0
DA:44,0
DA:45,0
DA:46,0
DA:50,1
DA:51,1
DA:61,4
DA:67,1
DA:69,6
DA:80,1
DA:84,1
DA:85,1
DA:87,0
DA:88,0
DA:89,0
DA:95,0
DA:98,0
DA:99,0
DA:100,0
DA:102,0
DA:103,0
DA:104,0
DA:105,0
DA:108,0
DA:113,0
DA:114,0
DA:116,0
DA:134,0
DA:138,0
DA:139,0
DA:140,0
DA:145,0
DA:149,0
DA:153,0
DA:157,0
DA:158,0
DA:166,0
DA:167,0
DA:168,0
DA:182,0
DA:183,0
DA:187,0
DA:188,0
DA:192,0
DA:196,0
DA:197,0
DA:198,0
DA:200,0
DA:201,0
DA:202,0
DA:204,0
DA:205,0
DA:206,0
DA:207,0
DA:209,0
DA:211,0
DA:212,0
DA:215,0
DA:220,0
DA:221,0
DA:223,0
DA:231,0
DA:232,0
DA:233,0
DA:234,0
DA:236,0
DA:237,0
DA:244,0
DA:330,0
DA:334,0
DA:335,0
DA:337,0
DA:338,0
DA:339,0
DA:341,0
DA:343,0
DA:347,0
DA:352,0
DA:357,0
DA:363,0
DA:372,0
DA:373,0
DA:374,0
DA:377,0
DA:379,0
DA:380,0
DA:381,0
DA:382,0
DA:388,0
DA:390,0
DA:391,0
DA:392,0
DA:394,0
DA:395,0
DA:396,0
DA:398,0
DA:400,0
DA:401,0
DA:403,0
DA:404,0
DA:406,0
DA:407,0
DA:409,0
DA:410,0
DA:414,0
DA:415,0
DA:416,0
DA:418,0
DA:419,0
DA:420,0
DA:421,0
DA:424,0
DA:425,0
DA:426,0
DA:430,0
DA:434,0
DA:438,0
DA:439,0
DA:440,0
DA:442,0
DA:443,0
DA:445,0
DA:446,0
DA:447,0
DA:450,0
DA:451,0
DA:452,0
DA:453,0
DA:455,0
DA:456,0
DA:457,0
DA:458,0
DA:459,0
DA:461,0
DA:462,0
DA:463,0
DA:465,0
DA:468,0
DA:469,0
DA:471,0
DA:474,0
DA:475,0
DA:476,0
DA:477,0
DA:479,0
DA:480,0
DA:483,0
DA:484,0
DA:486,0
DA:487,0
DA:488,0
DA:491,0
DA:492,0
DA:496,0
DA:497,0
DA:501,0
DA:503,0
DA:504,0
DA:505,0
DA:506,0
DA:507,0
DA:508,0
DA:511,0
DA:512,0
DA:513,0
DA:514,0
DA:515,0
DA:518,0
DA:519,0
DA:520,0
DA:521,0
DA:522,0
DA:525,0
DA:526,0
DA:527,0
DA:530,0
DA:531,0
DA:534,0
DA:535,0
DA:538,0
DA:539,0
DA:540,0
DA:541,0
DA:545,0
DA:546,0
DA:547,0
DA:549,0
DA:550,0
DA:552,0
DA:553,0
DA:554,0
DA:556,0
DA:558,0
DA:559,0
DA:560,0
DA:561,0
DA:563,0
DA:564,0
DA:565,0
DA:566,0
DA:567,0
DA:569,0
DA:570,0
DA:576,1
DA:577,1
LF:217
LH:11
BRDA:10,0,0,0
BRDA:10,0,1,0
BRDA:13,1,0,0
BRDA:13,1,1,0
BRDA:22,2,0,0
BRDA:22,2,1,0
BRDA:26,3,0,0
BRDA:26,3,1,0
BRDA:87,4,0,0
BRDA:87,4,1,0
BRDA:120,5,0,0
BRDA:120,5,1,0
BRDA:121,6,0,0
BRDA:121,6,1,0
BRDA:122,7,0,0
BRDA:122,7,1,0
BRDA:123,8,0,0
BRDA:123,8,1,0
BRDA:127,9,0,0
BRDA:127,9,1,0
BRDA:129,10,0,0
BRDA:129,10,1,0
BRDA:166,11,0,0
BRDA:166,11,1,0
BRDA:167,12,0,0
BRDA:167,12,1,0
BRDA:182,13,0,0
BRDA:182,13,1,0
BRDA:183,14,0,0
BRDA:183,14,1,0
BRDA:186,15,0,0
BRDA:187,16,0,0
BRDA:187,16,1,0
BRDA:200,17,0,0
BRDA:200,17,1,0
BRDA:205,18,0,0
BRDA:205,18,1,0
BRDA:206,19,0,0
BRDA:206,19,1,0
BRDA:232,20,0,0
BRDA:232,20,1,0
BRDA:234,21,0,0
BRDA:234,21,1,0
BRDA:338,22,0,0
BRDA:338,22,1,0
BRDA:338,23,0,0
BRDA:338,23,1,0
BRDA:347,24,0,0
BRDA:347,24,1,0
BRDA:352,25,0,0
BRDA:352,25,1,0
BRDA:357,26,0,0
BRDA:357,26,1,0
BRDA:377,27,0,0
BRDA:377,27,1,0
BRDA:379,28,0,0
BRDA:379,28,1,0
BRDA:382,29,0,0
BRDA:382,29,1,0
BRDA:382,30,0,0
BRDA:382,30,1,0
BRDA:383,31,0,0
BRDA:383,31,1,0
BRDA:388,32,0,0
BRDA:388,32,1,0
BRDA:388,32,2,0
BRDA:388,32,3,0
BRDA:388,32,4,0
BRDA:390,33,0,0
BRDA:390,33,1,0
BRDA:391,34,0,0
BRDA:391,34,1,0
BRDA:395,35,0,0
BRDA:395,35,1,0
BRDA:396,36,0,0
BRDA:396,36,1,0
BRDA:400,37,0,0
BRDA:400,37,1,0
BRDA:403,38,0,0
BRDA:403,38,1,0
BRDA:406,39,0,0
BRDA:406,39,1,0
BRDA:409,40,0,0
BRDA:409,40,1,0
BRDA:415,41,0,0
BRDA:415,41,1,0
BRDA:416,42,0,0
BRDA:416,42,1,0
BRDA:416,43,0,0
BRDA:416,43,1,0
BRDA:418,44,0,0
BRDA:418,44,1,0
BRDA:418,45,0,0
BRDA:418,45,1,0
BRDA:419,46,0,0
BRDA:419,46,1,0
BRDA:419,47,0,0
BRDA:419,47,1,0
BRDA:420,48,0,0
BRDA:420,48,1,0
BRDA:420,49,0,0
BRDA:420,49,1,0
BRDA:421,50,0,0
BRDA:421,50,1,0
BRDA:424,51,0,0
BRDA:424,51,1,0
BRDA:425,52,0,0
BRDA:425,52,1,0
BRDA:442,53,0,0
BRDA:442,53,1,0
BRDA:442,54,0,0
BRDA:442,54,1,0
BRDA:446,55,0,0
BRDA:446,55,1,0
BRDA:447,56,0,0
BRDA:447,56,1,0
BRDA:450,57,0,0
BRDA:450,57,1,0
BRDA:451,58,0,0
BRDA:451,58,1,0
BRDA:452,59,0,0
BRDA:452,59,1,0
BRDA:453,60,0,0
BRDA:453,60,1,0
BRDA:462,61,0,0
BRDA:462,61,1,0
BRDA:468,62,0,0
BRDA:468,62,1,0
BRDA:474,63,0,0
BRDA:474,63,1,0
BRDA:475,64,0,0
BRDA:475,64,1,0
BRDA:486,65,0,0
BRDA:486,65,1,0
BRDA:506,66,0,0
BRDA:506,66,1,0
BRDA:540,67,0,0
BRDA:540,67,1,0
BRDA:540,68,0,0
BRDA:540,68,1,0
BRDA:552,69,0,0
BRDA:552,69,1,0
BRDA:564,70,0,0
BRDA:564,70,1,0
BRF:144
BRH:0
end_of_record
TN:
SF:web-files/DealReviewLogic.js
FN:6,(anonymous_0)
FN:9,(anonymous_1)
FN:10,(anonymous_2)
FN:11,(anonymous_3)
FN:12,(anonymous_4)
FN:13,(anonymous_5)
FN:17,(anonymous_6)
FN:22,(anonymous_7)
FN:25,(anonymous_8)
FN:26,(anonymous_9)
FN:27,(anonymous_10)
FN:31,(anonymous_11)
FN:32,(anonymous_12)
FN:33,(anonymous_13)
FN:34,(anonymous_14)
FN:36,(anonymous_15)
FN:43,(anonymous_16)
FN:52,(anonymous_17)
FN:57,(anonymous_18)
FN:58,(anonymous_19)
FN:59,(anonymous_20)
FN:63,(anonymous_21)
FN:64,(anonymous_22)
FN:65,(anonymous_23)
FN:66,(anonymous_24)
FN:67,(anonymous_25)
FN:71,(anonymous_26)
FN:72,(anonymous_27)
FN:73,(anonymous_28)
FNF:29
FNH:10
FNDA:1,(anonymous_0)
FNDA:2,(anonymous_1)
FNDA:1,(anonymous_2)
FNDA:0,(anonymous_3)
FNDA:2,(anonymous_4)
FNDA:0,(anonymous_5)
FNDA:1,(anonymous_6)
FNDA:0,(anonymous_7)
FNDA:0,(anonymous_8)
FNDA:0,(anonymous_9)
FNDA:0,(anonymous_10)
FNDA:1,(anonymous_11)
FNDA:0,(anonymous_12)
FNDA:0,(anonymous_13)
FNDA:0,(anonymous_14)
FNDA:1,(anonymous_15)
FNDA:1,(anonymous_16)
FNDA:1,(anonymous_17)
FNDA:0,(anonymous_18)
FNDA:0,(anonymous_19)
FNDA:0,(anonymous_20)
FNDA:0,(anonymous_21)
FNDA:0,(anonymous_22)
FNDA:0,(anonymous_23)
FNDA:1,(anonymous_24)
FNDA:0,(anonymous_25)
FNDA:0,(anonymous_26)
FNDA:0,(anonymous_27)
FNDA:0,(anonymous_28)
DA:6,1
DA:7,1
DA:9,2
DA:10,1
DA:11,0
DA:12,2
DA:13,0
DA:18,1
DA:19,1
DA:20,1
DA:22,0
DA:25,0
DA:26,0
DA:27,0
DA:31,1
DA:32,0
DA:33,0
DA:34,0
DA:36,1
DA:43,1
DA:52,1
DA:57,0
DA:58,0
DA:59,0
DA:63,0
DA:64,0
DA:65,0
DA:66,1
DA:67,0
DA:71,0
DA:72,0
DA:73,0
DA:76,1
LF:33
LH:14
BRDA:9,0,0,1
BRDA:10,1,0,1
BRDA:10,1,1,0
BRDA:11,2,0,0
BRDA:11,2,1,0
BRDA:11,3,0,0
BRDA:11,3,1,0
BRDA:11,3,2,0
BRDA:12,4,0,1
BRDA:12,4,1,1
BRDA:13,5,0,0
BRDA:13,5,1,0
BRDA:19,6,0,0
BRDA:19,6,1,1
BRDA:19,7,0,0
BRDA:19,7,1,0
BRDA:20,8,0,0
BRDA:20,8,1,1
BRDA:20,9,0,1
BRDA:20,9,1,1
BRDA:22,10,0,0
BRDA:25,11,0,0
BRDA:31,12,0,0
BRDA:31,12,1,1
BRDA:32,13,0,0
BRDA:32,13,1,0
BRDA:47,14,0,1
BRDA:47,14,1,0
BRDA:54,15,0,1
BRDA:54,15,1,0
BRDA:66,16,0,1
BRDA:66,16,1,0
BRF:32
BRH:12
end_of_record
TN:
SF:web-files/DealService.js
FN:13,(anonymous_0)
FN:14,(anonymous_1)
FN:17,(anonymous_2)
FN:21,(anonymous_3)
FN:35,(anonymous_4)
FN:54,(anonymous_5)
FNF:6
FNH:0
FNDA:0,(anonymous_0)
FNDA:0,(anonymous_1)
FNDA:0,(anonymous_2)
FNDA:0,(anonymous_3)
FNDA:0,(anonymous_4)
FNDA:0,(anonymous_5)
DA:3,1
DA:14,0
DA:15,0
DA:16,0
DA:18,0
DA:19,0
DA:22,0
DA:23,0
DA:36,0
DA:38,0
DA:41,0
DA:53,0
DA:54,0
DA:55,0
DA:57,0
DA:58,0
DA:62,0
DA:63,0
DA:65,0
DA:66,0
DA:71,1
DA:74,1
LF:22
LH:3
BRDA:15,0,0,0
BRDA:15,0,1,0
BRDA:53,1,0,0
BRDA:53,1,1,0
BRDA:55,2,0,0
BRDA:55,2,1,0
BRDA:74,3,0,1
BRDA:74,3,1,0
BRF:8
BRH:1
end_of_record
TN:
SF:web-files/DealSubmissionAdministration.js
FN:15,(anonymous_0)
FN:17,(anonymous_1)
FN:24,(anonymous_2)
FN:28,(anonymous_3)
FN:37,(anonymous_4)
FN:52,(anonymous_5)
FN:53,(anonymous_6)
FN:54,(anonymous_7)
FN:56,(anonymous_8)
FN:59,(anonymous_9)
FN:64,(anonymous_10)
FN:66,(anonymous_11)
FN:74,(anonymous_12)
FN:81,(anonymous_13)
FN:89,(anonymous_14)
FN:94,(anonymous_15)
FN:99,(anonymous_16)
FN:105,(anonymous_17)
FN:109,(anonymous_18)
FN:114,(anonymous_19)
FN:121,(anonymous_20)
FN:127,(anonymous_21)
FN:132,(anonymous_22)
FN:133,(anonymous_23)
FN:135,(anonymous_24)
FN:151,(anonymous_25)
FN:178,(anonymous_26)
FN:188,(anonymous_27)
FN:198,(anonymous_28)
FN:219,(anonymous_29)
FN:261,(anonymous_30)
FN:274,(anonymous_31)
FN:280,(anonymous_32)
FN:298,(anonymous_33)
FN:301,(anonymous_34)
FN:303,(anonymous_35)
FN:309,(anonymous_36)
FN:352,(anonymous_37)
FN:358,(anonymous_38)
FN:370,(anonymous_39)
FN:376,(anonymous_40)
FN:378,(anonymous_41)
FN:416,(anonymous_42)
FN:444,(anonymous_43)
FN:463,(anonymous_44)
FN:465,(anonymous_45)
FN:480,(anonymous_46)
FN:498,(anonymous_47)
FN:546,(anonymous_48)
FN:554,(anonymous_49)
FN:568,(anonymous_50)
FN:587,(anonymous_51)
FN:595,(anonymous_52)
FN:607,(anonymous_53)
FN:610,(anonymous_54)
FN:611,(anonymous_55)
FN:630,(anonymous_56)
FN:636,(anonymous_57)
FN:639,(anonymous_58)
FN:657,(anonymous_59)
FN:662,(anonymous_60)
FN:667,(anonymous_61)
FN:671,(anonymous_62)
FN:678,(anonymous_63)
FN:680,(anonymous_64)
FN:691,(anonymous_65)
FN:692,(anonymous_66)
FN:693,(anonymous_67)
FN:702,(anonymous_68)
FN:709,(anonymous_69)
FN:716,(anonymous_70)
FN:728,(anonymous_71)
FN:741,(anonymous_72)
FN:742,(anonymous_73)
FN:782,(anonymous_74)
FN:787,(anonymous_75)
FN:789,(anonymous_76)
FN:789,(anonymous_77)
FN:790,(anonymous_78)
FN:796,(anonymous_79)
FN:797,(anonymous_80)
FN:799,(anonymous_81)
FN:819,(anonymous_82)
FN:820,(anonymous_83)
FN:823,(anonymous_84)
FN:829,(anonymous_85)
FN:850,(anonymous_86)
FN:852,(anonymous_87)
FN:855,(anonymous_88)
FN:860,(anonymous_89)
FN:885,(anonymous_90)
FN:895,(anonymous_91)
FN:898,(anonymous_92)
FN:902,(anonymous_93)
FN:909,(anonymous_94)
FN:917,(anonymous_95)
FN:919,(anonymous_96)
FN:921,(anonymous_97)
FN:956,(anonymous_98)
FN:969,(anonymous_99)
FN:972,(anonymous_100)
FN:1002,(anonymous_101)
FN:1004,(anonymous_102)
FN:1014,(anonymous_103)
FN:1017,(anonymous_104)
FN:1028,(anonymous_105)
FN:1047,(anonymous_106)
FN:1049,(anonymous_107)
FN:1057,(anonymous_108)
FNF:109
FNH:3
FNDA:1,(anonymous_0)
FNDA:0,(anonymous_1)
FNDA:1,(anonymous_2)
FNDA:0,(anonymous_3)
FNDA:0,(anonymous_4)
FNDA:0,(anonymous_5)
FNDA:0,(anonymous_6)
FNDA:0,(anonymous_7)
FNDA:0,(anonymous_8)
FNDA:0,(anonymous_9)
FNDA:0,(anonymous_10)
FNDA:0,(anonymous_11)
FNDA:0,(anonymous_12)
FNDA:0,(anonymous_13)
FNDA:0,(anonymous_14)
FNDA:0,(anonymous_15)
FNDA:0,(anonymous_16)
FNDA:0,(anonymous_17)
FNDA:0,(anonymous_18)
FNDA:0,(anonymous_19)
FNDA:0,(anonymous_20)
FNDA:0,(anonymous_21)
FNDA:0,(anonymous_22)
FNDA:0,(anonymous_23)
FNDA:0,(anonymous_24)
FNDA:0,(anonymous_25)
FNDA:0,(anonymous_26)
FNDA:0,(anonymous_27)
FNDA:0,(anonymous_28)
FNDA:0,(anonymous_29)
FNDA:0,(anonymous_30)
FNDA:0,(anonymous_31)
FNDA:0,(anonymous_32)
FNDA:0,(anonymous_33)
FNDA:0,(anonymous_34)
FNDA:0,(anonymous_35)
FNDA:0,(anonymous_36)
FNDA:0,(anonymous_37)
FNDA:0,(anonymous_38)
FNDA:0,(anonymous_39)
FNDA:0,(anonymous_40)
FNDA:0,(anonymous_41)
FNDA:0,(anonymous_42)
FNDA:0,(anonymous_43)
FNDA:0,(anonymous_44)
FNDA:0,(anonymous_45)
FNDA:0,(anonymous_46)
FNDA:0,(anonymous_47)
FNDA:0,(anonymous_48)
FNDA:0,(anonymous_49)
FNDA:0,(anonymous_50)
FNDA:0,(anonymous_51)
FNDA:0,(anonymous_52)
FNDA:0,(anonymous_53)
FNDA:0,(anonymous_54)
FNDA:0,(anonymous_55)
FNDA:0,(anonymous_56)
FNDA:0,(anonymous_57)
FNDA:0,(anonymous_58)
FNDA:0,(anonymous_59)
FNDA:0,(anonymous_60)
FNDA:0,(anonymous_61)
FNDA:0,(anonymous_62)
FNDA:0,(anonymous_63)
FNDA:0,(anonymous_64)
FNDA:0,(anonymous_65)
FNDA:0,(anonymous_66)
FNDA:0,(anonymous_67)
FNDA:0,(anonymous_68)
FNDA:0,(anonymous_69)
FNDA:0,(anonymous_70)
FNDA:0,(anonymous_71)
FNDA:0,(anonymous_72)
FNDA:0,(anonymous_73)
FNDA:0,(anonymous_74)
FNDA:0,(anonymous_75)
FNDA:0,(anonymous_76)
FNDA:0,(anonymous_77)
FNDA:0,(anonymous_78)
FNDA:0,(anonymous_79)
FNDA:0,(anonymous_80)
FNDA:0,(anonymous_81)
FNDA:0,(anonymous_82)
FNDA:0,(anonymous_83)
FNDA:0,(anonymous_84)
FNDA:0,(anonymous_85)
FNDA:0,(anonymous_86)
FNDA:0,(anonymous_87)
FNDA:0,(anonymous_88)
FNDA:0,(anonymous_89)
FNDA:0,(anonymous_90)
FNDA:0,(anonymous_91)
FNDA:0,(anonymous_92)
FNDA:0,(anonymous_93)
FNDA:0,(anonymous_94)
FNDA:0,(anonymous_95)
FNDA:0,(anonymous_96)
FNDA:0,(anonymous_97)
FNDA:0,(anonymous_98)
FNDA:0,(anonymous_99)
FNDA:0,(anonymous_100)
FNDA:0,(anonymous_101)
FNDA:0,(anonymous_102)
FNDA:0,(anonymous_103)
FNDA:0,(anonymous_104)
FNDA:0,(anonymous_105)
FNDA:0,(anonymous_106)
FNDA:0,(anonymous_107)
FNDA:1,(anonymous_108)
DA:1,1
DA:16,1
DA:17,1
DA:18,0
DA:19,0
DA:20,0
DA:25,1
DA:28,1
DA:29,0
DA:30,0
DA:31,0
DA:32,0
DA:33,0
DA:37,1
DA:38,0
DA:39,0
DA:40,0
DA:42,0
DA:43,0
DA:45,0
DA:46,0
DA:47,0
DA:48,0
DA:49,0
DA:52,1
DA:53,1
DA:54,1
DA:56,1
DA:57,0
DA:59,1
DA:60,0
DA:64,1
DA:66,1
DA:67,0
DA:68,0
DA:74,1
DA:75,0
DA:76,0
DA:81,1
DA:82,0
DA:83,0
DA:89,1
DA:90,0
DA:91,0
DA:94,1
DA:95,0
DA:99,1
DA:100,0
DA:101,0
DA:102,0
DA:105,1
DA:106,0
DA:109,1
DA:110,0
DA:114,1
DA:115,0
DA:116,0
DA:117,0
DA:121,1
DA:122,0
DA:123,0
DA:127,1
DA:128,0
DA:133,0
DA:134,0
DA:135,0
DA:137,0
DA:141,0
DA:152,0
DA:153,0
DA:156,0
DA:157,0
DA:159,0
DA:160,0
DA:161,0
DA:163,0
DA:164,0
DA:165,0
DA:166,0
DA:167,0
DA:169,0
DA:170,0
DA:173,0
DA:174,0
DA:179,0
DA:180,0
DA:182,0
DA:184,0
DA:185,0
DA:188,0
DA:189,0
DA:190,0
DA:191,0
DA:195,0
DA:196,0
DA:198,0
DA:200,0
DA:201,0
DA:202,0
DA:203,0
DA:204,0
DA:205,0
DA:207,0
DA:208,0
DA:211,0
DA:212,0
DA:214,0
DA:215,0
DA:216,0
DA:219,0
DA:220,0
DA:221,0
DA:222,0
DA:228,0
DA:258,0
DA:263,0
DA:266,0
DA:269,0
DA:270,0
DA:275,0
DA:276,0
DA:278,0
DA:279,0
DA:280,0
DA:281,0
DA:282,0
DA:283,0
DA:284,0
DA:285,0
DA:286,0
DA:287,0
DA:290,0
DA:291,0
DA:292,0
DA:293,0
DA:294,0
DA:297,0
DA:298,0
DA:302,0
DA:303,0
DA:304,0
DA:305,0
DA:310,0
DA:311,0
DA:313,0
DA:321,0
DA:322,0
DA:323,0
DA:325,0
DA:326,0
DA:327,0
DA:329,0
DA:330,0
DA:331,0
DA:333,0
DA:339,0
DA:341,0
DA:342,0
DA:343,0
DA:345,0
DA:346,0
DA:348,0
DA:353,0
DA:354,0
DA:355,0
DA:356,0
DA:357,0
DA:358,0
DA:359,0
DA:360,0
DA:362,0
DA:363,0
DA:371,0
DA:372,0
DA:373,0
DA:378,0
DA:388,0
DA:390,0
DA:391,0
DA:392,0
DA:394,0
DA:395,0
DA:396,0
DA:397,0
DA:399,0
DA:400,0
DA:401,0
DA:403,0
DA:405,0
DA:407,0
DA:408,0
DA:411,0
DA:412,0
DA:417,0
DA:418,0
DA:419,0
DA:421,0
DA:423,0
DA:424,0
DA:430,0
DA:431,0
DA:433,0
DA:434,0
DA:436,0
DA:445,0
DA:447,0
DA:448,0
DA:451,0
DA:452,0
DA:453,0
DA:454,0
DA:456,0
DA:459,0
DA:460,0
DA:463,0
DA:465,0
DA:468,0
DA:469,0
DA:470,0
DA:472,0
DA:473,0
DA:476,0
DA:481,0
DA:482,0
DA:483,0
DA:486,0
DA:487,0
DA:489,0
DA:491,0
DA:499,0
DA:500,0
DA:503,0
DA:504,0
DA:505,0
DA:506,0
DA:507,0
DA:510,0
DA:511,0
DA:512,0
DA:513,0
DA:514,0
DA:517,0
DA:518,0
DA:519,0
DA:520,0
DA:521,0
DA:524,0
DA:525,0
DA:526,0
DA:527,0
DA:528,0
DA:530,0
DA:532,0
DA:534,0
DA:547,0
DA:548,0
DA:549,0
DA:550,0
DA:551,0
DA:552,0
DA:554,0
DA:555,0
DA:556,0
DA:557,0
DA:559,0
DA:560,0
DA:561,0
DA:563,0
DA:564,0
DA:565,0
DA:567,0
DA:568,0
DA:569,0
DA:570,0
DA:573,0
DA:574,0
DA:576,0
DA:588,0
DA:591,0
DA:592,0
DA:595,0
DA:596,0
DA:599,0
DA:600,0
DA:602,0
DA:603,0
DA:604,0
DA:607,0
DA:610,0
DA:611,0
DA:612,0
DA:613,0
DA:614,0
DA:626,0
DA:630,0
DA:632,0
DA:633,0
DA:636,0
DA:637,0
DA:639,0
DA:641,0
DA:642,0
DA:654,0
DA:658,0
DA:659,0
DA:662,0
DA:663,0
DA:664,0
DA:667,0
DA:668,0
DA:669,0
DA:671,0
DA:672,0
DA:674,0
DA:675,0
DA:678,0
DA:679,0
DA:680,0
DA:681,0
DA:682,0
DA:683,0
DA:684,0
DA:685,0
DA:687,0
DA:688,0
DA:691,0
DA:692,0
DA:693,0
DA:694,0
DA:696,0
DA:698,0
DA:699,0
DA:702,0
DA:703,0
DA:705,0
DA:706,0
DA:709,0
DA:710,0
DA:711,0
DA:712,0
DA:713,0
DA:716,0
DA:717,0
DA:718,0
DA:721,0
DA:723,0
DA:724,0
DA:728,0
DA:729,0
DA:731,0
DA:732,0
DA:737,0
DA:738,0
DA:742,0
DA:744,0
DA:750,0
DA:779,0
DA:783,0
DA:786,0
DA:787,0
DA:788,0
DA:789,0
DA:790,0
DA:791,0
DA:796,0
DA:797,0
DA:799,0
DA:800,0
DA:801,0
DA:802,0
DA:815,0
DA:818,0
DA:819,0
DA:820,0
DA:823,0
DA:824,0
DA:825,0
DA:826,0
DA:828,0
DA:829,0
DA:830,0
DA:832,0
DA:847,0
DA:851,0
DA:852,0
DA:854,0
DA:855,0
DA:856,0
DA:857,0
DA:860,0
DA:861,0
DA:862,0
DA:864,0
DA:865,0
DA:867,0
DA:868,0
DA:869,0
DA:870,0
DA:872,0
DA:873,0
DA:874,0
DA:876,0
DA:886,0
DA:887,0
DA:888,0
DA:889,0
DA:892,0
DA:893,0
DA:894,0
DA:895,0
DA:896,0
DA:897,0
DA:898,0
DA:899,0
DA:900,0
DA:901,0
DA:902,0
DA:905,0
DA:906,0
DA:910,0
DA:911,0
DA:912,0
DA:913,0
DA:914,0
DA:917,0
DA:919,0
DA:920,0
DA:921,0
DA:922,0
DA:924,0
DA:925,0
DA:927,0
DA:939,0
DA:957,0
DA:958,0
DA:961,0
DA:962,0
DA:964,0
DA:967,0
DA:969,0
DA:970,0
DA:972,0
DA:973,0
DA:976,0
DA:978,0
DA:990,0
DA:991,0
DA:993,0
DA:996,0
DA:999,0
DA:1003,0
DA:1004,0
DA:1005,0
DA:1006,0
DA:1007,0
DA:1009,0
DA:1010,0
DA:1014,0
DA:1015,0
DA:1016,0
DA:1017,0
DA:1022,0
DA:1029,0
DA:1032,0
DA:1034,0
DA:1043,0
DA:1044,0
DA:1048,0
DA:1049,0
DA:1051,0
DA:1052,0
DA:1057,1
LF:472
LH:24
BRDA:39,0,0,0
BRDA:39,0,1,0
BRDA:48,1,0,0
BRDA:48,1,1,0
BRDA:69,2,0,0
BRDA:69,2,1,0
BRDA:70,3,0,0
BRDA:70,3,1,0
BRDA:134,4,0,0
BRDA:134,4,1,0
BRDA:134,5,0,0
BRDA:134,5,1,0
BRDA:137,6,0,0
BRDA:137,6,1,0
BRDA:163,7,0,0
BRDA:163,7,1,0
BRDA:182,8,0,0
BRDA:182,8,1,0
BRDA:189,9,0,0
BRDA:189,9,1,0
BRDA:190,10,0,0
BRDA:190,10,1,0
BRDA:191,11,0,0
BRDA:191,11,1,0
BRDA:195,12,0,0
BRDA:195,12,1,0
BRDA:196,13,0,0
BRDA:196,13,1,0
BRDA:200,14,0,0
BRDA:200,14,1,0
BRDA:203,15,0,0
BRDA:203,15,1,0
BRDA:204,16,0,0
BRDA:204,16,1,0
BRDA:205,17,0,0
BRDA:205,17,1,0
BRDA:211,18,0,0
BRDA:211,18,1,0
BRDA:212,19,0,0
BRDA:212,19,1,0
BRDA:214,20,0,0
BRDA:214,20,1,0
BRDA:214,21,0,0
BRDA:214,21,1,0
BRDA:215,22,0,0
BRDA:215,22,1,0
BRDA:215,23,0,0
BRDA:215,23,1,0
BRDA:221,24,0,0
BRDA:221,24,1,0
BRDA:230,25,0,0
BRDA:230,25,1,0
BRDA:232,26,0,0
BRDA:232,26,1,0
BRDA:235,27,0,0
BRDA:235,27,1,0
BRDA:239,28,0,0
BRDA:239,28,1,0
BRDA:244,29,0,0
BRDA:244,29,1,0
BRDA:269,30,0,0
BRDA:269,30,1,0
BRDA:270,31,0,0
BRDA:270,31,1,0
BRDA:274,32,0,0
BRDA:278,33,0,0
BRDA:278,33,1,0
BRDA:281,34,0,0
BRDA:281,34,1,0
BRDA:282,35,0,0
BRDA:282,35,1,0
BRDA:283,36,0,0
BRDA:283,36,1,0
BRDA:284,37,0,0
BRDA:284,37,1,0
BRDA:285,38,0,0
BRDA:285,38,1,0
BRDA:286,39,0,0
BRDA:286,39,1,0
BRDA:287,40,0,0
BRDA:287,40,1,0
BRDA:322,41,0,0
BRDA:322,41,1,0
BRDA:331,42,0,0
BRDA:331,42,1,0
BRDA:334,43,0,0
BRDA:334,43,1,0
BRDA:339,44,0,0
BRDA:339,44,1,0
BRDA:343,45,0,0
BRDA:343,45,1,0
BRDA:343,46,0,0
BRDA:343,46,1,0
BRDA:353,47,0,0
BRDA:353,47,1,0
BRDA:357,48,0,0
BRDA:357,48,1,0
BRDA:360,49,0,0
BRDA:360,49,1,0
BRDA:360,50,0,0
BRDA:360,50,1,0
BRDA:371,51,0,0
BRDA:371,51,1,0
BRDA:372,52,0,0
BRDA:372,52,1,0
BRDA:396,53,0,0
BRDA:396,53,1,0
BRDA:399,54,0,0
BRDA:399,54,1,0
BRDA:400,55,0,0
BRDA:400,55,1,0
BRDA:403,56,0,0
BRDA:403,56,1,0
BRDA:430,57,0,0
BRDA:430,57,1,0
BRDA:431,58,0,0
BRDA:431,58,1,0
BRDA:451,59,0,0
BRDA:451,59,1,0
BRDA:452,60,0,0
BRDA:452,60,1,0
BRDA:453,61,0,0
BRDA:453,61,1,0
BRDA:454,62,0,0
BRDA:454,62,1,0
BRDA:463,63,0,0
BRDA:463,63,1,0
BRDA:465,64,0,0
BRDA:465,64,1,0
BRDA:506,65,0,0
BRDA:506,65,1,0
BRDA:513,66,0,0
BRDA:513,66,1,0
BRDA:520,67,0,0
BRDA:520,67,1,0
BRDA:527,68,0,0
BRDA:527,68,1,0
BRDA:535,69,0,0
BRDA:535,69,1,0
BRDA:536,70,0,0
BRDA:536,70,1,0
BRDA:537,71,0,0
BRDA:537,71,1,0
BRDA:538,72,0,0
BRDA:538,72,1,0
BRDA:555,73,0,0
BRDA:555,73,1,0
BRDA:557,74,0,0
BRDA:557,74,1,0
BRDA:559,75,0,0
BRDA:559,75,1,0
BRDA:560,76,0,0
BRDA:560,76,1,0
BRDA:563,77,0,0
BRDA:563,77,1,0
BRDA:564,78,0,0
BRDA:564,78,1,0
BRDA:567,79,0,0
BRDA:567,79,1,0
BRDA:569,80,0,0
BRDA:569,80,1,0
BRDA:573,81,0,0
BRDA:573,81,1,0
BRDA:574,82,0,0
BRDA:574,82,1,0
BRDA:607,83,0,0
BRDA:607,83,1,0
BRDA:611,84,0,0
BRDA:611,84,1,0
BRDA:612,85,0,0
BRDA:612,85,1,0
BRDA:621,86,0,0
BRDA:621,86,1,0
BRDA:630,87,0,0
BRDA:630,87,1,0
BRDA:630,88,0,0
BRDA:630,88,1,0
BRDA:633,89,0,0
BRDA:633,89,1,0
BRDA:637,90,0,0
BRDA:637,90,1,0
BRDA:639,91,0,0
BRDA:639,91,1,0
BRDA:641,92,0,0
BRDA:641,92,1,0
BRDA:657,93,0,0
BRDA:662,94,0,0
BRDA:662,94,1,0
BRDA:663,95,0,0
BRDA:663,95,1,0
BRDA:668,96,0,0
BRDA:668,96,1,0
BRDA:669,97,0,0
BRDA:669,97,1,0
BRDA:669,97,2,0
BRDA:675,98,0,0
BRDA:675,98,1,0
BRDA:675,99,0,0
BRDA:675,99,1,0
BRDA:678,100,0,0
BRDA:678,100,1,0
BRDA:682,101,0,0
BRDA:682,101,1,0
BRDA:683,102,0,0
BRDA:683,102,1,0
BRDA:684,103,0,0
BRDA:684,103,1,0
BRDA:687,104,0,0
BRDA:687,104,1,0
BRDA:688,105,0,0
BRDA:688,105,1,0
BRDA:692,106,0,0
BRDA:692,106,1,0
BRDA:692,107,0,0
BRDA:692,107,1,0
BRDA:693,108,0,0
BRDA:693,108,1,0
BRDA:693,109,0,0
BRDA:693,109,1,0
BRDA:694,110,0,0
BRDA:694,110,1,0
BRDA:696,111,0,0
BRDA:696,111,1,0
BRDA:699,112,0,0
BRDA:699,112,1,0
BRDA:699,113,0,0
BRDA:699,113,1,0
BRDA:703,114,0,0
BRDA:703,114,1,0
BRDA:706,115,0,0
BRDA:706,115,1,0
BRDA:706,116,0,0
BRDA:706,116,1,0
BRDA:710,117,0,0
BRDA:710,117,1,0
BRDA:711,118,0,0
BRDA:711,118,1,0
BRDA:711,118,2,0
BRDA:712,119,0,0
BRDA:712,119,1,0
BRDA:713,120,0,0
BRDA:713,120,1,0
BRDA:717,121,0,0
BRDA:717,121,1,0
BRDA:718,122,0,0
BRDA:718,122,1,0
BRDA:718,122,2,0
BRDA:721,123,0,0
BRDA:721,123,1,0
BRDA:724,124,0,0
BRDA:724,124,1,0
BRDA:724,125,0,0
BRDA:724,125,1,0
BRDA:729,126,0,0
BRDA:729,126,1,0
BRDA:733,127,0,0
BRDA:733,127,1,0
BRDA:734,128,0,0
BRDA:734,128,1,0
BRDA:745,129,0,0
BRDA:745,129,1,0
BRDA:746,130,0,0
BRDA:746,130,1,0
BRDA:747,131,0,0
BRDA:747,131,1,0
BRDA:788,132,0,0
BRDA:788,132,1,0
BRDA:791,133,0,0
BRDA:791,133,1,0
BRDA:799,134,0,0
BRDA:799,134,1,0
BRDA:800,135,0,0
BRDA:800,135,1,0
BRDA:809,136,0,0
BRDA:809,136,1,0
BRDA:823,137,0,0
BRDA:823,137,1,0
BRDA:825,138,0,0
BRDA:825,138,1,0
BRDA:830,139,0,0
BRDA:830,139,1,0
BRDA:841,140,0,0
BRDA:841,140,1,0
BRDA:852,141,0,0
BRDA:852,141,1,0
BRDA:852,142,0,0
BRDA:852,142,1,0
BRDA:856,143,0,0
BRDA:856,143,1,0
BRDA:857,144,0,0
BRDA:857,144,1,0
BRDA:861,145,0,0
BRDA:861,145,1,0
BRDA:862,146,0,0
BRDA:862,146,1,0
BRDA:864,147,0,0
BRDA:864,147,1,0
BRDA:865,148,0,0
BRDA:865,148,1,0
BRDA:868,149,0,0
BRDA:868,149,1,0
BRDA:872,150,0,0
BRDA:872,150,1,0
BRDA:887,151,0,0
BRDA:887,151,1,0
BRDA:892,152,0,0
BRDA:892,152,1,0
BRDA:895,153,0,0
BRDA:895,153,1,0
BRDA:896,154,0,0
BRDA:896,154,1,0
BRDA:898,155,0,0
BRDA:898,155,1,0
BRDA:899,156,0,0
BRDA:899,156,1,0
BRDA:902,157,0,0
BRDA:902,157,1,0
BRDA:906,158,0,0
BRDA:906,158,1,0
BRDA:912,159,0,0
BRDA:912,159,1,0
BRDA:912,160,0,0
BRDA:912,160,1,0
BRDA:922,161,0,0
BRDA:922,161,1,0
BRDA:925,162,0,0
BRDA:925,162,1,0
BRDA:932,163,0,0
BRDA:932,163,1,0
BRDA:933,164,0,0
BRDA:933,164,1,0
BRDA:958,165,0,0
BRDA:958,165,1,0
BRDA:961,166,0,0
BRDA:961,166,1,0
BRDA:961,167,0,0
BRDA:961,167,1,0
BRDA:967,168,0,0
BRDA:967,168,1,0
BRDA:970,169,0,0
BRDA:970,169,1,0
BRDA:970,170,0,0
BRDA:970,170,1,0
BRDA:973,171,0,0
BRDA:973,171,1,0
BRDA:973,171,2,0
BRDA:976,172,0,0
BRDA:976,172,1,0
BRDA:980,173,0,0
BRDA:980,173,1,0
BRDA:981,174,0,0
BRDA:981,174,1,0
BRDA:982,175,0,0
BRDA:982,175,1,0
BRDA:983,176,0,0
BRDA:983,176,1,0
BRDA:990,177,0,0
BRDA:990,177,1,0
BRDA:1009,178,0,0
BRDA:1009,178,1,0
BRDA:1015,179,0,0
BRDA:1015,179,1,0
BRDA:1016,180,0,0
BRDA:1016,180,1,0
BRDA:1029,181,0,0
BRDA:1029,181,1,0
BRDA:1048,182,0,0
BRDA:1048,182,1,0
BRF:368
BRH:0
end_of_record
TN:
SF:web-files/DocumentGovernance.js
FN:6,(anonymous_0)
FN:10,(anonymous_1)
FN:11,(anonymous_2)
FN:12,(anonymous_3)
FN:16,(anonymous_4)
FN:17,(anonymous_5)
FN:17,(anonymous_6)
FN:18,(anonymous_7)
FN:23,(anonymous_8)
FNF:9
FNH:5
FNDA:1,(anonymous_0)
FNDA:1,(anonymous_1)
FNDA:0,(anonymous_2)
FNDA:0,(anonymous_3)
FNDA:1,(anonymous_4)
FNDA:1,(anonymous_5)
FNDA:0,(anonymous_6)
FNDA:0,(anonymous_7)
FNDA:1,(anonymous_8)
DA:4,1
DA:7,1
DA:8,1
DA:10,1
DA:11,0
DA:12,0
DA:15,1
DA:16,1
DA:17,1
DA:18,0
DA:21,1
DA:22,1
DA:23,1
LF:13
LH:10
BRDA:7,0,0,0
BRDA:7,0,1,1
BRF:2
BRH:1
end_of_record
TN:
SF:web-files/ReviewBoard.js
FN:6,(anonymous_0)
FN:9,(anonymous_1)
FN:21,(anonymous_2)
FN:26,(anonymous_3)
FN:64,(anonymous_4)
FN:109,(anonymous_5)
FN:113,(anonymous_6)
FN:115,(anonymous_7)
FN:116,(anonymous_8)
FN:122,(anonymous_9)
FN:130,(anonymous_10)
FN:131,(anonymous_11)
FN:134,(anonymous_12)
FN:180,(anonymous_13)
FN:184,(anonymous_14)
FN:189,(anonymous_15)
FN:212,(anonymous_16)
FN:216,(anonymous_17)
FN:216,(anonymous_18)
FN:229,(anonymous_19)
FN:252,(anonymous_20)
FN:253,(anonymous_21)
FN:272,(anonymous_22)
FN:277,(anonymous_23)
FN:278,(anonymous_24)
FN:281,(anonymous_25)
FN:292,(anonymous_26)
FN:303,(anonymous_27)
FN:307,(anonymous_28)
FN:309,(anonymous_29)
FN:355,(anonymous_30)
FN:368,(anonymous_31)
FN:374,(anonymous_32)
FN:386,(anonymous_33)
FN:432,(anonymous_34)
FN:434,(anonymous_35)
FN:447,(anonymous_36)
FN:459,(anonymous_37)
FN:460,(anonymous_38)
FN:478,(anonymous_39)
FN:482,(anonymous_40)
FN:489,(anonymous_41)
FN:510,(anonymous_42)
FN:519,(anonymous_43)
FN:598,(anonymous_44)
FN:599,(anonymous_45)
FN:621,(anonymous_46)
FN:623,(anonymous_47)
FN:630,(anonymous_48)
FN:637,(anonymous_49)
FN:641,(anonymous_50)
FN:649,(anonymous_51)
FN:650,(anonymous_52)
FN:670,(anonymous_53)
FN:671,(anonymous_54)
FN:685,(anonymous_55)
FN:710,(anonymous_56)
FN:865,(anonymous_57)
FN:876,(anonymous_58)
FN:878,(anonymous_59)
FN:901,(anonymous_60)
FN:904,(anonymous_61)
FN:905,(anonymous_62)
FN:907,(anonymous_63)
FN:912,(anonymous_64)
FN:916,(anonymous_65)
FN:921,(anonymous_66)
FN:927,(anonymous_67)
FN:964,(anonymous_68)
FN:988,(anonymous_69)
FN:989,(anonymous_70)
FNF:71
FNH:2
FNDA:0,(anonymous_0)
FNDA:0,(anonymous_1)
FNDA:0,(anonymous_2)
FNDA:0,(anonymous_3)
FNDA:0,(anonymous_4)
FNDA:0,(anonymous_5)
FNDA:0,(anonymous_6)
FNDA:0,(anonymous_7)
FNDA:0,(anonymous_8)
FNDA:0,(anonymous_9)
FNDA:0,(anonymous_10)
FNDA:0,(anonymous_11)
FNDA:0,(anonymous_12)
FNDA:0,(anonymous_13)
FNDA:0,(anonymous_14)
FNDA:1,(anonymous_15)
FNDA:0,(anonymous_16)
FNDA:0,(anonymous_17)
FNDA:0,(anonymous_18)
FNDA:0,(anonymous_19)
FNDA:0,(anonymous_20)
FNDA:0,(anonymous_21)
FNDA:0,(anonymous_22)
FNDA:0,(anonymous_23)
FNDA:0,(anonymous_24)
FNDA:0,(anonymous_25)
FNDA:0,(anonymous_26)
FNDA:0,(anonymous_27)
FNDA:0,(anonymous_28)
FNDA:0,(anonymous_29)
FNDA:0,(anonymous_30)
FNDA:0,(anonymous_31)
FNDA:0,(anonymous_32)
FNDA:0,(anonymous_33)
FNDA:0,(anonymous_34)
FNDA:0,(anonymous_35)
FNDA:0,(anonymous_36)
FNDA:0,(anonymous_37)
FNDA:0,(anonymous_38)
FNDA:0,(anonymous_39)
FNDA:0,(anonymous_40)
FNDA:0,(anonymous_41)
FNDA:0,(anonymous_42)
FNDA:0,(anonymous_43)
FNDA:0,(anonymous_44)
FNDA:0,(anonymous_45)
FNDA:0,(anonymous_46)
FNDA:0,(anonymous_47)
FNDA:0,(anonymous_48)
FNDA:0,(anonymous_49)
FNDA:0,(anonymous_50)
FNDA:0,(anonymous_51)
FNDA:0,(anonymous_52)
FNDA:0,(anonymous_53)
FNDA:0,(anonymous_54)
FNDA:0,(anonymous_55)
FNDA:0,(anonymous_56)
FNDA:0,(anonymous_57)
FNDA:0,(anonymous_58)
FNDA:0,(anonymous_59)
FNDA:0,(anonymous_60)
FNDA:0,(anonymous_61)
FNDA:0,(anonymous_62)
FNDA:0,(anonymous_63)
FNDA:0,(anonymous_64)
FNDA:0,(anonymous_65)
FNDA:0,(anonymous_66)
FNDA:0,(anonymous_67)
FNDA:0,(anonymous_68)
FNDA:1,(anonymous_69)
FNDA:0,(anonymous_70)
DA:5,1
DA:8,0
DA:9,0
DA:10,0
DA:11,0
DA:14,0
DA:15,0
DA:16,0
DA:18,0
DA:22,0
DA:23,0
DA:27,0
DA:29,0
DA:51,0
DA:54,0
DA:55,0
DA:59,1
DA:65,0
DA:66,0
DA:67,0
DA:69,0
DA:70,0
DA:72,0
DA:108,0
DA:109,0
DA:110,0
DA:114,0
DA:115,0
DA:116,0
DA:117,0
DA:118,0
DA:119,0
DA:120,0
DA:122,0
DA:124,0
DA:125,0
DA:126,0
DA:130,0
DA:131,0
DA:135,0
DA:136,0
DA:137,0
DA:139,0
DA:140,0
DA:141,0
DA:142,0
DA:145,0
DA:146,0
DA:148,0
DA:157,0
DA:158,0
DA:159,0
DA:169,0
DA:170,0
DA:171,0
DA:174,0
DA:176,0
DA:181,0
DA:182,0
DA:183,0
DA:184,0
DA:189,1
DA:190,1
DA:213,0
DA:214,0
DA:215,0
DA:216,0
DA:218,0
DA:222,0
DA:224,0
DA:226,0
DA:230,0
DA:233,0
DA:235,0
DA:237,0
DA:238,0
DA:241,0
DA:242,0
DA:245,0
DA:248,0
DA:249,0
DA:250,0
DA:252,0
DA:253,0
DA:254,0
DA:255,0
DA:256,0
DA:258,0
DA:261,0
DA:264,0
DA:265,0
DA:273,0
DA:274,0
DA:276,0
DA:277,0
DA:278,0
DA:282,0
DA:283,0
DA:284,0
DA:293,0
DA:294,0
DA:300,0
DA:304,0
DA:308,0
DA:309,0
DA:310,0
DA:313,0
DA:314,0
DA:315,0
DA:316,0
DA:319,0
DA:327,0
DA:328,0
DA:330,0
DA:333,0
DA:334,0
DA:339,0
DA:340,0
DA:343,0
DA:344,0
DA:347,0
DA:351,0
DA:352,0
DA:356,0
DA:357,0
DA:358,0
DA:364,0
DA:365,0
DA:366,0
DA:368,0
DA:374,0
DA:376,0
DA:379,0
DA:387,0
DA:389,0
DA:428,0
DA:429,0
DA:433,0
DA:434,0
DA:435,0
DA:436,0
DA:437,0
DA:438,0
DA:444,0
DA:448,0
DA:460,0
DA:475,0
DA:479,0
DA:481,0
DA:482,0
DA:483,0
DA:486,0
DA:489,0
DA:490,0
DA:491,0
DA:492,0
DA:494,0
DA:500,0
DA:502,0
DA:510,0
DA:512,0
DA:513,0
DA:515,0
DA:519,0
DA:520,0
DA:521,0
DA:522,0
DA:523,0
DA:525,0
DA:526,0
DA:527,0
DA:528,0
DA:530,0
DA:531,0
DA:534,0
DA:535,0
DA:536,0
DA:537,0
DA:538,0
DA:540,0
DA:542,0
DA:548,0
DA:549,0
DA:562,0
DA:598,0
DA:599,0
DA:601,0
DA:602,0
DA:604,0
DA:621,0
DA:622,0
DA:623,0
DA:626,0
DA:627,0
DA:630,0
DA:634,0
DA:638,0
DA:640,0
DA:641,0
DA:642,0
DA:645,0
DA:646,0
DA:647,0
DA:649,0
DA:650,0
DA:651,0
DA:652,0
DA:655,0
DA:660,0
DA:663,0
DA:664,0
DA:665,0
DA:666,0
DA:670,0
DA:671,0
DA:672,0
DA:673,0
DA:675,0
DA:676,0
DA:678,0
DA:679,0
DA:680,0
DA:681,0
DA:682,0
DA:683,0
DA:685,0
DA:688,0
DA:689,0
DA:690,0
DA:691,0
DA:692,0
DA:695,0
DA:708,0
DA:711,0
DA:712,0
DA:713,0
DA:715,0
DA:716,0
DA:718,0
DA:735,0
DA:805,0
DA:818,0
DA:861,0
DA:862,0
DA:866,0
DA:867,0
DA:873,0
DA:874,0
DA:876,0
DA:878,0
DA:879,0
DA:881,0
DA:882,0
DA:883,0
DA:885,0
DA:886,0
DA:887,0
DA:889,0
DA:890,0
DA:893,0
DA:894,0
DA:902,0
DA:904,0
DA:905,0
DA:907,0
DA:908,0
DA:909,0
DA:912,0
DA:913,0
DA:914,0
DA:916,0
DA:917,0
DA:918,0
DA:921,0
DA:922,0
DA:923,0
DA:925,0
DA:926,0
DA:927,0
DA:929,0
DA:930,0
DA:931,0
DA:934,0
DA:935,0
DA:937,0
DA:938,0
DA:943,0
DA:945,0
DA:953,0
DA:962,0
DA:963,0
DA:964,0
DA:965,0
DA:967,0
DA:968,0
DA:970,0
DA:971,0
DA:972,0
DA:975,0
DA:978,0
DA:979,0
DA:980,0
DA:986,1
DA:988,1
DA:989,1
DA:990,0
DA:991,0
DA:992,0
LF:308
LH:7
BRDA:11,0,0,0
BRDA:11,0,1,0
BRDA:14,1,0,0
BRDA:14,1,1,0
BRDA:23,2,0,0
BRDA:23,2,1,0
BRDA:27,3,0,0
BRDA:27,3,1,0
BRDA:70,4,0,0
BRDA:70,4,1,0
BRDA:119,5,0,0
BRDA:119,5,1,0
BRDA:125,6,0,0
BRDA:125,6,1,0
BRDA:152,7,0,0
BRDA:152,7,1,0
BRDA:153,8,0,0
BRDA:153,8,1,0
BRDA:158,9,0,0
BRDA:158,9,1,0
BRDA:169,10,0,0
BRDA:169,10,1,0
BRDA:170,11,0,0
BRDA:170,11,1,0
BRDA:170,12,0,0
BRDA:170,12,1,0
BRDA:182,13,0,0
BRDA:182,13,1,0
BRDA:216,14,0,0
BRDA:216,14,1,0
BRDA:222,15,0,0
BRDA:222,15,1,0
BRDA:237,16,0,0
BRDA:237,16,1,0
BRDA:252,17,0,0
BRDA:252,17,1,0
BRDA:252,18,0,0
BRDA:252,18,1,0
BRDA:252,19,0,0
BRDA:252,19,1,0
BRDA:253,20,0,0
BRDA:253,20,1,0
BRDA:255,21,0,0
BRDA:255,21,1,0
BRDA:283,22,0,0
BRDA:283,22,1,0
BRDA:300,23,0,0
BRDA:300,23,1,0
BRDA:310,24,0,0
BRDA:310,24,1,0
BRDA:323,25,0,0
BRDA:323,25,1,0
BRDA:339,26,0,0
BRDA:339,26,1,0
BRDA:364,27,0,0
BRDA:364,27,1,0
BRDA:436,28,0,0
BRDA:436,28,1,0
BRDA:439,29,0,0
BRDA:439,29,1,0
BRDA:479,30,0,0
BRDA:479,30,1,0
BRDA:483,31,0,0
BRDA:483,31,1,0
BRDA:486,32,0,0
BRDA:486,32,1,0
BRDA:490,33,0,0
BRDA:490,33,1,0
BRDA:491,34,0,0
BRDA:491,34,1,0
BRDA:491,34,2,0
BRDA:491,34,3,0
BRDA:492,35,0,0
BRDA:492,35,1,0
BRDA:492,35,2,0
BRDA:500,36,0,0
BRDA:500,36,1,0
BRDA:500,37,0,0
BRDA:500,37,1,0
BRDA:510,38,0,0
BRDA:510,38,1,0
BRDA:510,39,0,0
BRDA:510,39,1,0
BRDA:513,40,0,0
BRDA:513,40,1,0
BRDA:513,41,0,0
BRDA:513,41,1,0
BRDA:513,41,2,0
BRDA:519,42,0,0
BRDA:520,43,0,0
BRDA:520,43,1,0
BRDA:520,43,2,0
BRDA:520,43,3,0
BRDA:520,43,4,0
BRDA:521,44,0,0
BRDA:521,44,1,0
BRDA:521,44,2,0
BRDA:521,44,3,0
BRDA:522,45,0,0
BRDA:522,45,1,0
BRDA:522,45,2,0
BRDA:523,46,0,0
BRDA:523,46,1,0
BRDA:525,47,0,0
BRDA:525,47,1,0
BRDA:526,48,0,0
BRDA:526,48,1,0
BRDA:527,49,0,0
BRDA:527,49,1,0
BRDA:528,50,0,0
BRDA:528,50,1,0
BRDA:531,51,0,0
BRDA:531,51,1,0
BRDA:534,52,0,0
BRDA:534,52,1,0
BRDA:536,53,0,0
BRDA:536,53,1,0
BRDA:537,54,0,0
BRDA:537,54,1,0
BRDA:538,55,0,0
BRDA:538,55,1,0
BRDA:542,56,0,0
BRDA:542,56,1,0
BRDA:542,57,0,0
BRDA:542,57,1,0
BRDA:548,58,0,0
BRDA:548,58,1,0
BRDA:548,58,2,0
BRDA:549,59,0,0
BRDA:549,59,1,0
BRDA:549,60,0,0
BRDA:549,60,1,0
BRDA:549,60,2,0
BRDA:553,61,0,0
BRDA:553,61,1,0
BRDA:577,62,0,0
BRDA:577,62,1,0
BRDA:599,63,0,0
BRDA:599,63,1,0
BRDA:599,64,0,0
BRDA:599,64,1,0
BRDA:601,65,0,0
BRDA:601,65,1,0
BRDA:622,66,0,0
BRDA:622,66,1,0
BRDA:622,67,0,0
BRDA:622,67,1,0
BRDA:626,68,0,0
BRDA:626,68,1,0
BRDA:638,69,0,0
BRDA:638,69,1,0
BRDA:642,70,0,0
BRDA:642,70,1,0
BRDA:649,71,0,0
BRDA:649,71,1,0
BRDA:650,72,0,0
BRDA:650,72,1,0
BRDA:651,73,0,0
BRDA:651,73,1,0
BRDA:651,73,2,0
BRDA:663,74,0,0
BRDA:663,74,1,0
BRDA:663,74,2,0
BRDA:663,74,3,0
BRDA:663,74,4,0
BRDA:665,75,0,0
BRDA:665,75,1,0
BRDA:666,76,0,0
BRDA:666,76,1,0
BRDA:670,77,0,0
BRDA:670,77,1,0
BRDA:670,77,2,0
BRDA:671,78,0,0
BRDA:671,78,1,0
BRDA:671,78,2,0
BRDA:678,79,0,0
BRDA:678,79,1,0
BRDA:681,80,0,0
BRDA:681,80,1,0
BRDA:689,81,0,0
BRDA:689,81,1,0
BRDA:690,82,0,0
BRDA:690,82,1,0
BRDA:691,83,0,0
BRDA:691,83,1,0
BRDA:692,84,0,0
BRDA:692,84,1,0
BRDA:695,85,0,0
BRDA:695,85,1,0
BRDA:703,86,0,0
BRDA:703,86,1,0
BRDA:704,87,0,0
BRDA:704,87,1,0
BRDA:708,88,0,0
BRDA:708,88,1,0
BRDA:713,89,0,0
BRDA:713,89,1,0
BRDA:713,90,0,0
BRDA:713,90,1,0
BRDA:713,91,0,0
BRDA:713,91,1,0
BRDA:713,92,0,0
BRDA:713,92,1,0
BRDA:716,93,0,0
BRDA:716,93,1,0
BRDA:721,94,0,0
BRDA:721,94,1,0
BRDA:724,95,0,0
BRDA:724,95,1,0
BRDA:725,96,0,0
BRDA:725,96,1,0
BRDA:758,97,0,0
BRDA:758,97,1,0
BRDA:784,98,0,0
BRDA:784,98,1,0
BRDA:796,99,0,0
BRDA:796,99,1,0
BRDA:797,100,0,0
BRDA:797,100,1,0
BRDA:824,101,0,0
BRDA:824,101,1,0
BRDA:827,102,0,0
BRDA:827,102,1,0
BRDA:842,103,0,0
BRDA:842,103,1,0
BRDA:842,104,0,0
BRDA:842,104,1,0
BRDA:848,105,0,0
BRDA:848,105,1,0
BRDA:849,106,0,0
BRDA:849,106,1,0
BRDA:883,107,0,0
BRDA:883,107,1,0
BRDA:885,108,0,0
BRDA:885,108,1,0
BRDA:893,109,0,0
BRDA:893,109,1,0
BRDA:894,110,0,0
BRDA:894,110,1,0
BRDA:923,111,0,0
BRDA:923,111,1,0
BRDA:929,112,0,0
BRDA:929,112,1,0
BRDA:929,113,0,0
BRDA:929,113,1,0
BRDA:939,114,0,0
BRDA:939,114,1,0
BRDA:940,115,0,0
BRDA:940,115,1,0
BRDA:941,116,0,0
BRDA:941,116,1,0
BRDA:943,117,0,0
BRDA:943,117,1,0
BRDA:947,118,0,0
BRDA:947,118,1,0
BRDA:950,119,0,0
BRDA:950,119,1,0
BRDA:962,120,0,0
BRDA:962,120,1,0
BRDA:967,121,0,0
BRDA:967,121,1,0
BRDA:990,122,0,0
BRDA:990,122,1,0
BRDA:990,123,0,0
BRDA:990,123,1,0
BRDA:990,123,2,0
BRDA:990,123,3,0
BRF:267
BRH:0
end_of_record
TN:
SF:web-files/SubmissionApp.js
FN:2,(anonymous_0)
FN:4,(anonymous_1)
FN:16,(anonymous_2)
FN:21,(anonymous_3)
FN:55,(anonymous_4)
FN:70,(anonymous_5)
FN:75,(anonymous_6)
FN:119,(anonymous_7)
FN:136,(anonymous_8)
FN:147,(anonymous_9)
FN:166,(anonymous_10)
FN:170,(anonymous_11)
FN:174,(anonymous_12)
FN:183,(anonymous_13)
FN:186,(anonymous_14)
FN:192,(anonymous_15)
FN:219,(anonymous_16)
FN:235,(anonymous_17)
FN:257,(anonymous_18)
FN:300,(anonymous_19)
FN:301,(anonymous_20)
FN:308,(anonymous_21)
FN:312,(anonymous_22)
FN:316,(anonymous_23)
FN:331,(anonymous_24)
FN:333,(anonymous_25)
FN:342,(anonymous_26)
FN:367,(anonymous_27)
FN:392,(anonymous_28)
FN:417,(anonymous_29)
FN:424,(anonymous_30)
FN:431,(anonymous_31)
FN:440,(anonymous_32)
FN:521,(anonymous_33)
FN:552,(anonymous_34)
FN:636,(anonymous_35)
FN:649,(anonymous_36)
FN:660,(anonymous_37)
FN:661,(anonymous_38)
FN:694,(anonymous_39)
FN:705,(anonymous_40)
FN:706,(anonymous_41)
FNF:42
FNH:1
FNDA:0,(anonymous_0)
FNDA:0,(anonymous_1)
FNDA:0,(anonymous_2)
FNDA:0,(anonymous_3)
FNDA:0,(anonymous_4)
FNDA:0,(anonymous_5)
FNDA:0,(anonymous_6)
FNDA:0,(anonymous_7)
FNDA:0,(anonymous_8)
FNDA:0,(anonymous_9)
FNDA:0,(anonymous_10)
FNDA:0,(anonymous_11)
FNDA:0,(anonymous_12)
FNDA:0,(anonymous_13)
FNDA:0,(anonymous_14)
FNDA:0,(anonymous_15)
FNDA:0,(anonymous_16)
FNDA:0,(anonymous_17)
FNDA:0,(anonymous_18)
FNDA:0,(anonymous_19)
FNDA:0,(anonymous_20)
FNDA:0,(anonymous_21)
FNDA:0,(anonymous_22)
FNDA:0,(anonymous_23)
FNDA:0,(anonymous_24)
FNDA:0,(anonymous_25)
FNDA:0,(anonymous_26)
FNDA:0,(anonymous_27)
FNDA:0,(anonymous_28)
FNDA:0,(anonymous_29)
FNDA:0,(anonymous_30)
FNDA:0,(anonymous_31)
FNDA:0,(anonymous_32)
FNDA:0,(anonymous_33)
FNDA:0,(anonymous_34)
FNDA:0,(anonymous_35)
FNDA:0,(anonymous_36)
FNDA:0,(anonymous_37)
FNDA:0,(anonymous_38)
FNDA:0,(anonymous_39)
FNDA:1,(anonymous_40)
FNDA:0,(anonymous_41)
DA:1,1
DA:3,0
DA:4,0
DA:5,0
DA:6,0
DA:9,0
DA:10,0
DA:11,0
DA:13,0
DA:17,0
DA:18,0
DA:22,0
DA:24,0
DA:40,0
DA:41,0
DA:42,0
DA:46,1
DA:56,0
DA:57,0
DA:59,0
DA:71,0
DA:72,0
DA:73,0
DA:75,0
DA:77,0
DA:78,0
DA:79,0
DA:85,0
DA:88,0
DA:89,0
DA:92,0
DA:98,0
DA:100,0
DA:101,0
DA:102,0
DA:103,0
DA:104,0
DA:106,0
DA:107,0
DA:108,0
DA:110,0
DA:111,0
DA:112,0
DA:115,0
DA:116,0
DA:120,0
DA:121,0
DA:122,0
DA:123,0
DA:125,0
DA:126,0
DA:127,0
DA:128,0
DA:130,0
DA:131,0
DA:132,0
DA:137,0
DA:138,0
DA:139,0
DA:141,0
DA:142,0
DA:143,0
DA:144,0
DA:145,0
DA:147,0
DA:148,0
DA:149,0
DA:150,0
DA:151,0
DA:152,0
DA:154,0
DA:158,0
DA:161,0
DA:162,0
DA:167,0
DA:168,0
DA:170,0
DA:171,0
DA:174,0
DA:175,0
DA:177,0
DA:179,0
DA:180,0
DA:182,0
DA:183,0
DA:185,0
DA:186,0
DA:189,0
DA:192,0
DA:193,0
DA:194,0
DA:196,0
DA:198,0
DA:199,0
DA:201,0
DA:202,0
DA:203,0
DA:205,0
DA:206,0
DA:207,0
DA:209,0
DA:210,0
DA:213,0
DA:214,0
DA:215,0
DA:219,0
DA:220,0
DA:221,0
DA:222,0
DA:224,0
DA:225,0
DA:226,0
DA:227,0
DA:230,0
DA:232,0
DA:233,0
DA:234,0
DA:235,0
DA:236,0
DA:237,0
DA:238,0
DA:239,0
DA:240,0
DA:241,0
DA:242,0
DA:248,0
DA:250,0
DA:251,0
DA:253,0
DA:257,0
DA:258,0
DA:259,0
DA:260,0
DA:261,0
DA:263,0
DA:264,0
DA:265,0
DA:266,0
DA:268,0
DA:269,0
DA:270,0
DA:271,0
DA:272,0
DA:273,0
DA:275,0
DA:276,0
DA:279,0
DA:282,0
DA:283,0
DA:284,0
DA:287,0
DA:288,0
DA:290,0
DA:291,0
DA:294,0
DA:297,0
DA:301,0
DA:302,0
DA:309,0
DA:310,0
DA:311,0
DA:312,0
DA:313,0
DA:317,0
DA:332,0
DA:333,0
DA:334,0
DA:335,0
DA:336,0
DA:337,0
DA:343,0
DA:344,0
DA:345,0
DA:347,0
DA:348,0
DA:350,0
DA:351,0
DA:352,0
DA:354,0
DA:355,0
DA:367,0
DA:368,0
DA:369,0
DA:370,0
DA:373,0
DA:374,0
DA:375,0
DA:376,0
DA:377,0
DA:382,0
DA:383,0
DA:385,0
DA:388,0
DA:389,0
DA:393,0
DA:395,0
DA:404,0
DA:405,0
DA:418,0
DA:419,0
DA:420,0
DA:421,0
DA:425,0
DA:426,0
DA:427,0
DA:428,0
DA:432,0
DA:441,0
DA:442,0
DA:445,0
DA:447,0
DA:451,0
DA:455,0
DA:456,0
DA:458,0
DA:460,0
DA:461,0
DA:462,0
DA:464,0
DA:465,0
DA:468,0
DA:470,0
DA:477,0
DA:478,0
DA:479,0
DA:482,0
DA:486,0
DA:487,0
DA:488,0
DA:490,0
DA:491,0
DA:493,0
DA:494,0
DA:500,0
DA:501,0
DA:502,0
DA:504,0
DA:505,0
DA:506,0
DA:515,0
DA:516,0
DA:517,0
DA:522,0
DA:523,0
DA:525,0
DA:527,0
DA:528,0
DA:529,0
DA:531,0
DA:532,0
DA:534,0
DA:535,0
DA:536,0
DA:538,0
DA:540,0
DA:541,0
DA:545,0
DA:548,0
DA:553,0
DA:555,0
DA:556,0
DA:557,0
DA:560,0
DA:561,0
DA:563,0
DA:564,0
DA:566,0
DA:567,0
DA:569,0
DA:570,0
DA:573,0
DA:575,0
DA:576,0
DA:577,0
DA:579,0
DA:581,0
DA:584,0
DA:589,0
DA:590,0
DA:592,0
DA:593,0
DA:594,0
DA:597,0
DA:600,0
DA:601,0
DA:602,0
DA:603,0
DA:604,0
DA:608,0
DA:622,0
DA:624,0
DA:629,0
DA:631,0
DA:634,0
DA:635,0
DA:636,0
DA:638,0
DA:642,0
DA:643,0
DA:645,0
DA:650,0
DA:651,0
DA:652,0
DA:654,0
DA:655,0
DA:656,0
DA:657,0
DA:661,0
DA:664,0
DA:666,0
DA:687,0
DA:689,0
DA:695,0
DA:696,0
DA:697,0
DA:698,0
DA:699,0
DA:703,1
DA:705,1
DA:706,1
DA:707,0
DA:713,0
DA:714,0
DA:715,0
DA:716,0
LF:325
LH:5
BRDA:6,0,0,0
BRDA:6,0,1,0
BRDA:9,1,0,0
BRDA:9,1,1,0
BRDA:18,2,0,0
BRDA:18,2,1,0
BRDA:22,3,0,0
BRDA:22,3,1,0
BRDA:77,4,0,0
BRDA:77,4,1,0
BRDA:100,5,0,0
BRDA:100,5,1,0
BRDA:108,6,0,0
BRDA:108,6,1,0
BRDA:110,7,0,0
BRDA:110,7,1,0
BRDA:125,8,0,0
BRDA:125,8,1,0
BRDA:127,9,0,0
BRDA:127,9,1,0
BRDA:128,10,0,0
BRDA:128,10,1,0
BRDA:131,11,0,0
BRDA:131,11,1,0
BRDA:141,12,0,0
BRDA:141,12,1,0
BRDA:148,13,0,0
BRDA:148,13,1,0
BRDA:148,14,0,0
BRDA:148,14,1,0
BRDA:151,15,0,0
BRDA:151,15,1,0
BRDA:151,16,0,0
BRDA:151,16,1,0
BRDA:151,16,2,0
BRDA:175,17,0,0
BRDA:175,17,1,0
BRDA:179,18,0,0
BRDA:179,18,1,0
BRDA:182,19,0,0
BRDA:182,19,1,0
BRDA:201,20,0,0
BRDA:201,20,1,0
BRDA:202,21,0,0
BRDA:202,21,1,0
BRDA:203,22,0,0
BRDA:203,22,1,0
BRDA:224,23,0,0
BRDA:224,23,1,0
BRDA:224,24,0,0
BRDA:224,24,1,0
BRDA:230,25,0,0
BRDA:230,25,1,0
BRDA:232,26,0,0
BRDA:232,26,1,0
BRDA:232,27,0,0
BRDA:232,27,1,0
BRDA:238,28,0,0
BRDA:238,28,1,0
BRDA:238,29,0,0
BRDA:238,29,1,0
BRDA:250,30,0,0
BRDA:250,30,1,0
BRDA:250,31,0,0
BRDA:250,31,1,0
BRDA:260,32,0,0
BRDA:260,32,1,0
BRDA:263,33,0,0
BRDA:263,33,1,0
BRDA:266,34,0,0
BRDA:266,34,1,0
BRDA:266,35,0,0
BRDA:266,35,1,0
BRDA:268,36,0,0
BRDA:268,36,1,0
BRDA:271,37,0,0
BRDA:271,37,1,0
BRDA:282,38,0,0
BRDA:282,38,1,0
BRDA:283,39,0,0
BRDA:283,39,1,0
BRDA:284,40,0,0
BRDA:284,40,1,0
BRDA:287,41,0,0
BRDA:287,41,1,0
BRDA:301,42,0,0
BRDA:301,42,1,0
BRDA:302,43,0,0
BRDA:302,43,1,0
BRDA:302,43,2,0
BRDA:302,44,0,0
BRDA:302,44,1,0
BRDA:309,45,0,0
BRDA:309,45,1,0
BRDA:310,46,0,0
BRDA:310,46,1,0
BRDA:311,47,0,0
BRDA:311,47,1,0
BRDA:335,48,0,0
BRDA:335,48,1,0
BRDA:350,49,0,0
BRDA:350,49,1,0
BRDA:354,50,0,0
BRDA:354,50,1,0
BRDA:354,51,0,0
BRDA:354,51,1,0
BRDA:364,52,0,0
BRDA:364,52,1,0
BRDA:373,53,0,0
BRDA:373,53,1,0
BRDA:382,54,0,0
BRDA:382,54,1,0
BRDA:404,55,0,0
BRDA:404,55,1,0
BRDA:421,56,0,0
BRDA:421,56,1,0
BRDA:432,57,0,0
BRDA:432,57,1,0
BRDA:432,57,2,0
BRDA:432,57,3,0
BRDA:432,57,4,0
BRDA:432,57,5,0
BRDA:445,58,0,0
BRDA:445,58,1,0
BRDA:447,59,0,0
BRDA:447,59,1,0
BRDA:451,60,0,0
BRDA:451,60,1,0
BRDA:460,61,0,0
BRDA:460,61,1,0
BRDA:462,62,0,0
BRDA:462,62,1,0
BRDA:465,63,0,0
BRDA:465,63,1,0
BRDA:477,64,0,0
BRDA:477,64,1,0
BRDA:478,65,0,0
BRDA:478,65,1,0
BRDA:482,66,0,0
BRDA:482,66,1,0
BRDA:482,67,0,0
BRDA:482,67,1,0
BRDA:490,68,0,0
BRDA:490,68,1,0
BRDA:497,69,0,0
BRDA:497,69,1,0
BRDA:500,70,0,0
BRDA:500,70,1,0
BRDA:501,71,0,0
BRDA:501,71,1,0
BRDA:505,72,0,0
BRDA:505,72,1,0
BRDA:515,73,0,0
BRDA:515,73,1,0
BRDA:517,74,0,0
BRDA:517,74,1,0
BRDA:523,75,0,0
BRDA:523,75,1,0
BRDA:525,76,0,0
BRDA:525,76,1,0
BRDA:535,77,0,0
BRDA:535,77,1,0
BRDA:538,78,0,0
BRDA:538,78,1,0
BRDA:552,79,0,0
BRDA:555,80,0,0
BRDA:555,80,1,0
BRDA:555,81,0,0
BRDA:555,81,1,0
BRDA:560,82,0,0
BRDA:560,82,1,0
BRDA:564,83,0,0
BRDA:564,83,1,0
BRDA:569,84,0,0
BRDA:569,84,1,0
BRDA:573,85,0,0
BRDA:573,85,1,0
BRDA:575,86,0,0
BRDA:575,86,1,0
BRDA:589,87,0,0
BRDA:589,87,1,0
BRDA:589,88,0,0
BRDA:589,88,1,0
BRDA:592,89,0,0
BRDA:592,89,1,0
BRDA:594,90,0,0
BRDA:594,90,1,0
BRDA:597,91,0,0
BRDA:597,91,1,0
BRDA:601,92,0,0
BRDA:601,92,1,0
BRDA:601,93,0,0
BRDA:601,93,1,0
BRDA:601,93,2,0
BRDA:603,94,0,0
BRDA:603,94,1,0
BRDA:603,95,0,0
BRDA:603,95,1,0
BRDA:609,96,0,0
BRDA:609,96,1,0
BRDA:612,97,0,0
BRDA:612,97,1,0
BRDA:615,98,0,0
BRDA:615,98,1,0
BRDA:616,99,0,0
BRDA:616,99,1,0
BRDA:634,100,0,0
BRDA:634,100,1,0
BRDA:642,101,0,0
BRDA:642,101,1,0
BRDA:643,102,0,0
BRDA:643,102,1,0
BRDA:645,103,0,0
BRDA:645,103,1,0
BRDA:697,104,0,0
BRDA:697,104,1,0
BRDA:707,105,0,0
BRDA:707,105,1,0
BRDA:707,106,0,0
BRDA:707,106,1,0
BRDA:707,106,2,0
BRDA:707,106,3,0
BRDA:707,106,4,0
BRF:223
BRH:0
end_of_record
TN:
SF:web-files/SubmissionCalc.js
FN:7,(anonymous_0)
FN:11,(anonymous_1)
FN:15,(anonymous_2)
FN:19,(anonymous_3)
FN:23,(anonymous_4)
FN:33,(anonymous_5)
FNF:6
FNH:1
FNDA:1,(anonymous_0)
FNDA:0,(anonymous_1)
FNDA:0,(anonymous_2)
FNDA:0,(anonymous_3)
FNDA:0,(anonymous_4)
FNDA:0,(anonymous_5)
DA:6,1
DA:8,1
DA:12,0
DA:16,0
DA:20,0
DA:24,0
DA:25,0
DA:26,0
DA:27,0
DA:28,0
DA:30,0
DA:31,0
DA:33,0
DA:34,0
DA:35,0
DA:38,0
DA:39,0
DA:44,1
LF:18
LH:3
BRDA:11,0,0,0
BRDA:15,1,0,0
BRDA:26,2,0,0
BRDA:26,2,1,0
BRDA:28,3,0,0
BRDA:28,3,1,0
BRDA:31,4,0,0
BRDA:31,4,1,0
BRDA:35,5,0,0
BRDA:35,5,1,0
BRF:10
BRH:0
end_of_record
TN:
SF:web-files/SubmissionService.js
FN:7,(anonymous_0)
FN:12,(anonymous_1)
FN:13,(anonymous_2)
FN:29,(anonymous_3)
FN:55,(anonymous_4)
FN:84,(anonymous_5)
FN:86,(anonymous_6)
FN:97,(anonymous_7)
FN:117,(anonymous_8)
FN:119,(anonymous_9)
FN:119,(anonymous_10)
FN:122,(anonymous_11)
FN:123,(anonymous_12)
FN:152,(anonymous_13)
FN:154,(anonymous_14)
FN:154,(anonymous_15)
FN:169,(anonymous_16)
FN:184,(anonymous_17)
FN:195,(anonymous_18)
FN:213,(anonymous_19)
FN:232,(anonymous_20)
FN:257,(anonymous_21)
FN:264,(anonymous_22)
FN:279,(anonymous_23)
FN:294,(anonymous_24)
FN:323,(anonymous_25)
FN:340,(anonymous_26)
FN:377,(anonymous_27)
FN:392,(anonymous_28)
FN:434,(anonymous_29)
FN:444,(anonymous_30)
FN:447,(anonymous_31)
FN:460,(anonymous_32)
FN:482,(anonymous_33)
FNF:34
FNH:0
FNDA:0,(anonymous_0)
FNDA:0,(anonymous_1)
FNDA:0,(anonymous_2)
FNDA:0,(anonymous_3)
FNDA:0,(anonymous_4)
FNDA:0,(anonymous_5)
FNDA:0,(anonymous_6)
FNDA:0,(anonymous_7)
FNDA:0,(anonymous_8)
FNDA:0,(anonymous_9)
FNDA:0,(anonymous_10)
FNDA:0,(anonymous_11)
FNDA:0,(anonymous_12)
FNDA:0,(anonymous_13)
FNDA:0,(anonymous_14)
FNDA:0,(anonymous_15)
FNDA:0,(anonymous_16)
FNDA:0,(anonymous_17)
FNDA:0,(anonymous_18)
FNDA:0,(anonymous_19)
FNDA:0,(anonymous_20)
FNDA:0,(anonymous_21)
FNDA:0,(anonymous_22)
FNDA:0,(anonymous_23)
FNDA:0,(anonymous_24)
FNDA:0,(anonymous_25)
FNDA:0,(anonymous_26)
FNDA:0,(anonymous_27)
FNDA:0,(anonymous_28)
FNDA:0,(anonymous_29)
FNDA:0,(anonymous_30)
FNDA:0,(anonymous_31)
FNDA:0,(anonymous_32)
FNDA:0,(anonymous_33)
DA:5,1
DA:8,0
DA:9,0
DA:13,0
DA:14,0
DA:15,0
DA:17,0
DA:20,0
DA:30,0
DA:31,0
DA:32,0
DA:42,0
DA:43,0
DA:44,0
DA:46,0
DA:47,0
DA:48,0
DA:50,0
DA:51,0
DA:56,0
DA:57,0
DA:59,0
DA:60,0
DA:66,0
DA:67,0
DA:68,0
DA:71,0
DA:72,0
DA:73,0
DA:74,0
DA:77,0
DA:79,0
DA:80,0
DA:85,0
DA:86,0
DA:87,0
DA:88,0
DA:90,0
DA:91,0
DA:92,0
DA:93,0
DA:94,0
DA:97,0
DA:99,0
DA:118,0
DA:119,0
DA:120,0
DA:121,0
DA:122,0
DA:123,0
DA:126,0
DA:127,0
DA:128,0
DA:130,0
DA:140,0
DA:145,0
DA:147,0
DA:148,0
DA:153,0
DA:154,0
DA:156,0
DA:157,0
DA:162,0
DA:164,0
DA:165,0
DA:170,0
DA:171,0
DA:172,0
DA:177,0
DA:179,0
DA:180,0
DA:185,0
DA:187,0
DA:188,0
DA:191,0
DA:192,0
DA:193,0
DA:195,0
DA:196,0
DA:209,0
DA:214,0
DA:215,0
DA:216,0
DA:218,0
DA:222,0
DA:224,0
DA:227,0
DA:228,0
DA:233,0
DA:234,0
DA:235,0
DA:245,0
DA:250,0
DA:252,0
DA:253,0
DA:258,0
DA:259,0
DA:260,0
DA:261,0
DA:265,0
DA:266,0
DA:267,0
DA:272,0
DA:274,0
DA:275,0
DA:280,0
DA:281,0
DA:283,0
DA:284,0
DA:289,0
DA:291,0
DA:292,0
DA:294,0
DA:295,0
DA:296,0
DA:297,0
DA:298,0
DA:299,0
DA:300,0
DA:301,0
DA:304,0
DA:318,0
DA:319,0
DA:324,0
DA:325,0
DA:326,0
DA:327,0
DA:329,0
DA:330,0
DA:331,0
DA:332,0
DA:333,0
DA:335,0
DA:336,0
DA:341,0
DA:342,0
DA:343,0
DA:345,0
DA:346,0
DA:347,0
DA:349,0
DA:355,0
DA:356,0
DA:357,0
DA:360,0
DA:361,0
DA:363,0
DA:364,0
DA:366,0
DA:367,0
DA:370,0
DA:372,0
DA:373,0
DA:378,0
DA:379,0
DA:380,0
DA:382,0
DA:383,0
DA:385,0
DA:386,0
DA:388,0
DA:389,0
DA:393,0
DA:394,0
DA:395,0
DA:396,0
DA:397,0
DA:399,0
DA:405,0
DA:406,0
DA:408,0
DA:414,0
DA:416,0
DA:417,0
DA:419,0
DA:420,0
DA:422,0
DA:423,0
DA:424,0
DA:426,0
DA:429,0
DA:430,0
DA:435,0
DA:436,0
DA:437,0
DA:439,0
DA:440,0
DA:441,0
DA:443,0
DA:444,0
DA:446,0
DA:447,0
DA:449,0
DA:450,0
DA:451,0
DA:452,0
DA:455,0
DA:456,0
DA:457,0
DA:459,0
DA:460,0
DA:461,0
DA:462,0
DA:466,0
DA:468,0
DA:470,0
DA:471,0
DA:473,0
DA:474,0
DA:476,0
DA:477,0
DA:483,0
DA:484,0
DA:485,0
DA:487,0
DA:488,0
DA:489,0
DA:490,0
DA:492,0
DA:493,0
DA:494,0
DA:495,0
DA:496,0
DA:497,0
DA:500,0
DA:502,0
DA:506,1
LF:227
LH:2
BRDA:9,0,0,0
BRDA:9,0,1,0
BRDA:14,1,0,0
BRDA:14,1,1,0
BRDA:14,2,0,0
BRDA:14,2,1,0
BRDA:46,3,0,0
BRDA:46,3,1,0
BRDA:48,4,0,0
BRDA:48,4,1,0
BRDA:56,5,0,0
BRDA:56,5,1,0
BRDA:66,6,0,0
BRDA:66,6,1,0
BRDA:72,7,0,0
BRDA:72,7,1,0
BRDA:72,8,0,0
BRDA:72,8,1,0
BRDA:73,9,0,0
BRDA:73,9,1,0
BRDA:85,10,0,0
BRDA:85,10,1,0
BRDA:87,11,0,0
BRDA:87,11,1,0
BRDA:91,12,0,0
BRDA:91,12,1,0
BRDA:93,13,0,0
BRDA:93,13,1,0
BRDA:93,14,0,0
BRDA:93,14,1,0
BRDA:97,15,0,0
BRDA:97,15,1,0
BRDA:97,16,0,0
BRDA:97,16,1,0
BRDA:103,17,0,0
BRDA:103,17,1,0
BRDA:103,17,2,0
BRDA:104,18,0,0
BRDA:104,18,1,0
BRDA:106,19,0,0
BRDA:106,19,1,0
BRDA:106,19,2,0
BRDA:107,20,0,0
BRDA:107,20,1,0
BRDA:107,20,2,0
BRDA:108,21,0,0
BRDA:108,21,1,0
BRDA:112,22,0,0
BRDA:112,22,1,0
BRDA:112,22,2,0
BRDA:128,23,0,0
BRDA:128,23,1,0
BRDA:133,24,0,0
BRDA:133,24,1,0
BRDA:134,25,0,0
BRDA:134,25,1,0
BRDA:137,26,0,0
BRDA:137,26,1,0
BRDA:154,27,0,0
BRDA:154,27,1,0
BRDA:185,28,0,0
BRDA:185,28,1,0
BRDA:185,29,0,0
BRDA:185,29,1,0
BRDA:214,30,0,0
BRDA:214,30,1,0
BRDA:258,31,0,0
BRDA:258,31,1,0
BRDA:258,32,0,0
BRDA:258,32,1,0
BRDA:281,33,0,0
BRDA:281,33,1,0
BRDA:289,34,0,0
BRDA:289,34,1,0
BRDA:292,35,0,0
BRDA:292,35,1,0
BRDA:292,36,0,0
BRDA:292,36,1,0
BRDA:298,37,0,0
BRDA:298,37,1,0
BRDA:299,38,0,0
BRDA:299,38,1,0
BRDA:300,39,0,0
BRDA:300,39,1,0
BRDA:307,40,0,0
BRDA:307,40,1,0
BRDA:309,41,0,0
BRDA:309,41,1,0
BRDA:309,42,0,0
BRDA:309,42,1,0
BRDA:311,43,0,0
BRDA:311,43,1,0
BRDA:312,44,0,0
BRDA:312,44,1,0
BRDA:312,44,2,0
BRDA:313,45,0,0
BRDA:313,45,1,0
BRDA:313,45,2,0
BRDA:314,46,0,0
BRDA:314,46,1,0
BRDA:314,46,2,0
BRDA:331,47,0,0
BRDA:331,47,1,0
BRDA:355,48,0,0
BRDA:355,48,1,0
BRDA:363,49,0,0
BRDA:363,49,1,0
BRDA:380,50,0,0
BRDA:380,50,1,0
BRDA:386,51,0,0
BRDA:386,51,1,0
BRDA:389,52,0,0
BRDA:389,52,1,0
BRDA:389,53,0,0
BRDA:389,53,1,0
BRDA:400,54,0,0
BRDA:400,54,1,0
BRDA:401,55,0,0
BRDA:401,55,1,0
BRDA:405,56,0,0
BRDA:405,56,1,0
BRDA:406,57,0,0
BRDA:406,57,1,0
BRDA:409,58,0,0
BRDA:409,58,1,0
BRDA:414,59,0,0
BRDA:414,59,1,0
BRDA:414,60,0,0
BRDA:414,60,1,0
BRDA:416,61,0,0
BRDA:416,61,1,0
BRDA:420,62,0,0
BRDA:420,62,1,0
BRDA:422,63,0,0
BRDA:422,63,1,0
BRDA:444,64,0,0
BRDA:444,64,1,0
BRDA:447,65,0,0
BRDA:447,65,1,0
BRDA:449,66,0,0
BRDA:449,66,1,0
BRDA:449,67,0,0
BRDA:449,67,1,0
BRDA:450,68,0,0
BRDA:450,68,1,0
BRDA:451,69,0,0
BRDA:451,69,1,0
BRDA:452,70,0,0
BRDA:452,70,1,0
BRDA:455,71,0,0
BRDA:455,71,1,0
BRDA:456,72,0,0
BRDA:456,72,1,0
BRDA:457,73,0,0
BRDA:457,73,1,0
BRDA:461,74,0,0
BRDA:461,74,1,0
BRDA:461,75,0,0
BRDA:461,75,1,0
BRDA:466,76,0,0
BRDA:466,76,1,0
BRDA:468,77,0,0
BRDA:468,77,1,0
BRDA:473,78,0,0
BRDA:473,78,1,0
BRDA:485,79,0,0
BRDA:485,79,1,0
BRDA:485,80,0,0
BRDA:485,80,1,0
BRDA:492,81,0,0
BRDA:492,81,1,0
BRDA:494,82,0,0
BRDA:494,82,1,0
BRF:173
BRH:0
end_of_record
TN:
SF:web-files/SubmissionUI.js
FN:6,(anonymous_0)
FN:7,(anonymous_1)
FN:8,(anonymous_2)
FN:11,(anonymous_3)
FN:12,(anonymous_4)
FN:14,(anonymous_5)
FN:15,(anonymous_6)
FN:16,(anonymous_7)
FNF:8
FNH:1
FNDA:1,(anonymous_0)
FNDA:0,(anonymous_1)
FNDA:0,(anonymous_2)
FNDA:0,(anonymous_3)
FNDA:0,(anonymous_4)
FNDA:0,(anonymous_5)
FNDA:0,(anonymous_6)
FNDA:0,(anonymous_7)
DA:4,1
DA:6,1
DA:7,0
DA:8,0
DA:11,0
DA:12,0
DA:14,0
DA:15,0
DA:16,0
DA:18,1
LF:10
LH:3
BRF:0
BRH:0
end_of_record
TN:
SF:web-files/UIComponents.js
FN:4,(anonymous_0)
FN:6,(anonymous_1)
FN:7,(anonymous_2)
FNF:3
FNH:1
FNDA:1,(anonymous_0)
FNDA:0,(anonymous_1)
FNDA:0,(anonymous_2)
DA:4,1
DA:5,1
DA:6,0
DA:7,0
DA:9,1
LF:5
LH:3
BRDA:6,0,0,0
BRDA:6,0,1,0
BRF:2
BRH:0
end_of_record
TN:
SF:web-files/deal-constants.js
FNF:0
FNH:0
DA:5,0
LF:1
LH:0
BRF:0
BRH:0
end_of_record
TN:
SF:web-files/dealreview-config.js
FNF:0
FNH:0
DA:2,0
LF:1
LH:0
BRF:0
BRH:0
end_of_record
TN:
SF:web-files/dealreview.js
FN:4,(anonymous_0)
FNF:1
FNH:0
FNDA:0,(anonymous_0)
DA:4,0
DA:6,0
LF:2
LH:0
BRF:0
BRH:0
end_of_record
