TN:
SF:web-files/DealBoard.js
FN:6,(anonymous_0)
FN:8,(anonymous_1)
FN:20,(anonymous_2)
FN:25,(anonymous_3)
FN:50,(anonymous_4)
FN:59,(anonymous_5)
FN:61,(anonymous_6)
FN:69,(anonymous_7)
FN:83,(anonymous_8)
FN:85,(anonymous_9)
FN:100,(anonymous_10)
FN:112,(anonymous_11)
FN:133,(anonymous_12)
FN:148,(anonymous_13)
FN:149,(anonymous_14)
FN:155,(anonymous_15)
FN:158,(anonymous_16)
FN:162,(anonymous_17)
FN:170,(anonymous_18)
FN:177,(anonymous_19)
FN:186,(anonymous_20)
FN:207,(anonymous_21)
FN:213,(anonymous_22)
FN:216,(anonymous_23)
FN:219,(anonymous_24)
FN:222,(anonymous_25)
FN:226,(anonymous_26)
FN:243,(anonymous_27)
FN:254,(anonymous_28)
FN:267,(anonymous_29)
FN:357,(anonymous_30)
FN:361,(anonymous_31)
FN:371,(anonymous_32)
FN:376,(anonymous_33)
FN:381,(anonymous_34)
FN:387,(anonymous_35)
FN:395,(anonymous_36)
FN:405,(anonymous_37)
FN:418,(anonymous_38)
FN:424,(anonymous_39)
FN:427,(anonymous_40)
FN:430,(anonymous_41)
FN:433,(anonymous_42)
FN:438,(anonymous_43)
FN:457,(anonymous_44)
FN:476,(anonymous_45)
FN:481,(anonymous_46)
FN:550,(anonymous_47)
FN:558,(anonymous_48)
FN:563,(anonymous_49)
FN:564,(anonymous_50)
FN:565,(anonymous_51)
FN:566,(anonymous_52)
FN:587,(anonymous_53)
FN:604,(anonymous_54)
FN:608,(anonymous_55)
FN:613,(anonymous_56)
FN:616,(anonymous_57)
FN:624,(anonymous_58)
FN:631,(anonymous_59)
FN:638,(anonymous_60)
FN:643,(anonymous_61)
FN:647,(anonymous_62)
FN:651,(anonymous_63)
FN:658,(anonymous_64)
FN:663,(anonymous_65)
FN:690,(anonymous_66)
FNF:67
FNH:19
FNDA:0,(anonymous_0)
FNDA:0,(anonymous_1)
FNDA:0,(anonymous_2)
FNDA:0,(anonymous_3)
FNDA:1,(anonymous_4)
FNDA:1,(anonymous_5)
FNDA:4,(anonymous_6)
FNDA:6,(anonymous_7)
FNDA:1,(anonymous_8)
FNDA:1,(anonymous_9)
FNDA:0,(anonymous_10)
FNDA:1,(anonymous_11)
FNDA:5,(anonymous_12)
FNDA:0,(anonymous_13)
FNDA:0,(anonymous_14)
FNDA:12,(anonymous_15)
FNDA:14,(anonymous_16)
FNDA:1,(anonymous_17)
FNDA:1,(anonymous_18)
FNDA:0,(anonymous_19)
FNDA:0,(anonymous_20)
FNDA:1,(anonymous_21)
FNDA:2,(anonymous_22)
FNDA:10,(anonymous_23)
FNDA:0,(anonymous_24)
FNDA:0,(anonymous_25)
FNDA:0,(anonymous_26)
FNDA:0,(anonymous_27)
FNDA:0,(anonymous_28)
FNDA:0,(anonymous_29)
FNDA:0,(anonymous_30)
FNDA:0,(anonymous_31)
FNDA:0,(anonymous_32)
FNDA:0,(anonymous_33)
FNDA:0,(anonymous_34)
FNDA:0,(anonymous_35)
FNDA:2,(anonymous_36)
FNDA:2,(anonymous_37)
FNDA:0,(anonymous_38)
FNDA:0,(anonymous_39)
FNDA:0,(anonymous_40)
FNDA:0,(anonymous_41)
FNDA:0,(anonymous_42)
FNDA:1,(anonymous_43)
FNDA:0,(anonymous_44)
FNDA:0,(anonymous_45)
FNDA:0,(anonymous_46)
FNDA:0,(anonymous_47)
FNDA:0,(anonymous_48)
FNDA:0,(anonymous_49)
FNDA:0,(anonymous_50)
FNDA:0,(anonymous_51)
FNDA:0,(anonymous_52)
FNDA:0,(anonymous_53)
FNDA:0,(anonymous_54)
FNDA:0,(anonymous_55)
FNDA:0,(anonymous_56)
FNDA:0,(anonymous_57)
FNDA:0,(anonymous_58)
FNDA:0,(anonymous_59)
FNDA:0,(anonymous_60)
FNDA:0,(anonymous_61)
FNDA:0,(anonymous_62)
FNDA:0,(anonymous_63)
FNDA:0,(anonymous_64)
FNDA:0,(anonymous_65)
FNDA:1,(anonymous_66)
DA:5,1
DA:7,0
DA:8,0
DA:9,0
DA:10,0
DA:13,0
DA:14,0
DA:15,0
DA:17,0
DA:21,0
DA:22,0
DA:26,0
DA:28,0
DA:44,0
DA:45,0
DA:46,0
DA:50,1
DA:51,1
DA:61,4
DA:67,1
DA:69,6
DA:80,1
DA:84,1
DA:85,1
DA:87,0
DA:88,0
DA:89,0
DA:95,0
DA:98,0
DA:99,0
DA:100,0
DA:102,0
DA:103,0
DA:104,0
DA:105,0
DA:108,0
DA:113,1
DA:114,1
DA:116,1
DA:134,5
DA:135,5
DA:136,5
DA:137,5
DA:138,5
DA:140,5
DA:141,2
DA:142,3
DA:143,1
DA:145,2
DA:149,0
DA:150,0
DA:151,0
DA:156,12
DA:157,5
DA:158,14
DA:159,5
DA:163,1
DA:164,1
DA:165,0
DA:166,0
DA:167,0
DA:171,1
DA:172,1
DA:173,1
DA:174,1
DA:178,0
DA:179,0
DA:187,0
DA:188,0
DA:189,0
DA:203,0
DA:204,0
DA:208,1
DA:209,1
DA:210,1
DA:214,2
DA:215,2
DA:216,10
DA:220,0
DA:221,0
DA:222,0
DA:224,0
DA:225,0
DA:226,0
DA:228,0
DA:229,0
DA:230,0
DA:231,0
DA:233,0
DA:235,0
DA:236,0
DA:239,0
DA:244,0
DA:245,0
DA:247,0
DA:255,0
DA:256,0
DA:257,0
DA:258,0
DA:260,0
DA:261,0
DA:268,0
DA:354,0
DA:358,0
DA:359,0
DA:361,0
DA:362,0
DA:363,0
DA:365,0
DA:367,0
DA:371,0
DA:376,0
DA:381,0
DA:387,0
DA:396,2
DA:397,2
DA:398,2
DA:401,2
DA:403,2
DA:404,1
DA:405,1
DA:406,2
DA:412,2
DA:414,0
DA:415,0
DA:416,0
DA:418,0
DA:419,0
DA:420,0
DA:422,0
DA:424,0
DA:425,0
DA:427,0
DA:428,0
DA:430,0
DA:431,0
DA:433,0
DA:434,0
DA:438,2
DA:439,1
DA:440,0
DA:442,1
DA:443,1
DA:444,1
DA:445,1
DA:448,0
DA:449,0
DA:450,0
DA:454,2
DA:458,0
DA:459,0
DA:463,0
DA:464,0
DA:466,0
DA:467,0
DA:468,0
DA:470,0
DA:474,0
DA:476,0
DA:478,0
DA:479,0
DA:480,0
DA:481,0
DA:483,0
DA:551,0
DA:552,0
DA:553,0
DA:555,0
DA:556,0
DA:558,0
DA:559,0
DA:560,0
DA:563,0
DA:564,0
DA:565,0
DA:566,0
DA:568,0
DA:569,0
DA:570,0
DA:571,0
DA:572,0
DA:574,0
DA:575,0
DA:576,0
DA:578,0
DA:581,0
DA:582,0
DA:584,0
DA:587,0
DA:588,0
DA:589,0
DA:590,0
DA:592,0
DA:593,0
DA:596,0
DA:597,0
DA:599,0
DA:600,0
DA:601,0
DA:604,0
DA:605,0
DA:609,0
DA:610,0
DA:614,0
DA:616,0
DA:617,0
DA:618,0
DA:619,0
DA:620,0
DA:621,0
DA:624,0
DA:625,0
DA:626,0
DA:627,0
DA:628,0
DA:631,0
DA:632,0
DA:633,0
DA:634,0
DA:635,0
DA:638,0
DA:639,0
DA:640,0
DA:643,0
DA:644,0
DA:647,0
DA:648,0
DA:651,0
DA:652,0
DA:653,0
DA:654,0
DA:658,0
DA:659,0
DA:660,0
DA:662,0
DA:663,0
DA:665,0
DA:666,0
DA:667,0
DA:669,0
DA:671,0
DA:672,0
DA:673,0
DA:674,0
DA:676,0
DA:677,0
DA:678,0
DA:679,0
DA:680,0
DA:682,0
DA:683,0
DA:689,1
DA:690,1
LF:253
LH:56
BRDA:10,0,0,0
BRDA:10,0,1,0
BRDA:13,1,0,0
BRDA:13,1,1,0
BRDA:22,2,0,0
BRDA:22,2,1,0
BRDA:26,3,0,0
BRDA:26,3,1,0
BRDA:87,4,0,0
BRDA:87,4,1,0
BRDA:120,5,0,1
BRDA:120,5,1,0
BRDA:121,6,0,1
BRDA:121,6,1,0
BRDA:122,7,0,1
BRDA:122,7,1,1
BRDA:123,8,0,1
BRDA:123,8,1,0
BRDA:127,9,0,1
BRDA:127,9,1,0
BRDA:129,10,0,1
BRDA:129,10,1,0
BRDA:135,11,0,5
BRDA:135,11,1,0
BRDA:136,12,0,5
BRDA:136,12,1,0
BRDA:140,13,0,2
BRDA:140,13,1,3
BRDA:142,14,0,1
BRDA:142,14,1,2
BRDA:156,15,0,7
BRDA:156,15,1,5
BRDA:159,16,0,5
BRDA:159,16,1,1
BRDA:159,16,2,0
BRDA:163,17,0,1
BRDA:163,17,1,0
BRDA:164,18,0,1
BRDA:164,18,1,0
BRDA:165,19,0,0
BRDA:165,19,1,0
BRDA:166,20,0,0
BRDA:166,20,1,0
BRDA:174,21,0,1
BRDA:174,21,1,1
BRDA:187,22,0,0
BRDA:187,22,1,0
BRDA:188,23,0,0
BRDA:188,23,1,0
BRDA:203,24,0,0
BRDA:203,24,1,0
BRDA:204,25,0,0
BRDA:204,25,1,0
BRDA:207,26,0,1
BRDA:208,27,0,1
BRDA:208,27,1,1
BRDA:224,28,0,0
BRDA:224,28,1,0
BRDA:229,29,0,0
BRDA:229,29,1,0
BRDA:230,30,0,0
BRDA:230,30,1,0
BRDA:256,31,0,0
BRDA:256,31,1,0
BRDA:258,32,0,0
BRDA:258,32,1,0
BRDA:362,33,0,0
BRDA:362,33,1,0
BRDA:362,34,0,0
BRDA:362,34,1,0
BRDA:371,35,0,0
BRDA:371,35,1,0
BRDA:376,36,0,0
BRDA:376,36,1,0
BRDA:381,37,0,0
BRDA:381,37,1,0
BRDA:401,38,0,2
BRDA:401,38,1,1
BRDA:403,39,0,1
BRDA:403,39,1,1
BRDA:406,40,0,2
BRDA:406,40,1,1
BRDA:406,41,0,2
BRDA:406,41,1,0
BRDA:407,42,0,1
BRDA:407,42,1,0
BRDA:412,43,0,0
BRDA:412,43,1,0
BRDA:412,43,2,0
BRDA:412,43,3,0
BRDA:412,43,4,0
BRDA:414,44,0,0
BRDA:414,44,1,0
BRDA:415,45,0,0
BRDA:415,45,1,0
BRDA:419,46,0,0
BRDA:419,46,1,0
BRDA:420,47,0,0
BRDA:420,47,1,0
BRDA:424,48,0,0
BRDA:424,48,1,0
BRDA:427,49,0,0
BRDA:427,49,1,0
BRDA:430,50,0,0
BRDA:430,50,1,0
BRDA:433,51,0,0
BRDA:433,51,1,0
BRDA:439,52,0,0
BRDA:439,52,1,1
BRDA:440,53,0,0
BRDA:440,53,1,0
BRDA:440,54,0,0
BRDA:440,54,1,0
BRDA:442,55,0,1
BRDA:442,55,1,0
BRDA:442,56,0,1
BRDA:442,56,1,0
BRDA:443,57,0,1
BRDA:443,57,1,0
BRDA:443,58,0,1
BRDA:443,58,1,0
BRDA:444,59,0,1
BRDA:444,59,1,0
BRDA:444,60,0,1
BRDA:444,60,1,0
BRDA:445,61,0,1
BRDA:445,61,1,0
BRDA:448,62,0,0
BRDA:448,62,1,0
BRDA:449,63,0,0
BRDA:449,63,1,0
BRDA:459,64,0,0
BRDA:459,64,1,0
BRDA:459,65,0,0
BRDA:459,65,1,0
BRDA:464,66,0,0
BRDA:464,66,1,0
BRDA:466,67,0,0
BRDA:466,67,1,0
BRDA:466,67,2,0
BRDA:466,67,3,0
BRDA:466,67,4,0
BRDA:468,68,0,0
BRDA:468,68,1,0
BRDA:470,69,0,0
BRDA:470,69,1,0
BRDA:474,70,0,0
BRDA:474,70,1,0
BRDA:478,71,0,0
BRDA:478,71,1,0
BRDA:479,72,0,0
BRDA:479,72,1,0
BRDA:480,73,0,0
BRDA:480,73,1,0
BRDA:481,74,0,0
BRDA:481,74,1,0
BRDA:514,75,0,0
BRDA:514,75,1,0
BRDA:524,76,0,0
BRDA:524,76,1,0
BRDA:535,77,0,0
BRDA:535,77,1,0
BRDA:555,78,0,0
BRDA:555,78,1,0
BRDA:555,79,0,0
BRDA:555,79,1,0
BRDA:559,80,0,0
BRDA:559,80,1,0
BRDA:560,81,0,0
BRDA:560,81,1,0
BRDA:563,82,0,0
BRDA:563,82,1,0
BRDA:564,83,0,0
BRDA:564,83,1,0
BRDA:565,84,0,0
BRDA:565,84,1,0
BRDA:566,85,0,0
BRDA:566,85,1,0
BRDA:575,86,0,0
BRDA:575,86,1,0
BRDA:581,87,0,0
BRDA:581,87,1,0
BRDA:587,88,0,0
BRDA:587,88,1,0
BRDA:588,89,0,0
BRDA:588,89,1,0
BRDA:599,90,0,0
BRDA:599,90,1,0
BRDA:619,91,0,0
BRDA:619,91,1,0
BRDA:653,92,0,0
BRDA:653,92,1,0
BRDA:653,93,0,0
BRDA:653,93,1,0
BRDA:665,94,0,0
BRDA:665,94,1,0
BRDA:677,95,0,0
BRDA:677,95,1,0
BRF:198
BRH:40
end_of_record
TN:
SF:web-files/DealService.js
FN:13,(anonymous_0)
FN:14,(anonymous_1)
FN:17,(anonymous_2)
FN:21,(anonymous_3)
FN:35,(anonymous_4)
FN:54,(anonymous_5)
FNF:6
FNH:5
FNDA:4,(anonymous_0)
FNDA:4,(anonymous_1)
FNDA:3,(anonymous_2)
FNDA:1,(anonymous_3)
FNDA:2,(anonymous_4)
FNDA:0,(anonymous_5)
DA:3,1
DA:14,4
DA:15,4
DA:16,4
DA:18,3
DA:19,3
DA:22,1
DA:23,1
DA:36,2
DA:38,2
DA:41,2
DA:53,2
DA:54,1
DA:55,1
DA:57,1
DA:58,1
DA:62,1
DA:63,1
DA:65,0
DA:66,0
DA:71,1
DA:74,1
LF:22
LH:20
BRDA:15,0,0,0
BRDA:15,0,1,4
BRDA:53,1,0,1
BRDA:53,1,1,1
BRDA:55,2,0,1
BRDA:55,2,1,0
BRDA:74,3,0,1
BRDA:74,3,1,0
BRF:8
BRH:5
end_of_record
TN:
SF:web-files/DealSubmissionAdministration.js
FN:15,(anonymous_0)
FN:17,(anonymous_1)
FN:24,(anonymous_2)
FN:28,(anonymous_3)
FN:37,(anonymous_4)
FN:52,(anonymous_5)
FN:53,(anonymous_6)
FN:54,(anonymous_7)
FN:56,(anonymous_8)
FN:59,(anonymous_9)
FN:64,(anonymous_10)
FN:66,(anonymous_11)
FN:74,(anonymous_12)
FN:81,(anonymous_13)
FN:89,(anonymous_14)
FN:94,(anonymous_15)
FN:99,(anonymous_16)
FN:105,(anonymous_17)
FN:109,(anonymous_18)
FN:114,(anonymous_19)
FN:121,(anonymous_20)
FN:127,(anonymous_21)
FN:132,(anonymous_22)
FN:133,(anonymous_23)
FN:135,(anonymous_24)
FN:151,(anonymous_25)
FN:178,(anonymous_26)
FN:188,(anonymous_27)
FN:198,(anonymous_28)
FN:219,(anonymous_29)
FN:261,(anonymous_30)
FN:274,(anonymous_31)
FN:280,(anonymous_32)
FN:298,(anonymous_33)
FN:301,(anonymous_34)
FN:303,(anonymous_35)
FN:309,(anonymous_36)
FN:352,(anonymous_37)
FN:358,(anonymous_38)
FN:370,(anonymous_39)
FN:376,(anonymous_40)
FN:378,(anonymous_41)
FN:416,(anonymous_42)
FN:444,(anonymous_43)
FN:463,(anonymous_44)
FN:465,(anonymous_45)
FN:480,(anonymous_46)
FN:498,(anonymous_47)
FN:546,(anonymous_48)
FN:554,(anonymous_49)
FN:568,(anonymous_50)
FN:587,(anonymous_51)
FN:595,(anonymous_52)
FN:607,(anonymous_53)
FN:610,(anonymous_54)
FN:611,(anonymous_55)
FN:630,(anonymous_56)
FN:636,(anonymous_57)
FN:639,(anonymous_58)
FN:657,(anonymous_59)
FN:662,(anonymous_60)
FN:667,(anonymous_61)
FN:671,(anonymous_62)
FN:678,(anonymous_63)
FN:680,(anonymous_64)
FN:691,(anonymous_65)
FN:692,(anonymous_66)
FN:693,(anonymous_67)
FN:702,(anonymous_68)
FN:709,(anonymous_69)
FN:716,(anonymous_70)
FN:728,(anonymous_71)
FN:741,(anonymous_72)
FN:742,(anonymous_73)
FN:782,(anonymous_74)
FN:787,(anonymous_75)
FN:789,(anonymous_76)
FN:789,(anonymous_77)
FN:790,(anonymous_78)
FN:796,(anonymous_79)
FN:797,(anonymous_80)
FN:799,(anonymous_81)
FN:819,(anonymous_82)
FN:820,(anonymous_83)
FN:823,(anonymous_84)
FN:829,(anonymous_85)
FN:850,(anonymous_86)
FN:852,(anonymous_87)
FN:855,(anonymous_88)
FN:860,(anonymous_89)
FN:885,(anonymous_90)
FN:895,(anonymous_91)
FN:898,(anonymous_92)
FN:902,(anonymous_93)
FN:909,(anonymous_94)
FN:917,(anonymous_95)
FN:919,(anonymous_96)
FN:921,(anonymous_97)
FN:956,(anonymous_98)
FN:969,(anonymous_99)
FN:972,(anonymous_100)
FN:1002,(anonymous_101)
FN:1004,(anonymous_102)
FN:1014,(anonymous_103)
FN:1017,(anonymous_104)
FN:1028,(anonymous_105)
FN:1047,(anonymous_106)
FN:1049,(anonymous_107)
FN:1057,(anonymous_108)
FNF:109
FNH:13
FNDA:1,(anonymous_0)
FNDA:0,(anonymous_1)
FNDA:1,(anonymous_2)
FNDA:0,(anonymous_3)
FNDA:0,(anonymous_4)
FNDA:0,(anonymous_5)
FNDA:0,(anonymous_6)
FNDA:0,(anonymous_7)
FNDA:0,(anonymous_8)
FNDA:0,(anonymous_9)
FNDA:0,(anonymous_10)
FNDA:0,(anonymous_11)
FNDA:0,(anonymous_12)
FNDA:0,(anonymous_13)
FNDA:0,(anonymous_14)
FNDA:0,(anonymous_15)
FNDA:0,(anonymous_16)
FNDA:0,(anonymous_17)
FNDA:0,(anonymous_18)
FNDA:0,(anonymous_19)
FNDA:0,(anonymous_20)
FNDA:0,(anonymous_21)
FNDA:0,(anonymous_22)
FNDA:0,(anonymous_23)
FNDA:0,(anonymous_24)
FNDA:0,(anonymous_25)
FNDA:0,(anonymous_26)
FNDA:0,(anonymous_27)
FNDA:0,(anonymous_28)
FNDA:0,(anonymous_29)
FNDA:0,(anonymous_30)
FNDA:0,(anonymous_31)
FNDA:0,(anonymous_32)
FNDA:0,(anonymous_33)
FNDA:0,(anonymous_34)
FNDA:0,(anonymous_35)
FNDA:0,(anonymous_36)
FNDA:0,(anonymous_37)
FNDA:0,(anonymous_38)
FNDA:0,(anonymous_39)
FNDA:0,(anonymous_40)
FNDA:0,(anonymous_41)
FNDA:0,(anonymous_42)
FNDA:0,(anonymous_43)
FNDA:0,(anonymous_44)
FNDA:0,(anonymous_45)
FNDA:0,(anonymous_46)
FNDA:0,(anonymous_47)
FNDA:1,(anonymous_48)
FNDA:2,(anonymous_49)
FNDA:2,(anonymous_50)
FNDA:0,(anonymous_51)
FNDA:0,(anonymous_52)
FNDA:0,(anonymous_53)
FNDA:0,(anonymous_54)
FNDA:0,(anonymous_55)
FNDA:0,(anonymous_56)
FNDA:0,(anonymous_57)
FNDA:0,(anonymous_58)
FNDA:0,(anonymous_59)
FNDA:0,(anonymous_60)
FNDA:0,(anonymous_61)
FNDA:0,(anonymous_62)
FNDA:0,(anonymous_63)
FNDA:0,(anonymous_64)
FNDA:0,(anonymous_65)
FNDA:0,(anonymous_66)
FNDA:0,(anonymous_67)
FNDA:0,(anonymous_68)
FNDA:0,(anonymous_69)
FNDA:0,(anonymous_70)
FNDA:0,(anonymous_71)
FNDA:0,(anonymous_72)
FNDA:0,(anonymous_73)
FNDA:0,(anonymous_74)
FNDA:0,(anonymous_75)
FNDA:0,(anonymous_76)
FNDA:0,(anonymous_77)
FNDA:0,(anonymous_78)
FNDA:0,(anonymous_79)
FNDA:0,(anonymous_80)
FNDA:0,(anonymous_81)
FNDA:0,(anonymous_82)
FNDA:0,(anonymous_83)
FNDA:0,(anonymous_84)
FNDA:0,(anonymous_85)
FNDA:2,(anonymous_86)
FNDA:1,(anonymous_87)
FNDA:3,(anonymous_88)
FNDA:3,(anonymous_89)
FNDA:0,(anonymous_90)
FNDA:0,(anonymous_91)
FNDA:0,(anonymous_92)
FNDA:0,(anonymous_93)
FNDA:0,(anonymous_94)
FNDA:0,(anonymous_95)
FNDA:0,(anonymous_96)
FNDA:0,(anonymous_97)
FNDA:0,(anonymous_98)
FNDA:0,(anonymous_99)
FNDA:0,(anonymous_100)
FNDA:2,(anonymous_101)
FNDA:1,(anonymous_102)
FNDA:0,(anonymous_103)
FNDA:0,(anonymous_104)
FNDA:1,(anonymous_105)
FNDA:0,(anonymous_106)
FNDA:0,(anonymous_107)
FNDA:1,(anonymous_108)
DA:1,1
DA:16,1
DA:17,1
DA:18,0
DA:19,0
DA:20,0
DA:25,1
DA:28,1
DA:29,0
DA:30,0
DA:31,0
DA:32,0
DA:33,0
DA:37,1
DA:38,0
DA:39,0
DA:40,0
DA:42,0
DA:43,0
DA:45,0
DA:46,0
DA:47,0
DA:48,0
DA:49,0
DA:52,1
DA:53,1
DA:54,1
DA:56,1
DA:57,0
DA:59,1
DA:60,0
DA:64,1
DA:66,1
DA:67,0
DA:68,0
DA:74,1
DA:75,0
DA:76,0
DA:81,1
DA:82,0
DA:83,0
DA:89,1
DA:90,0
DA:91,0
DA:94,1
DA:95,0
DA:99,1
DA:100,0
DA:101,0
DA:102,0
DA:105,1
DA:106,0
DA:109,1
DA:110,0
DA:114,1
DA:115,0
DA:116,0
DA:117,0
DA:121,1
DA:122,0
DA:123,0
DA:127,1
DA:128,0
DA:133,0
DA:134,0
DA:135,0
DA:137,0
DA:141,0
DA:152,0
DA:153,0
DA:156,0
DA:157,0
DA:159,0
DA:160,0
DA:161,0
DA:163,0
DA:164,0
DA:165,0
DA:166,0
DA:167,0
DA:169,0
DA:170,0
DA:173,0
DA:174,0
DA:179,0
DA:180,0
DA:182,0
DA:184,0
DA:185,0
DA:188,0
DA:189,0
DA:190,0
DA:191,0
DA:195,0
DA:196,0
DA:198,0
DA:200,0
DA:201,0
DA:202,0
DA:203,0
DA:204,0
DA:205,0
DA:207,0
DA:208,0
DA:211,0
DA:212,0
DA:214,0
DA:215,0
DA:216,0
DA:219,0
DA:220,0
DA:221,0
DA:222,0
DA:228,0
DA:258,0
DA:263,0
DA:266,0
DA:269,0
DA:270,0
DA:275,0
DA:276,0
DA:278,0
DA:279,0
DA:280,0
DA:281,0
DA:282,0
DA:283,0
DA:284,0
DA:285,0
DA:286,0
DA:287,0
DA:290,0
DA:291,0
DA:292,0
DA:293,0
DA:294,0
DA:297,0
DA:298,0
DA:302,0
DA:303,0
DA:304,0
DA:305,0
DA:310,0
DA:311,0
DA:313,0
DA:321,0
DA:322,0
DA:323,0
DA:325,0
DA:326,0
DA:327,0
DA:329,0
DA:330,0
DA:331,0
DA:333,0
DA:339,0
DA:341,0
DA:342,0
DA:343,0
DA:345,0
DA:346,0
DA:348,0
DA:353,0
DA:354,0
DA:355,0
DA:356,0
DA:357,0
DA:358,0
DA:359,0
DA:360,0
DA:362,0
DA:363,0
DA:371,0
DA:372,0
DA:373,0
DA:378,0
DA:388,0
DA:390,0
DA:391,0
DA:392,0
DA:394,0
DA:395,0
DA:396,0
DA:397,0
DA:399,0
DA:400,0
DA:401,0
DA:403,0
DA:405,0
DA:407,0
DA:408,0
DA:411,0
DA:412,0
DA:417,0
DA:418,0
DA:419,0
DA:421,0
DA:423,0
DA:424,0
DA:430,0
DA:431,0
DA:433,0
DA:434,0
DA:436,0
DA:445,0
DA:447,0
DA:448,0
DA:451,0
DA:452,0
DA:453,0
DA:454,0
DA:456,0
DA:459,0
DA:460,0
DA:463,0
DA:465,0
DA:468,0
DA:469,0
DA:470,0
DA:472,0
DA:473,0
DA:476,0
DA:481,0
DA:482,0
DA:483,0
DA:486,0
DA:487,0
DA:489,0
DA:491,0
DA:499,0
DA:500,0
DA:503,0
DA:504,0
DA:505,0
DA:506,0
DA:507,0
DA:510,0
DA:511,0
DA:512,0
DA:513,0
DA:514,0
DA:517,0
DA:518,0
DA:519,0
DA:520,0
DA:521,0
DA:524,0
DA:525,0
DA:526,0
DA:527,0
DA:528,0
DA:530,0
DA:532,0
DA:534,0
DA:547,1
DA:548,1
DA:549,1
DA:550,1
DA:551,1
DA:552,1
DA:554,1
DA:555,2
DA:556,2
DA:557,2
DA:559,2
DA:560,2
DA:561,2
DA:563,2
DA:564,2
DA:565,2
DA:567,2
DA:568,2
DA:569,2
DA:570,2
DA:573,1
DA:574,1
DA:576,1
DA:588,0
DA:591,0
DA:592,0
DA:595,0
DA:596,0
DA:599,0
DA:600,0
DA:602,0
DA:603,0
DA:604,0
DA:607,0
DA:610,0
DA:611,0
DA:612,0
DA:613,0
DA:614,0
DA:626,0
DA:630,0
DA:632,0
DA:633,0
DA:636,0
DA:637,0
DA:639,0
DA:641,0
DA:642,0
DA:654,0
DA:658,0
DA:659,0
DA:662,0
DA:663,0
DA:664,0
DA:667,0
DA:668,0
DA:669,0
DA:671,0
DA:672,0
DA:674,0
DA:675,0
DA:678,0
DA:679,0
DA:680,0
DA:681,0
DA:682,0
DA:683,0
DA:684,0
DA:685,0
DA:687,0
DA:688,0
DA:691,0
DA:692,0
DA:693,0
DA:694,0
DA:696,0
DA:698,0
DA:699,0
DA:702,0
DA:703,0
DA:705,0
DA:706,0
DA:709,0
DA:710,0
DA:711,0
DA:712,0
DA:713,0
DA:716,0
DA:717,0
DA:718,0
DA:721,0
DA:723,0
DA:724,0
DA:728,0
DA:729,0
DA:731,0
DA:732,0
DA:737,0
DA:738,0
DA:742,0
DA:744,0
DA:750,0
DA:779,0
DA:783,0
DA:786,0
DA:787,0
DA:788,0
DA:789,0
DA:790,0
DA:791,0
DA:796,0
DA:797,0
DA:799,0
DA:800,0
DA:801,0
DA:802,0
DA:815,0
DA:818,0
DA:819,0
DA:820,0
DA:823,0
DA:824,0
DA:825,0
DA:826,0
DA:828,0
DA:829,0
DA:830,0
DA:832,0
DA:847,0
DA:851,2
DA:852,2
DA:854,2
DA:855,2
DA:856,3
DA:857,3
DA:860,2
DA:861,3
DA:862,3
DA:864,2
DA:865,2
DA:867,2
DA:868,2
DA:869,2
DA:870,2
DA:872,2
DA:873,2
DA:874,2
DA:876,2
DA:886,0
DA:887,0
DA:888,0
DA:889,0
DA:892,0
DA:893,0
DA:894,0
DA:895,0
DA:896,0
DA:897,0
DA:898,0
DA:899,0
DA:900,0
DA:901,0
DA:902,0
DA:905,0
DA:906,0
DA:910,0
DA:911,0
DA:912,0
DA:913,0
DA:914,0
DA:917,0
DA:919,0
DA:920,0
DA:921,0
DA:922,0
DA:924,0
DA:925,0
DA:927,0
DA:939,0
DA:957,0
DA:958,0
DA:961,0
DA:962,0
DA:964,0
DA:967,0
DA:969,0
DA:970,0
DA:972,0
DA:973,0
DA:976,0
DA:978,0
DA:990,0
DA:991,0
DA:993,0
DA:996,0
DA:999,0
DA:1003,2
DA:1004,2
DA:1005,1
DA:1006,0
DA:1007,0
DA:1009,0
DA:1010,0
DA:1014,0
DA:1015,0
DA:1016,0
DA:1017,0
DA:1022,0
DA:1029,1
DA:1032,1
DA:1034,1
DA:1043,1
DA:1044,0
DA:1048,0
DA:1049,0
DA:1051,0
DA:1052,0
DA:1057,1
LF:472
LH:73
BRDA:39,0,0,0
BRDA:39,0,1,0
BRDA:48,1,0,0
BRDA:48,1,1,0
BRDA:69,2,0,0
BRDA:69,2,1,0
BRDA:70,3,0,0
BRDA:70,3,1,0
BRDA:134,4,0,0
BRDA:134,4,1,0
BRDA:134,5,0,0
BRDA:134,5,1,0
BRDA:137,6,0,0
BRDA:137,6,1,0
BRDA:163,7,0,0
BRDA:163,7,1,0
BRDA:182,8,0,0
BRDA:182,8,1,0
BRDA:189,9,0,0
BRDA:189,9,1,0
BRDA:190,10,0,0
BRDA:190,10,1,0
BRDA:191,11,0,0
BRDA:191,11,1,0
BRDA:195,12,0,0
BRDA:195,12,1,0
BRDA:196,13,0,0
BRDA:196,13,1,0
BRDA:200,14,0,0
BRDA:200,14,1,0
BRDA:203,15,0,0
BRDA:203,15,1,0
BRDA:204,16,0,0
BRDA:204,16,1,0
BRDA:205,17,0,0
BRDA:205,17,1,0
BRDA:211,18,0,0
BRDA:211,18,1,0
BRDA:212,19,0,0
BRDA:212,19,1,0
BRDA:214,20,0,0
BRDA:214,20,1,0
BRDA:214,21,0,0
BRDA:214,21,1,0
BRDA:215,22,0,0
BRDA:215,22,1,0
BRDA:215,23,0,0
BRDA:215,23,1,0
BRDA:221,24,0,0
BRDA:221,24,1,0
BRDA:230,25,0,0
BRDA:230,25,1,0
BRDA:232,26,0,0
BRDA:232,26,1,0
BRDA:235,27,0,0
BRDA:235,27,1,0
BRDA:239,28,0,0
BRDA:239,28,1,0
BRDA:244,29,0,0
BRDA:244,29,1,0
BRDA:269,30,0,0
BRDA:269,30,1,0
BRDA:270,31,0,0
BRDA:270,31,1,0
BRDA:274,32,0,0
BRDA:278,33,0,0
BRDA:278,33,1,0
BRDA:281,34,0,0
BRDA:281,34,1,0
BRDA:282,35,0,0
BRDA:282,35,1,0
BRDA:283,36,0,0
BRDA:283,36,1,0
BRDA:284,37,0,0
BRDA:284,37,1,0
BRDA:285,38,0,0
BRDA:285,38,1,0
BRDA:286,39,0,0
BRDA:286,39,1,0
BRDA:287,40,0,0
BRDA:287,40,1,0
BRDA:322,41,0,0
BRDA:322,41,1,0
BRDA:331,42,0,0
BRDA:331,42,1,0
BRDA:334,43,0,0
BRDA:334,43,1,0
BRDA:339,44,0,0
BRDA:339,44,1,0
BRDA:343,45,0,0
BRDA:343,45,1,0
BRDA:343,46,0,0
BRDA:343,46,1,0
BRDA:353,47,0,0
BRDA:353,47,1,0
BRDA:357,48,0,0
BRDA:357,48,1,0
BRDA:360,49,0,0
BRDA:360,49,1,0
BRDA:360,50,0,0
BRDA:360,50,1,0
BRDA:371,51,0,0
BRDA:371,51,1,0
BRDA:372,52,0,0
BRDA:372,52,1,0
BRDA:396,53,0,0
BRDA:396,53,1,0
BRDA:399,54,0,0
BRDA:399,54,1,0
BRDA:400,55,0,0
BRDA:400,55,1,0
BRDA:403,56,0,0
BRDA:403,56,1,0
BRDA:430,57,0,0
BRDA:430,57,1,0
BRDA:431,58,0,0
BRDA:431,58,1,0
BRDA:451,59,0,0
BRDA:451,59,1,0
BRDA:452,60,0,0
BRDA:452,60,1,0
BRDA:453,61,0,0
BRDA:453,61,1,0
BRDA:454,62,0,0
BRDA:454,62,1,0
BRDA:463,63,0,0
BRDA:463,63,1,0
BRDA:465,64,0,0
BRDA:465,64,1,0
BRDA:506,65,0,0
BRDA:506,65,1,0
BRDA:513,66,0,0
BRDA:513,66,1,0
BRDA:520,67,0,0
BRDA:520,67,1,0
BRDA:527,68,0,0
BRDA:527,68,1,0
BRDA:535,69,0,0
BRDA:535,69,1,0
BRDA:536,70,0,0
BRDA:536,70,1,0
BRDA:537,71,0,0
BRDA:537,71,1,0
BRDA:538,72,0,0
BRDA:538,72,1,0
BRDA:555,73,0,2
BRDA:555,73,1,0
BRDA:557,74,0,2
BRDA:557,74,1,0
BRDA:559,75,0,2
BRDA:559,75,1,0
BRDA:560,76,0,0
BRDA:560,76,1,2
BRDA:563,77,0,2
BRDA:563,77,1,0
BRDA:564,78,0,2
BRDA:564,78,1,0
BRDA:567,79,0,2
BRDA:567,79,1,0
BRDA:569,80,0,2
BRDA:569,80,1,0
BRDA:573,81,0,1
BRDA:573,81,1,0
BRDA:574,82,0,1
BRDA:574,82,1,0
BRDA:607,83,0,0
BRDA:607,83,1,0
BRDA:611,84,0,0
BRDA:611,84,1,0
BRDA:612,85,0,0
BRDA:612,85,1,0
BRDA:621,86,0,0
BRDA:621,86,1,0
BRDA:630,87,0,0
BRDA:630,87,1,0
BRDA:630,88,0,0
BRDA:630,88,1,0
BRDA:633,89,0,0
BRDA:633,89,1,0
BRDA:637,90,0,0
BRDA:637,90,1,0
BRDA:639,91,0,0
BRDA:639,91,1,0
BRDA:641,92,0,0
BRDA:641,92,1,0
BRDA:657,93,0,0
BRDA:662,94,0,0
BRDA:662,94,1,0
BRDA:663,95,0,0
BRDA:663,95,1,0
BRDA:668,96,0,0
BRDA:668,96,1,0
BRDA:669,97,0,0
BRDA:669,97,1,0
BRDA:669,97,2,0
BRDA:675,98,0,0
BRDA:675,98,1,0
BRDA:675,99,0,0
BRDA:675,99,1,0
BRDA:678,100,0,0
BRDA:678,100,1,0
BRDA:682,101,0,0
BRDA:682,101,1,0
BRDA:683,102,0,0
BRDA:683,102,1,0
BRDA:684,103,0,0
BRDA:684,103,1,0
BRDA:687,104,0,0
BRDA:687,104,1,0
BRDA:688,105,0,0
BRDA:688,105,1,0
BRDA:692,106,0,0
BRDA:692,106,1,0
BRDA:692,107,0,0
BRDA:692,107,1,0
BRDA:693,108,0,0
BRDA:693,108,1,0
BRDA:693,109,0,0
BRDA:693,109,1,0
BRDA:694,110,0,0
BRDA:694,110,1,0
BRDA:696,111,0,0
BRDA:696,111,1,0
BRDA:699,112,0,0
BRDA:699,112,1,0
BRDA:699,113,0,0
BRDA:699,113,1,0
BRDA:703,114,0,0
BRDA:703,114,1,0
BRDA:706,115,0,0
BRDA:706,115,1,0
BRDA:706,116,0,0
BRDA:706,116,1,0
BRDA:710,117,0,0
BRDA:710,117,1,0
BRDA:711,118,0,0
BRDA:711,118,1,0
BRDA:711,118,2,0
BRDA:712,119,0,0
BRDA:712,119,1,0
BRDA:713,120,0,0
BRDA:713,120,1,0
BRDA:717,121,0,0
BRDA:717,121,1,0
BRDA:718,122,0,0
BRDA:718,122,1,0
BRDA:718,122,2,0
BRDA:721,123,0,0
BRDA:721,123,1,0
BRDA:724,124,0,0
BRDA:724,124,1,0
BRDA:724,125,0,0
BRDA:724,125,1,0
BRDA:729,126,0,0
BRDA:729,126,1,0
BRDA:733,127,0,0
BRDA:733,127,1,0
BRDA:734,128,0,0
BRDA:734,128,1,0
BRDA:745,129,0,0
BRDA:745,129,1,0
BRDA:746,130,0,0
BRDA:746,130,1,0
BRDA:747,131,0,0
BRDA:747,131,1,0
BRDA:788,132,0,0
BRDA:788,132,1,0
BRDA:791,133,0,0
BRDA:791,133,1,0
BRDA:799,134,0,0
BRDA:799,134,1,0
BRDA:800,135,0,0
BRDA:800,135,1,0
BRDA:809,136,0,0
BRDA:809,136,1,0
BRDA:823,137,0,0
BRDA:823,137,1,0
BRDA:825,138,0,0
BRDA:825,138,1,0
BRDA:830,139,0,0
BRDA:830,139,1,0
BRDA:841,140,0,0
BRDA:841,140,1,0
BRDA:852,141,0,1
BRDA:852,141,1,0
BRDA:852,142,0,1
BRDA:852,142,1,0
BRDA:856,143,0,3
BRDA:856,143,1,1
BRDA:857,144,0,2
BRDA:857,144,1,1
BRDA:861,145,0,3
BRDA:861,145,1,1
BRDA:862,146,0,1
BRDA:862,146,1,2
BRDA:864,147,0,2
BRDA:864,147,1,0
BRDA:865,148,0,0
BRDA:865,148,1,2
BRDA:868,149,0,2
BRDA:868,149,1,0
BRDA:872,150,0,2
BRDA:872,150,1,0
BRDA:887,151,0,0
BRDA:887,151,1,0
BRDA:892,152,0,0
BRDA:892,152,1,0
BRDA:895,153,0,0
BRDA:895,153,1,0
BRDA:896,154,0,0
BRDA:896,154,1,0
BRDA:898,155,0,0
BRDA:898,155,1,0
BRDA:899,156,0,0
BRDA:899,156,1,0
BRDA:902,157,0,0
BRDA:902,157,1,0
BRDA:906,158,0,0
BRDA:906,158,1,0
BRDA:912,159,0,0
BRDA:912,159,1,0
BRDA:912,160,0,0
BRDA:912,160,1,0
BRDA:922,161,0,0
BRDA:922,161,1,0
BRDA:925,162,0,0
BRDA:925,162,1,0
BRDA:932,163,0,0
BRDA:932,163,1,0
BRDA:933,164,0,0
BRDA:933,164,1,0
BRDA:958,165,0,0
BRDA:958,165,1,0
BRDA:961,166,0,0
BRDA:961,166,1,0
BRDA:961,167,0,0
BRDA:961,167,1,0
BRDA:967,168,0,0
BRDA:967,168,1,0
BRDA:970,169,0,0
BRDA:970,169,1,0
BRDA:970,170,0,0
BRDA:970,170,1,0
BRDA:973,171,0,0
BRDA:973,171,1,0
BRDA:973,171,2,0
BRDA:976,172,0,0
BRDA:976,172,1,0
BRDA:980,173,0,0
BRDA:980,173,1,0
BRDA:981,174,0,0
BRDA:981,174,1,0
BRDA:982,175,0,0
BRDA:982,175,1,0
BRDA:983,176,0,0
BRDA:983,176,1,0
BRDA:990,177,0,0
BRDA:990,177,1,0
BRDA:1009,178,0,0
BRDA:1009,178,1,0
BRDA:1015,179,0,0
BRDA:1015,179,1,0
BRDA:1016,180,0,0
BRDA:1016,180,1,0
BRDA:1029,181,0,0
BRDA:1029,181,1,1
BRDA:1048,182,0,0
BRDA:1048,182,1,0
BRF:368
BRH:25
end_of_record
TN:
SF:web-files/DocumentGovernance.js
FN:6,(anonymous_0)
FN:9,(anonymous_1)
FN:21,(anonymous_2)
FN:26,(anonymous_3)
FN:69,(anonymous_4)
FN:71,(anonymous_5)
FN:77,(anonymous_6)
FN:90,(anonymous_7)
FN:97,(anonymous_8)
FN:97,(anonymous_9)
FN:116,(anonymous_10)
FN:156,(anonymous_11)
FN:182,(anonymous_12)
FN:205,(anonymous_13)
FN:207,(anonymous_14)
FN:219,(anonymous_15)
FN:220,(anonymous_16)
FN:223,(anonymous_17)
FN:230,(anonymous_18)
FN:237,(anonymous_19)
FN:239,(anonymous_20)
FN:243,(anonymous_21)
FN:249,(anonymous_22)
FN:259,(anonymous_23)
FN:261,(anonymous_24)
FN:262,(anonymous_25)
FN:290,(anonymous_26)
FN:300,(anonymous_27)
FN:327,(anonymous_28)
FN:341,(anonymous_29)
FN:345,(anonymous_30)
FN:368,(anonymous_31)
FN:376,(anonymous_32)
FN:398,(anonymous_33)
FN:403,(anonymous_34)
FN:411,(anonymous_35)
FN:418,(anonymous_36)
FN:425,(anonymous_37)
FN:427,(anonymous_38)
FN:430,(anonymous_39)
FN:430,(anonymous_40)
FN:439,(anonymous_41)
FN:442,(anonymous_42)
FN:476,(anonymous_43)
FN:482,(anonymous_44)
FN:486,(anonymous_45)
FN:487,(anonymous_46)
FN:501,(anonymous_47)
FN:502,(anonymous_48)
FN:515,(anonymous_49)
FN:521,(anonymous_50)
FN:561,(anonymous_51)
FN:563,(anonymous_52)
FN:563,(anonymous_53)
FN:572,(anonymous_54)
FN:578,(anonymous_55)
FN:590,(anonymous_56)
FN:598,(anonymous_57)
FN:641,(anonymous_58)
FN:643,(anonymous_59)
FN:654,(anonymous_60)
FN:660,(anonymous_61)
FN:698,(anonymous_62)
FN:701,(anonymous_63)
FN:702,(anonymous_64)
FN:716,(anonymous_65)
FN:737,(anonymous_66)
FN:770,(anonymous_67)
FN:771,(anonymous_68)
FN:772,(anonymous_69)
FN:793,(anonymous_70)
FN:820,(anonymous_71)
FN:821,(anonymous_72)
FN:823,(anonymous_73)
FN:844,(anonymous_74)
FN:855,(anonymous_75)
FN:877,(anonymous_76)
FN:918,(anonymous_77)
FN:943,(anonymous_78)
FN:956,(anonymous_79)
FN:959,(anonymous_80)
FN:963,(anonymous_81)
FN:1064,(anonymous_82)
FN:1075,(anonymous_83)
FN:1078,(anonymous_84)
FN:1121,(anonymous_85)
FN:1134,(anonymous_86)
FN:1178,(anonymous_87)
FN:1187,(anonymous_88)
FN:1187,(anonymous_89)
FN:1190,(anonymous_90)
FN:1225,(anonymous_91)
FN:1241,(anonymous_92)
FN:1248,(anonymous_93)
FN:1249,(anonymous_94)
FN:1256,(anonymous_95)
FN:1267,(anonymous_96)
FN:1282,(anonymous_97)
FN:1283,(anonymous_98)
FN:1284,(anonymous_99)
FN:1286,(anonymous_100)
FN:1296,(anonymous_101)
FN:1325,(anonymous_102)
FNF:103
FNH:12
FNDA:0,(anonymous_0)
FNDA:0,(anonymous_1)
FNDA:0,(anonymous_2)
FNDA:0,(anonymous_3)
FNDA:0,(anonymous_4)
FNDA:0,(anonymous_5)
FNDA:0,(anonymous_6)
FNDA:0,(anonymous_7)
FNDA:0,(anonymous_8)
FNDA:0,(anonymous_9)
FNDA:0,(anonymous_10)
FNDA:2,(anonymous_11)
FNDA:2,(anonymous_12)
FNDA:0,(anonymous_13)
FNDA:0,(anonymous_14)
FNDA:1,(anonymous_15)
FNDA:1,(anonymous_16)
FNDA:1,(anonymous_17)
FNDA:3,(anonymous_18)
FNDA:1,(anonymous_19)
FNDA:1,(anonymous_20)
FNDA:1,(anonymous_21)
FNDA:0,(anonymous_22)
FNDA:0,(anonymous_23)
FNDA:0,(anonymous_24)
FNDA:0,(anonymous_25)
FNDA:0,(anonymous_26)
FNDA:5,(anonymous_27)
FNDA:2,(anonymous_28)
FNDA:0,(anonymous_29)
FNDA:0,(anonymous_30)
FNDA:0,(anonymous_31)
FNDA:0,(anonymous_32)
FNDA:0,(anonymous_33)
FNDA:0,(anonymous_34)
FNDA:0,(anonymous_35)
FNDA:0,(anonymous_36)
FNDA:0,(anonymous_37)
FNDA:0,(anonymous_38)
FNDA:0,(anonymous_39)
FNDA:0,(anonymous_40)
FNDA:0,(anonymous_41)
FNDA:0,(anonymous_42)
FNDA:0,(anonymous_43)
FNDA:0,(anonymous_44)
FNDA:0,(anonymous_45)
FNDA:0,(anonymous_46)
FNDA:0,(anonymous_47)
FNDA:0,(anonymous_48)
FNDA:0,(anonymous_49)
FNDA:0,(anonymous_50)
FNDA:0,(anonymous_51)
FNDA:0,(anonymous_52)
FNDA:0,(anonymous_53)
FNDA:0,(anonymous_54)
FNDA:0,(anonymous_55)
FNDA:0,(anonymous_56)
FNDA:0,(anonymous_57)
FNDA:0,(anonymous_58)
FNDA:0,(anonymous_59)
FNDA:0,(anonymous_60)
FNDA:0,(anonymous_61)
FNDA:0,(anonymous_62)
FNDA:0,(anonymous_63)
FNDA:0,(anonymous_64)
FNDA:0,(anonymous_65)
FNDA:0,(anonymous_66)
FNDA:0,(anonymous_67)
FNDA:0,(anonymous_68)
FNDA:0,(anonymous_69)
FNDA:0,(anonymous_70)
FNDA:0,(anonymous_71)
FNDA:0,(anonymous_72)
FNDA:0,(anonymous_73)
FNDA:0,(anonymous_74)
FNDA:0,(anonymous_75)
FNDA:0,(anonymous_76)
FNDA:0,(anonymous_77)
FNDA:0,(anonymous_78)
FNDA:0,(anonymous_79)
FNDA:0,(anonymous_80)
FNDA:0,(anonymous_81)
FNDA:0,(anonymous_82)
FNDA:0,(anonymous_83)
FNDA:0,(anonymous_84)
FNDA:0,(anonymous_85)
FNDA:0,(anonymous_86)
FNDA:0,(anonymous_87)
FNDA:0,(anonymous_88)
FNDA:0,(anonymous_89)
FNDA:0,(anonymous_90)
FNDA:0,(anonymous_91)
FNDA:0,(anonymous_92)
FNDA:0,(anonymous_93)
FNDA:0,(anonymous_94)
FNDA:1,(anonymous_95)
FNDA:0,(anonymous_96)
FNDA:0,(anonymous_97)
FNDA:0,(anonymous_98)
FNDA:0,(anonymous_99)
FNDA:0,(anonymous_100)
FNDA:0,(anonymous_101)
FNDA:0,(anonymous_102)
DA:5,1
DA:8,0
DA:9,0
DA:10,0
DA:11,0
DA:14,0
DA:15,0
DA:16,0
DA:18,0
DA:22,0
DA:23,0
DA:27,0
DA:29,0
DA:51,0
DA:54,0
DA:55,0
DA:59,1
DA:71,0
DA:74,0
DA:77,0
DA:87,0
DA:91,0
DA:92,0
DA:93,0
DA:94,0
DA:97,0
DA:99,0
DA:106,0
DA:107,0
DA:108,0
DA:111,0
DA:113,0
DA:117,0
DA:120,0
DA:123,0
DA:124,0
DA:126,0
DA:127,0
DA:128,0
DA:129,0
DA:132,0
DA:135,0
DA:136,0
DA:137,0
DA:138,0
DA:139,0
DA:142,0
DA:146,0
DA:149,0
DA:150,0
DA:152,0
DA:153,0
DA:157,2
DA:158,2
DA:161,2
DA:167,2
DA:168,2
DA:171,2
DA:178,2
DA:180,2
DA:182,2
DA:184,2
DA:187,2
DA:188,1
DA:198,2
DA:199,1
DA:202,2
DA:207,0
DA:209,0
DA:210,0
DA:211,0
DA:212,0
DA:215,0
DA:220,1
DA:221,1
DA:223,1
DA:224,1
DA:226,0
DA:231,3
DA:232,2
DA:233,2
DA:234,1
DA:238,1
DA:239,1
DA:240,1
DA:244,1
DA:245,1
DA:246,1
DA:250,0
DA:251,0
DA:253,0
DA:255,0
DA:257,0
DA:259,0
DA:260,0
DA:261,0
DA:264,0
DA:265,0
DA:266,0
DA:267,0
DA:269,0
DA:270,0
DA:271,0
DA:273,0
DA:280,0
DA:290,0
DA:291,0
DA:292,0
DA:293,0
DA:296,0
DA:301,5
DA:302,5
DA:304,5
DA:305,5
DA:308,5
DA:314,5
DA:315,2
DA:319,3
DA:327,3
DA:328,1
DA:333,2
DA:334,2
DA:335,1
DA:338,1
DA:342,0
DA:343,0
DA:345,0
DA:346,0
DA:347,0
DA:369,0
DA:370,0
DA:372,0
DA:373,0
DA:377,0
DA:380,0
DA:382,0
DA:384,0
DA:387,0
DA:395,0
DA:399,0
DA:400,0
DA:403,0
DA:404,0
DA:405,0
DA:406,0
DA:407,0
DA:411,0
DA:412,0
DA:413,0
DA:414,0
DA:418,0
DA:419,0
DA:420,0
DA:421,0
DA:425,0
DA:427,0
DA:428,0
DA:429,0
DA:430,0
DA:432,0
DA:433,0
DA:435,0
DA:439,0
DA:442,0
DA:443,0
DA:444,0
DA:446,0
DA:447,0
DA:448,0
DA:452,0
DA:455,0
DA:457,0
DA:459,0
DA:461,0
DA:462,0
DA:463,0
DA:464,0
DA:466,0
DA:469,0
DA:471,0
DA:476,0
DA:477,0
DA:478,0
DA:479,0
DA:482,0
DA:483,0
DA:484,0
DA:486,0
DA:487,0
DA:489,0
DA:491,0
DA:493,0
DA:501,0
DA:502,0
DA:505,0
DA:506,0
DA:508,0
DA:509,0
DA:511,0
DA:512,0
DA:513,0
DA:515,0
DA:516,0
DA:521,0
DA:522,0
DA:523,0
DA:525,0
DA:526,0
DA:527,0
DA:530,0
DA:532,0
DA:539,0
DA:540,0
DA:543,0
DA:546,0
DA:547,0
DA:549,0
DA:550,0
DA:552,0
DA:553,0
DA:561,0
DA:562,0
DA:563,0
DA:565,0
DA:566,0
DA:567,0
DA:572,0
DA:573,0
DA:574,0
DA:578,0
DA:579,0
DA:580,0
DA:581,0
DA:582,0
DA:584,0
DA:585,0
DA:590,0
DA:591,0
DA:592,0
DA:594,0
DA:595,0
DA:598,0
DA:599,0
DA:600,0
DA:601,0
DA:602,0
DA:604,0
DA:605,0
DA:606,0
DA:608,0
DA:609,0
DA:614,0
DA:615,0
DA:616,0
DA:619,0
DA:622,0
DA:624,0
DA:625,0
DA:626,0
DA:627,0
DA:628,0
DA:629,0
DA:631,0
DA:632,0
DA:642,0
DA:643,0
DA:646,0
DA:647,0
DA:650,0
DA:651,0
DA:654,0
DA:655,0
DA:656,0
DA:660,0
DA:661,0
DA:662,0
DA:668,0
DA:669,0
DA:670,0
DA:674,0
DA:677,0
DA:678,0
DA:681,0
DA:684,0
DA:686,0
DA:687,0
DA:688,0
DA:689,0
DA:691,0
DA:693,0
DA:700,0
DA:701,0
DA:702,0
DA:703,0
DA:706,0
DA:707,0
DA:710,0
DA:712,0
DA:717,0
DA:718,0
DA:720,0
DA:722,0
DA:724,0
DA:726,0
DA:727,0
DA:729,0
DA:730,0
DA:733,0
DA:738,0
DA:741,0
DA:744,0
DA:753,1
DA:771,0
DA:772,0
DA:774,0
DA:794,0
DA:821,0
DA:822,0
DA:823,0
DA:824,0
DA:825,0
DA:827,0
DA:840,0
DA:844,0
DA:856,0
DA:858,0
DA:878,0
DA:879,0
DA:880,0
DA:882,0
DA:887,0
DA:888,0
DA:889,0
DA:890,0
DA:892,0
DA:895,0
DA:898,0
DA:920,0
DA:921,0
DA:923,0
DA:944,0
DA:957,0
DA:958,0
DA:959,0
DA:964,0
DA:965,0
DA:966,0
DA:967,0
DA:968,0
DA:970,0
DA:971,0
DA:973,0
DA:974,0
DA:975,0
DA:976,0
DA:977,0
DA:978,0
DA:981,0
DA:982,0
DA:983,0
DA:985,0
DA:986,0
DA:987,0
DA:988,0
DA:993,0
DA:994,0
DA:996,0
DA:1003,0
DA:1004,0
DA:1005,0
DA:1006,0
DA:1007,0
DA:1008,0
DA:1012,0
DA:1018,0
DA:1019,0
DA:1020,0
DA:1022,0
DA:1065,0
DA:1067,0
DA:1076,0
DA:1079,0
DA:1080,0
DA:1082,0
DA:1083,0
DA:1084,0
DA:1086,0
DA:1088,0
DA:1092,0
DA:1122,0
DA:1135,0
DA:1179,0
DA:1180,0
DA:1181,0
DA:1182,0
DA:1187,0
DA:1191,0
DA:1226,0
DA:1228,0
DA:1242,0
DA:1243,0
DA:1245,0
DA:1246,0
DA:1247,0
DA:1248,0
DA:1249,0
DA:1252,0
DA:1257,1
DA:1258,1
DA:1264,1
DA:1268,0
DA:1269,0
DA:1271,0
DA:1272,0
DA:1273,0
DA:1274,0
DA:1275,0
DA:1276,0
DA:1278,0
DA:1279,0
DA:1282,0
DA:1283,0
DA:1284,0
DA:1286,0
DA:1296,0
DA:1297,0
DA:1298,0
DA:1325,0
DA:1326,0
DA:1327,0
DA:1346,0
DA:1377,1
DA:1380,1
LF:433
LH:51
BRDA:11,0,0,0
BRDA:11,0,1,0
BRDA:14,1,0,0
BRDA:14,1,1,0
BRDA:23,2,0,0
BRDA:23,2,1,0
BRDA:27,3,0,0
BRDA:27,3,1,0
BRDA:97,4,0,0
BRDA:97,4,1,0
BRDA:106,5,0,0
BRDA:106,5,1,0
BRDA:126,6,0,0
BRDA:126,6,1,0
BRDA:137,7,0,0
BRDA:137,7,1,0
BRDA:158,8,0,2
BRDA:158,8,1,0
BRDA:167,9,0,2
BRDA:167,9,1,0
BRDA:167,10,0,2
BRDA:167,10,1,2
BRDA:168,11,0,2
BRDA:168,11,1,0
BRDA:178,12,0,2
BRDA:178,12,1,0
BRDA:184,13,0,2
BRDA:184,13,1,2
BRDA:184,13,2,0
BRDA:187,14,0,1
BRDA:187,14,1,1
BRDA:198,15,0,1
BRDA:198,15,1,1
BRDA:207,16,0,0
BRDA:207,16,1,0
BRDA:209,17,0,0
BRDA:209,17,1,0
BRDA:221,18,0,1
BRDA:221,18,1,0
BRDA:221,19,0,1
BRDA:221,19,1,1
BRDA:231,20,0,1
BRDA:231,20,1,2
BRDA:231,21,0,3
BRDA:231,21,1,2
BRDA:233,22,0,1
BRDA:233,22,1,1
BRDA:238,23,0,0
BRDA:238,23,1,1
BRDA:238,24,0,1
BRDA:238,24,1,1
BRDA:240,25,0,1
BRDA:240,25,1,0
BRDA:244,26,0,0
BRDA:244,26,1,1
BRDA:251,27,0,0
BRDA:251,27,1,0
BRDA:253,28,0,0
BRDA:253,28,1,0
BRDA:257,29,0,0
BRDA:257,29,1,0
BRDA:261,30,0,0
BRDA:261,30,1,0
BRDA:265,31,0,0
BRDA:265,31,1,0
BRDA:266,32,0,0
BRDA:266,32,1,0
BRDA:284,33,0,0
BRDA:284,33,1,0
BRDA:284,33,2,0
BRDA:291,34,0,0
BRDA:291,34,1,0
BRDA:301,35,0,0
BRDA:301,35,1,5
BRDA:301,36,0,5
BRDA:301,36,1,0
BRDA:302,37,0,5
BRDA:302,37,1,0
BRDA:304,38,0,5
BRDA:304,38,1,4
BRDA:304,38,2,4
BRDA:304,38,3,3
BRDA:305,39,0,5
BRDA:305,39,1,5
BRDA:305,39,2,2
BRDA:314,40,0,2
BRDA:314,40,1,3
BRDA:314,41,0,5
BRDA:314,41,1,4
BRDA:327,42,0,1
BRDA:327,42,1,2
BRDA:327,43,0,3
BRDA:327,43,1,2
BRDA:334,44,0,1
BRDA:334,44,1,1
BRDA:334,45,0,2
BRDA:334,45,1,2
BRDA:334,45,2,1
BRDA:346,46,0,0
BRDA:346,46,1,0
BRDA:370,47,0,0
BRDA:370,47,1,0
BRDA:382,48,0,0
BRDA:382,48,1,0
BRDA:382,49,0,0
BRDA:382,49,1,0
BRDA:432,50,0,0
BRDA:432,50,1,0
BRDA:432,51,0,0
BRDA:432,51,1,0
BRDA:461,52,0,0
BRDA:461,52,1,0
BRDA:487,53,0,0
BRDA:487,53,1,0
BRDA:489,54,0,0
BRDA:489,54,1,0
BRDA:489,55,0,0
BRDA:489,55,1,0
BRDA:489,55,2,0
BRDA:525,56,0,0
BRDA:525,56,1,0
BRDA:525,57,0,0
BRDA:525,57,1,0
BRDA:539,58,0,0
BRDA:539,58,1,0
BRDA:565,59,0,0
BRDA:565,59,1,0
BRDA:580,60,0,0
BRDA:580,60,1,0
BRDA:600,61,0,0
BRDA:600,61,1,0
BRDA:604,62,0,0
BRDA:604,62,1,0
BRDA:614,63,0,0
BRDA:614,63,1,0
BRDA:624,64,0,0
BRDA:624,64,1,0
BRDA:646,65,0,0
BRDA:646,65,1,0
BRDA:655,66,0,0
BRDA:655,66,1,0
BRDA:664,67,0,0
BRDA:664,67,1,0
BRDA:668,68,0,0
BRDA:668,68,1,0
BRDA:686,69,0,0
BRDA:686,69,1,0
BRDA:703,70,0,0
BRDA:703,70,1,0
BRDA:706,71,0,0
BRDA:706,71,1,0
BRDA:706,72,0,0
BRDA:706,72,1,0
BRDA:718,73,0,0
BRDA:718,73,1,0
BRDA:726,74,0,0
BRDA:726,74,1,0
BRDA:772,75,0,0
BRDA:772,75,1,0
BRDA:823,76,0,0
BRDA:823,76,1,0
BRDA:824,77,0,0
BRDA:824,77,1,0
BRDA:825,78,0,0
BRDA:825,78,1,0
BRDA:836,79,0,0
BRDA:836,79,1,0
BRDA:856,80,0,0
BRDA:856,80,1,0
BRDA:864,81,0,0
BRDA:864,81,1,0
BRDA:867,82,0,0
BRDA:867,82,1,0
BRDA:879,83,0,0
BRDA:879,83,1,0
BRDA:880,84,0,0
BRDA:880,84,1,0
BRDA:882,85,0,0
BRDA:882,85,1,0
BRDA:888,86,0,0
BRDA:888,86,1,0
BRDA:889,87,0,0
BRDA:889,87,1,0
BRDA:905,88,0,0
BRDA:905,88,1,0
BRDA:910,89,0,0
BRDA:910,89,1,0
BRDA:921,90,0,0
BRDA:921,90,1,0
BRDA:927,91,0,0
BRDA:927,91,1,0
BRDA:930,92,0,0
BRDA:930,92,1,0
BRDA:935,93,0,0
BRDA:935,93,1,0
BRDA:949,94,0,0
BRDA:949,94,1,0
BRDA:957,95,0,0
BRDA:957,95,1,0
BRDA:957,96,0,0
BRDA:957,96,1,0
BRDA:959,97,0,0
BRDA:959,97,1,0
BRDA:964,98,0,0
BRDA:964,98,1,0
BRDA:965,99,0,0
BRDA:965,99,1,0
BRDA:966,100,0,0
BRDA:966,100,1,0
BRDA:968,101,0,0
BRDA:968,101,1,0
BRDA:970,102,0,0
BRDA:970,102,1,0
BRDA:973,103,0,0
BRDA:973,103,1,0
BRDA:975,104,0,0
BRDA:975,104,1,0
BRDA:977,105,0,0
BRDA:977,105,1,0
BRDA:982,106,0,0
BRDA:982,106,1,0
BRDA:983,107,0,0
BRDA:983,107,1,0
BRDA:986,108,0,0
BRDA:986,108,1,0
BRDA:987,109,0,0
BRDA:987,109,1,0
BRDA:993,110,0,0
BRDA:993,110,1,0
BRDA:993,110,2,0
BRDA:994,111,0,0
BRDA:994,111,1,0
BRDA:996,112,0,0
BRDA:996,112,1,0
BRDA:996,113,0,0
BRDA:996,113,1,0
BRDA:1004,114,0,0
BRDA:1004,114,1,0
BRDA:1005,115,0,0
BRDA:1005,115,1,0
BRDA:1006,116,0,0
BRDA:1006,116,1,0
BRDA:1007,117,0,0
BRDA:1007,117,1,0
BRDA:1008,118,0,0
BRDA:1008,118,1,0
BRDA:1012,119,0,0
BRDA:1012,119,1,0
BRDA:1018,120,0,0
BRDA:1018,120,1,0
BRDA:1018,120,2,0
BRDA:1019,121,0,0
BRDA:1019,121,1,0
BRDA:1020,122,0,0
BRDA:1020,122,1,0
BRDA:1020,123,0,0
BRDA:1020,123,1,0
BRDA:1032,124,0,0
BRDA:1032,124,1,0
BRDA:1032,125,0,0
BRDA:1032,125,1,0
BRDA:1040,126,0,0
BRDA:1040,126,1,0
BRDA:1040,127,0,0
BRDA:1040,127,1,0
BRDA:1041,128,0,0
BRDA:1041,128,1,0
BRDA:1054,129,0,0
BRDA:1054,129,1,0
BRDA:1064,130,0,0
BRDA:1065,131,0,0
BRDA:1065,131,1,0
BRDA:1070,132,0,0
BRDA:1070,132,1,0
BRDA:1079,133,0,0
BRDA:1079,133,1,0
BRDA:1082,134,0,0
BRDA:1082,134,1,0
BRDA:1083,135,0,0
BRDA:1083,135,1,0
BRDA:1084,136,0,0
BRDA:1084,136,1,0
BRDA:1086,137,0,0
BRDA:1086,137,1,0
BRDA:1088,138,0,0
BRDA:1088,138,1,0
BRDA:1110,139,0,0
BRDA:1110,139,1,0
BRDA:1126,140,0,0
BRDA:1126,140,1,0
BRDA:1178,141,0,0
BRDA:1179,142,0,0
BRDA:1179,142,1,0
BRDA:1181,143,0,0
BRDA:1181,143,1,0
BRDA:1225,144,0,0
BRDA:1226,145,0,0
BRDA:1226,145,1,0
BRDA:1241,146,0,0
BRDA:1243,147,0,0
BRDA:1243,147,1,0
BRDA:1245,148,0,0
BRDA:1245,148,1,0
BRDA:1264,149,0,1
BRDA:1264,149,1,0
BRDA:1268,150,0,0
BRDA:1268,150,1,0
BRDA:1269,151,0,0
BRDA:1269,151,1,0
BRDA:1274,152,0,0
BRDA:1274,152,1,0
BRDA:1274,153,0,0
BRDA:1274,153,1,0
BRDA:1275,154,0,0
BRDA:1275,154,1,0
BRDA:1278,155,0,0
BRDA:1278,155,1,0
BRDA:1360,156,0,0
BRDA:1360,156,1,0
BRDA:1362,157,0,0
BRDA:1362,157,1,0
BRDA:1363,158,0,0
BRDA:1363,158,1,0
BRDA:1364,159,0,0
BRDA:1364,159,1,0
BRDA:1368,160,0,0
BRDA:1368,160,1,0
BRF:327
BRH:50
end_of_record
TN:
SF:web-files/ReviewBoard.js
FN:6,(anonymous_0)
FN:9,(anonymous_1)
FN:21,(anonymous_2)
FN:26,(anonymous_3)
FN:64,(anonymous_4)
FN:109,(anonymous_5)
FN:113,(anonymous_6)
FN:115,(anonymous_7)
FN:116,(anonymous_8)
FN:122,(anonymous_9)
FN:130,(anonymous_10)
FN:131,(anonymous_11)
FN:134,(anonymous_12)
FN:180,(anonymous_13)
FN:184,(anonymous_14)
FN:189,(anonymous_15)
FN:212,(anonymous_16)
FN:216,(anonymous_17)
FN:216,(anonymous_18)
FN:229,(anonymous_19)
FN:252,(anonymous_20)
FN:253,(anonymous_21)
FN:272,(anonymous_22)
FN:277,(anonymous_23)
FN:278,(anonymous_24)
FN:281,(anonymous_25)
FN:291,(anonymous_26)
FN:304,(anonymous_27)
FN:306,(anonymous_28)
FN:352,(anonymous_29)
FN:365,(anonymous_30)
FN:371,(anonymous_31)
FN:383,(anonymous_32)
FN:429,(anonymous_33)
FN:431,(anonymous_34)
FN:444,(anonymous_35)
FN:456,(anonymous_36)
FN:457,(anonymous_37)
FN:475,(anonymous_38)
FN:479,(anonymous_39)
FN:486,(anonymous_40)
FN:507,(anonymous_41)
FN:516,(anonymous_42)
FN:595,(anonymous_43)
FN:596,(anonymous_44)
FN:618,(anonymous_45)
FN:620,(anonymous_46)
FN:627,(anonymous_47)
FN:634,(anonymous_48)
FN:638,(anonymous_49)
FN:646,(anonymous_50)
FN:647,(anonymous_51)
FN:667,(anonymous_52)
FN:668,(anonymous_53)
FN:682,(anonymous_54)
FN:707,(anonymous_55)
FN:862,(anonymous_56)
FN:873,(anonymous_57)
FN:875,(anonymous_58)
FN:898,(anonymous_59)
FN:901,(anonymous_60)
FN:902,(anonymous_61)
FN:904,(anonymous_62)
FN:909,(anonymous_63)
FN:913,(anonymous_64)
FN:918,(anonymous_65)
FN:924,(anonymous_66)
FN:961,(anonymous_67)
FN:985,(anonymous_68)
FN:986,(anonymous_69)
FNF:70
FNH:12
FNDA:0,(anonymous_0)
FNDA:0,(anonymous_1)
FNDA:0,(anonymous_2)
FNDA:0,(anonymous_3)
FNDA:1,(anonymous_4)
FNDA:0,(anonymous_5)
FNDA:1,(anonymous_6)
FNDA:0,(anonymous_7)
FNDA:0,(anonymous_8)
FNDA:0,(anonymous_9)
FNDA:0,(anonymous_10)
FNDA:0,(anonymous_11)
FNDA:0,(anonymous_12)
FNDA:0,(anonymous_13)
FNDA:0,(anonymous_14)
FNDA:1,(anonymous_15)
FNDA:0,(anonymous_16)
FNDA:0,(anonymous_17)
FNDA:0,(anonymous_18)
FNDA:0,(anonymous_19)
FNDA:0,(anonymous_20)
FNDA:0,(anonymous_21)
FNDA:1,(anonymous_22)
FNDA:2,(anonymous_23)
FNDA:1,(anonymous_24)
FNDA:2,(anonymous_25)
FNDA:5,(anonymous_26)
FNDA:1,(anonymous_27)
FNDA:1,(anonymous_28)
FNDA:1,(anonymous_29)
FNDA:0,(anonymous_30)
FNDA:0,(anonymous_31)
FNDA:0,(anonymous_32)
FNDA:0,(anonymous_33)
FNDA:0,(anonymous_34)
FNDA:0,(anonymous_35)
FNDA:0,(anonymous_36)
FNDA:0,(anonymous_37)
FNDA:0,(anonymous_38)
FNDA:0,(anonymous_39)
FNDA:0,(anonymous_40)
FNDA:0,(anonymous_41)
FNDA:0,(anonymous_42)
FNDA:0,(anonymous_43)
FNDA:0,(anonymous_44)
FNDA:0,(anonymous_45)
FNDA:0,(anonymous_46)
FNDA:0,(anonymous_47)
FNDA:0,(anonymous_48)
FNDA:0,(anonymous_49)
FNDA:0,(anonymous_50)
FNDA:0,(anonymous_51)
FNDA:0,(anonymous_52)
FNDA:0,(anonymous_53)
FNDA:0,(anonymous_54)
FNDA:0,(anonymous_55)
FNDA:0,(anonymous_56)
FNDA:0,(anonymous_57)
FNDA:0,(anonymous_58)
FNDA:0,(anonymous_59)
FNDA:0,(anonymous_60)
FNDA:0,(anonymous_61)
FNDA:0,(anonymous_62)
FNDA:0,(anonymous_63)
FNDA:0,(anonymous_64)
FNDA:0,(anonymous_65)
FNDA:0,(anonymous_66)
FNDA:0,(anonymous_67)
FNDA:1,(anonymous_68)
FNDA:0,(anonymous_69)
DA:5,1
DA:8,0
DA:9,0
DA:10,0
DA:11,0
DA:14,0
DA:15,0
DA:16,0
DA:18,0
DA:22,0
DA:23,0
DA:27,0
DA:29,0
DA:51,0
DA:54,0
DA:55,0
DA:59,1
DA:65,1
DA:66,1
DA:67,1
DA:69,1
DA:70,1
DA:72,1
DA:108,1
DA:109,1
DA:110,1
DA:114,1
DA:115,1
DA:116,0
DA:117,0
DA:118,0
DA:119,0
DA:120,0
DA:122,0
DA:124,0
DA:125,0
DA:126,0
DA:130,1
DA:131,1
DA:135,0
DA:136,0
DA:137,0
DA:139,0
DA:140,0
DA:141,0
DA:142,0
DA:145,0
DA:146,0
DA:148,0
DA:157,0
DA:158,0
DA:159,0
DA:169,0
DA:170,0
DA:171,0
DA:174,0
DA:176,0
DA:181,0
DA:182,0
DA:183,0
DA:184,0
DA:189,1
DA:190,1
DA:213,0
DA:214,0
DA:215,0
DA:216,0
DA:218,0
DA:222,0
DA:224,0
DA:226,0
DA:230,0
DA:233,0
DA:235,0
DA:237,0
DA:238,0
DA:241,0
DA:242,0
DA:245,0
DA:248,0
DA:249,0
DA:250,0
DA:252,0
DA:253,0
DA:254,0
DA:255,0
DA:256,0
DA:258,0
DA:261,0
DA:264,0
DA:265,0
DA:273,1
DA:274,1
DA:276,1
DA:277,2
DA:278,1
DA:282,2
DA:283,2
DA:284,2
DA:292,5
DA:295,5
DA:296,5
DA:297,5
DA:299,5
DA:300,2
DA:301,2
DA:305,1
DA:306,1
DA:307,1
DA:310,1
DA:311,1
DA:312,1
DA:313,1
DA:316,1
DA:324,1
DA:325,1
DA:327,1
DA:330,1
DA:331,1
DA:336,1
DA:337,1
DA:340,1
DA:341,1
DA:344,0
DA:348,1
DA:349,1
DA:353,1
DA:354,1
DA:355,1
DA:361,0
DA:362,0
DA:363,0
DA:365,0
DA:371,0
DA:373,0
DA:376,1
DA:384,0
DA:386,0
DA:425,0
DA:426,0
DA:430,0
DA:431,0
DA:432,0
DA:433,0
DA:434,0
DA:435,0
DA:441,0
DA:445,0
DA:457,0
DA:472,0
DA:476,0
DA:478,0
DA:479,0
DA:480,0
DA:483,0
DA:486,0
DA:487,0
DA:488,0
DA:489,0
DA:491,0
DA:497,0
DA:499,0
DA:507,0
DA:509,0
DA:510,0
DA:512,0
DA:516,0
DA:517,0
DA:518,0
DA:519,0
DA:520,0
DA:522,0
DA:523,0
DA:524,0
DA:525,0
DA:527,0
DA:528,0
DA:531,0
DA:532,0
DA:533,0
DA:534,0
DA:535,0
DA:537,0
DA:539,0
DA:545,0
DA:546,0
DA:559,0
DA:595,0
DA:596,0
DA:598,0
DA:599,0
DA:601,0
DA:618,0
DA:619,0
DA:620,0
DA:623,0
DA:624,0
DA:627,0
DA:631,0
DA:635,0
DA:637,0
DA:638,0
DA:639,0
DA:642,0
DA:643,0
DA:644,0
DA:646,0
DA:647,0
DA:648,0
DA:649,0
DA:652,0
DA:657,0
DA:660,0
DA:661,0
DA:662,0
DA:663,0
DA:667,0
DA:668,0
DA:669,0
DA:670,0
DA:672,0
DA:673,0
DA:675,0
DA:676,0
DA:677,0
DA:678,0
DA:679,0
DA:680,0
DA:682,0
DA:685,0
DA:686,0
DA:687,0
DA:688,0
DA:689,0
DA:692,0
DA:705,0
DA:708,0
DA:709,0
DA:710,0
DA:712,0
DA:713,0
DA:715,0
DA:732,0
DA:802,0
DA:815,0
DA:858,0
DA:859,0
DA:863,0
DA:864,0
DA:870,0
DA:871,0
DA:873,0
DA:875,0
DA:876,0
DA:878,0
DA:879,0
DA:880,0
DA:882,0
DA:883,0
DA:884,0
DA:886,0
DA:887,0
DA:890,0
DA:891,0
DA:899,0
DA:901,0
DA:902,0
DA:904,0
DA:905,0
DA:906,0
DA:909,0
DA:910,0
DA:911,0
DA:913,0
DA:914,0
DA:915,0
DA:918,0
DA:919,0
DA:920,0
DA:922,0
DA:923,0
DA:924,0
DA:926,0
DA:927,0
DA:928,0
DA:931,0
DA:932,0
DA:934,0
DA:935,0
DA:940,0
DA:942,0
DA:950,0
DA:959,0
DA:960,0
DA:961,0
DA:962,0
DA:964,0
DA:965,0
DA:967,0
DA:968,0
DA:969,0
DA:972,0
DA:975,0
DA:976,0
DA:977,0
DA:983,1
DA:985,1
DA:986,1
DA:987,0
DA:988,0
DA:989,0
LF:311
LH:58
BRDA:11,0,0,0
BRDA:11,0,1,0
BRDA:14,1,0,0
BRDA:14,1,1,0
BRDA:23,2,0,0
BRDA:23,2,1,0
BRDA:27,3,0,0
BRDA:27,3,1,0
BRDA:70,4,0,1
BRDA:70,4,1,0
BRDA:119,5,0,0
BRDA:119,5,1,0
BRDA:125,6,0,0
BRDA:125,6,1,0
BRDA:152,7,0,0
BRDA:152,7,1,0
BRDA:153,8,0,0
BRDA:153,8,1,0
BRDA:158,9,0,0
BRDA:158,9,1,0
BRDA:169,10,0,0
BRDA:169,10,1,0
BRDA:170,11,0,0
BRDA:170,11,1,0
BRDA:170,12,0,0
BRDA:170,12,1,0
BRDA:182,13,0,0
BRDA:182,13,1,0
BRDA:216,14,0,0
BRDA:216,14,1,0
BRDA:222,15,0,0
BRDA:222,15,1,0
BRDA:237,16,0,0
BRDA:237,16,1,0
BRDA:252,17,0,0
BRDA:252,17,1,0
BRDA:252,18,0,0
BRDA:252,18,1,0
BRDA:252,19,0,0
BRDA:252,19,1,0
BRDA:253,20,0,0
BRDA:253,20,1,0
BRDA:255,21,0,0
BRDA:255,21,1,0
BRDA:283,22,0,2
BRDA:283,22,1,0
BRDA:292,23,0,5
BRDA:292,23,1,1
BRDA:295,24,0,5
BRDA:295,24,1,0
BRDA:296,25,0,5
BRDA:296,25,1,0
BRDA:297,26,0,5
BRDA:297,26,1,0
BRDA:299,27,0,3
BRDA:299,27,1,2
BRDA:300,28,0,0
BRDA:300,28,1,2
BRDA:307,29,0,0
BRDA:307,29,1,1
BRDA:320,30,0,0
BRDA:320,30,1,1
BRDA:336,31,0,1
BRDA:336,31,1,0
BRDA:361,32,0,0
BRDA:361,32,1,0
BRDA:433,33,0,0
BRDA:433,33,1,0
BRDA:436,34,0,0
BRDA:436,34,1,0
BRDA:476,35,0,0
BRDA:476,35,1,0
BRDA:480,36,0,0
BRDA:480,36,1,0
BRDA:483,37,0,0
BRDA:483,37,1,0
BRDA:487,38,0,0
BRDA:487,38,1,0
BRDA:488,39,0,0
BRDA:488,39,1,0
BRDA:488,39,2,0
BRDA:488,39,3,0
BRDA:489,40,0,0
BRDA:489,40,1,0
BRDA:489,40,2,0
BRDA:497,41,0,0
BRDA:497,41,1,0
BRDA:497,42,0,0
BRDA:497,42,1,0
BRDA:507,43,0,0
BRDA:507,43,1,0
BRDA:507,44,0,0
BRDA:507,44,1,0
BRDA:510,45,0,0
BRDA:510,45,1,0
BRDA:510,46,0,0
BRDA:510,46,1,0
BRDA:510,46,2,0
BRDA:516,47,0,0
BRDA:517,48,0,0
BRDA:517,48,1,0
BRDA:517,48,2,0
BRDA:517,48,3,0
BRDA:517,48,4,0
BRDA:518,49,0,0
BRDA:518,49,1,0
BRDA:518,49,2,0
BRDA:518,49,3,0
BRDA:519,50,0,0
BRDA:519,50,1,0
BRDA:519,50,2,0
BRDA:520,51,0,0
BRDA:520,51,1,0
BRDA:522,52,0,0
BRDA:522,52,1,0
BRDA:523,53,0,0
BRDA:523,53,1,0
BRDA:524,54,0,0
BRDA:524,54,1,0
BRDA:525,55,0,0
BRDA:525,55,1,0
BRDA:528,56,0,0
BRDA:528,56,1,0
BRDA:531,57,0,0
BRDA:531,57,1,0
BRDA:533,58,0,0
BRDA:533,58,1,0
BRDA:534,59,0,0
BRDA:534,59,1,0
BRDA:535,60,0,0
BRDA:535,60,1,0
BRDA:539,61,0,0
BRDA:539,61,1,0
BRDA:539,62,0,0
BRDA:539,62,1,0
BRDA:545,63,0,0
BRDA:545,63,1,0
BRDA:545,63,2,0
BRDA:546,64,0,0
BRDA:546,64,1,0
BRDA:546,65,0,0
BRDA:546,65,1,0
BRDA:546,65,2,0
BRDA:550,66,0,0
BRDA:550,66,1,0
BRDA:574,67,0,0
BRDA:574,67,1,0
BRDA:596,68,0,0
BRDA:596,68,1,0
BRDA:596,69,0,0
BRDA:596,69,1,0
BRDA:598,70,0,0
BRDA:598,70,1,0
BRDA:619,71,0,0
BRDA:619,71,1,0
BRDA:619,72,0,0
BRDA:619,72,1,0
BRDA:623,73,0,0
BRDA:623,73,1,0
BRDA:635,74,0,0
BRDA:635,74,1,0
BRDA:639,75,0,0
BRDA:639,75,1,0
BRDA:646,76,0,0
BRDA:646,76,1,0
BRDA:647,77,0,0
BRDA:647,77,1,0
BRDA:648,78,0,0
BRDA:648,78,1,0
BRDA:648,78,2,0
BRDA:660,79,0,0
BRDA:660,79,1,0
BRDA:660,79,2,0
BRDA:660,79,3,0
BRDA:660,79,4,0
BRDA:662,80,0,0
BRDA:662,80,1,0
BRDA:663,81,0,0
BRDA:663,81,1,0
BRDA:667,82,0,0
BRDA:667,82,1,0
BRDA:667,82,2,0
BRDA:668,83,0,0
BRDA:668,83,1,0
BRDA:668,83,2,0
BRDA:675,84,0,0
BRDA:675,84,1,0
BRDA:678,85,0,0
BRDA:678,85,1,0
BRDA:686,86,0,0
BRDA:686,86,1,0
BRDA:687,87,0,0
BRDA:687,87,1,0
BRDA:688,88,0,0
BRDA:688,88,1,0
BRDA:689,89,0,0
BRDA:689,89,1,0
BRDA:692,90,0,0
BRDA:692,90,1,0
BRDA:700,91,0,0
BRDA:700,91,1,0
BRDA:701,92,0,0
BRDA:701,92,1,0
BRDA:705,93,0,0
BRDA:705,93,1,0
BRDA:710,94,0,0
BRDA:710,94,1,0
BRDA:710,95,0,0
BRDA:710,95,1,0
BRDA:710,96,0,0
BRDA:710,96,1,0
BRDA:710,97,0,0
BRDA:710,97,1,0
BRDA:713,98,0,0
BRDA:713,98,1,0
BRDA:718,99,0,0
BRDA:718,99,1,0
BRDA:721,100,0,0
BRDA:721,100,1,0
BRDA:722,101,0,0
BRDA:722,101,1,0
BRDA:755,102,0,0
BRDA:755,102,1,0
BRDA:781,103,0,0
BRDA:781,103,1,0
BRDA:793,104,0,0
BRDA:793,104,1,0
BRDA:794,105,0,0
BRDA:794,105,1,0
BRDA:821,106,0,0
BRDA:821,106,1,0
BRDA:824,107,0,0
BRDA:824,107,1,0
BRDA:839,108,0,0
BRDA:839,108,1,0
BRDA:839,109,0,0
BRDA:839,109,1,0
BRDA:845,110,0,0
BRDA:845,110,1,0
BRDA:846,111,0,0
BRDA:846,111,1,0
BRDA:880,112,0,0
BRDA:880,112,1,0
BRDA:882,113,0,0
BRDA:882,113,1,0
BRDA:890,114,0,0
BRDA:890,114,1,0
BRDA:891,115,0,0
BRDA:891,115,1,0
BRDA:920,116,0,0
BRDA:920,116,1,0
BRDA:926,117,0,0
BRDA:926,117,1,0
BRDA:926,118,0,0
BRDA:926,118,1,0
BRDA:936,119,0,0
BRDA:936,119,1,0
BRDA:937,120,0,0
BRDA:937,120,1,0
BRDA:938,121,0,0
BRDA:938,121,1,0
BRDA:940,122,0,0
BRDA:940,122,1,0
BRDA:944,123,0,0
BRDA:944,123,1,0
BRDA:947,124,0,0
BRDA:947,124,1,0
BRDA:959,125,0,0
BRDA:959,125,1,0
BRDA:964,126,0,0
BRDA:964,126,1,0
BRDA:987,127,0,0
BRDA:987,127,1,0
BRDA:987,128,0,0
BRDA:987,128,1,0
BRDA:987,128,2,0
BRDA:987,128,3,0
BRF:277
BRH:13
end_of_record
TN:
SF:web-files/SubmissionApp.js
FN:2,(anonymous_0)
FN:4,(anonymous_1)
FN:16,(anonymous_2)
FN:21,(anonymous_3)
FN:55,(anonymous_4)
FN:70,(anonymous_5)
FN:75,(anonymous_6)
FN:119,(anonymous_7)
FN:136,(anonymous_8)
FN:147,(anonymous_9)
FN:166,(anonymous_10)
FN:170,(anonymous_11)
FN:174,(anonymous_12)
FN:183,(anonymous_13)
FN:186,(anonymous_14)
FN:192,(anonymous_15)
FN:219,(anonymous_16)
FN:235,(anonymous_17)
FN:257,(anonymous_18)
FN:300,(anonymous_19)
FN:301,(anonymous_20)
FN:308,(anonymous_21)
FN:312,(anonymous_22)
FN:316,(anonymous_23)
FN:331,(anonymous_24)
FN:333,(anonymous_25)
FN:342,(anonymous_26)
FN:367,(anonymous_27)
FN:392,(anonymous_28)
FN:417,(anonymous_29)
FN:424,(anonymous_30)
FN:431,(anonymous_31)
FN:440,(anonymous_32)
FN:521,(anonymous_33)
FN:552,(anonymous_34)
FN:636,(anonymous_35)
FN:649,(anonymous_36)
FN:660,(anonymous_37)
FN:661,(anonymous_38)
FN:694,(anonymous_39)
FN:705,(anonymous_40)
FN:706,(anonymous_41)
FNF:42
FNH:22
FNDA:0,(anonymous_0)
FNDA:0,(anonymous_1)
FNDA:0,(anonymous_2)
FNDA:0,(anonymous_3)
FNDA:12,(anonymous_4)
FNDA:1,(anonymous_5)
FNDA:1,(anonymous_6)
FNDA:1,(anonymous_7)
FNDA:0,(anonymous_8)
FNDA:0,(anonymous_9)
FNDA:1,(anonymous_10)
FNDA:0,(anonymous_11)
FNDA:0,(anonymous_12)
FNDA:0,(anonymous_13)
FNDA:0,(anonymous_14)
FNDA:0,(anonymous_15)
FNDA:0,(anonymous_16)
FNDA:0,(anonymous_17)
FNDA:0,(anonymous_18)
FNDA:1,(anonymous_19)
FNDA:2,(anonymous_20)
FNDA:1,(anonymous_21)
FNDA:1,(anonymous_22)
FNDA:0,(anonymous_23)
FNDA:4,(anonymous_24)
FNDA:0,(anonymous_25)
FNDA:3,(anonymous_26)
FNDA:0,(anonymous_27)
FNDA:0,(anonymous_28)
FNDA:2,(anonymous_29)
FNDA:6,(anonymous_30)
FNDA:7,(anonymous_31)
FNDA:4,(anonymous_32)
FNDA:2,(anonymous_33)
FNDA:2,(anonymous_34)
FNDA:0,(anonymous_35)
FNDA:2,(anonymous_36)
FNDA:1,(anonymous_37)
FNDA:5,(anonymous_38)
FNDA:1,(anonymous_39)
FNDA:1,(anonymous_40)
FNDA:0,(anonymous_41)
DA:1,1
DA:3,0
DA:4,0
DA:5,0
DA:6,0
DA:9,0
DA:10,0
DA:11,0
DA:13,0
DA:17,0
DA:18,0
DA:22,0
DA:24,0
DA:40,0
DA:41,0
DA:42,0
DA:46,1
DA:56,12
DA:57,12
DA:59,12
DA:71,1
DA:72,1
DA:73,1
DA:75,1
DA:77,1
DA:78,0
DA:79,0
DA:85,0
DA:88,1
DA:89,1
DA:92,1
DA:98,1
DA:100,1
DA:101,0
DA:102,0
DA:103,0
DA:104,0
DA:106,0
DA:107,0
DA:108,0
DA:110,1
DA:111,0
DA:112,0
DA:115,1
DA:116,1
DA:120,1
DA:121,1
DA:122,1
DA:123,1
DA:125,0
DA:126,0
DA:127,0
DA:128,0
DA:130,1
DA:131,1
DA:132,1
DA:137,0
DA:138,0
DA:139,0
DA:141,0
DA:142,0
DA:143,0
DA:144,0
DA:145,0
DA:147,0
DA:148,0
DA:149,0
DA:150,0
DA:151,0
DA:152,0
DA:154,0
DA:158,0
DA:161,0
DA:162,0
DA:167,1
DA:168,1
DA:170,1
DA:171,0
DA:174,1
DA:175,0
DA:177,0
DA:179,0
DA:180,0
DA:182,0
DA:183,0
DA:185,0
DA:186,0
DA:189,0
DA:192,1
DA:193,0
DA:194,0
DA:196,0
DA:198,0
DA:199,0
DA:201,0
DA:202,0
DA:203,0
DA:205,0
DA:206,0
DA:207,0
DA:209,0
DA:210,0
DA:213,0
DA:214,0
DA:215,0
DA:219,1
DA:220,0
DA:221,0
DA:222,0
DA:224,0
DA:225,0
DA:226,0
DA:227,0
DA:230,0
DA:232,0
DA:233,0
DA:234,0
DA:235,0
DA:236,0
DA:237,0
DA:238,0
DA:239,0
DA:240,0
DA:241,0
DA:242,0
DA:248,0
DA:250,0
DA:251,0
DA:253,0
DA:257,1
DA:258,0
DA:259,0
DA:260,0
DA:261,0
DA:263,0
DA:264,0
DA:265,0
DA:266,0
DA:268,0
DA:269,0
DA:270,0
DA:271,0
DA:272,0
DA:273,0
DA:275,0
DA:276,0
DA:279,0
DA:282,0
DA:283,0
DA:284,0
DA:287,0
DA:288,0
DA:290,0
DA:291,0
DA:294,0
DA:297,1
DA:301,1
DA:302,2
DA:309,1
DA:310,1
DA:311,1
DA:312,1
DA:313,1
DA:317,0
DA:332,4
DA:333,4
DA:334,0
DA:335,0
DA:336,0
DA:337,0
DA:343,3
DA:344,3
DA:345,3
DA:347,3
DA:348,3
DA:350,3
DA:351,3
DA:352,3
DA:354,3
DA:355,3
DA:367,3
DA:368,0
DA:369,0
DA:370,0
DA:373,3
DA:374,0
DA:375,0
DA:376,0
DA:377,0
DA:382,3
DA:383,0
DA:385,3
DA:388,3
DA:389,3
DA:393,0
DA:395,0
DA:404,0
DA:405,0
DA:418,2
DA:419,2
DA:420,2
DA:421,2
DA:425,6
DA:426,6
DA:427,6
DA:428,6
DA:432,7
DA:441,4
DA:442,4
DA:445,4
DA:447,4
DA:451,4
DA:455,4
DA:456,4
DA:458,4
DA:460,4
DA:461,3
DA:462,3
DA:464,1
DA:465,1
DA:468,4
DA:470,4
DA:477,4
DA:478,4
DA:479,4
DA:482,4
DA:486,4
DA:487,4
DA:488,4
DA:490,4
DA:491,0
DA:493,4
DA:494,4
DA:500,4
DA:501,4
DA:502,4
DA:504,4
DA:505,4
DA:506,0
DA:515,4
DA:516,4
DA:517,4
DA:522,2
DA:523,2
DA:525,2
DA:527,0
DA:528,0
DA:529,0
DA:531,0
DA:532,0
DA:534,0
DA:535,0
DA:536,0
DA:538,0
DA:540,0
DA:541,0
DA:545,0
DA:548,0
DA:553,2
DA:555,2
DA:556,0
DA:557,0
DA:560,2
DA:561,2
DA:563,2
DA:564,2
DA:566,2
DA:567,2
DA:569,2
DA:570,0
DA:573,2
DA:575,2
DA:576,0
DA:577,0
DA:579,0
DA:581,0
DA:584,2
DA:589,2
DA:590,2
DA:592,2
DA:593,0
DA:594,0
DA:597,0
DA:600,0
DA:601,0
DA:602,0
DA:603,0
DA:604,0
DA:608,0
DA:622,0
DA:624,0
DA:629,0
DA:631,0
DA:634,0
DA:635,0
DA:636,0
DA:638,2
DA:642,0
DA:643,0
DA:645,2
DA:650,2
DA:651,2
DA:652,2
DA:654,2
DA:655,2
DA:656,2
DA:657,2
DA:661,5
DA:664,1
DA:666,1
DA:687,1
DA:689,1
DA:695,1
DA:696,1
DA:697,1
DA:698,1
DA:699,0
DA:703,1
DA:705,1
DA:706,1
DA:707,0
DA:713,0
DA:714,0
DA:715,0
DA:716,0
LF:325
LH:139
BRDA:6,0,0,0
BRDA:6,0,1,0
BRDA:9,1,0,0
BRDA:9,1,1,0
BRDA:18,2,0,0
BRDA:18,2,1,0
BRDA:22,3,0,0
BRDA:22,3,1,0
BRDA:77,4,0,0
BRDA:77,4,1,1
BRDA:100,5,0,0
BRDA:100,5,1,1
BRDA:108,6,0,0
BRDA:108,6,1,0
BRDA:110,7,0,0
BRDA:110,7,1,1
BRDA:125,8,0,0
BRDA:125,8,1,0
BRDA:127,9,0,0
BRDA:127,9,1,0
BRDA:128,10,0,0
BRDA:128,10,1,0
BRDA:131,11,0,1
BRDA:131,11,1,0
BRDA:141,12,0,0
BRDA:141,12,1,0
BRDA:148,13,0,0
BRDA:148,13,1,0
BRDA:148,14,0,0
BRDA:148,14,1,0
BRDA:151,15,0,0
BRDA:151,15,1,0
BRDA:151,16,0,0
BRDA:151,16,1,0
BRDA:151,16,2,0
BRDA:175,17,0,0
BRDA:175,17,1,0
BRDA:179,18,0,0
BRDA:179,18,1,0
BRDA:182,19,0,0
BRDA:182,19,1,0
BRDA:201,20,0,0
BRDA:201,20,1,0
BRDA:202,21,0,0
BRDA:202,21,1,0
BRDA:203,22,0,0
BRDA:203,22,1,0
BRDA:224,23,0,0
BRDA:224,23,1,0
BRDA:224,24,0,0
BRDA:224,24,1,0
BRDA:230,25,0,0
BRDA:230,25,1,0
BRDA:232,26,0,0
BRDA:232,26,1,0
BRDA:232,27,0,0
BRDA:232,27,1,0
BRDA:238,28,0,0
BRDA:238,28,1,0
BRDA:238,29,0,0
BRDA:238,29,1,0
BRDA:250,30,0,0
BRDA:250,30,1,0
BRDA:250,31,0,0
BRDA:250,31,1,0
BRDA:260,32,0,0
BRDA:260,32,1,0
BRDA:263,33,0,0
BRDA:263,33,1,0
BRDA:266,34,0,0
BRDA:266,34,1,0
BRDA:266,35,0,0
BRDA:266,35,1,0
BRDA:268,36,0,0
BRDA:268,36,1,0
BRDA:271,37,0,0
BRDA:271,37,1,0
BRDA:282,38,0,0
BRDA:282,38,1,0
BRDA:283,39,0,0
BRDA:283,39,1,0
BRDA:284,40,0,0
BRDA:284,40,1,0
BRDA:287,41,0,0
BRDA:287,41,1,0
BRDA:301,42,0,1
BRDA:301,42,1,0
BRDA:302,43,0,2
BRDA:302,43,1,1
BRDA:302,43,2,1
BRDA:302,44,0,2
BRDA:302,44,1,0
BRDA:309,45,0,1
BRDA:309,45,1,0
BRDA:310,46,0,1
BRDA:310,46,1,0
BRDA:311,47,0,1
BRDA:311,47,1,0
BRDA:335,48,0,0
BRDA:335,48,1,0
BRDA:350,49,0,3
BRDA:350,49,1,0
BRDA:354,50,0,3
BRDA:354,50,1,0
BRDA:354,51,0,3
BRDA:354,51,1,3
BRDA:364,52,0,3
BRDA:364,52,1,0
BRDA:373,53,0,0
BRDA:373,53,1,3
BRDA:382,54,0,0
BRDA:382,54,1,3
BRDA:404,55,0,0
BRDA:404,55,1,0
BRDA:421,56,0,1
BRDA:421,56,1,1
BRDA:432,57,0,7
BRDA:432,57,1,2
BRDA:432,57,2,2
BRDA:432,57,3,2
BRDA:432,57,4,2
BRDA:432,57,5,2
BRDA:445,58,0,4
BRDA:445,58,1,2
BRDA:447,59,0,4
BRDA:447,59,1,0
BRDA:451,60,0,4
BRDA:451,60,1,0
BRDA:460,61,0,3
BRDA:460,61,1,1
BRDA:462,62,0,3
BRDA:462,62,1,0
BRDA:465,63,0,1
BRDA:465,63,1,0
BRDA:477,64,0,0
BRDA:477,64,1,4
BRDA:478,65,0,3
BRDA:478,65,1,1
BRDA:482,66,0,4
BRDA:482,66,1,0
BRDA:482,67,0,4
BRDA:482,67,1,4
BRDA:490,68,0,0
BRDA:490,68,1,4
BRDA:497,69,0,0
BRDA:497,69,1,4
BRDA:500,70,0,4
BRDA:500,70,1,0
BRDA:501,71,0,4
BRDA:501,71,1,3
BRDA:505,72,0,0
BRDA:505,72,1,4
BRDA:515,73,0,4
BRDA:515,73,1,0
BRDA:517,74,0,0
BRDA:517,74,1,4
BRDA:523,75,0,2
BRDA:523,75,1,2
BRDA:525,76,0,2
BRDA:525,76,1,0
BRDA:535,77,0,0
BRDA:535,77,1,0
BRDA:538,78,0,0
BRDA:538,78,1,0
BRDA:552,79,0,2
BRDA:555,80,0,0
BRDA:555,80,1,2
BRDA:555,81,0,2
BRDA:555,81,1,0
BRDA:560,82,0,0
BRDA:560,82,1,2
BRDA:564,83,0,0
BRDA:564,83,1,2
BRDA:569,84,0,0
BRDA:569,84,1,2
BRDA:573,85,0,0
BRDA:573,85,1,2
BRDA:575,86,0,0
BRDA:575,86,1,2
BRDA:589,87,0,2
BRDA:589,87,1,0
BRDA:589,88,0,2
BRDA:589,88,1,2
BRDA:592,89,0,0
BRDA:592,89,1,2
BRDA:594,90,0,0
BRDA:594,90,1,0
BRDA:597,91,0,0
BRDA:597,91,1,0
BRDA:601,92,0,0
BRDA:601,92,1,0
BRDA:601,93,0,0
BRDA:601,93,1,0
BRDA:601,93,2,0
BRDA:603,94,0,0
BRDA:603,94,1,0
BRDA:603,95,0,0
BRDA:603,95,1,0
BRDA:609,96,0,0
BRDA:609,96,1,0
BRDA:612,97,0,0
BRDA:612,97,1,0
BRDA:615,98,0,0
BRDA:615,98,1,0
BRDA:616,99,0,0
BRDA:616,99,1,0
BRDA:634,100,0,0
BRDA:634,100,1,0
BRDA:642,101,0,0
BRDA:642,101,1,0
BRDA:643,102,0,0
BRDA:643,102,1,0
BRDA:645,103,0,2
BRDA:645,103,1,0
BRDA:697,104,0,1
BRDA:697,104,1,0
BRDA:707,105,0,0
BRDA:707,105,1,0
BRDA:707,106,0,0
BRDA:707,106,1,0
BRDA:707,106,2,0
BRDA:707,106,3,0
BRDA:707,106,4,0
BRF:223
BRH:66
end_of_record
TN:
SF:web-files/SubmissionCalc.js
FN:6,(anonymous_0)
FN:22,(anonymous_1)
FN:40,(anonymous_2)
FN:50,(anonymous_3)
FN:61,(anonymous_4)
FN:72,(anonymous_5)
FN:81,(anonymous_6)
FN:123,(anonymous_7)
FNF:8
FNH:8
FNDA:61,(anonymous_0)
FNDA:4,(anonymous_1)
FNDA:4,(anonymous_2)
FNDA:2,(anonymous_3)
FNDA:12,(anonymous_4)
FNDA:7,(anonymous_5)
FNDA:17,(anonymous_6)
FNDA:1,(anonymous_7)
DA:5,2
DA:7,61
DA:9,61
DA:10,61
DA:12,61
DA:13,32
DA:14,28
DA:15,3
DA:16,3
DA:18,25
DA:23,4
DA:24,4
DA:25,4
DA:27,4
DA:29,3
DA:30,3
DA:31,2
DA:32,2
DA:35,2
DA:36,2
DA:37,2
DA:40,2
DA:41,4
DA:42,4
DA:45,1
DA:46,1
DA:51,2
DA:52,2
DA:53,1
DA:54,1
DA:55,0
DA:58,2
DA:59,2
DA:61,12
DA:62,2
DA:63,2
DA:65,2
DA:73,7
DA:74,0
DA:77,7
DA:78,7
DA:80,7
DA:81,17
DA:83,7
DA:84,7
DA:86,7
DA:87,0
DA:92,7
DA:93,7
DA:94,7
DA:95,1
DA:96,1
DA:101,7
DA:102,7
DA:103,7
DA:106,7
DA:124,1
DA:128,2
LF:58
LH:55
BRDA:7,0,0,0
BRDA:7,0,1,61
BRDA:7,1,0,61
BRDA:7,1,1,61
BRDA:7,1,2,61
BRDA:12,2,0,29
BRDA:12,2,1,32
BRDA:12,3,0,61
BRDA:12,3,1,50
BRDA:12,3,2,49
BRDA:13,4,0,4
BRDA:13,4,1,28
BRDA:14,5,0,3
BRDA:14,5,1,25
BRDA:25,6,0,4
BRDA:25,6,1,0
BRDA:27,7,0,1
BRDA:27,7,1,3
BRDA:31,8,0,2
BRDA:31,8,1,0
BRDA:32,9,0,2
BRDA:32,9,1,0
BRDA:37,10,0,2
BRDA:37,10,1,0
BRDA:41,11,0,2
BRDA:41,11,1,2
BRDA:41,12,0,4
BRDA:41,12,1,2
BRDA:42,13,0,4
BRDA:42,13,1,2
BRDA:50,14,0,1
BRDA:52,15,0,1
BRDA:52,15,1,1
BRDA:54,16,0,0
BRDA:54,16,1,1
BRDA:54,17,0,1
BRDA:54,17,1,0
BRDA:54,17,2,0
BRDA:72,18,0,5
BRDA:73,19,0,0
BRDA:73,19,1,7
BRDA:73,20,0,7
BRDA:73,20,1,7
BRDA:73,20,2,7
BRDA:73,20,3,7
BRDA:73,20,4,7
BRDA:86,21,0,0
BRDA:86,21,1,7
BRDA:86,22,0,7
BRDA:86,22,1,0
BRDA:93,23,0,7
BRDA:93,23,1,0
BRDA:94,24,0,1
BRDA:94,24,1,6
BRDA:95,25,0,1
BRDA:95,25,1,0
BRDA:102,26,0,7
BRDA:102,26,1,0
BRDA:102,27,0,7
BRDA:102,27,1,7
BRDA:107,28,0,7
BRDA:107,28,1,2
BRDA:107,28,2,1
BRDA:107,28,3,1
BRDA:113,29,0,7
BRDA:113,29,1,1
BRDA:113,29,2,1
BRDA:116,30,0,7
BRDA:116,30,1,1
BRF:69
BRH:55
end_of_record
TN:
SF:web-files/SubmissionService.js
FN:7,(anonymous_0)
FN:12,(anonymous_1)
FN:13,(anonymous_2)
FN:29,(anonymous_3)
FN:55,(anonymous_4)
FN:84,(anonymous_5)
FN:86,(anonymous_6)
FN:97,(anonymous_7)
FN:117,(anonymous_8)
FN:119,(anonymous_9)
FN:119,(anonymous_10)
FN:122,(anonymous_11)
FN:123,(anonymous_12)
FN:152,(anonymous_13)
FN:154,(anonymous_14)
FN:154,(anonymous_15)
FN:169,(anonymous_16)
FN:184,(anonymous_17)
FN:195,(anonymous_18)
FN:213,(anonymous_19)
FN:232,(anonymous_20)
FN:257,(anonymous_21)
FN:264,(anonymous_22)
FN:279,(anonymous_23)
FN:294,(anonymous_24)
FN:323,(anonymous_25)
FN:340,(anonymous_26)
FN:377,(anonymous_27)
FN:392,(anonymous_28)
FN:434,(anonymous_29)
FN:444,(anonymous_30)
FN:447,(anonymous_31)
FN:460,(anonymous_32)
FN:482,(anonymous_33)
FNF:34
FNH:31
FNDA:11,(anonymous_0)
FNDA:12,(anonymous_1)
FNDA:12,(anonymous_2)
FNDA:1,(anonymous_3)
FNDA:2,(anonymous_4)
FNDA:5,(anonymous_5)
FNDA:5,(anonymous_6)
FNDA:15,(anonymous_7)
FNDA:2,(anonymous_8)
FNDA:2,(anonymous_9)
FNDA:2,(anonymous_10)
FNDA:2,(anonymous_11)
FNDA:0,(anonymous_12)
FNDA:3,(anonymous_13)
FNDA:1,(anonymous_14)
FNDA:1,(anonymous_15)
FNDA:2,(anonymous_16)
FNDA:3,(anonymous_17)
FNDA:2,(anonymous_18)
FNDA:2,(anonymous_19)
FNDA:1,(anonymous_20)
FNDA:1,(anonymous_21)
FNDA:1,(anonymous_22)
FNDA:1,(anonymous_23)
FNDA:1,(anonymous_24)
FNDA:2,(anonymous_25)
FNDA:2,(anonymous_26)
FNDA:3,(anonymous_27)
FNDA:0,(anonymous_28)
FNDA:1,(anonymous_29)
FNDA:5,(anonymous_30)
FNDA:4,(anonymous_31)
FNDA:8,(anonymous_32)
FNDA:0,(anonymous_33)
DA:5,1
DA:8,11
DA:9,11
DA:13,12
DA:14,12
DA:15,11
DA:17,1
DA:20,11
DA:30,1
DA:31,1
DA:32,1
DA:42,1
DA:43,1
DA:44,1
DA:46,1
DA:47,1
DA:48,1
DA:50,0
DA:51,0
DA:56,2
DA:57,2
DA:59,2
DA:60,2
DA:66,2
DA:67,0
DA:68,0
DA:71,2
DA:72,2
DA:73,2
DA:74,1
DA:77,2
DA:79,0
DA:80,0
DA:85,5
DA:86,5
DA:87,5
DA:88,5
DA:90,5
DA:91,5
DA:92,1
DA:93,4
DA:94,2
DA:97,15
DA:99,5
DA:118,2
DA:119,2
DA:120,2
DA:121,2
DA:122,2
DA:123,2
DA:126,2
DA:127,2
DA:128,2
DA:130,2
DA:140,2
DA:145,1
DA:147,1
DA:148,1
DA:153,3
DA:154,3
DA:156,2
DA:157,2
DA:162,1
DA:164,1
DA:165,1
DA:170,2
DA:171,2
DA:172,2
DA:177,2
DA:179,0
DA:180,0
DA:185,3
DA:187,2
DA:188,2
DA:191,2
DA:192,2
DA:193,2
DA:195,2
DA:196,2
DA:209,2
DA:214,2
DA:215,1
DA:216,1
DA:218,1
DA:222,2
DA:224,1
DA:227,1
DA:228,1
DA:233,1
DA:234,1
DA:235,1
DA:245,1
DA:250,1
DA:252,0
DA:253,0
DA:258,1
DA:259,1
DA:260,1
DA:261,1
DA:265,1
DA:266,1
DA:267,1
DA:272,1
DA:274,0
DA:275,0
DA:280,1
DA:281,1
DA:283,1
DA:284,1
DA:289,1
DA:291,1
DA:292,1
DA:294,1
DA:295,1
DA:296,1
DA:297,1
DA:298,1
DA:299,0
DA:300,1
DA:301,1
DA:304,1
DA:318,0
DA:319,0
DA:324,2
DA:325,2
DA:326,2
DA:327,2
DA:329,2
DA:330,2
DA:331,2
DA:332,1
DA:333,1
DA:335,1
DA:336,1
DA:341,2
DA:342,2
DA:343,2
DA:345,2
DA:346,2
DA:347,2
DA:349,2
DA:355,2
DA:356,1
DA:357,1
DA:360,1
DA:361,1
DA:363,1
DA:364,1
DA:366,0
DA:367,0
DA:370,1
DA:372,1
DA:373,1
DA:378,3
DA:379,3
DA:380,3
DA:382,3
DA:383,3
DA:385,3
DA:386,2
DA:388,2
DA:389,2
DA:393,0
DA:394,0
DA:395,0
DA:396,0
DA:397,0
DA:399,0
DA:405,0
DA:406,0
DA:408,0
DA:414,0
DA:416,0
DA:417,0
DA:419,0
DA:420,0
DA:422,0
DA:423,0
DA:424,0
DA:426,0
DA:429,0
DA:430,0
DA:435,1
DA:436,1
DA:437,1
DA:439,1
DA:440,1
DA:441,1
DA:443,1
DA:444,5
DA:446,1
DA:447,4
DA:449,1
DA:450,1
DA:451,1
DA:452,1
DA:455,1
DA:456,1
DA:457,1
DA:459,1
DA:460,1
DA:461,8
DA:462,0
DA:466,1
DA:468,1
DA:470,1
DA:471,1
DA:473,1
DA:474,1
DA:476,0
DA:477,0
DA:483,0
DA:484,0
DA:485,0
DA:487,0
DA:488,0
DA:489,0
DA:490,0
DA:492,0
DA:493,0
DA:494,0
DA:495,0
DA:496,0
DA:497,0
DA:500,0
DA:502,0
DA:506,1
LF:227
LH:172
BRDA:9,0,0,2
BRDA:9,0,1,9
BRDA:14,1,0,11
BRDA:14,1,1,1
BRDA:14,2,0,12
BRDA:14,2,1,11
BRDA:46,3,0,0
BRDA:46,3,1,1
BRDA:48,4,0,1
BRDA:48,4,1,0
BRDA:56,5,0,2
BRDA:56,5,1,0
BRDA:66,6,0,0
BRDA:66,6,1,2
BRDA:72,7,0,1
BRDA:72,7,1,1
BRDA:72,8,0,1
BRDA:72,8,1,0
BRDA:73,9,0,1
BRDA:73,9,1,1
BRDA:85,10,0,0
BRDA:85,10,1,5
BRDA:87,11,0,5
BRDA:87,11,1,0
BRDA:91,12,0,1
BRDA:91,12,1,4
BRDA:93,13,0,2
BRDA:93,13,1,2
BRDA:93,14,0,4
BRDA:93,14,1,4
BRDA:97,15,0,0
BRDA:97,15,1,15
BRDA:97,16,0,15
BRDA:97,16,1,0
BRDA:103,17,0,5
BRDA:103,17,1,5
BRDA:103,17,2,5
BRDA:104,18,0,5
BRDA:104,18,1,5
BRDA:106,19,0,5
BRDA:106,19,1,5
BRDA:106,19,2,5
BRDA:107,20,0,5
BRDA:107,20,1,5
BRDA:107,20,2,5
BRDA:108,21,0,5
BRDA:108,21,1,5
BRDA:112,22,0,5
BRDA:112,22,1,5
BRDA:112,22,2,5
BRDA:128,23,0,0
BRDA:128,23,1,2
BRDA:133,24,0,2
BRDA:133,24,1,1
BRDA:134,25,0,2
BRDA:134,25,1,2
BRDA:137,26,0,2
BRDA:137,26,1,2
BRDA:154,27,0,1
BRDA:154,27,1,2
BRDA:185,28,0,1
BRDA:185,28,1,2
BRDA:185,29,0,3
BRDA:185,29,1,3
BRDA:214,30,0,1
BRDA:214,30,1,1
BRDA:258,31,0,0
BRDA:258,31,1,1
BRDA:258,32,0,1
BRDA:258,32,1,1
BRDA:281,33,0,0
BRDA:281,33,1,1
BRDA:289,34,0,0
BRDA:289,34,1,1
BRDA:292,35,0,1
BRDA:292,35,1,0
BRDA:292,36,0,0
BRDA:292,36,1,0
BRDA:298,37,0,0
BRDA:298,37,1,1
BRDA:299,38,0,0
BRDA:299,38,1,0
BRDA:300,39,0,1
BRDA:300,39,1,0
BRDA:307,40,0,1
BRDA:307,40,1,1
BRDA:309,41,0,1
BRDA:309,41,1,0
BRDA:309,42,0,1
BRDA:309,42,1,1
BRDA:311,43,0,0
BRDA:311,43,1,1
BRDA:312,44,0,1
BRDA:312,44,1,1
BRDA:312,44,2,1
BRDA:313,45,0,1
BRDA:313,45,1,1
BRDA:313,45,2,1
BRDA:314,46,0,1
BRDA:314,46,1,1
BRDA:314,46,2,1
BRDA:331,47,0,1
BRDA:331,47,1,1
BRDA:355,48,0,1
BRDA:355,48,1,1
BRDA:363,49,0,1
BRDA:363,49,1,0
BRDA:380,50,0,1
BRDA:380,50,1,2
BRDA:386,51,0,0
BRDA:386,51,1,2
BRDA:389,52,0,1
BRDA:389,52,1,1
BRDA:389,53,0,2
BRDA:389,53,1,2
BRDA:400,54,0,0
BRDA:400,54,1,0
BRDA:401,55,0,0
BRDA:401,55,1,0
BRDA:405,56,0,0
BRDA:405,56,1,0
BRDA:406,57,0,0
BRDA:406,57,1,0
BRDA:409,58,0,0
BRDA:409,58,1,0
BRDA:414,59,0,0
BRDA:414,59,1,0
BRDA:414,60,0,0
BRDA:414,60,1,0
BRDA:416,61,0,0
BRDA:416,61,1,0
BRDA:420,62,0,0
BRDA:420,62,1,0
BRDA:422,63,0,0
BRDA:422,63,1,0
BRDA:444,64,0,0
BRDA:444,64,1,5
BRDA:447,65,0,0
BRDA:447,65,1,4
BRDA:449,66,0,0
BRDA:449,66,1,1
BRDA:449,67,0,0
BRDA:449,67,1,0
BRDA:450,68,0,1
BRDA:450,68,1,0
BRDA:451,69,0,1
BRDA:451,69,1,0
BRDA:452,70,0,1
BRDA:452,70,1,0
BRDA:455,71,0,0
BRDA:455,71,1,1
BRDA:456,72,0,0
BRDA:456,72,1,1
BRDA:457,73,0,0
BRDA:457,73,1,1
BRDA:461,74,0,0
BRDA:461,74,1,8
BRDA:461,75,0,8
BRDA:461,75,1,0
BRDA:466,76,0,0
BRDA:466,76,1,1
BRDA:468,77,0,0
BRDA:468,77,1,1
BRDA:473,78,0,0
BRDA:473,78,1,1
BRDA:485,79,0,0
BRDA:485,79,1,0
BRDA:485,80,0,0
BRDA:485,80,1,0
BRDA:492,81,0,0
BRDA:492,81,1,0
BRDA:494,82,0,0
BRDA:494,82,1,0
BRF:173
BRH:105
end_of_record
TN:
SF:web-files/SubmissionUI.js
FN:8,(anonymous_0)
FN:13,(anonymous_1)
FN:19,(anonymous_2)
FN:20,(anonymous_3)
FN:26,(anonymous_4)
FN:32,(anonymous_5)
FN:47,(anonymous_6)
FN:54,(anonymous_7)
FN:59,(anonymous_8)
FN:63,(anonymous_9)
FN:67,(anonymous_10)
FN:74,(anonymous_11)
FN:82,(anonymous_12)
FN:86,(anonymous_13)
FN:92,(anonymous_14)
FN:97,(anonymous_15)
FN:99,(anonymous_16)
FN:101,(anonymous_17)
FN:110,(anonymous_18)
FN:132,(anonymous_19)
FN:140,(anonymous_20)
FN:151,(anonymous_21)
FN:172,(anonymous_22)
FN:189,(anonymous_23)
FN:201,(anonymous_24)
FN:211,(anonymous_25)
FN:224,(anonymous_26)
FN:249,(anonymous_27)
FN:268,(anonymous_28)
FN:306,(anonymous_29)
FN:343,(anonymous_30)
FN:390,(anonymous_31)
FN:410,(anonymous_32)
FN:414,(anonymous_33)
FN:417,(anonymous_34)
FN:431,(anonymous_35)
FN:432,(anonymous_36)
FNF:37
FNH:15
FNDA:1,(anonymous_0)
FNDA:1,(anonymous_1)
FNDA:1,(anonymous_2)
FNDA:1,(anonymous_3)
FNDA:1,(anonymous_4)
FNDA:0,(anonymous_5)
FNDA:10,(anonymous_6)
FNDA:2,(anonymous_7)
FNDA:2,(anonymous_8)
FNDA:0,(anonymous_9)
FNDA:5,(anonymous_10)
FNDA:10,(anonymous_11)
FNDA:0,(anonymous_12)
FNDA:1,(anonymous_13)
FNDA:2,(anonymous_14)
FNDA:0,(anonymous_15)
FNDA:0,(anonymous_16)
FNDA:0,(anonymous_17)
FNDA:0,(anonymous_18)
FNDA:1,(anonymous_19)
FNDA:0,(anonymous_20)
FNDA:0,(anonymous_21)
FNDA:1,(anonymous_22)
FNDA:1,(anonymous_23)
FNDA:0,(anonymous_24)
FNDA:0,(anonymous_25)
FNDA:0,(anonymous_26)
FNDA:0,(anonymous_27)
FNDA:0,(anonymous_28)
FNDA:0,(anonymous_29)
FNDA:0,(anonymous_30)
FNDA:0,(anonymous_31)
FNDA:0,(anonymous_32)
FNDA:0,(anonymous_33)
FNDA:0,(anonymous_34)
FNDA:0,(anonymous_35)
FNDA:0,(anonymous_36)
DA:7,1
DA:8,1
DA:9,1
DA:10,1
DA:13,1
DA:14,1
DA:15,1
DA:16,1
DA:19,1
DA:20,1
DA:21,1
DA:22,1
DA:26,1
DA:27,1
DA:28,1
DA:29,1
DA:30,1
DA:32,1
DA:33,1
DA:34,1
DA:36,1
DA:45,1
DA:47,10
DA:55,2
DA:56,2
DA:59,2
DA:63,0
DA:68,5
DA:69,5
DA:71,5
DA:75,10
DA:76,10
DA:82,0
DA:86,1
DA:93,2
DA:94,1
DA:98,0
DA:99,0
DA:100,0
DA:101,0
DA:102,0
DA:105,0
DA:107,0
DA:112,0
DA:115,0
DA:116,0
DA:117,0
DA:120,0
DA:122,0
DA:133,1
DA:134,1
DA:136,1
DA:140,0
DA:151,0
DA:173,1
DA:174,1
DA:175,1
DA:176,1
DA:177,1
DA:179,1
DA:190,1
DA:191,1
DA:192,1
DA:193,1
DA:202,0
DA:203,0
DA:204,0
DA:212,0
DA:213,0
DA:214,0
DA:216,0
DA:225,0
DA:226,0
DA:227,0
DA:229,0
DA:230,0
DA:231,0
DA:233,0
DA:250,0
DA:251,0
DA:252,0
DA:254,0
DA:269,0
DA:272,0
DA:276,0
DA:307,0
DA:308,0
DA:310,0
DA:314,0
DA:317,0
DA:319,0
DA:320,0
DA:321,0
DA:343,0
DA:344,0
DA:345,0
DA:359,0
DA:391,0
DA:400,0
DA:402,0
DA:411,0
DA:412,0
DA:413,0
DA:414,0
DA:418,0
DA:419,0
DA:426,0
DA:427,0
DA:432,0
DA:436,1
LF:110
LH:48
BRDA:7,0,0,1
BRDA:7,0,1,0
BRDA:9,1,0,1
BRDA:9,1,1,0
BRDA:9,1,2,0
BRDA:10,2,0,1
BRDA:10,2,1,0
BRDA:16,3,0,1
BRDA:16,3,1,0
BRDA:21,4,0,1
BRDA:21,4,1,0
BRDA:21,4,2,0
BRDA:21,4,3,0
BRDA:22,5,0,1
BRDA:22,5,1,1
BRDA:22,6,0,1
BRDA:22,6,1,1
BRDA:29,7,0,1
BRDA:29,7,1,1
BRDA:30,8,0,0
BRDA:30,8,1,1
BRDA:33,9,0,1
BRDA:33,9,1,0
BRDA:34,10,0,0
BRDA:34,10,1,1
BRDA:39,11,0,1
BRDA:39,11,1,0
BRDA:47,12,0,2
BRDA:49,13,0,8
BRDA:49,13,1,2
BRDA:54,14,0,2
BRDA:55,15,0,2
BRDA:55,15,1,0
BRDA:60,16,0,2
BRDA:60,16,1,2
BRDA:64,17,0,0
BRDA:64,17,1,0
BRDA:69,18,0,5
BRDA:69,18,1,0
BRDA:73,19,0,4
BRDA:73,19,1,1
BRDA:76,20,0,1
BRDA:76,20,1,9
BRDA:83,21,0,0
BRDA:83,21,1,0
BRDA:88,22,0,1
BRDA:88,22,1,1
BRDA:93,23,0,1
BRDA:93,23,1,1
BRDA:93,24,0,2
BRDA:93,24,1,2
BRDA:93,24,2,1
BRDA:98,25,0,0
BRDA:98,25,1,0
BRDA:100,26,0,0
BRDA:100,26,1,0
BRDA:105,27,0,0
BRDA:105,27,1,0
BRDA:109,28,0,0
BRDA:109,28,1,0
BRDA:109,29,0,0
BRDA:109,29,1,0
BRDA:112,30,0,0
BRDA:112,30,1,0
BRDA:115,31,0,0
BRDA:115,31,1,0
BRDA:116,32,0,0
BRDA:116,32,1,0
BRDA:117,33,0,0
BRDA:117,33,1,0
BRDA:120,34,0,0
BRDA:120,34,1,0
BRDA:123,35,0,0
BRDA:123,35,1,0
BRDA:133,36,0,1
BRDA:133,36,1,0
BRDA:134,37,0,1
BRDA:134,37,1,0
BRDA:138,38,0,1
BRDA:138,38,1,1
BRDA:140,39,0,1
BRDA:140,39,1,0
BRDA:183,40,0,0
BRDA:183,40,1,1
BRDA:229,41,0,0
BRDA:229,41,1,0
BRDA:230,42,0,0
BRDA:230,42,1,0
BRDA:231,43,0,0
BRDA:231,43,1,0
BRDA:231,44,0,0
BRDA:231,44,1,0
BRDA:242,45,0,0
BRDA:242,45,1,0
BRDA:243,46,0,0
BRDA:243,46,1,0
BRDA:258,47,0,0
BRDA:258,47,1,0
BRDA:260,48,0,0
BRDA:260,48,1,0
BRDA:269,49,0,0
BRDA:269,49,1,0
BRDA:272,50,0,0
BRDA:272,50,1,0
BRDA:272,51,0,0
BRDA:272,51,1,0
BRDA:306,52,0,0
BRDA:310,53,0,0
BRDA:310,53,1,0
BRDA:310,54,0,0
BRDA:310,54,1,0
BRDA:314,55,0,0
BRDA:314,55,1,0
BRDA:317,56,0,0
BRDA:317,56,1,0
BRDA:320,57,0,0
BRDA:320,57,1,0
BRDA:320,58,0,0
BRDA:320,58,1,0
BRDA:320,58,2,0
BRDA:326,59,0,0
BRDA:326,59,1,0
BRDA:331,60,0,0
BRDA:331,60,1,0
BRDA:347,61,0,0
BRDA:347,61,1,0
BRDA:349,62,0,0
BRDA:349,62,1,0
BRDA:400,63,0,0
BRDA:400,63,1,0
BRDA:404,64,0,0
BRDA:404,64,1,0
BRDA:406,65,0,0
BRDA:406,65,1,0
BRDA:410,66,0,0
BRDA:411,67,0,0
BRDA:411,67,1,0
BRDA:417,68,0,0
BRDA:418,69,0,0
BRDA:418,69,1,0
BRF:140
BRH:40
end_of_record
TN:
SF:web-files/UIComponents.js
FN:5,(anonymous_0)
FN:11,(anonymous_1)
FN:44,(anonymous_2)
FN:59,(anonymous_3)
FN:62,(anonymous_4)
FN:69,(anonymous_5)
FN:71,(anonymous_6)
FN:105,(anonymous_7)
FNF:8
FNH:8
FNDA:1,(anonymous_0)
FNDA:5,(anonymous_1)
FNDA:3,(anonymous_2)
FNDA:5,(anonymous_3)
FNDA:13,(anonymous_4)
FNDA:8,(anonymous_5)
FNDA:7,(anonymous_6)
FNDA:4,(anonymous_7)
DA:5,1
DA:7,1
DA:12,5
DA:13,5
DA:20,5
DA:22,5
DA:45,3
DA:46,2
DA:47,1
DA:61,5
DA:62,13
DA:63,5
DA:65,5
DA:66,5
DA:69,5
DA:71,8
DA:72,7
DA:75,7
DA:78,4
DA:85,4
DA:88,8
DA:89,4
DA:91,4
DA:96,5
DA:97,5
DA:98,5
DA:101,5
DA:102,5
DA:103,2
DA:105,3
DA:106,4
DA:113,5
DA:123,1
LF:33
LH:33
BRDA:20,0,0,5
BRDA:20,0,1,1
BRDA:45,1,0,1
BRDA:45,1,1,2
BRDA:46,2,0,1
BRDA:46,2,1,1
BRDA:59,3,0,0
BRDA:72,4,0,7
BRDA:72,4,1,7
BRDA:72,4,2,0
BRDA:75,5,0,3
BRDA:75,5,1,4
BRDA:88,6,0,4
BRDA:88,6,1,4
BRDA:97,7,0,1
BRDA:97,7,1,4
BRDA:98,8,0,2
BRDA:98,8,1,3
BRDA:102,9,0,2
BRDA:102,9,1,3
BRF:20
BRH:18
end_of_record
TN:
SF:web-files/deal-constants.js
FNF:0
FNH:0
DA:5,0
LF:1
LH:0
BRF:0
BRH:0
end_of_record
TN:
SF:web-files/dealreview-config.js
FNF:0
FNH:0
DA:2,0
LF:1
LH:0
BRF:0
BRH:0
end_of_record
TN:
SF:web-files/dealreview.js
FN:1,(anonymous_0)
FN:14,(anonymous_1)
FN:62,(anonymous_2)
FN:65,require
FN:90,(anonymous_4)
FN:94,fetchFromLayout
FN:108,(anonymous_6)
FN:113,(anonymous_7)
FN:121,(anonymous_8)
FN:124,(anonymous_9)
FN:132,(anonymous_10)
FN:135,(anonymous_11)
FN:141,(anonymous_12)
FN:142,(anonymous_13)
FN:144,(anonymous_14)
FN:145,(anonymous_15)
FN:148,(anonymous_16)
FN:161,(anonymous_17)
FN:175,(anonymous_18)
FN:178,getAntiForgeryToken
FN:202,fetchText
FN:213,fetchJson
FN:232,dvWriteJson
FN:261,dvGetJson
FN:280,(anonymous_24)
FN:283,ensureEntitySetLooksPlural
FN:291,parseEntityIdFromHeader
FN:298,createRequest
FN:342,getRequestRow
FN:361,pollRequest
FN:385,request
FN:397,(anonymous_31)
FN:402,(anonymous_32)
FN:403,(anonymous_33)
FN:404,(anonymous_34)
FN:405,(anonymous_35)
FN:412,(anonymous_36)
FN:420,(anonymous_37)
FN:426,(anonymous_38)
FN:465,(anonymous_39)
FN:466,getRoot
FN:471,fmtBytes
FN:480,fmtDateShort
FN:492,docTypeFromName
FN:499,docIconGlyph
FN:510,statusBadgeClass
FN:519,render
FN:540,(anonymous_47)
FN:564,renderEmpty
FN:571,renderGrid
FN:719,renderDocuments
FN:733,(anonymous_51)
FN:766,wireEvents
FN:770,(anonymous_53)
FN:772,(anonymous_54)
FN:811,(anonymous_55)
FN:817,(anonymous_56)
FN:823,(anonymous_57)
FN:837,(anonymous_58)
FN:858,(anonymous_59)
FN:861,(anonymous_60)
FN:878,(anonymous_61)
FN:879,(anonymous_62)
FN:889,(anonymous_63)
FN:932,(anonymous_64)
FNF:65
FNH:0
FNDA:0,(anonymous_0)
FNDA:0,(anonymous_1)
FNDA:0,(anonymous_2)
FNDA:0,require
FNDA:0,(anonymous_4)
FNDA:0,fetchFromLayout
FNDA:0,(anonymous_6)
FNDA:0,(anonymous_7)
FNDA:0,(anonymous_8)
FNDA:0,(anonymous_9)
FNDA:0,(anonymous_10)
FNDA:0,(anonymous_11)
FNDA:0,(anonymous_12)
FNDA:0,(anonymous_13)
FNDA:0,(anonymous_14)
FNDA:0,(anonymous_15)
FNDA:0,(anonymous_16)
FNDA:0,(anonymous_17)
FNDA:0,(anonymous_18)
FNDA:0,getAntiForgeryToken
FNDA:0,fetchText
FNDA:0,fetchJson
FNDA:0,dvWriteJson
FNDA:0,dvGetJson
FNDA:0,(anonymous_24)
FNDA:0,ensureEntitySetLooksPlural
FNDA:0,parseEntityIdFromHeader
FNDA:0,createRequest
FNDA:0,getRequestRow
FNDA:0,pollRequest
FNDA:0,request
FNDA:0,(anonymous_31)
FNDA:0,(anonymous_32)
FNDA:0,(anonymous_33)
FNDA:0,(anonymous_34)
FNDA:0,(anonymous_35)
FNDA:0,(anonymous_36)
FNDA:0,(anonymous_37)
FNDA:0,(anonymous_38)
FNDA:0,(anonymous_39)
FNDA:0,getRoot
FNDA:0,fmtBytes
FNDA:0,fmtDateShort
FNDA:0,docTypeFromName
FNDA:0,docIconGlyph
FNDA:0,statusBadgeClass
FNDA:0,render
FNDA:0,(anonymous_47)
FNDA:0,renderEmpty
FNDA:0,renderGrid
FNDA:0,renderDocuments
FNDA:0,(anonymous_51)
FNDA:0,wireEvents
FNDA:0,(anonymous_53)
FNDA:0,(anonymous_54)
FNDA:0,(anonymous_55)
FNDA:0,(anonymous_56)
FNDA:0,(anonymous_57)
FNDA:0,(anonymous_58)
FNDA:0,(anonymous_59)
FNDA:0,(anonymous_60)
FNDA:0,(anonymous_61)
FNDA:0,(anonymous_62)
FNDA:0,(anonymous_63)
FNDA:0,(anonymous_64)
DA:1,0
DA:7,0
DA:8,0
DA:13,0
DA:14,0
DA:15,0
DA:22,0
DA:23,0
DA:31,0
DA:62,0
DA:63,0
DA:66,0
DA:67,0
DA:69,0
DA:72,0
DA:73,0
DA:75,0
DA:90,0
DA:92,0
DA:96,0
DA:97,0
DA:100,0
DA:101,0
DA:102,0
DA:104,0
DA:107,0
DA:109,0
DA:110,0
DA:111,0
DA:113,0
DA:120,0
DA:122,0
DA:125,0
DA:133,0
DA:136,0
DA:137,0
DA:139,0
DA:142,0
DA:145,0
DA:146,0
DA:149,0
DA:150,0
DA:151,0
DA:158,0
DA:162,0
DA:163,0
DA:164,0
DA:165,0
DA:166,0
DA:167,0
DA:175,0
DA:176,0
DA:179,0
DA:181,0
DA:187,0
DA:188,0
DA:189,0
DA:192,0
DA:193,0
DA:196,0
DA:198,0
DA:199,0
DA:203,0
DA:208,0
DA:209,0
DA:214,0
DA:216,0
DA:217,0
DA:218,0
DA:223,0
DA:224,0
DA:225,0
DA:226,0
DA:229,0
DA:233,0
DA:235,0
DA:258,0
DA:262,0
DA:270,0
DA:273,0
DA:280,0
DA:281,0
DA:285,0
DA:287,0
DA:292,0
DA:293,0
DA:294,0
DA:295,0
DA:299,0
DA:301,0
DA:309,0
DA:310,0
DA:324,0
DA:325,0
DA:326,0
DA:327,0
DA:328,0
DA:332,0
DA:333,0
DA:335,0
DA:336,0
DA:337,0
DA:339,0
DA:343,0
DA:345,0
DA:347,0
DA:357,0
DA:362,0
DA:363,0
DA:365,0
DA:366,0
DA:367,0
DA:368,0
DA:369,0
DA:371,0
DA:372,0
DA:373,0
DA:374,0
DA:376,0
DA:377,0
DA:380,0
DA:382,0
DA:386,0
DA:387,0
DA:390,0
DA:397,0
DA:398,0
DA:399,0
DA:401,0
DA:402,0
DA:403,0
DA:404,0
DA:406,0
DA:407,0
DA:411,0
DA:413,0
DA:415,0
DA:416,0
DA:417,0
DA:421,0
DA:422,0
DA:423,0
DA:427,0
DA:428,0
DA:433,0
DA:437,0
DA:444,0
DA:465,0
DA:467,0
DA:472,0
DA:473,0
DA:474,0
DA:475,0
DA:476,0
DA:477,0
DA:481,0
DA:484,0
DA:488,0
DA:489,0
DA:493,0
DA:494,0
DA:495,0
DA:496,0
DA:501,0
DA:502,0
DA:503,0
DA:504,0
DA:505,0
DA:506,0
DA:507,0
DA:511,0
DA:512,0
DA:513,0
DA:514,0
DA:515,0
DA:516,0
DA:520,0
DA:521,0
DA:523,0
DA:541,0
DA:542,0
DA:543,0
DA:544,0
DA:561,0
DA:565,0
DA:568,0
DA:572,0
DA:574,0
DA:575,0
DA:576,0
DA:577,0
DA:578,0
DA:579,0
DA:580,0
DA:581,0
DA:582,0
DA:583,0
DA:584,0
DA:586,0
DA:587,0
DA:588,0
DA:589,0
DA:590,0
DA:591,0
DA:593,0
DA:603,0
DA:605,0
DA:720,0
DA:721,0
DA:724,0
DA:726,0
DA:734,0
DA:735,0
DA:736,0
DA:737,0
DA:739,0
DA:740,0
DA:742,0
DA:743,0
DA:744,0
DA:745,0
DA:747,0
DA:767,0
DA:768,0
DA:770,0
DA:771,0
DA:772,0
DA:773,0
DA:774,0
DA:775,0
DA:776,0
DA:778,0
DA:779,0
DA:780,0
DA:781,0
DA:783,0
DA:784,0
DA:785,0
DA:786,0
DA:787,0
DA:789,0
DA:790,0
DA:791,0
DA:792,0
DA:794,0
DA:795,0
DA:796,0
DA:798,0
DA:799,0
DA:800,0
DA:803,0
DA:804,0
DA:809,0
DA:810,0
DA:811,0
DA:812,0
DA:815,0
DA:816,0
DA:817,0
DA:818,0
DA:821,0
DA:822,0
DA:823,0
DA:824,0
DA:829,0
DA:836,0
DA:838,0
DA:839,0
DA:841,0
DA:843,0
DA:844,0
DA:845,0
DA:846,0
DA:848,0
DA:849,0
DA:850,0
DA:852,0
DA:853,0
DA:854,0
DA:859,0
DA:860,0
DA:861,0
DA:863,0
DA:864,0
DA:865,0
DA:866,0
DA:867,0
DA:868,0
DA:870,0
DA:872,0
DA:873,0
DA:875,0
DA:877,0
DA:878,0
DA:879,0
DA:882,0
DA:883,0
DA:885,0
DA:886,0
DA:890,0
DA:891,0
DA:893,0
DA:894,0
DA:896,0
DA:897,0
DA:900,0
DA:901,0
DA:902,0
DA:904,0
DA:905,0
DA:914,0
DA:916,0
DA:918,0
DA:919,0
DA:920,0
DA:921,0
DA:924,0
DA:925,0
DA:927,0
DA:928,0
DA:933,0
DA:934,0
DA:937,0
DA:939,0
DA:940,0
DA:941,0
DA:943,0
DA:944,0
DA:945,0
DA:946,0
DA:947,0
DA:948,0
DA:956,0
LF:333
LH:0
BRDA:7,0,0,0
BRDA:7,0,1,0
BRDA:8,1,0,0
BRDA:8,1,1,0
BRDA:8,1,2,0
BRDA:13,2,0,0
BRDA:13,2,1,0
BRDA:14,3,0,0
BRDA:22,4,0,0
BRDA:22,4,1,0
BRDA:22,5,0,0
BRDA:22,5,1,0
BRDA:24,6,0,0
BRDA:24,6,1,0
BRDA:25,7,0,0
BRDA:25,7,1,0
BRDA:26,8,0,0
BRDA:26,8,1,0
BRDA:27,9,0,0
BRDA:27,9,1,0
BRDA:63,10,0,0
BRDA:63,10,1,0
BRDA:66,11,0,0
BRDA:66,11,1,0
BRDA:66,12,0,0
BRDA:66,12,1,0
BRDA:82,13,0,0
BRDA:82,13,1,0
BRDA:83,14,0,0
BRDA:83,14,1,0
BRDA:101,15,0,0
BRDA:101,15,1,0
BRDA:109,16,0,0
BRDA:109,16,1,0
BRDA:122,17,0,0
BRDA:122,17,1,0
BRDA:135,18,0,0
BRDA:137,19,0,0
BRDA:137,19,1,0
BRDA:137,20,0,0
BRDA:137,20,1,0
BRDA:144,21,0,0
BRDA:151,22,0,0
BRDA:151,22,1,0
BRDA:162,23,0,0
BRDA:162,23,1,0
BRDA:162,24,0,0
BRDA:162,24,1,0
BRDA:164,25,0,0
BRDA:164,25,1,0
BRDA:165,26,0,0
BRDA:165,26,1,0
BRDA:166,27,0,0
BRDA:166,27,1,0
BRDA:179,28,0,0
BRDA:179,28,1,0
BRDA:187,29,0,0
BRDA:187,29,1,0
BRDA:196,30,0,0
BRDA:196,30,1,0
BRDA:218,31,0,0
BRDA:218,31,1,0
BRDA:223,32,0,0
BRDA:223,32,1,0
BRDA:224,33,0,0
BRDA:224,33,1,0
BRDA:224,33,2,0
BRDA:224,33,3,0
BRDA:225,34,0,0
BRDA:225,34,1,0
BRDA:226,35,0,0
BRDA:226,35,1,0
BRDA:253,36,0,0
BRDA:253,36,1,0
BRDA:285,37,0,0
BRDA:285,37,1,0
BRDA:285,38,0,0
BRDA:285,38,1,0
BRDA:285,38,2,0
BRDA:292,39,0,0
BRDA:292,39,1,0
BRDA:293,40,0,0
BRDA:293,40,1,0
BRDA:295,41,0,0
BRDA:295,41,1,0
BRDA:303,42,0,0
BRDA:303,42,1,0
BRDA:325,43,0,0
BRDA:325,43,1,0
BRDA:327,44,0,0
BRDA:327,44,1,0
BRDA:333,45,0,0
BRDA:333,45,1,0
BRDA:337,46,0,0
BRDA:337,46,1,0
BRDA:361,47,0,0
BRDA:362,48,0,0
BRDA:362,48,1,0
BRDA:362,48,2,0
BRDA:363,49,0,0
BRDA:363,49,1,0
BRDA:363,49,2,0
BRDA:368,50,0,0
BRDA:368,50,1,0
BRDA:372,51,0,0
BRDA:372,51,1,0
BRDA:373,52,0,0
BRDA:373,52,1,0
BRDA:376,53,0,0
BRDA:376,53,1,0
BRDA:377,54,0,0
BRDA:377,54,1,0
BRDA:398,55,0,0
BRDA:398,55,1,0
BRDA:399,56,0,0
BRDA:399,56,1,0
BRDA:402,57,0,0
BRDA:402,57,1,0
BRDA:403,58,0,0
BRDA:403,58,1,0
BRDA:404,59,0,0
BRDA:404,59,1,0
BRDA:417,60,0,0
BRDA:417,60,1,0
BRDA:429,61,0,0
BRDA:429,61,1,0
BRDA:437,62,0,0
BRDA:437,62,1,0
BRDA:473,63,0,0
BRDA:473,63,1,0
BRDA:473,64,0,0
BRDA:473,64,1,0
BRDA:474,65,0,0
BRDA:474,65,1,0
BRDA:475,66,0,0
BRDA:475,66,1,0
BRDA:476,67,0,0
BRDA:476,67,1,0
BRDA:481,68,0,0
BRDA:481,68,1,0
BRDA:484,69,0,0
BRDA:484,69,1,0
BRDA:485,70,0,0
BRDA:485,70,1,0
BRDA:488,71,0,0
BRDA:488,71,1,0
BRDA:489,72,0,0
BRDA:489,72,1,0
BRDA:493,73,0,0
BRDA:493,73,1,0
BRDA:493,73,2,0
BRDA:494,74,0,0
BRDA:494,74,1,0
BRDA:494,75,0,0
BRDA:494,75,1,0
BRDA:494,75,2,0
BRDA:496,76,0,0
BRDA:496,76,1,0
BRDA:501,77,0,0
BRDA:501,77,1,0
BRDA:502,78,0,0
BRDA:502,78,1,0
BRDA:502,79,0,0
BRDA:502,79,1,0
BRDA:503,80,0,0
BRDA:503,80,1,0
BRDA:503,81,0,0
BRDA:503,81,1,0
BRDA:504,82,0,0
BRDA:504,82,1,0
BRDA:504,83,0,0
BRDA:504,83,1,0
BRDA:505,84,0,0
BRDA:505,84,1,0
BRDA:506,85,0,0
BRDA:506,85,1,0
BRDA:511,86,0,0
BRDA:511,86,1,0
BRDA:512,87,0,0
BRDA:512,87,1,0
BRDA:513,88,0,0
BRDA:513,88,1,0
BRDA:514,89,0,0
BRDA:514,89,1,0
BRDA:514,90,0,0
BRDA:514,90,1,0
BRDA:515,91,0,0
BRDA:515,91,1,0
BRDA:515,92,0,0
BRDA:515,92,1,0
BRDA:521,93,0,0
BRDA:521,93,1,0
BRDA:545,94,0,0
BRDA:545,94,1,0
BRDA:556,95,0,0
BRDA:556,95,1,0
BRDA:557,96,0,0
BRDA:557,96,1,0
BRDA:565,97,0,0
BRDA:565,97,1,0
BRDA:572,98,0,0
BRDA:572,98,1,0
BRDA:588,99,0,0
BRDA:588,99,1,0
BRDA:589,100,0,0
BRDA:589,100,1,0
BRDA:590,101,0,0
BRDA:590,101,1,0
BRDA:591,102,0,0
BRDA:591,102,1,0
BRDA:593,103,0,0
BRDA:593,103,1,0
BRDA:597,104,0,0
BRDA:597,104,1,0
BRDA:598,105,0,0
BRDA:598,105,1,0
BRDA:599,106,0,0
BRDA:599,106,1,0
BRDA:612,107,0,0
BRDA:612,107,1,0
BRDA:616,108,0,0
BRDA:616,108,1,0
BRDA:628,109,0,0
BRDA:628,109,1,0
BRDA:629,110,0,0
BRDA:629,110,1,0
BRDA:635,111,0,0
BRDA:635,111,1,0
BRDA:636,112,0,0
BRDA:636,112,1,0
BRDA:637,113,0,0
BRDA:637,113,1,0
BRDA:638,114,0,0
BRDA:638,114,1,0
BRDA:638,114,2,0
BRDA:643,115,0,0
BRDA:643,115,1,0
BRDA:644,116,0,0
BRDA:644,116,1,0
BRDA:659,117,0,0
BRDA:659,117,1,0
BRDA:661,118,0,0
BRDA:661,118,1,0
BRDA:672,119,0,0
BRDA:672,119,1,0
BRDA:685,120,0,0
BRDA:685,120,1,0
BRDA:693,121,0,0
BRDA:693,121,1,0
BRDA:696,122,0,0
BRDA:696,122,1,0
BRDA:697,123,0,0
BRDA:697,123,1,0
BRDA:705,124,0,0
BRDA:705,124,1,0
BRDA:705,125,0,0
BRDA:705,125,1,0
BRDA:707,126,0,0
BRDA:707,126,1,0
BRDA:707,127,0,0
BRDA:707,127,1,0
BRDA:708,128,0,0
BRDA:708,128,1,0
BRDA:708,129,0,0
BRDA:708,129,1,0
BRDA:720,130,0,0
BRDA:720,130,1,0
BRDA:724,131,0,0
BRDA:724,131,1,0
BRDA:731,132,0,0
BRDA:731,132,1,0
BRDA:742,133,0,0
BRDA:742,133,1,0
BRDA:743,134,0,0
BRDA:743,134,1,0
BRDA:745,135,0,0
BRDA:745,135,1,0
BRDA:752,136,0,0
BRDA:752,136,1,0
BRDA:768,137,0,0
BRDA:768,137,1,0
BRDA:774,138,0,0
BRDA:774,138,1,0
BRDA:775,139,0,0
BRDA:775,139,1,0
BRDA:778,140,0,0
BRDA:778,140,1,0
BRDA:783,141,0,0
BRDA:783,141,1,0
BRDA:789,142,0,0
BRDA:789,142,1,0
BRDA:791,143,0,0
BRDA:791,143,1,0
BRDA:794,144,0,0
BRDA:794,144,1,0
BRDA:795,145,0,0
BRDA:795,145,1,0
BRDA:798,146,0,0
BRDA:798,146,1,0
BRDA:803,147,0,0
BRDA:803,147,1,0
BRDA:810,148,0,0
BRDA:810,148,1,0
BRDA:816,149,0,0
BRDA:816,149,1,0
BRDA:822,150,0,0
BRDA:822,150,1,0
BRDA:824,151,0,0
BRDA:824,151,1,0
BRDA:845,152,0,0
BRDA:845,152,1,0
BRDA:845,153,0,0
BRDA:845,153,1,0
BRDA:845,153,2,0
BRDA:848,154,0,0
BRDA:848,154,1,0
BRDA:858,155,0,0
BRDA:861,156,0,0
BRDA:861,156,1,0
BRDA:865,157,0,0
BRDA:865,157,1,0
BRDA:882,158,0,0
BRDA:882,158,1,0
BRDA:882,159,0,0
BRDA:882,159,1,0
BRDA:882,159,2,0
BRDA:883,160,0,0
BRDA:883,160,1,0
BRDA:883,161,0,0
BRDA:883,161,1,0
BRDA:890,162,0,0
BRDA:890,162,1,0
BRDA:891,163,0,0
BRDA:891,163,1,0
BRDA:894,164,0,0
BRDA:894,164,1,0
BRDA:896,165,0,0
BRDA:896,165,1,0
BRDA:896,166,0,0
BRDA:896,166,1,0
BRDA:896,167,0,0
BRDA:896,167,1,0
BRDA:907,168,0,0
BRDA:907,168,1,0
BRDA:916,169,0,0
BRDA:916,169,1,0
BRDA:924,170,0,0
BRDA:924,170,1,0
BRDA:934,171,0,0
BRDA:934,171,1,0
BRDA:946,172,0,0
BRDA:946,172,1,0
BRF:352
BRH:0
end_of_record
